[0.066s] Invoking command in '/home/asm/leo_ws/build/leo': AMENT_PREFIX_PATH=/home/asm/leo_ws/install/leo_teleop:/home/asm/leo_ws/install/leo_msgs:/home/asm/leo_ws/install/leo_description:${AMENT_PREFIX_PATH} CMAKE_PREFIX_PATH=/home/asm/leo_ws/install/leo_teleop:/home/asm/leo_ws/install/leo_msgs:/home/asm/leo_ws/install/leo_description:/opt/ros/humble LD_LIBRARY_PATH=/home/asm/leo_ws/install/leo_msgs/lib:${LD_LIBRARY_PATH} PYTHONPATH=/home/asm/leo_ws/install/leo_msgs/local/lib/python3.10/dist-packages:${PYTHONPATH} /usr/bin/cmake /home/asm/leo_ws/src/leo_common-ros2/leo -DAMENT_CMAKE_SYMLINK_INSTALL=1 -DCMAKE_INSTALL_PREFIX=/home/asm/leo_ws/install/leo
[0.079s] -- Found ament_cmake: 1.3.7 (/opt/ros/humble/share/ament_cmake/cmake)
[0.255s] -- Found Python3: /usr/bin/python3.10 (found version "3.10.12") found components: Interpreter 
[0.312s] -- Override CMake install command with custom implementation using symlinks instead of copying resources
[0.396s] -- Configuring done
[0.398s] -- Generating done
[0.398s] -- Build files have been written to: /home/asm/leo_ws/build/leo
[0.400s] Invoked command in '/home/asm/leo_ws/build/leo' returned '0': AMENT_PREFIX_PATH=/home/asm/leo_ws/install/leo_teleop:/home/asm/leo_ws/install/leo_msgs:/home/asm/leo_ws/install/leo_description:${AMENT_PREFIX_PATH} CMAKE_PREFIX_PATH=/home/asm/leo_ws/install/leo_teleop:/home/asm/leo_ws/install/leo_msgs:/home/asm/leo_ws/install/leo_description:/opt/ros/humble LD_LIBRARY_PATH=/home/asm/leo_ws/install/leo_msgs/lib:${LD_LIBRARY_PATH} PYTHONPATH=/home/asm/leo_ws/install/leo_msgs/local/lib/python3.10/dist-packages:${PYTHONPATH} /usr/bin/cmake /home/asm/leo_ws/src/leo_common-ros2/leo -DAMENT_CMAKE_SYMLINK_INSTALL=1 -DCMAKE_INSTALL_PREFIX=/home/asm/leo_ws/install/leo
[0.402s] Invoking command in '/home/asm/leo_ws/build/leo': AMENT_PREFIX_PATH=/home/asm/leo_ws/install/leo_teleop:/home/asm/leo_ws/install/leo_msgs:/home/asm/leo_ws/install/leo_description:${AMENT_PREFIX_PATH} CMAKE_PREFIX_PATH=/home/asm/leo_ws/install/leo_teleop:/home/asm/leo_ws/install/leo_msgs:/home/asm/leo_ws/install/leo_description:/opt/ros/humble LD_LIBRARY_PATH=/home/asm/leo_ws/install/leo_msgs/lib:${LD_LIBRARY_PATH} PYTHONPATH=/home/asm/leo_ws/install/leo_msgs/local/lib/python3.10/dist-packages:${PYTHONPATH} /usr/bin/cmake --build /home/asm/leo_ws/build/leo -- -j12 -l12
[0.434s] Invoked command in '/home/asm/leo_ws/build/leo' returned '0': AMENT_PREFIX_PATH=/home/asm/leo_ws/install/leo_teleop:/home/asm/leo_ws/install/leo_msgs:/home/asm/leo_ws/install/leo_description:${AMENT_PREFIX_PATH} CMAKE_PREFIX_PATH=/home/asm/leo_ws/install/leo_teleop:/home/asm/leo_ws/install/leo_msgs:/home/asm/leo_ws/install/leo_description:/opt/ros/humble LD_LIBRARY_PATH=/home/asm/leo_ws/install/leo_msgs/lib:${LD_LIBRARY_PATH} PYTHONPATH=/home/asm/leo_ws/install/leo_msgs/local/lib/python3.10/dist-packages:${PYTHONPATH} /usr/bin/cmake --build /home/asm/leo_ws/build/leo -- -j12 -l12
[0.451s] Invoking command in '/home/asm/leo_ws/build/leo': AMENT_PREFIX_PATH=/home/asm/leo_ws/install/leo_teleop:/home/asm/leo_ws/install/leo_msgs:/home/asm/leo_ws/install/leo_description:${AMENT_PREFIX_PATH} CMAKE_PREFIX_PATH=/home/asm/leo_ws/install/leo_teleop:/home/asm/leo_ws/install/leo_msgs:/home/asm/leo_ws/install/leo_description:/opt/ros/humble LD_LIBRARY_PATH=/home/asm/leo_ws/install/leo_msgs/lib:${LD_LIBRARY_PATH} PYTHONPATH=/home/asm/leo_ws/install/leo_msgs/local/lib/python3.10/dist-packages:${PYTHONPATH} /usr/bin/cmake --install /home/asm/leo_ws/build/leo
[0.458s] -- Install configuration: ""
[0.458s] -- Execute custom install script
[0.458s] -- Symlinking: /home/asm/leo_ws/install/leo/share/ament_index/resource_index/package_run_dependencies/leo
[0.466s] -- Symlinking: /home/asm/leo_ws/install/leo/share/ament_index/resource_index/parent_prefix_path/leo
[0.475s] -- Symlinking: /home/asm/leo_ws/install/leo/share/leo/environment/ament_prefix_path.sh
[0.483s] -- Symlinking: /home/asm/leo_ws/install/leo/share/leo/environment/ament_prefix_path.dsv
[0.491s] -- Symlinking: /home/asm/leo_ws/install/leo/share/leo/environment/path.sh
[0.498s] -- Symlinking: /home/asm/leo_ws/install/leo/share/leo/environment/path.dsv
[0.505s] -- Symlinking: /home/asm/leo_ws/install/leo/share/leo/local_setup.bash
[0.513s] -- Symlinking: /home/asm/leo_ws/install/leo/share/leo/local_setup.sh
[0.521s] -- Symlinking: /home/asm/leo_ws/install/leo/share/leo/local_setup.zsh
[0.528s] -- Symlinking: /home/asm/leo_ws/install/leo/share/leo/local_setup.dsv
[0.535s] -- Symlinking: /home/asm/leo_ws/install/leo/share/leo/package.dsv
[0.543s] -- Symlinking: /home/asm/leo_ws/install/leo/share/ament_index/resource_index/packages/leo
[0.550s] -- Symlinking: /home/asm/leo_ws/install/leo/share/leo/cmake/leoConfig.cmake
[0.557s] -- Symlinking: /home/asm/leo_ws/install/leo/share/leo/cmake/leoConfig-version.cmake
[0.564s] -- Symlinking: /home/asm/leo_ws/install/leo/share/leo/package.xml
[0.573s] Invoked command in '/home/asm/leo_ws/build/leo' returned '0': AMENT_PREFIX_PATH=/home/asm/leo_ws/install/leo_teleop:/home/asm/leo_ws/install/leo_msgs:/home/asm/leo_ws/install/leo_description:${AMENT_PREFIX_PATH} CMAKE_PREFIX_PATH=/home/asm/leo_ws/install/leo_teleop:/home/asm/leo_ws/install/leo_msgs:/home/asm/leo_ws/install/leo_description:/opt/ros/humble LD_LIBRARY_PATH=/home/asm/leo_ws/install/leo_msgs/lib:${LD_LIBRARY_PATH} PYTHONPATH=/home/asm/leo_ws/install/leo_msgs/local/lib/python3.10/dist-packages:${PYTHONPATH} /usr/bin/cmake --install /home/asm/leo_ws/build/leo
