[0.028s] Invoking command in '/home/asm/leo_ws/build/leo_msgs': CMAKE_PREFIX_PATH=/opt/ros/humble /usr/bin/cmake --build /home/asm/leo_ws/build/leo_msgs -- -j12 -l12
[0.580s] -- Found ament_cmake: 1.3.9 (/opt/ros/humble/share/ament_cmake/cmake)
[0.580s] -- Override CMake install command with custom implementation using symlinks instead of copying resources
[0.580s] -- Found rosidl_default_generators: 1.2.0 (/opt/ros/humble/share/rosidl_default_generators/cmake)
[0.580s] -- Using all available rosidl_typesupport_c: rosidl_typesupport_fastrtps_c;rosidl_typesupport_introspection_c
[0.581s] -- Found rosidl_adapter: 3.1.5 (/opt/ros/humble/share/rosidl_adapter/cmake)
[0.581s] -- Using all available rosidl_typesupport_cpp: rosidl_typesupport_fastrtps_cpp;rosidl_typesupport_introspection_cpp
[0.581s] -- Found builtin_interfaces: 1.2.1 (/opt/ros/humble/share/builtin_interfaces/cmake)
[0.581s] -- Found ament_cmake_ros: 0.10.0 (/opt/ros/humble/share/ament_cmake_ros/cmake)
[0.683s] -- Using all available rosidl_typesupport_c: rosidl_typesupport_fastrtps_c;rosidl_typesupport_introspection_c
[0.866s] -- Using all available rosidl_typesupport_cpp: rosidl_typesupport_fastrtps_cpp;rosidl_typesupport_introspection_cpp
[0.882s] -- Found python_cmake_module: 0.10.0 (/opt/ros/humble/share/python_cmake_module/cmake)
[0.898s] -- Using PYTHON_EXECUTABLE: /usr/bin/python3
[0.898s] -- Using PYTHON_INCLUDE_DIRS: /usr/include/python3.10
[0.898s] -- Using PYTHON_LIBRARIES: /usr/lib/x86_64-linux-gnu/libpython3.10.so
[0.912s] -- Found ament_lint_auto: 0.12.11 (/opt/ros/humble/share/ament_lint_auto/cmake)
[0.921s] -- Added test 'lint_cmake' to check CMake code style
[0.921s] -- Added test 'xmllint' to check XML markup files
[0.926s] -- Configuring done
[0.973s] -- Generating done
[0.976s] -- Build files have been written to: /home/asm/leo_ws/build/leo_msgs
[0.999s] [  1%] [34m[1mGenerating C code for ROS interfaces[0m
[1.008s] [  3%] [34m[1mGenerating C++ code for ROS interfaces[0m
[1.015s] [  3%] Built target ament_cmake_python_symlink_leo_msgs
[1.261s] running egg_info
[1.262s] writing leo_msgs.egg-info/PKG-INFO
[1.262s] writing dependency_links to leo_msgs.egg-info/dependency_links.txt
[1.262s] writing top-level names to leo_msgs.egg-info/top_level.txt
[1.264s] reading manifest file 'leo_msgs.egg-info/SOURCES.txt'
[1.265s] writing manifest file 'leo_msgs.egg-info/SOURCES.txt'
[1.285s] [  3%] Built target ament_cmake_python_build_leo_msgs_egg
[1.519s] [  3%] Built target leo_msgs__cpp
[1.531s] [  4%] [34m[1mGenerating C++ introspection for ROS interfaces[0m
[1.532s] [  7%] [34m[1mGenerating C++ type support for eProsima Fast-RTPS[0m
[1.532s] [  7%] [34m[1mGenerating C++ type support dispatch for ROS interfaces[0m
[1.538s] [35m[1mConsolidate compiler generated dependencies of target leo_msgs__rosidl_generator_c[0m
[1.548s] [ 11%] [32mBuilding C object CMakeFiles/leo_msgs__rosidl_generator_c.dir/rosidl_generator_c/leo_msgs/msg/detail/imu__functions.c.o[0m
[1.548s] [ 11%] [32mBuilding C object CMakeFiles/leo_msgs__rosidl_generator_c.dir/rosidl_generator_c/leo_msgs/msg/detail/wheel_odom_mecanum__functions.c.o[0m
[1.548s] [ 12%] [32mBuilding C object CMakeFiles/leo_msgs__rosidl_generator_c.dir/rosidl_generator_c/leo_msgs/msg/detail/wheel_odom__functions.c.o[0m
[1.552s] [ 15%] [32mBuilding C object CMakeFiles/leo_msgs__rosidl_generator_c.dir/rosidl_generator_c/leo_msgs/srv/detail/set_imu_calibration__functions.c.o[0m
[1.552s] [ 15%] [32mBuilding C object CMakeFiles/leo_msgs__rosidl_generator_c.dir/rosidl_generator_c/leo_msgs/msg/detail/wheel_states__functions.c.o[0m
[1.673s] [ 17%] [32m[1mLinking C shared library libleo_msgs__rosidl_generator_c.so[0m
[1.713s] [ 17%] Built target leo_msgs__rosidl_generator_c
[1.721s] [ 22%] [34m[1mGenerating C type support dispatch for ROS interfaces[0m
[1.721s] [ 22%] [34m[1mGenerating C introspection for ROS interfaces[0m
[1.721s] [ 22%] [34m[1mGenerating C type support for eProsima Fast-RTPS[0m
[1.914s] [35m[1mConsolidate compiler generated dependencies of target leo_msgs__rosidl_typesupport_cpp[0m
[1.926s] [ 23%] [32mBuilding CXX object CMakeFiles/leo_msgs__rosidl_typesupport_cpp.dir/rosidl_typesupport_cpp/leo_msgs/msg/imu__type_support.cpp.o[0m
[1.928s] [ 26%] [32mBuilding CXX object CMakeFiles/leo_msgs__rosidl_typesupport_cpp.dir/rosidl_typesupport_cpp/leo_msgs/msg/wheel_odom__type_support.cpp.o[0m
[1.929s] [ 26%] [32mBuilding CXX object CMakeFiles/leo_msgs__rosidl_typesupport_cpp.dir/rosidl_typesupport_cpp/leo_msgs/msg/wheel_odom_mecanum__type_support.cpp.o[0m
[1.929s] [ 28%] [32mBuilding CXX object CMakeFiles/leo_msgs__rosidl_typesupport_cpp.dir/rosidl_typesupport_cpp/leo_msgs/msg/wheel_states__type_support.cpp.o[0m
[1.929s] [ 30%] [32mBuilding CXX object CMakeFiles/leo_msgs__rosidl_typesupport_cpp.dir/rosidl_typesupport_cpp/leo_msgs/srv/set_imu_calibration__type_support.cpp.o[0m
[1.981s] [35m[1mConsolidate compiler generated dependencies of target leo_msgs__rosidl_typesupport_introspection_cpp[0m
[1.998s] [ 31%] [32mBuilding CXX object CMakeFiles/leo_msgs__rosidl_typesupport_introspection_cpp.dir/rosidl_typesupport_introspection_cpp/leo_msgs/msg/detail/imu__type_support.cpp.o[0m
[1.998s] [ 33%] [32mBuilding CXX object CMakeFiles/leo_msgs__rosidl_typesupport_introspection_cpp.dir/rosidl_typesupport_introspection_cpp/leo_msgs/msg/detail/wheel_odom__type_support.cpp.o[0m
[1.999s] [ 34%] [32mBuilding CXX object CMakeFiles/leo_msgs__rosidl_typesupport_introspection_cpp.dir/rosidl_typesupport_introspection_cpp/leo_msgs/msg/detail/wheel_odom_mecanum__type_support.cpp.o[0m
[2.109s] [35m[1mConsolidate compiler generated dependencies of target leo_msgs__rosidl_typesupport_fastrtps_cpp[0m
[2.129s] [ 36%] [32mBuilding CXX object CMakeFiles/leo_msgs__rosidl_typesupport_fastrtps_cpp.dir/rosidl_typesupport_fastrtps_cpp/leo_msgs/msg/detail/dds_fastrtps/imu__type_support.cpp.o[0m
[2.203s] [35m[1mConsolidate compiler generated dependencies of target leo_msgs__rosidl_typesupport_c[0m
[2.218s] [ 38%] [32mBuilding CXX object CMakeFiles/leo_msgs__rosidl_typesupport_c.dir/rosidl_typesupport_c/leo_msgs/msg/imu__type_support.cpp.o[0m
[2.268s] [ 39%] [32mBuilding CXX object CMakeFiles/leo_msgs__rosidl_typesupport_c.dir/rosidl_typesupport_c/leo_msgs/msg/wheel_odom__type_support.cpp.o[0m
[2.308s] [ 41%] [32mBuilding CXX object CMakeFiles/leo_msgs__rosidl_typesupport_c.dir/rosidl_typesupport_c/leo_msgs/msg/wheel_odom_mecanum__type_support.cpp.o[0m
[2.348s] [ 42%] [32mBuilding CXX object CMakeFiles/leo_msgs__rosidl_typesupport_c.dir/rosidl_typesupport_c/leo_msgs/msg/wheel_states__type_support.cpp.o[0m
[2.382s] [ 44%] [32mBuilding CXX object CMakeFiles/leo_msgs__rosidl_typesupport_fastrtps_cpp.dir/rosidl_typesupport_fastrtps_cpp/leo_msgs/msg/detail/dds_fastrtps/wheel_odom__type_support.cpp.o[0m
[2.385s] [ 46%] [32mBuilding CXX object CMakeFiles/leo_msgs__rosidl_typesupport_c.dir/rosidl_typesupport_c/leo_msgs/srv/set_imu_calibration__type_support.cpp.o[0m
[2.390s] [ 47%] [32mBuilding CXX object CMakeFiles/leo_msgs__rosidl_typesupport_fastrtps_cpp.dir/rosidl_typesupport_fastrtps_cpp/leo_msgs/msg/detail/dds_fastrtps/wheel_odom_mecanum__type_support.cpp.o[0m
[2.391s] [ 49%] [32mBuilding CXX object CMakeFiles/leo_msgs__rosidl_typesupport_introspection_cpp.dir/rosidl_typesupport_introspection_cpp/leo_msgs/msg/detail/wheel_states__type_support.cpp.o[0m
[2.395s] [ 50%] [32m[1mLinking CXX shared library libleo_msgs__rosidl_typesupport_cpp.so[0m
[2.402s] [35m[1mConsolidate compiler generated dependencies of target leo_msgs__rosidl_typesupport_introspection_c[0m
[2.419s] [ 52%] [32mBuilding C object CMakeFiles/leo_msgs__rosidl_typesupport_introspection_c.dir/rosidl_typesupport_introspection_c/leo_msgs/msg/detail/imu__type_support.c.o[0m
[2.425s] [35m[1mConsolidate compiler generated dependencies of target leo_msgs__rosidl_typesupport_fastrtps_c[0m
[2.426s] [ 53%] [32m[1mLinking CXX shared library libleo_msgs__rosidl_typesupport_c.so[0m
[2.429s] [ 55%] [32mBuilding C object CMakeFiles/leo_msgs__rosidl_typesupport_introspection_c.dir/rosidl_typesupport_introspection_c/leo_msgs/msg/detail/wheel_odom__type_support.c.o[0m
[2.451s] [ 57%] [32mBuilding CXX object CMakeFiles/leo_msgs__rosidl_typesupport_fastrtps_c.dir/rosidl_typesupport_fastrtps_c/leo_msgs/msg/detail/imu__type_support_c.cpp.o[0m
[2.453s] [ 57%] Built target leo_msgs__rosidl_typesupport_cpp
[2.465s] [ 58%] [32mBuilding CXX object CMakeFiles/leo_msgs__rosidl_typesupport_introspection_cpp.dir/rosidl_typesupport_introspection_cpp/leo_msgs/srv/detail/set_imu_calibration__type_support.cpp.o[0m
[2.475s] [ 60%] [32mBuilding C object CMakeFiles/leo_msgs__rosidl_typesupport_introspection_c.dir/rosidl_typesupport_introspection_c/leo_msgs/msg/detail/wheel_states__type_support.c.o[0m
[2.476s] [ 61%] [32mBuilding C object CMakeFiles/leo_msgs__rosidl_typesupport_introspection_c.dir/rosidl_typesupport_introspection_c/leo_msgs/msg/detail/wheel_odom_mecanum__type_support.c.o[0m
[2.483s] [ 61%] Built target leo_msgs__rosidl_typesupport_c
[2.494s] [ 63%] [32mBuilding C object CMakeFiles/leo_msgs__rosidl_typesupport_introspection_c.dir/rosidl_typesupport_introspection_c/leo_msgs/srv/detail/set_imu_calibration__type_support.c.o[0m
[2.520s] [ 65%] [32mBuilding CXX object CMakeFiles/leo_msgs__rosidl_typesupport_fastrtps_cpp.dir/rosidl_typesupport_fastrtps_cpp/leo_msgs/msg/detail/dds_fastrtps/wheel_states__type_support.cpp.o[0m
[2.529s] [ 66%] [32mBuilding CXX object CMakeFiles/leo_msgs__rosidl_typesupport_fastrtps_cpp.dir/rosidl_typesupport_fastrtps_cpp/leo_msgs/srv/detail/dds_fastrtps/set_imu_calibration__type_support.cpp.o[0m
[2.540s] [ 68%] [32m[1mLinking C shared library libleo_msgs__rosidl_typesupport_introspection_c.so[0m
[2.553s] [ 69%] [32mBuilding CXX object CMakeFiles/leo_msgs__rosidl_typesupport_fastrtps_c.dir/rosidl_typesupport_fastrtps_c/leo_msgs/msg/detail/wheel_odom__type_support_c.cpp.o[0m
[2.554s] [ 73%] [32mBuilding CXX object CMakeFiles/leo_msgs__rosidl_typesupport_fastrtps_c.dir/rosidl_typesupport_fastrtps_c/leo_msgs/msg/detail/wheel_states__type_support_c.cpp.o[0m
[2.555s] [ 73%] [32mBuilding CXX object CMakeFiles/leo_msgs__rosidl_typesupport_fastrtps_c.dir/rosidl_typesupport_fastrtps_c/leo_msgs/msg/detail/wheel_odom_mecanum__type_support_c.cpp.o[0m
[2.594s] [ 73%] Built target leo_msgs__rosidl_typesupport_introspection_c
[2.606s] [ 74%] [32mBuilding CXX object CMakeFiles/leo_msgs__rosidl_typesupport_fastrtps_c.dir/rosidl_typesupport_fastrtps_c/leo_msgs/srv/detail/set_imu_calibration__type_support_c.cpp.o[0m
[3.004s] [ 76%] [32m[1mLinking CXX shared library libleo_msgs__rosidl_typesupport_introspection_cpp.so[0m
[3.056s] [ 77%] [32m[1mLinking CXX shared library libleo_msgs__rosidl_typesupport_fastrtps_c.so[0m
[3.070s] [ 77%] Built target leo_msgs__rosidl_typesupport_introspection_cpp
[3.072s] [ 79%] [32m[1mLinking CXX shared library libleo_msgs__rosidl_typesupport_fastrtps_cpp.so[0m
[3.123s] [ 79%] Built target leo_msgs__rosidl_typesupport_fastrtps_c
[3.139s] [ 79%] Built target leo_msgs__rosidl_typesupport_fastrtps_cpp
[3.155s] [ 79%] Built target leo_msgs
[3.172s] [ 80%] [34m[1mGenerating Python code for ROS interfaces[0m
[4.018s] [ 80%] Built target leo_msgs__py
[4.028s] [35m[1mConsolidate compiler generated dependencies of target leo_msgs__rosidl_generator_py[0m
[4.040s] [ 85%] [32mBuilding C object CMakeFiles/leo_msgs__rosidl_generator_py.dir/rosidl_generator_py/leo_msgs/msg/_wheel_odom_s.c.o[0m
[4.041s] [ 85%] [32mBuilding C object CMakeFiles/leo_msgs__rosidl_generator_py.dir/rosidl_generator_py/leo_msgs/msg/_imu_s.c.o[0m
[4.041s] [ 85%] [32mBuilding C object CMakeFiles/leo_msgs__rosidl_generator_py.dir/rosidl_generator_py/leo_msgs/msg/_wheel_odom_mecanum_s.c.o[0m
[4.041s] [ 87%] [32mBuilding C object CMakeFiles/leo_msgs__rosidl_generator_py.dir/rosidl_generator_py/leo_msgs/msg/_wheel_states_s.c.o[0m
[4.041s] [ 88%] [32mBuilding C object CMakeFiles/leo_msgs__rosidl_generator_py.dir/rosidl_generator_py/leo_msgs/srv/_set_imu_calibration_s.c.o[0m
[4.185s] [ 90%] [32m[1mLinking C shared library rosidl_generator_py/leo_msgs/libleo_msgs__rosidl_generator_py.so[0m
[4.229s] [ 90%] Built target leo_msgs__rosidl_generator_py
[4.239s] [35m[1mConsolidate compiler generated dependencies of target leo_msgs__rosidl_typesupport_fastrtps_c__pyext[0m
[4.239s] [35m[1mConsolidate compiler generated dependencies of target leo_msgs__rosidl_typesupport_introspection_c__pyext[0m
[4.240s] [35m[1mConsolidate compiler generated dependencies of target leo_msgs__rosidl_typesupport_c__pyext[0m
[4.252s] [ 95%] [32mBuilding C object CMakeFiles/leo_msgs__rosidl_typesupport_fastrtps_c__pyext.dir/rosidl_generator_py/leo_msgs/_leo_msgs_s.ep.rosidl_typesupport_fastrtps_c.c.o[0m
[4.252s] [ 95%] [32mBuilding C object CMakeFiles/leo_msgs__rosidl_typesupport_c__pyext.dir/rosidl_generator_py/leo_msgs/_leo_msgs_s.ep.rosidl_typesupport_c.c.o[0m
[4.252s] [ 95%] [32mBuilding C object CMakeFiles/leo_msgs__rosidl_typesupport_introspection_c__pyext.dir/rosidl_generator_py/leo_msgs/_leo_msgs_s.ep.rosidl_typesupport_introspection_c.c.o[0m
[4.350s] [100%] [32m[1mLinking C shared library rosidl_generator_py/leo_msgs/leo_msgs_s__rosidl_typesupport_c.cpython-310-x86_64-linux-gnu.so[0m
[4.351s] [100%] [32m[1mLinking C shared library rosidl_generator_py/leo_msgs/leo_msgs_s__rosidl_typesupport_introspection_c.cpython-310-x86_64-linux-gnu.so[0m
[4.351s] [100%] [32m[1mLinking C shared library rosidl_generator_py/leo_msgs/leo_msgs_s__rosidl_typesupport_fastrtps_c.cpython-310-x86_64-linux-gnu.so[0m
[4.379s] [100%] Built target leo_msgs__rosidl_typesupport_fastrtps_c__pyext
[4.379s] [100%] Built target leo_msgs__rosidl_typesupport_introspection_c__pyext
[4.380s] [100%] Built target leo_msgs__rosidl_typesupport_c__pyext
