[0.013s] Invoking command in '/home/asm/leo_ws/build/leo': CMAKE_PREFIX_PATH=/home/asm/leo_ws/install/leo_teleop:/home/asm/leo_ws/install/leo_msgs:/home/asm/leo_ws/install/leo_description:/home/asm/leo_ws/install/leo:/home/asm/leo_ws/install/leo_simulator:/home/asm/leo_ws/install/leo_gz_bringup:/home/asm/leo_ws/install/leo_gz_worlds:/home/asm/leo_ws/install/leo_gz_plugins:/home/asm/leo_ws/install/odom_package:/home/asm/leo_ws/install/leo_navigation:/opt/ros/humble /usr/bin/cmake --build /home/asm/leo_ws/build/leo -- -j12 -l12
[0.045s] Invoked command in '/home/asm/leo_ws/build/leo' returned '0': CMAKE_PREFIX_PATH=/home/asm/leo_ws/install/leo_teleop:/home/asm/leo_ws/install/leo_msgs:/home/asm/leo_ws/install/leo_description:/home/asm/leo_ws/install/leo:/home/asm/leo_ws/install/leo_simulator:/home/asm/leo_ws/install/leo_gz_bringup:/home/asm/leo_ws/install/leo_gz_worlds:/home/asm/leo_ws/install/leo_gz_plugins:/home/asm/leo_ws/install/odom_package:/home/asm/leo_ws/install/leo_navigation:/opt/ros/humble /usr/bin/cmake --build /home/asm/leo_ws/build/leo -- -j12 -l12
[0.063s] Invoking command in '/home/asm/leo_ws/build/leo': CMAKE_PREFIX_PATH=/home/asm/leo_ws/install/leo_teleop:/home/asm/leo_ws/install/leo_msgs:/home/asm/leo_ws/install/leo_description:/home/asm/leo_ws/install/leo:/home/asm/leo_ws/install/leo_simulator:/home/asm/leo_ws/install/leo_gz_bringup:/home/asm/leo_ws/install/leo_gz_worlds:/home/asm/leo_ws/install/leo_gz_plugins:/home/asm/leo_ws/install/odom_package:/home/asm/leo_ws/install/leo_navigation:/opt/ros/humble /usr/bin/cmake --install /home/asm/leo_ws/build/leo
[0.069s] -- Install configuration: ""
[0.069s] -- Execute custom install script
[0.069s] -- Up-to-date symlink: /home/asm/leo_ws/install/leo/share/ament_index/resource_index/package_run_dependencies/leo
[0.069s] -- Up-to-date symlink: /home/asm/leo_ws/install/leo/share/ament_index/resource_index/parent_prefix_path/leo
[0.070s] -- Up-to-date symlink: /home/asm/leo_ws/install/leo/share/leo/environment/ament_prefix_path.sh
[0.070s] -- Up-to-date symlink: /home/asm/leo_ws/install/leo/share/leo/environment/ament_prefix_path.dsv
[0.070s] -- Up-to-date symlink: /home/asm/leo_ws/install/leo/share/leo/environment/path.sh
[0.070s] -- Up-to-date symlink: /home/asm/leo_ws/install/leo/share/leo/environment/path.dsv
[0.070s] -- Up-to-date symlink: /home/asm/leo_ws/install/leo/share/leo/local_setup.bash
[0.070s] -- Up-to-date symlink: /home/asm/leo_ws/install/leo/share/leo/local_setup.sh
[0.070s] -- Up-to-date symlink: /home/asm/leo_ws/install/leo/share/leo/local_setup.zsh
[0.071s] -- Up-to-date symlink: /home/asm/leo_ws/install/leo/share/leo/local_setup.dsv
[0.071s] -- Symlinking: /home/asm/leo_ws/install/leo/share/leo/package.dsv
[0.080s] -- Up-to-date symlink: /home/asm/leo_ws/install/leo/share/ament_index/resource_index/packages/leo
[0.081s] -- Up-to-date symlink: /home/asm/leo_ws/install/leo/share/leo/cmake/leoConfig.cmake
[0.081s] -- Up-to-date symlink: /home/asm/leo_ws/install/leo/share/leo/cmake/leoConfig-version.cmake
[0.081s] -- Up-to-date symlink: /home/asm/leo_ws/install/leo/share/leo/package.xml
[0.083s] Invoked command in '/home/asm/leo_ws/build/leo' returned '0': CMAKE_PREFIX_PATH=/home/asm/leo_ws/install/leo_teleop:/home/asm/leo_ws/install/leo_msgs:/home/asm/leo_ws/install/leo_description:/home/asm/leo_ws/install/leo:/home/asm/leo_ws/install/leo_simulator:/home/asm/leo_ws/install/leo_gz_bringup:/home/asm/leo_ws/install/leo_gz_worlds:/home/asm/leo_ws/install/leo_gz_plugins:/home/asm/leo_ws/install/odom_package:/home/asm/leo_ws/install/leo_navigation:/opt/ros/humble /usr/bin/cmake --install /home/asm/leo_ws/build/leo
