[0.011s] Invoking command in '/home/asm/leo_ws/build/leo_simulator': AMENT_PREFIX_PATH=/home/asm/leo_ws/install/leo_gz_bringup:/home/asm/leo_ws/install/leo_gz_worlds:/home/asm/leo_ws/install/leo_gz_plugins:${AMENT_PREFIX_PATH} CMAKE_PREFIX_PATH=/home/asm/leo_ws/install/leo_gz_bringup:/home/asm/leo_ws/install/leo_gz_worlds:/home/asm/leo_ws/install/leo_gz_plugins:/opt/ros/humble LD_LIBRARY_PATH=/home/asm/leo_ws/install/leo_gz_plugins/lib:${LD_LIBRARY_PATH} /usr/bin/cmake --build /home/asm/leo_ws/build/leo_simulator -- -j12 -l12
[0.053s] Invoked command in '/home/asm/leo_ws/build/leo_simulator' returned '0': AMENT_PREFIX_PATH=/home/asm/leo_ws/install/leo_gz_bringup:/home/asm/leo_ws/install/leo_gz_worlds:/home/asm/leo_ws/install/leo_gz_plugins:${AMENT_PREFIX_PATH} CMAKE_PREFIX_PATH=/home/asm/leo_ws/install/leo_gz_bringup:/home/asm/leo_ws/install/leo_gz_worlds:/home/asm/leo_ws/install/leo_gz_plugins:/opt/ros/humble LD_LIBRARY_PATH=/home/asm/leo_ws/install/leo_gz_plugins/lib:${LD_LIBRARY_PATH} /usr/bin/cmake --build /home/asm/leo_ws/build/leo_simulator -- -j12 -l12
[0.074s] Invoking command in '/home/asm/leo_ws/build/leo_simulator': AMENT_PREFIX_PATH=/home/asm/leo_ws/install/leo_gz_bringup:/home/asm/leo_ws/install/leo_gz_worlds:/home/asm/leo_ws/install/leo_gz_plugins:${AMENT_PREFIX_PATH} CMAKE_PREFIX_PATH=/home/asm/leo_ws/install/leo_gz_bringup:/home/asm/leo_ws/install/leo_gz_worlds:/home/asm/leo_ws/install/leo_gz_plugins:/opt/ros/humble LD_LIBRARY_PATH=/home/asm/leo_ws/install/leo_gz_plugins/lib:${LD_LIBRARY_PATH} /usr/bin/cmake --install /home/asm/leo_ws/build/leo_simulator
[0.083s] -- Install configuration: ""
[0.084s] -- Execute custom install script
[0.085s] -- Up-to-date symlink: /home/asm/leo_ws/install/leo_simulator/share/ament_index/resource_index/package_run_dependencies/leo_simulator
[0.085s] -- Up-to-date symlink: /home/asm/leo_ws/install/leo_simulator/share/ament_index/resource_index/parent_prefix_path/leo_simulator
[0.086s] -- Up-to-date symlink: /home/asm/leo_ws/install/leo_simulator/share/leo_simulator/environment/ament_prefix_path.sh
[0.086s] -- Up-to-date symlink: /home/asm/leo_ws/install/leo_simulator/share/leo_simulator/environment/ament_prefix_path.dsv
[0.086s] -- Up-to-date symlink: /home/asm/leo_ws/install/leo_simulator/share/leo_simulator/environment/path.sh
[0.087s] -- Up-to-date symlink: /home/asm/leo_ws/install/leo_simulator/share/leo_simulator/environment/path.dsv
[0.087s] -- Up-to-date symlink: /home/asm/leo_ws/install/leo_simulator/share/leo_simulator/local_setup.bash
[0.088s] -- Up-to-date symlink: /home/asm/leo_ws/install/leo_simulator/share/leo_simulator/local_setup.sh
[0.089s] -- Up-to-date symlink: /home/asm/leo_ws/install/leo_simulator/share/leo_simulator/local_setup.zsh
[0.089s] -- Up-to-date symlink: /home/asm/leo_ws/install/leo_simulator/share/leo_simulator/local_setup.dsv
[0.089s] -- Symlinking: /home/asm/leo_ws/install/leo_simulator/share/leo_simulator/package.dsv
[0.099s] -- Up-to-date symlink: /home/asm/leo_ws/install/leo_simulator/share/ament_index/resource_index/packages/leo_simulator
[0.099s] -- Up-to-date symlink: /home/asm/leo_ws/install/leo_simulator/share/leo_simulator/cmake/leo_simulatorConfig.cmake
[0.099s] -- Up-to-date symlink: /home/asm/leo_ws/install/leo_simulator/share/leo_simulator/cmake/leo_simulatorConfig-version.cmake
[0.100s] -- Up-to-date symlink: /home/asm/leo_ws/install/leo_simulator/share/leo_simulator/package.xml
[0.102s] Invoked command in '/home/asm/leo_ws/build/leo_simulator' returned '0': AMENT_PREFIX_PATH=/home/asm/leo_ws/install/leo_gz_bringup:/home/asm/leo_ws/install/leo_gz_worlds:/home/asm/leo_ws/install/leo_gz_plugins:${AMENT_PREFIX_PATH} CMAKE_PREFIX_PATH=/home/asm/leo_ws/install/leo_gz_bringup:/home/asm/leo_ws/install/leo_gz_worlds:/home/asm/leo_ws/install/leo_gz_plugins:/opt/ros/humble LD_LIBRARY_PATH=/home/asm/leo_ws/install/leo_gz_plugins/lib:${LD_LIBRARY_PATH} /usr/bin/cmake --install /home/asm/leo_ws/build/leo_simulator
