[0.070s] Invoking command in '/home/asm/leo_ws/build/leo_teleop': CMAKE_PREFIX_PATH=/opt/ros/humble /usr/bin/cmake /home/asm/leo_ws/src/leo_common-ros2/leo_teleop -DAMENT_CMAKE_SYMLINK_INSTALL=1 -DCMAKE_INSTALL_PREFIX=/home/asm/leo_ws/install/leo_teleop
[0.215s] -- The C compiler identification is GNU 11.4.0
[0.346s] -- The CXX compiler identification is GNU 11.4.0
[0.356s] -- Detecting C compiler ABI info
[0.449s] -- Detecting C compiler ABI info - done
[0.460s] -- Check for working C compiler: /usr/bin/cc - skipped
[0.461s] -- Detecting C compile features
[0.461s] -- Detecting C compile features - done
[0.465s] -- Detecting CXX compiler ABI info
[0.550s] -- Detecting CXX compiler ABI info - done
[0.558s] -- Check for working CXX compiler: /usr/bin/c++ - skipped
[0.559s] -- Detecting CXX compile features
[0.560s] -- Detecting CXX compile features - done
[0.571s] -- Found ament_cmake: 1.3.7 (/opt/ros/humble/share/ament_cmake/cmake)
[0.771s] -- Found Python3: /usr/bin/python3.10 (found version "3.10.12") found components: Interpreter 
[0.846s] -- Override CMake install command with custom implementation using symlinks instead of copying resources
[0.889s] -- Found ament_lint_auto: 0.12.10 (/opt/ros/humble/share/ament_lint_auto/cmake)
[0.978s] -- Added test 'lint_cmake' to check CMake code style
[0.979s] -- Added test 'xmllint' to check XML markup files
[0.980s] -- Configuring done
[0.983s] -- Generating done
[0.984s] -- Build files have been written to: /home/asm/leo_ws/build/leo_teleop
[0.988s] Invoked command in '/home/asm/leo_ws/build/leo_teleop' returned '0': CMAKE_PREFIX_PATH=/opt/ros/humble /usr/bin/cmake /home/asm/leo_ws/src/leo_common-ros2/leo_teleop -DAMENT_CMAKE_SYMLINK_INSTALL=1 -DCMAKE_INSTALL_PREFIX=/home/asm/leo_ws/install/leo_teleop
[0.990s] Invoking command in '/home/asm/leo_ws/build/leo_teleop': CMAKE_PREFIX_PATH=/opt/ros/humble /usr/bin/cmake --build /home/asm/leo_ws/build/leo_teleop -- -j12 -l12
[1.029s] Invoked command in '/home/asm/leo_ws/build/leo_teleop' returned '0': CMAKE_PREFIX_PATH=/opt/ros/humble /usr/bin/cmake --build /home/asm/leo_ws/build/leo_teleop -- -j12 -l12
[1.051s] Invoking command in '/home/asm/leo_ws/build/leo_teleop': CMAKE_PREFIX_PATH=/opt/ros/humble /usr/bin/cmake --install /home/asm/leo_ws/build/leo_teleop
[1.058s] -- Install configuration: ""
[1.058s] -- Execute custom install script
[1.059s] -- Symlinking: /home/asm/leo_ws/install/leo_teleop/share/leo_teleop/config/joy_config.yaml
[1.069s] -- Symlinking: /home/asm/leo_ws/install/leo_teleop/share/leo_teleop/launch/joy_teleop.launch.xml
[1.078s] -- Symlinking: /home/asm/leo_ws/install/leo_teleop/share/leo_teleop/launch/key_teleop.launch.xml
[1.087s] -- Symlinking: /home/asm/leo_ws/install/leo_teleop/share/ament_index/resource_index/package_run_dependencies/leo_teleop
[1.097s] -- Symlinking: /home/asm/leo_ws/install/leo_teleop/share/ament_index/resource_index/parent_prefix_path/leo_teleop
[1.106s] -- Symlinking: /home/asm/leo_ws/install/leo_teleop/share/leo_teleop/environment/ament_prefix_path.sh
[1.115s] -- Symlinking: /home/asm/leo_ws/install/leo_teleop/share/leo_teleop/environment/ament_prefix_path.dsv
[1.124s] -- Symlinking: /home/asm/leo_ws/install/leo_teleop/share/leo_teleop/environment/path.sh
[1.133s] -- Symlinking: /home/asm/leo_ws/install/leo_teleop/share/leo_teleop/environment/path.dsv
[1.142s] -- Symlinking: /home/asm/leo_ws/install/leo_teleop/share/leo_teleop/local_setup.bash
[1.151s] -- Symlinking: /home/asm/leo_ws/install/leo_teleop/share/leo_teleop/local_setup.sh
[1.160s] -- Symlinking: /home/asm/leo_ws/install/leo_teleop/share/leo_teleop/local_setup.zsh
[1.170s] -- Symlinking: /home/asm/leo_ws/install/leo_teleop/share/leo_teleop/local_setup.dsv
[1.179s] -- Symlinking: /home/asm/leo_ws/install/leo_teleop/share/leo_teleop/package.dsv
[1.188s] -- Symlinking: /home/asm/leo_ws/install/leo_teleop/share/ament_index/resource_index/packages/leo_teleop
[1.197s] -- Symlinking: /home/asm/leo_ws/install/leo_teleop/share/leo_teleop/cmake/leo_teleopConfig.cmake
[1.206s] -- Symlinking: /home/asm/leo_ws/install/leo_teleop/share/leo_teleop/cmake/leo_teleopConfig-version.cmake
[1.215s] -- Symlinking: /home/asm/leo_ws/install/leo_teleop/share/leo_teleop/package.xml
[1.227s] Invoked command in '/home/asm/leo_ws/build/leo_teleop' returned '0': CMAKE_PREFIX_PATH=/opt/ros/humble /usr/bin/cmake --install /home/asm/leo_ws/build/leo_teleop
