running egg_info
writing ../../build/paqueteros2/paqueteros2.egg-info/PKG-INFO
writing dependency_links to ../../build/paqueteros2/paqueteros2.egg-info/dependency_links.txt
writing entry points to ../../build/paqueteros2/paqueteros2.egg-info/entry_points.txt
writing requirements to ../../build/paqueteros2/paqueteros2.egg-info/requires.txt
writing top-level names to ../../build/paqueteros2/paqueteros2.egg-info/top_level.txt
reading manifest file '../../build/paqueteros2/paqueteros2.egg-info/SOURCES.txt'
adding license file 'LICENSE'
writing manifest file '../../build/paqueteros2/paqueteros2.egg-info/SOURCES.txt'
running build
running build_py
copying paqueteros2/odom_pub.py -> /home/asm/leo_ws/build/paqueteros2/build/lib/paqueteros2
running install
running install_lib
copying /home/asm/leo_ws/build/paqueteros2/build/lib/paqueteros2/odom_pub.py -> /home/asm/leo_ws/install/paqueteros2/lib/python3.10/site-packages/paqueteros2
byte-compiling /home/asm/leo_ws/install/paqueteros2/lib/python3.10/site-packages/paqueteros2/odom_pub.py to odom_pub.cpython-310.pyc
running install_data
running install_egg_info
removing '/home/asm/leo_ws/install/paqueteros2/lib/python3.10/site-packages/paqueteros2-0.0.0-py3.10.egg-info' (and everything under it)
Copying ../../build/paqueteros2/paqueteros2.egg-info to /home/asm/leo_ws/install/paqueteros2/lib/python3.10/site-packages/paqueteros2-0.0.0-py3.10.egg-info
running install_scripts
Installing odom script to /home/asm/leo_ws/install/paqueteros2/lib/paqueteros2
Installing square script to /home/asm/leo_ws/install/paqueteros2/lib/paqueteros2
writing list of installed files to '/home/asm/leo_ws/build/paqueteros2/install.log'
