[0.419s] Invoking command in '/home/asm/leo_ws/build/leo_msgs': CMAKE_PREFIX_PATH=/opt/ros/humble /usr/bin/cmake --build /home/asm/leo_ws/build/leo_msgs -- -j12 -l12
[0.469s] -- Found ament_cmake: 1.3.8 (/opt/ros/humble/share/ament_cmake/cmake)
[0.794s] -- Found Python3: /usr/bin/python3 (found version "3.10.12") found components: Interpreter 
[0.975s] -- Override CMake install command with custom implementation using symlinks instead of copying resources
[0.999s] -- Found rosidl_default_generators: 1.2.0 (/opt/ros/humble/share/rosidl_default_generators/cmake)
[1.006s] -- Using all available rosidl_typesupport_c: rosidl_typesupport_fastrtps_c;rosidl_typesupport_introspection_c
[1.013s] -- Found rosidl_adapter: 3.1.5 (/opt/ros/humble/share/rosidl_adapter/cmake)
[1.112s] -- Using all available rosidl_typesupport_cpp: rosidl_typesupport_fastrtps_cpp;rosidl_typesupport_introspection_cpp
[1.209s] -- Found builtin_interfaces: 1.2.1 (/opt/ros/humble/share/builtin_interfaces/cmake)
[1.938s] -- Found ament_cmake_ros: 0.10.0 (/opt/ros/humble/share/ament_cmake_ros/cmake)
[2.363s] -- Using all available rosidl_typesupport_c: rosidl_typesupport_fastrtps_c;rosidl_typesupport_introspection_c
[2.892s] -- Using all available rosidl_typesupport_cpp: rosidl_typesupport_fastrtps_cpp;rosidl_typesupport_introspection_cpp
[2.944s] -- Found python_cmake_module: 0.10.0 (/opt/ros/humble/share/python_cmake_module/cmake)
[2.992s] -- Using PYTHON_EXECUTABLE: /usr/bin/python3
[2.993s] -- Using PYTHON_INCLUDE_DIRS: /usr/include/python3.10
[2.993s] -- Using PYTHON_LIBRARIES: /usr/lib/x86_64-linux-gnu/libpython3.10.so
[3.030s] -- Found ament_lint_auto: 0.12.10 (/opt/ros/humble/share/ament_lint_auto/cmake)
[3.049s] -- Added test 'lint_cmake' to check CMake code style
[3.050s] -- Added test 'xmllint' to check XML markup files
[3.058s] -- Configuring done
[3.149s] -- Generating done
[3.157s] -- Build files have been written to: /home/asm/leo_ws/build/leo_msgs
[3.211s] [  1%] [34m[1mGenerating C code for ROS interfaces[0m
[3.236s] [  3%] [34m[1mGenerating C++ code for ROS interfaces[0m
[3.257s] [  3%] Built target ament_cmake_python_symlink_leo_msgs
[3.836s] running egg_info
[3.838s] writing leo_msgs.egg-info/PKG-INFO
[3.839s] writing dependency_links to leo_msgs.egg-info/dependency_links.txt
[3.840s] writing top-level names to leo_msgs.egg-info/top_level.txt
[3.845s] reading manifest file 'leo_msgs.egg-info/SOURCES.txt'
[3.847s] writing manifest file 'leo_msgs.egg-info/SOURCES.txt'
[3.937s] [  3%] Built target ament_cmake_python_build_leo_msgs_egg
[4.618s] [  3%] Built target leo_msgs__cpp
[4.642s] [  6%] [34m[1mGenerating C++ type support dispatch for ROS interfaces[0m
[4.642s] [  6%] [34m[1mGenerating C++ type support for eProsima Fast-RTPS[0m
[4.644s] [  7%] [34m[1mGenerating C++ introspection for ROS interfaces[0m
[4.903s] [35m[1mConsolidate compiler generated dependencies of target leo_msgs__rosidl_generator_c[0m
[4.940s] [  9%] [32mBuilding C object CMakeFiles/leo_msgs__rosidl_generator_c.dir/rosidl_generator_c/leo_msgs/msg/detail/wheel_odom__functions.c.o[0m
[4.943s] [ 11%] [32mBuilding C object CMakeFiles/leo_msgs__rosidl_generator_c.dir/rosidl_generator_c/leo_msgs/msg/detail/imu__functions.c.o[0m
[4.944s] [ 12%] [32mBuilding C object CMakeFiles/leo_msgs__rosidl_generator_c.dir/rosidl_generator_c/leo_msgs/msg/detail/wheel_odom_mecanum__functions.c.o[0m
[4.947s] [ 14%] [32mBuilding C object CMakeFiles/leo_msgs__rosidl_generator_c.dir/rosidl_generator_c/leo_msgs/srv/detail/set_imu_calibration__functions.c.o[0m
[4.961s] [ 15%] [32mBuilding C object CMakeFiles/leo_msgs__rosidl_generator_c.dir/rosidl_generator_c/leo_msgs/msg/detail/wheel_states__functions.c.o[0m
[5.182s] [ 17%] [32m[1mLinking C shared library libleo_msgs__rosidl_generator_c.so[0m
[5.304s] [ 17%] Built target leo_msgs__rosidl_generator_c
[5.331s] [ 20%] [34m[1mGenerating C introspection for ROS interfaces[0m
[5.332s] [ 20%] [34m[1mGenerating C type support dispatch for ROS interfaces[0m
[5.338s] [ 22%] [34m[1mGenerating C type support for eProsima Fast-RTPS[0m
[5.764s] [35m[1mConsolidate compiler generated dependencies of target leo_msgs__rosidl_typesupport_cpp[0m
[5.797s] [ 23%] [32mBuilding CXX object CMakeFiles/leo_msgs__rosidl_typesupport_cpp.dir/rosidl_typesupport_cpp/leo_msgs/msg/wheel_odom__type_support.cpp.o[0m
[5.799s] [ 25%] [32mBuilding CXX object CMakeFiles/leo_msgs__rosidl_typesupport_cpp.dir/rosidl_typesupport_cpp/leo_msgs/msg/wheel_odom_mecanum__type_support.cpp.o[0m
[5.809s] [ 26%] [32mBuilding CXX object CMakeFiles/leo_msgs__rosidl_typesupport_cpp.dir/rosidl_typesupport_cpp/leo_msgs/srv/set_imu_calibration__type_support.cpp.o[0m
[5.811s] [ 28%] [32mBuilding CXX object CMakeFiles/leo_msgs__rosidl_typesupport_cpp.dir/rosidl_typesupport_cpp/leo_msgs/msg/imu__type_support.cpp.o[0m
[5.813s] [ 30%] [32mBuilding CXX object CMakeFiles/leo_msgs__rosidl_typesupport_cpp.dir/rosidl_typesupport_cpp/leo_msgs/msg/wheel_states__type_support.cpp.o[0m
[5.982s] [35m[1mConsolidate compiler generated dependencies of target leo_msgs__rosidl_typesupport_introspection_cpp[0m
[6.048s] [ 31%] [32mBuilding CXX object CMakeFiles/leo_msgs__rosidl_typesupport_introspection_cpp.dir/rosidl_typesupport_introspection_cpp/leo_msgs/msg/detail/imu__type_support.cpp.o[0m
[6.084s] [ 33%] [32mBuilding CXX object CMakeFiles/leo_msgs__rosidl_typesupport_introspection_cpp.dir/rosidl_typesupport_introspection_cpp/leo_msgs/msg/detail/wheel_odom__type_support.cpp.o[0m
[6.095s] [ 34%] [32mBuilding CXX object CMakeFiles/leo_msgs__rosidl_typesupport_introspection_cpp.dir/rosidl_typesupport_introspection_cpp/leo_msgs/msg/detail/wheel_odom_mecanum__type_support.cpp.o[0m
[6.098s] [35m[1mConsolidate compiler generated dependencies of target leo_msgs__rosidl_typesupport_fastrtps_cpp[0m
[6.208s] [ 36%] [32mBuilding CXX object CMakeFiles/leo_msgs__rosidl_typesupport_fastrtps_cpp.dir/rosidl_typesupport_fastrtps_cpp/leo_msgs/msg/detail/dds_fastrtps/imu__type_support.cpp.o[0m
[6.576s] [35m[1mConsolidate compiler generated dependencies of target leo_msgs__rosidl_typesupport_c[0m
[6.600s] [ 38%] [32mBuilding CXX object CMakeFiles/leo_msgs__rosidl_typesupport_c.dir/rosidl_typesupport_c/leo_msgs/msg/imu__type_support.cpp.o[0m
[6.721s] [ 39%] [32mBuilding CXX object CMakeFiles/leo_msgs__rosidl_typesupport_c.dir/rosidl_typesupport_c/leo_msgs/msg/wheel_odom__type_support.cpp.o[0m
[6.723s] [ 41%] [32mBuilding CXX object CMakeFiles/leo_msgs__rosidl_typesupport_c.dir/rosidl_typesupport_c/leo_msgs/msg/wheel_odom_mecanum__type_support.cpp.o[0m
[6.734s] [ 42%] [32mBuilding CXX object CMakeFiles/leo_msgs__rosidl_typesupport_c.dir/rosidl_typesupport_c/leo_msgs/srv/set_imu_calibration__type_support.cpp.o[0m
[6.745s] [ 44%] [32mBuilding CXX object CMakeFiles/leo_msgs__rosidl_typesupport_c.dir/rosidl_typesupport_c/leo_msgs/msg/wheel_states__type_support.cpp.o[0m
[6.783s] [ 46%] [32mBuilding CXX object CMakeFiles/leo_msgs__rosidl_typesupport_fastrtps_cpp.dir/rosidl_typesupport_fastrtps_cpp/leo_msgs/msg/detail/dds_fastrtps/wheel_odom__type_support.cpp.o[0m
[6.807s] [ 47%] [32mBuilding CXX object CMakeFiles/leo_msgs__rosidl_typesupport_fastrtps_cpp.dir/rosidl_typesupport_fastrtps_cpp/leo_msgs/msg/detail/dds_fastrtps/wheel_odom_mecanum__type_support.cpp.o[0m
[6.819s] [35m[1mConsolidate compiler generated dependencies of target leo_msgs__rosidl_typesupport_introspection_c[0m
[6.819s] [ 49%] [32m[1mLinking CXX shared library libleo_msgs__rosidl_typesupport_c.so[0m
[6.821s] [ 50%] [32mBuilding CXX object CMakeFiles/leo_msgs__rosidl_typesupport_introspection_cpp.dir/rosidl_typesupport_introspection_cpp/leo_msgs/msg/detail/wheel_states__type_support.cpp.o[0m
[6.832s] [ 52%] [32mBuilding CXX object CMakeFiles/leo_msgs__rosidl_typesupport_introspection_cpp.dir/rosidl_typesupport_introspection_cpp/leo_msgs/srv/detail/set_imu_calibration__type_support.cpp.o[0m
[6.851s] [ 53%] [32mBuilding C object CMakeFiles/leo_msgs__rosidl_typesupport_introspection_c.dir/rosidl_typesupport_introspection_c/leo_msgs/msg/detail/imu__type_support.c.o[0m
[6.872s] [ 55%] [32m[1mLinking CXX shared library libleo_msgs__rosidl_typesupport_cpp.so[0m
[6.995s] [ 55%] Built target leo_msgs__rosidl_typesupport_c
[7.008s] [ 57%] [32mBuilding C object CMakeFiles/leo_msgs__rosidl_typesupport_introspection_c.dir/rosidl_typesupport_introspection_c/leo_msgs/msg/detail/wheel_odom__type_support.c.o[0m
[7.032s] [ 58%] [32mBuilding C object CMakeFiles/leo_msgs__rosidl_typesupport_introspection_c.dir/rosidl_typesupport_introspection_c/leo_msgs/msg/detail/wheel_odom_mecanum__type_support.c.o[0m
[7.087s] [35m[1mConsolidate compiler generated dependencies of target leo_msgs__rosidl_typesupport_fastrtps_c[0m
[7.091s] [ 58%] Built target leo_msgs__rosidl_typesupport_cpp
[7.144s] [ 60%] [32mBuilding CXX object CMakeFiles/leo_msgs__rosidl_typesupport_fastrtps_cpp.dir/rosidl_typesupport_fastrtps_cpp/leo_msgs/msg/detail/dds_fastrtps/wheel_states__type_support.cpp.o[0m
[7.144s] [ 63%] [32mBuilding CXX object CMakeFiles/leo_msgs__rosidl_typesupport_fastrtps_cpp.dir/rosidl_typesupport_fastrtps_cpp/leo_msgs/srv/detail/dds_fastrtps/set_imu_calibration__type_support.cpp.o[0m
[7.144s] [ 61%] [32mBuilding C object CMakeFiles/leo_msgs__rosidl_typesupport_introspection_c.dir/rosidl_typesupport_introspection_c/leo_msgs/msg/detail/wheel_states__type_support.c.o[0m
[7.157s] [ 65%] [32mBuilding CXX object CMakeFiles/leo_msgs__rosidl_typesupport_fastrtps_c.dir/rosidl_typesupport_fastrtps_c/leo_msgs/msg/detail/imu__type_support_c.cpp.o[0m
[7.166s] [ 66%] [32mBuilding C object CMakeFiles/leo_msgs__rosidl_typesupport_introspection_c.dir/rosidl_typesupport_introspection_c/leo_msgs/srv/detail/set_imu_calibration__type_support.c.o[0m
[7.198s] [ 68%] [32mBuilding CXX object CMakeFiles/leo_msgs__rosidl_typesupport_fastrtps_c.dir/rosidl_typesupport_fastrtps_c/leo_msgs/msg/detail/wheel_odom__type_support_c.cpp.o[0m
[7.227s] [ 69%] [32mBuilding CXX object CMakeFiles/leo_msgs__rosidl_typesupport_fastrtps_c.dir/rosidl_typesupport_fastrtps_c/leo_msgs/msg/detail/wheel_odom_mecanum__type_support_c.cpp.o[0m
[7.294s] [ 71%] [32mBuilding CXX object CMakeFiles/leo_msgs__rosidl_typesupport_fastrtps_c.dir/rosidl_typesupport_fastrtps_c/leo_msgs/msg/detail/wheel_states__type_support_c.cpp.o[0m
[7.325s] [ 73%] [32m[1mLinking C shared library libleo_msgs__rosidl_typesupport_introspection_c.so[0m
[7.490s] [ 73%] Built target leo_msgs__rosidl_typesupport_introspection_c
[7.505s] [ 74%] [32mBuilding CXX object CMakeFiles/leo_msgs__rosidl_typesupport_fastrtps_c.dir/rosidl_typesupport_fastrtps_c/leo_msgs/srv/detail/set_imu_calibration__type_support_c.cpp.o[0m
[7.982s] [ 76%] [32m[1mLinking CXX shared library libleo_msgs__rosidl_typesupport_introspection_cpp.so[0m
[8.183s] [ 76%] Built target leo_msgs__rosidl_typesupport_introspection_cpp
[8.267s] [ 77%] [32m[1mLinking CXX shared library libleo_msgs__rosidl_typesupport_fastrtps_cpp.so[0m
[8.338s] [ 79%] [32m[1mLinking CXX shared library libleo_msgs__rosidl_typesupport_fastrtps_c.so[0m
[8.426s] [ 79%] Built target leo_msgs__rosidl_typesupport_fastrtps_cpp
[8.501s] [ 79%] Built target leo_msgs__rosidl_typesupport_fastrtps_c
[8.534s] [ 79%] Built target leo_msgs
[8.568s] [ 80%] [34m[1mGenerating Python code for ROS interfaces[0m
[10.408s] [ 80%] Built target leo_msgs__py
[10.425s] [35m[1mConsolidate compiler generated dependencies of target leo_msgs__rosidl_generator_py[0m
[10.449s] [ 84%] [32mBuilding C object CMakeFiles/leo_msgs__rosidl_generator_py.dir/rosidl_generator_py/leo_msgs/msg/_wheel_odom_mecanum_s.c.o[0m
[10.450s] [ 84%] [32mBuilding C object CMakeFiles/leo_msgs__rosidl_generator_py.dir/rosidl_generator_py/leo_msgs/msg/_imu_s.c.o[0m
[10.450s] [ 85%] [32mBuilding C object CMakeFiles/leo_msgs__rosidl_generator_py.dir/rosidl_generator_py/leo_msgs/srv/_set_imu_calibration_s.c.o[0m
[10.452s] [ 87%] [32mBuilding C object CMakeFiles/leo_msgs__rosidl_generator_py.dir/rosidl_generator_py/leo_msgs/msg/_wheel_odom_s.c.o[0m
[10.454s] [ 88%] [32mBuilding C object CMakeFiles/leo_msgs__rosidl_generator_py.dir/rosidl_generator_py/leo_msgs/msg/_wheel_states_s.c.o[0m
[10.739s] [ 90%] [32m[1mLinking C shared library rosidl_generator_py/leo_msgs/libleo_msgs__rosidl_generator_py.so[0m
[10.816s] [ 90%] Built target leo_msgs__rosidl_generator_py
[10.833s] [35m[1mConsolidate compiler generated dependencies of target leo_msgs__rosidl_typesupport_fastrtps_c__pyext[0m
[10.833s] [35m[1mConsolidate compiler generated dependencies of target leo_msgs__rosidl_typesupport_introspection_c__pyext[0m
[10.833s] [35m[1mConsolidate compiler generated dependencies of target leo_msgs__rosidl_typesupport_c__pyext[0m
[10.854s] [ 92%] [32mBuilding C object CMakeFiles/leo_msgs__rosidl_typesupport_introspection_c__pyext.dir/rosidl_generator_py/leo_msgs/_leo_msgs_s.ep.rosidl_typesupport_introspection_c.c.o[0m
[10.855s] [ 95%] [32mBuilding C object CMakeFiles/leo_msgs__rosidl_typesupport_fastrtps_c__pyext.dir/rosidl_generator_py/leo_msgs/_leo_msgs_s.ep.rosidl_typesupport_fastrtps_c.c.o[0m
[10.855s] [ 95%] [32mBuilding C object CMakeFiles/leo_msgs__rosidl_typesupport_c__pyext.dir/rosidl_generator_py/leo_msgs/_leo_msgs_s.ep.rosidl_typesupport_c.c.o[0m
[11.052s] [ 96%] [32m[1mLinking C shared library rosidl_generator_py/leo_msgs/leo_msgs_s__rosidl_typesupport_fastrtps_c.cpython-310-x86_64-linux-gnu.so[0m
[11.058s] [100%] [32m[1mLinking C shared library rosidl_generator_py/leo_msgs/leo_msgs_s__rosidl_typesupport_introspection_c.cpython-310-x86_64-linux-gnu.so[0m
[11.058s] [100%] [32m[1mLinking C shared library rosidl_generator_py/leo_msgs/leo_msgs_s__rosidl_typesupport_c.cpython-310-x86_64-linux-gnu.so[0m
[11.119s] [100%] Built target leo_msgs__rosidl_typesupport_fastrtps_c__pyext
[11.119s] [100%] Built target leo_msgs__rosidl_typesupport_c__pyext
[11.123s] [100%] Built target leo_msgs__rosidl_typesupport_introspection_c__pyext
[11.144s] Invoked command in '/home/asm/leo_ws/build/leo_msgs' returned '0': CMAKE_PREFIX_PATH=/opt/ros/humble /usr/bin/cmake --build /home/asm/leo_ws/build/leo_msgs -- -j12 -l12
[11.360s] Invoking command in '/home/asm/leo_ws/build/leo_msgs': CMAKE_PREFIX_PATH=/opt/ros/humble /usr/bin/cmake --install /home/asm/leo_ws/build/leo_msgs
[11.373s] -- Install configuration: ""
[11.375s] -- Execute custom install script
[11.375s] -- Up-to-date symlink: /home/asm/leo_ws/install/leo_msgs/share/ament_index/resource_index/rosidl_interfaces/leo_msgs
[11.376s] -- Up-to-date symlink: /home/asm/leo_ws/install/leo_msgs/include/leo_msgs/leo_msgs/msg/detail/imu__functions.h
[11.376s] -- Up-to-date symlink: /home/asm/leo_ws/install/leo_msgs/include/leo_msgs/leo_msgs/msg/detail/imu__struct.h
[11.377s] -- Up-to-date symlink: /home/asm/leo_ws/install/leo_msgs/include/leo_msgs/leo_msgs/msg/detail/imu__type_support.h
[11.377s] -- Up-to-date symlink: /home/asm/leo_ws/install/leo_msgs/include/leo_msgs/leo_msgs/msg/detail/wheel_odom__functions.h
[11.377s] -- Up-to-date symlink: /home/asm/leo_ws/install/leo_msgs/include/leo_msgs/leo_msgs/msg/detail/wheel_odom__struct.h
[11.377s] -- Up-to-date symlink: /home/asm/leo_ws/install/leo_msgs/include/leo_msgs/leo_msgs/msg/detail/wheel_odom__type_support.h
[11.377s] -- Up-to-date symlink: /home/asm/leo_ws/install/leo_msgs/include/leo_msgs/leo_msgs/msg/detail/wheel_odom_mecanum__functions.h
[11.378s] -- Up-to-date symlink: /home/asm/leo_ws/install/leo_msgs/include/leo_msgs/leo_msgs/msg/detail/wheel_odom_mecanum__struct.h
[11.378s] -- Up-to-date symlink: /home/asm/leo_ws/install/leo_msgs/include/leo_msgs/leo_msgs/msg/detail/wheel_odom_mecanum__type_support.h
[11.378s] -- Up-to-date symlink: /home/asm/leo_ws/install/leo_msgs/include/leo_msgs/leo_msgs/msg/detail/wheel_states__functions.h
[11.378s] -- Up-to-date symlink: /home/asm/leo_ws/install/leo_msgs/include/leo_msgs/leo_msgs/msg/detail/wheel_states__struct.h
[11.378s] -- Up-to-date symlink: /home/asm/leo_ws/install/leo_msgs/include/leo_msgs/leo_msgs/msg/detail/wheel_states__type_support.h
[11.378s] -- Up-to-date symlink: /home/asm/leo_ws/install/leo_msgs/include/leo_msgs/leo_msgs/msg/imu.h
[11.378s] -- Up-to-date symlink: /home/asm/leo_ws/install/leo_msgs/include/leo_msgs/leo_msgs/msg/rosidl_generator_c__visibility_control.h
[11.379s] -- Up-to-date symlink: /home/asm/leo_ws/install/leo_msgs/include/leo_msgs/leo_msgs/msg/wheel_odom.h
[11.379s] -- Up-to-date symlink: /home/asm/leo_ws/install/leo_msgs/include/leo_msgs/leo_msgs/msg/wheel_odom_mecanum.h
[11.379s] -- Up-to-date symlink: /home/asm/leo_ws/install/leo_msgs/include/leo_msgs/leo_msgs/msg/wheel_states.h
[11.379s] -- Up-to-date symlink: /home/asm/leo_ws/install/leo_msgs/include/leo_msgs/leo_msgs/srv/detail/set_imu_calibration__functions.h
[11.379s] -- Up-to-date symlink: /home/asm/leo_ws/install/leo_msgs/include/leo_msgs/leo_msgs/srv/detail/set_imu_calibration__struct.h
[11.379s] -- Up-to-date symlink: /home/asm/leo_ws/install/leo_msgs/include/leo_msgs/leo_msgs/srv/detail/set_imu_calibration__type_support.h
[11.380s] -- Up-to-date symlink: /home/asm/leo_ws/install/leo_msgs/include/leo_msgs/leo_msgs/srv/set_imu_calibration.h
[11.380s] -- Up-to-date symlink: /home/asm/leo_ws/install/leo_msgs/share/leo_msgs/environment/library_path.sh
[11.380s] -- Up-to-date symlink: /home/asm/leo_ws/install/leo_msgs/share/leo_msgs/environment/library_path.dsv
[11.381s] -- Up-to-date symlink: /home/asm/leo_ws/install/leo_msgs/include/leo_msgs/leo_msgs/msg/detail/imu__rosidl_typesupport_fastrtps_c.h
[11.382s] -- Up-to-date symlink: /home/asm/leo_ws/install/leo_msgs/include/leo_msgs/leo_msgs/msg/detail/wheel_odom__rosidl_typesupport_fastrtps_c.h
[11.382s] -- Up-to-date symlink: /home/asm/leo_ws/install/leo_msgs/include/leo_msgs/leo_msgs/msg/detail/wheel_odom_mecanum__rosidl_typesupport_fastrtps_c.h
[11.382s] -- Up-to-date symlink: /home/asm/leo_ws/install/leo_msgs/include/leo_msgs/leo_msgs/msg/detail/wheel_states__rosidl_typesupport_fastrtps_c.h
[11.382s] -- Up-to-date symlink: /home/asm/leo_ws/install/leo_msgs/include/leo_msgs/leo_msgs/msg/rosidl_typesupport_fastrtps_c__visibility_control.h
[11.382s] -- Up-to-date symlink: /home/asm/leo_ws/install/leo_msgs/include/leo_msgs/leo_msgs/srv/detail/set_imu_calibration__rosidl_typesupport_fastrtps_c.h
[11.383s] -- Up-to-date symlink: /home/asm/leo_ws/install/leo_msgs/include/leo_msgs/leo_msgs/msg/detail/imu__rosidl_typesupport_introspection_c.h
[11.383s] -- Up-to-date symlink: /home/asm/leo_ws/install/leo_msgs/include/leo_msgs/leo_msgs/msg/detail/wheel_odom__rosidl_typesupport_introspection_c.h
[11.383s] -- Up-to-date symlink: /home/asm/leo_ws/install/leo_msgs/include/leo_msgs/leo_msgs/msg/detail/wheel_odom_mecanum__rosidl_typesupport_introspection_c.h
[11.383s] -- Up-to-date symlink: /home/asm/leo_ws/install/leo_msgs/include/leo_msgs/leo_msgs/msg/detail/wheel_states__rosidl_typesupport_introspection_c.h
[11.383s] -- Up-to-date symlink: /home/asm/leo_ws/install/leo_msgs/include/leo_msgs/leo_msgs/msg/rosidl_typesupport_introspection_c__visibility_control.h
[11.383s] -- Up-to-date symlink: /home/asm/leo_ws/install/leo_msgs/include/leo_msgs/leo_msgs/srv/detail/set_imu_calibration__rosidl_typesupport_introspection_c.h
[11.384s] -- Up-to-date symlink: /home/asm/leo_ws/install/leo_msgs/include/leo_msgs/leo_msgs/msg/detail/imu__builder.hpp
[11.385s] -- Up-to-date symlink: /home/asm/leo_ws/install/leo_msgs/include/leo_msgs/leo_msgs/msg/detail/imu__struct.hpp
[11.385s] -- Up-to-date symlink: /home/asm/leo_ws/install/leo_msgs/include/leo_msgs/leo_msgs/msg/detail/imu__traits.hpp
[11.385s] -- Up-to-date symlink: /home/asm/leo_ws/install/leo_msgs/include/leo_msgs/leo_msgs/msg/detail/wheel_odom__builder.hpp
[11.385s] -- Up-to-date symlink: /home/asm/leo_ws/install/leo_msgs/include/leo_msgs/leo_msgs/msg/detail/wheel_odom__struct.hpp
[11.385s] -- Up-to-date symlink: /home/asm/leo_ws/install/leo_msgs/include/leo_msgs/leo_msgs/msg/detail/wheel_odom__traits.hpp
[11.386s] -- Up-to-date symlink: /home/asm/leo_ws/install/leo_msgs/include/leo_msgs/leo_msgs/msg/detail/wheel_odom_mecanum__builder.hpp
[11.386s] -- Up-to-date symlink: /home/asm/leo_ws/install/leo_msgs/include/leo_msgs/leo_msgs/msg/detail/wheel_odom_mecanum__struct.hpp
[11.386s] -- Up-to-date symlink: /home/asm/leo_ws/install/leo_msgs/include/leo_msgs/leo_msgs/msg/detail/wheel_odom_mecanum__traits.hpp
[11.387s] -- Up-to-date symlink: /home/asm/leo_ws/install/leo_msgs/include/leo_msgs/leo_msgs/msg/detail/wheel_states__builder.hpp
[11.388s] -- Up-to-date symlink: /home/asm/leo_ws/install/leo_msgs/include/leo_msgs/leo_msgs/msg/detail/wheel_states__struct.hpp
[11.388s] -- Up-to-date symlink: /home/asm/leo_ws/install/leo_msgs/include/leo_msgs/leo_msgs/msg/detail/wheel_states__traits.hpp
[11.388s] -- Up-to-date symlink: /home/asm/leo_ws/install/leo_msgs/include/leo_msgs/leo_msgs/msg/imu.hpp
[11.388s] -- Up-to-date symlink: /home/asm/leo_ws/install/leo_msgs/include/leo_msgs/leo_msgs/msg/wheel_odom.hpp
[11.389s] -- Up-to-date symlink: /home/asm/leo_ws/install/leo_msgs/include/leo_msgs/leo_msgs/msg/wheel_odom_mecanum.hpp
[11.389s] -- Up-to-date symlink: /home/asm/leo_ws/install/leo_msgs/include/leo_msgs/leo_msgs/msg/wheel_states.hpp
[11.389s] -- Up-to-date symlink: /home/asm/leo_ws/install/leo_msgs/include/leo_msgs/leo_msgs/srv/detail/set_imu_calibration__builder.hpp
[11.389s] -- Up-to-date symlink: /home/asm/leo_ws/install/leo_msgs/include/leo_msgs/leo_msgs/srv/detail/set_imu_calibration__struct.hpp
[11.389s] -- Up-to-date symlink: /home/asm/leo_ws/install/leo_msgs/include/leo_msgs/leo_msgs/srv/detail/set_imu_calibration__traits.hpp
[11.389s] -- Up-to-date symlink: /home/asm/leo_ws/install/leo_msgs/include/leo_msgs/leo_msgs/srv/set_imu_calibration.hpp
[11.390s] -- Up-to-date symlink: /home/asm/leo_ws/install/leo_msgs/include/leo_msgs/leo_msgs/msg/detail/imu__rosidl_typesupport_fastrtps_cpp.hpp
[11.390s] -- Up-to-date symlink: /home/asm/leo_ws/install/leo_msgs/include/leo_msgs/leo_msgs/msg/detail/wheel_odom__rosidl_typesupport_fastrtps_cpp.hpp
[11.390s] -- Up-to-date symlink: /home/asm/leo_ws/install/leo_msgs/include/leo_msgs/leo_msgs/msg/detail/wheel_odom_mecanum__rosidl_typesupport_fastrtps_cpp.hpp
[11.390s] -- Up-to-date symlink: /home/asm/leo_ws/install/leo_msgs/include/leo_msgs/leo_msgs/msg/detail/wheel_states__rosidl_typesupport_fastrtps_cpp.hpp
[11.390s] -- Up-to-date symlink: /home/asm/leo_ws/install/leo_msgs/include/leo_msgs/leo_msgs/msg/rosidl_typesupport_fastrtps_cpp__visibility_control.h
[11.391s] -- Up-to-date symlink: /home/asm/leo_ws/install/leo_msgs/include/leo_msgs/leo_msgs/srv/detail/set_imu_calibration__rosidl_typesupport_fastrtps_cpp.hpp
[11.391s] -- Up-to-date symlink: /home/asm/leo_ws/install/leo_msgs/include/leo_msgs/leo_msgs/msg/detail/imu__rosidl_typesupport_introspection_cpp.hpp
[11.391s] -- Up-to-date symlink: /home/asm/leo_ws/install/leo_msgs/include/leo_msgs/leo_msgs/msg/detail/wheel_odom__rosidl_typesupport_introspection_cpp.hpp
[11.391s] -- Up-to-date symlink: /home/asm/leo_ws/install/leo_msgs/include/leo_msgs/leo_msgs/msg/detail/wheel_odom_mecanum__rosidl_typesupport_introspection_cpp.hpp
[11.392s] -- Up-to-date symlink: /home/asm/leo_ws/install/leo_msgs/include/leo_msgs/leo_msgs/msg/detail/wheel_states__rosidl_typesupport_introspection_cpp.hpp
[11.392s] -- Up-to-date symlink: /home/asm/leo_ws/install/leo_msgs/include/leo_msgs/leo_msgs/srv/detail/set_imu_calibration__rosidl_typesupport_introspection_cpp.hpp
[11.392s] -- Up-to-date symlink: /home/asm/leo_ws/install/leo_msgs/share/leo_msgs/environment/pythonpath.sh
[11.392s] -- Up-to-date symlink: /home/asm/leo_ws/install/leo_msgs/share/leo_msgs/environment/pythonpath.dsv
[11.393s] -- Up-to-date symlink: /home/asm/leo_ws/install/leo_msgs/local/lib/python3.10/dist-packages/leo_msgs-1.2.1-py3.10.egg-info/PKG-INFO
[11.393s] -- Up-to-date symlink: /home/asm/leo_ws/install/leo_msgs/local/lib/python3.10/dist-packages/leo_msgs-1.2.1-py3.10.egg-info/SOURCES.txt
[11.393s] -- Up-to-date symlink: /home/asm/leo_ws/install/leo_msgs/local/lib/python3.10/dist-packages/leo_msgs-1.2.1-py3.10.egg-info/dependency_links.txt
[11.394s] -- Up-to-date symlink: /home/asm/leo_ws/install/leo_msgs/local/lib/python3.10/dist-packages/leo_msgs-1.2.1-py3.10.egg-info/top_level.txt
[11.395s] -- Up-to-date symlink: /home/asm/leo_ws/install/leo_msgs/local/lib/python3.10/dist-packages/leo_msgs/__init__.py
[11.395s] -- Up-to-date symlink: /home/asm/leo_ws/install/leo_msgs/local/lib/python3.10/dist-packages/leo_msgs/_leo_msgs_s.ep.rosidl_typesupport_c.c
[11.395s] -- Up-to-date symlink: /home/asm/leo_ws/install/leo_msgs/local/lib/python3.10/dist-packages/leo_msgs/_leo_msgs_s.ep.rosidl_typesupport_fastrtps_c.c
[11.395s] -- Up-to-date symlink: /home/asm/leo_ws/install/leo_msgs/local/lib/python3.10/dist-packages/leo_msgs/_leo_msgs_s.ep.rosidl_typesupport_introspection_c.c
[11.395s] -- Up-to-date symlink: /home/asm/leo_ws/install/leo_msgs/local/lib/python3.10/dist-packages/leo_msgs/leo_msgs_s__rosidl_typesupport_c.cpython-310-x86_64-linux-gnu.so
[11.396s] -- Up-to-date symlink: /home/asm/leo_ws/install/leo_msgs/local/lib/python3.10/dist-packages/leo_msgs/leo_msgs_s__rosidl_typesupport_fastrtps_c.cpython-310-x86_64-linux-gnu.so
[11.396s] -- Up-to-date symlink: /home/asm/leo_ws/install/leo_msgs/local/lib/python3.10/dist-packages/leo_msgs/leo_msgs_s__rosidl_typesupport_introspection_c.cpython-310-x86_64-linux-gnu.so
[11.396s] -- Up-to-date symlink: /home/asm/leo_ws/install/leo_msgs/local/lib/python3.10/dist-packages/leo_msgs/libleo_msgs__rosidl_generator_py.so
[11.396s] -- Up-to-date symlink: /home/asm/leo_ws/install/leo_msgs/local/lib/python3.10/dist-packages/leo_msgs/msg/__init__.py
[11.396s] -- Up-to-date symlink: /home/asm/leo_ws/install/leo_msgs/local/lib/python3.10/dist-packages/leo_msgs/msg/_imu.py
[11.396s] -- Up-to-date symlink: /home/asm/leo_ws/install/leo_msgs/local/lib/python3.10/dist-packages/leo_msgs/msg/_imu_s.c
[11.396s] -- Up-to-date symlink: /home/asm/leo_ws/install/leo_msgs/local/lib/python3.10/dist-packages/leo_msgs/msg/_wheel_odom.py
[11.397s] -- Up-to-date symlink: /home/asm/leo_ws/install/leo_msgs/local/lib/python3.10/dist-packages/leo_msgs/msg/_wheel_odom_mecanum.py
[11.397s] -- Up-to-date symlink: /home/asm/leo_ws/install/leo_msgs/local/lib/python3.10/dist-packages/leo_msgs/msg/_wheel_odom_mecanum_s.c
[11.397s] -- Up-to-date symlink: /home/asm/leo_ws/install/leo_msgs/local/lib/python3.10/dist-packages/leo_msgs/msg/_wheel_odom_s.c
[11.397s] -- Up-to-date symlink: /home/asm/leo_ws/install/leo_msgs/local/lib/python3.10/dist-packages/leo_msgs/msg/_wheel_states.py
[11.398s] -- Up-to-date symlink: /home/asm/leo_ws/install/leo_msgs/local/lib/python3.10/dist-packages/leo_msgs/msg/_wheel_states_s.c
[11.398s] -- Up-to-date symlink: /home/asm/leo_ws/install/leo_msgs/local/lib/python3.10/dist-packages/leo_msgs/srv/__init__.py
[11.398s] -- Up-to-date symlink: /home/asm/leo_ws/install/leo_msgs/local/lib/python3.10/dist-packages/leo_msgs/srv/_set_imu_calibration.py
[11.398s] -- Up-to-date symlink: /home/asm/leo_ws/install/leo_msgs/local/lib/python3.10/dist-packages/leo_msgs/srv/_set_imu_calibration_s.c
[11.399s] -- Up-to-date symlink: /home/asm/leo_ws/install/leo_msgs/local/lib/python3.10/dist-packages/leo_msgs/leo_msgs_s__rosidl_typesupport_fastrtps_c.cpython-310-x86_64-linux-gnu.so
[11.399s] -- Up-to-date symlink: /home/asm/leo_ws/install/leo_msgs/local/lib/python3.10/dist-packages/leo_msgs/leo_msgs_s__rosidl_typesupport_introspection_c.cpython-310-x86_64-linux-gnu.so
[11.400s] -- Up-to-date symlink: /home/asm/leo_ws/install/leo_msgs/local/lib/python3.10/dist-packages/leo_msgs/leo_msgs_s__rosidl_typesupport_c.cpython-310-x86_64-linux-gnu.so
[11.400s] -- Up-to-date symlink: /home/asm/leo_ws/install/leo_msgs/share/leo_msgs/msg/Imu.idl
[11.400s] -- Up-to-date symlink: /home/asm/leo_ws/install/leo_msgs/share/leo_msgs/msg/WheelOdom.idl
[11.401s] -- Up-to-date symlink: /home/asm/leo_ws/install/leo_msgs/share/leo_msgs/msg/WheelOdomMecanum.idl
[11.401s] -- Up-to-date symlink: /home/asm/leo_ws/install/leo_msgs/share/leo_msgs/msg/WheelStates.idl
[11.401s] -- Up-to-date symlink: /home/asm/leo_ws/install/leo_msgs/share/leo_msgs/srv/SetImuCalibration.idl
[11.402s] -- Up-to-date symlink: /home/asm/leo_ws/install/leo_msgs/share/leo_msgs/msg/Imu.msg
[11.402s] -- Up-to-date symlink: /home/asm/leo_ws/install/leo_msgs/share/leo_msgs/msg/WheelOdom.msg
[11.402s] -- Up-to-date symlink: /home/asm/leo_ws/install/leo_msgs/share/leo_msgs/msg/WheelOdomMecanum.msg
[11.403s] -- Up-to-date symlink: /home/asm/leo_ws/install/leo_msgs/share/leo_msgs/msg/WheelStates.msg
[11.403s] -- Up-to-date symlink: /home/asm/leo_ws/install/leo_msgs/share/leo_msgs/srv/SetImuCalibration.srv
[11.403s] -- Up-to-date symlink: /home/asm/leo_ws/install/leo_msgs/share/leo_msgs/srv/SetImuCalibration_Request.msg
[11.404s] -- Up-to-date symlink: /home/asm/leo_ws/install/leo_msgs/share/leo_msgs/srv/SetImuCalibration_Response.msg
[11.404s] -- Up-to-date symlink: /home/asm/leo_ws/install/leo_msgs/share/ament_index/resource_index/package_run_dependencies/leo_msgs
[11.404s] -- Up-to-date symlink: /home/asm/leo_ws/install/leo_msgs/share/ament_index/resource_index/parent_prefix_path/leo_msgs
[11.404s] -- Up-to-date symlink: /home/asm/leo_ws/install/leo_msgs/share/leo_msgs/environment/ament_prefix_path.sh
[11.404s] -- Up-to-date symlink: /home/asm/leo_ws/install/leo_msgs/share/leo_msgs/environment/ament_prefix_path.dsv
[11.405s] -- Up-to-date symlink: /home/asm/leo_ws/install/leo_msgs/share/leo_msgs/environment/path.sh
[11.405s] -- Up-to-date symlink: /home/asm/leo_ws/install/leo_msgs/share/leo_msgs/environment/path.dsv
[11.405s] -- Up-to-date symlink: /home/asm/leo_ws/install/leo_msgs/share/leo_msgs/local_setup.bash
[11.406s] -- Up-to-date symlink: /home/asm/leo_ws/install/leo_msgs/share/leo_msgs/local_setup.sh
[11.406s] -- Up-to-date symlink: /home/asm/leo_ws/install/leo_msgs/share/leo_msgs/local_setup.zsh
[11.406s] -- Up-to-date symlink: /home/asm/leo_ws/install/leo_msgs/share/leo_msgs/local_setup.dsv
[11.406s] -- Symlinking: /home/asm/leo_ws/install/leo_msgs/share/leo_msgs/package.dsv
[11.423s] -- Up-to-date symlink: /home/asm/leo_ws/install/leo_msgs/share/ament_index/resource_index/packages/leo_msgs
[11.424s] -- Up-to-date symlink: /home/asm/leo_ws/install/leo_msgs/share/leo_msgs/cmake/rosidl_cmake-extras.cmake
[11.424s] -- Up-to-date symlink: /home/asm/leo_ws/install/leo_msgs/share/leo_msgs/cmake/ament_cmake_export_dependencies-extras.cmake
[11.425s] -- Up-to-date symlink: /home/asm/leo_ws/install/leo_msgs/share/leo_msgs/cmake/ament_cmake_export_include_directories-extras.cmake
[11.425s] -- Up-to-date symlink: /home/asm/leo_ws/install/leo_msgs/share/leo_msgs/cmake/ament_cmake_export_libraries-extras.cmake
[11.425s] -- Up-to-date symlink: /home/asm/leo_ws/install/leo_msgs/share/leo_msgs/cmake/ament_cmake_export_targets-extras.cmake
[11.425s] -- Up-to-date symlink: /home/asm/leo_ws/install/leo_msgs/share/leo_msgs/cmake/rosidl_cmake_export_typesupport_targets-extras.cmake
[11.425s] -- Up-to-date symlink: /home/asm/leo_ws/install/leo_msgs/share/leo_msgs/cmake/rosidl_cmake_export_typesupport_libraries-extras.cmake
[11.426s] -- Up-to-date symlink: /home/asm/leo_ws/install/leo_msgs/share/leo_msgs/cmake/leo_msgsConfig.cmake
[11.426s] -- Up-to-date symlink: /home/asm/leo_ws/install/leo_msgs/share/leo_msgs/cmake/leo_msgsConfig-version.cmake
[11.426s] -- Up-to-date symlink: /home/asm/leo_ws/install/leo_msgs/share/leo_msgs/package.xml
[11.428s] -- Installing: /home/asm/leo_ws/install/leo_msgs/lib/libleo_msgs__rosidl_generator_c.so
[11.428s] -- Set runtime path of "/home/asm/leo_ws/install/leo_msgs/lib/libleo_msgs__rosidl_generator_c.so" to ""
[11.430s] -- Installing: /home/asm/leo_ws/install/leo_msgs/lib/libleo_msgs__rosidl_typesupport_fastrtps_c.so
[11.430s] -- Set runtime path of "/home/asm/leo_ws/install/leo_msgs/lib/libleo_msgs__rosidl_typesupport_fastrtps_c.so" to ""
[11.431s] -- Installing: /home/asm/leo_ws/install/leo_msgs/lib/libleo_msgs__rosidl_typesupport_introspection_c.so
[11.432s] -- Set runtime path of "/home/asm/leo_ws/install/leo_msgs/lib/libleo_msgs__rosidl_typesupport_introspection_c.so" to ""
[11.432s] -- Installing: /home/asm/leo_ws/install/leo_msgs/lib/libleo_msgs__rosidl_typesupport_c.so
[11.433s] -- Set runtime path of "/home/asm/leo_ws/install/leo_msgs/lib/libleo_msgs__rosidl_typesupport_c.so" to ""
[11.434s] -- Installing: /home/asm/leo_ws/install/leo_msgs/lib/libleo_msgs__rosidl_typesupport_fastrtps_cpp.so
[11.434s] -- Set runtime path of "/home/asm/leo_ws/install/leo_msgs/lib/libleo_msgs__rosidl_typesupport_fastrtps_cpp.so" to ""
[11.435s] -- Installing: /home/asm/leo_ws/install/leo_msgs/lib/libleo_msgs__rosidl_typesupport_introspection_cpp.so
[11.436s] -- Set runtime path of "/home/asm/leo_ws/install/leo_msgs/lib/libleo_msgs__rosidl_typesupport_introspection_cpp.so" to ""
[11.437s] -- Installing: /home/asm/leo_ws/install/leo_msgs/lib/libleo_msgs__rosidl_typesupport_cpp.so
[11.437s] -- Set runtime path of "/home/asm/leo_ws/install/leo_msgs/lib/libleo_msgs__rosidl_typesupport_cpp.so" to ""
[11.519s] Listing '/home/asm/leo_ws/install/leo_msgs/local/lib/python3.10/dist-packages/leo_msgs'...
[11.520s] Compiling '/home/asm/leo_ws/install/leo_msgs/local/lib/python3.10/dist-packages/leo_msgs/__init__.py'...
[11.520s] Listing '/home/asm/leo_ws/install/leo_msgs/local/lib/python3.10/dist-packages/leo_msgs/msg'...
[11.520s] Compiling '/home/asm/leo_ws/install/leo_msgs/local/lib/python3.10/dist-packages/leo_msgs/msg/__init__.py'...
[11.520s] Compiling '/home/asm/leo_ws/install/leo_msgs/local/lib/python3.10/dist-packages/leo_msgs/msg/_imu.py'...
[11.520s] Compiling '/home/asm/leo_ws/install/leo_msgs/local/lib/python3.10/dist-packages/leo_msgs/msg/_wheel_odom.py'...
[11.520s] Compiling '/home/asm/leo_ws/install/leo_msgs/local/lib/python3.10/dist-packages/leo_msgs/msg/_wheel_odom_mecanum.py'...
[11.520s] Compiling '/home/asm/leo_ws/install/leo_msgs/local/lib/python3.10/dist-packages/leo_msgs/msg/_wheel_states.py'...
[11.520s] Listing '/home/asm/leo_ws/install/leo_msgs/local/lib/python3.10/dist-packages/leo_msgs/srv'...
[11.521s] Compiling '/home/asm/leo_ws/install/leo_msgs/local/lib/python3.10/dist-packages/leo_msgs/srv/__init__.py'...
[11.521s] Compiling '/home/asm/leo_ws/install/leo_msgs/local/lib/python3.10/dist-packages/leo_msgs/srv/_set_imu_calibration.py'...
[11.535s] -- Installing: /home/asm/leo_ws/install/leo_msgs/lib/libleo_msgs__rosidl_generator_py.so
[11.535s] -- Set runtime path of "/home/asm/leo_ws/install/leo_msgs/lib/libleo_msgs__rosidl_generator_py.so" to ""
[11.536s] -- Up-to-date: /home/asm/leo_ws/install/leo_msgs/share/leo_msgs/cmake/export_leo_msgs__rosidl_generator_cExport.cmake
[11.536s] -- Up-to-date: /home/asm/leo_ws/install/leo_msgs/share/leo_msgs/cmake/export_leo_msgs__rosidl_generator_cExport-noconfig.cmake
[11.536s] -- Up-to-date: /home/asm/leo_ws/install/leo_msgs/share/leo_msgs/cmake/export_leo_msgs__rosidl_typesupport_fastrtps_cExport.cmake
[11.536s] -- Up-to-date: /home/asm/leo_ws/install/leo_msgs/share/leo_msgs/cmake/export_leo_msgs__rosidl_typesupport_fastrtps_cExport-noconfig.cmake
[11.536s] -- Up-to-date: /home/asm/leo_ws/install/leo_msgs/share/leo_msgs/cmake/leo_msgs__rosidl_typesupport_introspection_cExport.cmake
[11.537s] -- Up-to-date: /home/asm/leo_ws/install/leo_msgs/share/leo_msgs/cmake/leo_msgs__rosidl_typesupport_introspection_cExport-noconfig.cmake
[11.537s] -- Up-to-date: /home/asm/leo_ws/install/leo_msgs/share/leo_msgs/cmake/leo_msgs__rosidl_typesupport_cExport.cmake
[11.537s] -- Up-to-date: /home/asm/leo_ws/install/leo_msgs/share/leo_msgs/cmake/leo_msgs__rosidl_typesupport_cExport-noconfig.cmake
[11.538s] -- Up-to-date: /home/asm/leo_ws/install/leo_msgs/share/leo_msgs/cmake/export_leo_msgs__rosidl_generator_cppExport.cmake
[11.538s] -- Up-to-date: /home/asm/leo_ws/install/leo_msgs/share/leo_msgs/cmake/export_leo_msgs__rosidl_typesupport_fastrtps_cppExport.cmake
[11.538s] -- Up-to-date: /home/asm/leo_ws/install/leo_msgs/share/leo_msgs/cmake/export_leo_msgs__rosidl_typesupport_fastrtps_cppExport-noconfig.cmake
[11.538s] -- Up-to-date: /home/asm/leo_ws/install/leo_msgs/share/leo_msgs/cmake/leo_msgs__rosidl_typesupport_introspection_cppExport.cmake
[11.538s] -- Up-to-date: /home/asm/leo_ws/install/leo_msgs/share/leo_msgs/cmake/leo_msgs__rosidl_typesupport_introspection_cppExport-noconfig.cmake
[11.539s] -- Up-to-date: /home/asm/leo_ws/install/leo_msgs/share/leo_msgs/cmake/leo_msgs__rosidl_typesupport_cppExport.cmake
[11.539s] -- Up-to-date: /home/asm/leo_ws/install/leo_msgs/share/leo_msgs/cmake/leo_msgs__rosidl_typesupport_cppExport-noconfig.cmake
[11.539s] -- Up-to-date: /home/asm/leo_ws/install/leo_msgs/share/leo_msgs/cmake/export_leo_msgs__rosidl_generator_pyExport.cmake
[11.541s] -- Up-to-date: /home/asm/leo_ws/install/leo_msgs/share/leo_msgs/cmake/export_leo_msgs__rosidl_generator_pyExport-noconfig.cmake
[11.545s] Invoked command in '/home/asm/leo_ws/build/leo_msgs' returned '0': CMAKE_PREFIX_PATH=/opt/ros/humble /usr/bin/cmake --install /home/asm/leo_ws/build/leo_msgs
