[0.011s] Invoking command in '/home/asm/leo_ws/build/leo_simulator': CMAKE_PREFIX_PATH=/home/asm/leo_ws/install/leo_gz_bringup:/home/asm/leo_ws/install/leo_gz_worlds:/home/asm/leo_ws/install/leo_gz_plugins:/home/asm/leo_ws/install/leo:/home/asm/leo_ws/install/leo_teleop:/home/asm/leo_ws/install/leo_simulator:/home/asm/leo_ws/install/leo_msgs:/home/asm/leo_ws/install/leo_description:/home/asm/leo_ws/install/odom_package:/home/asm/leo_ws/install/leo_navigation:/opt/ros/humble LD_LIBRARY_PATH=/home/asm/leo_ws/install/leo_gz_plugins/lib:/home/asm/leo_ws/install/leo_msgs/lib:/usr/local/cuda-12.0/lib64:/opt/ros/humble/opt/rviz_ogre_vendor/lib:/opt/ros/humble/lib/x86_64-linux-gnu:/opt/ros/humble/lib /usr/bin/cmake --build /home/asm/leo_ws/build/leo_simulator -- -j12 -l12
[0.050s] Invoked command in '/home/asm/leo_ws/build/leo_simulator' returned '0': CMAKE_PREFIX_PATH=/home/asm/leo_ws/install/leo_gz_bringup:/home/asm/leo_ws/install/leo_gz_worlds:/home/asm/leo_ws/install/leo_gz_plugins:/home/asm/leo_ws/install/leo:/home/asm/leo_ws/install/leo_teleop:/home/asm/leo_ws/install/leo_simulator:/home/asm/leo_ws/install/leo_msgs:/home/asm/leo_ws/install/leo_description:/home/asm/leo_ws/install/odom_package:/home/asm/leo_ws/install/leo_navigation:/opt/ros/humble LD_LIBRARY_PATH=/home/asm/leo_ws/install/leo_gz_plugins/lib:/home/asm/leo_ws/install/leo_msgs/lib:/usr/local/cuda-12.0/lib64:/opt/ros/humble/opt/rviz_ogre_vendor/lib:/opt/ros/humble/lib/x86_64-linux-gnu:/opt/ros/humble/lib /usr/bin/cmake --build /home/asm/leo_ws/build/leo_simulator -- -j12 -l12
[0.071s] Invoking command in '/home/asm/leo_ws/build/leo_simulator': CMAKE_PREFIX_PATH=/home/asm/leo_ws/install/leo_gz_bringup:/home/asm/leo_ws/install/leo_gz_worlds:/home/asm/leo_ws/install/leo_gz_plugins:/home/asm/leo_ws/install/leo:/home/asm/leo_ws/install/leo_teleop:/home/asm/leo_ws/install/leo_simulator:/home/asm/leo_ws/install/leo_msgs:/home/asm/leo_ws/install/leo_description:/home/asm/leo_ws/install/odom_package:/home/asm/leo_ws/install/leo_navigation:/opt/ros/humble LD_LIBRARY_PATH=/home/asm/leo_ws/install/leo_gz_plugins/lib:/home/asm/leo_ws/install/leo_msgs/lib:/usr/local/cuda-12.0/lib64:/opt/ros/humble/opt/rviz_ogre_vendor/lib:/opt/ros/humble/lib/x86_64-linux-gnu:/opt/ros/humble/lib /usr/bin/cmake --install /home/asm/leo_ws/build/leo_simulator
[0.079s] -- Install configuration: ""
[0.079s] -- Execute custom install script
[0.079s] -- Up-to-date symlink: /home/asm/leo_ws/install/leo_simulator/share/ament_index/resource_index/package_run_dependencies/leo_simulator
[0.079s] -- Up-to-date symlink: /home/asm/leo_ws/install/leo_simulator/share/ament_index/resource_index/parent_prefix_path/leo_simulator
[0.080s] -- Up-to-date symlink: /home/asm/leo_ws/install/leo_simulator/share/leo_simulator/environment/ament_prefix_path.sh
[0.080s] -- Up-to-date symlink: /home/asm/leo_ws/install/leo_simulator/share/leo_simulator/environment/ament_prefix_path.dsv
[0.080s] -- Up-to-date symlink: /home/asm/leo_ws/install/leo_simulator/share/leo_simulator/environment/path.sh
[0.080s] -- Up-to-date symlink: /home/asm/leo_ws/install/leo_simulator/share/leo_simulator/environment/path.dsv
[0.081s] -- Up-to-date symlink: /home/asm/leo_ws/install/leo_simulator/share/leo_simulator/local_setup.bash
[0.081s] -- Up-to-date symlink: /home/asm/leo_ws/install/leo_simulator/share/leo_simulator/local_setup.sh
[0.081s] -- Up-to-date symlink: /home/asm/leo_ws/install/leo_simulator/share/leo_simulator/local_setup.zsh
[0.081s] -- Up-to-date symlink: /home/asm/leo_ws/install/leo_simulator/share/leo_simulator/local_setup.dsv
[0.081s] -- Symlinking: /home/asm/leo_ws/install/leo_simulator/share/leo_simulator/package.dsv
[0.090s] -- Up-to-date symlink: /home/asm/leo_ws/install/leo_simulator/share/ament_index/resource_index/packages/leo_simulator
[0.090s] -- Up-to-date symlink: /home/asm/leo_ws/install/leo_simulator/share/leo_simulator/cmake/leo_simulatorConfig.cmake
[0.090s] -- Up-to-date symlink: /home/asm/leo_ws/install/leo_simulator/share/leo_simulator/cmake/leo_simulatorConfig-version.cmake
[0.091s] -- Up-to-date symlink: /home/asm/leo_ws/install/leo_simulator/share/leo_simulator/package.xml
[0.093s] Invoked command in '/home/asm/leo_ws/build/leo_simulator' returned '0': CMAKE_PREFIX_PATH=/home/asm/leo_ws/install/leo_gz_bringup:/home/asm/leo_ws/install/leo_gz_worlds:/home/asm/leo_ws/install/leo_gz_plugins:/home/asm/leo_ws/install/leo:/home/asm/leo_ws/install/leo_teleop:/home/asm/leo_ws/install/leo_simulator:/home/asm/leo_ws/install/leo_msgs:/home/asm/leo_ws/install/leo_description:/home/asm/leo_ws/install/odom_package:/home/asm/leo_ws/install/leo_navigation:/opt/ros/humble LD_LIBRARY_PATH=/home/asm/leo_ws/install/leo_gz_plugins/lib:/home/asm/leo_ws/install/leo_msgs/lib:/usr/local/cuda-12.0/lib64:/opt/ros/humble/opt/rviz_ogre_vendor/lib:/opt/ros/humble/lib/x86_64-linux-gnu:/opt/ros/humble/lib /usr/bin/cmake --install /home/asm/leo_ws/build/leo_simulator
