[1.153s] DEBUG:colcon:Command line arguments: ['/usr/bin/colcon', 'build', '--symlink-install']
[1.153s] DEBUG:colcon:Parsed command line arguments: Namespace(log_base=None, log_level=None, verb_name='build', build_base='build', install_base='install', merge_install=False, symlink_install=True, test_result_base=None, continue_on_error=False, executor='parallel', parallel_workers=12, event_handlers=None, ignore_user_meta=False, metas=['./colcon.meta'], base_paths=['.'], packages_ignore=None, packages_ignore_regex=None, paths=None, packages_up_to=None, packages_up_to_regex=None, packages_above=None, packages_above_and_dependencies=None, packages_above_depth=None, packages_select_by_dep=None, packages_skip_by_dep=None, packages_skip_up_to=None, packages_select_build_failed=False, packages_skip_build_finished=False, packages_select_test_failures=False, packages_skip_test_passed=False, packages_select=None, packages_skip=None, packages_select_regex=None, packages_skip_regex=None, packages_start=None, packages_end=None, allow_overriding=[], cmake_args=None, cmake_target=None, cmake_target_skip_unavailable=False, cmake_clean_cache=False, cmake_clean_first=False, cmake_force_configure=False, ament_cmake_args=None, catkin_cmake_args=None, catkin_skip_building_tests=False, verb_parser=<colcon_defaults.argument_parser.defaults.DefaultArgumentsDecorator object at 0x7f5c5d0e1810>, verb_extension=<colcon_core.verb.build.BuildVerb object at 0x7f5c5d0e1ae0>, main=<bound method BuildVerb.main of <colcon_core.verb.build.BuildVerb object at 0x7f5c5d0e1ae0>>)
[1.255s] Level 1:colcon.colcon_core.package_discovery:discover_packages(colcon_meta) check parameters
[1.255s] Level 1:colcon.colcon_core.package_discovery:discover_packages(recursive) check parameters
[1.255s] Level 1:colcon.colcon_core.package_discovery:discover_packages(ignore) check parameters
[1.255s] Level 1:colcon.colcon_core.package_discovery:discover_packages(path) check parameters
[1.255s] Level 1:colcon.colcon_core.package_discovery:discover_packages(colcon_meta) discover
[1.255s] Level 1:colcon.colcon_core.package_discovery:discover_packages(recursive) discover
[1.255s] INFO:colcon.colcon_core.package_discovery:Crawling recursively for packages in '/home/asm/leo_ws'
[1.255s] Level 1:colcon.colcon_core.package_identification:_identify(.) by extensions ['ignore', 'ignore_ament_install']
[1.255s] Level 1:colcon.colcon_core.package_identification:_identify(.) by extension 'ignore'
[1.255s] Level 1:colcon.colcon_core.package_identification:_identify(.) by extension 'ignore_ament_install'
[1.256s] Level 1:colcon.colcon_core.package_identification:_identify(.) by extensions ['colcon_pkg']
[1.256s] Level 1:colcon.colcon_core.package_identification:_identify(.) by extension 'colcon_pkg'
[1.256s] Level 1:colcon.colcon_core.package_identification:_identify(.) by extensions ['colcon_meta']
[1.256s] Level 1:colcon.colcon_core.package_identification:_identify(.) by extension 'colcon_meta'
[1.256s] Level 1:colcon.colcon_core.package_identification:_identify(.) by extensions ['ros']
[1.256s] Level 1:colcon.colcon_core.package_identification:_identify(.) by extension 'ros'
[1.265s] Level 1:colcon.colcon_core.package_identification:_identify(.) by extensions ['cmake', 'python']
[1.265s] Level 1:colcon.colcon_core.package_identification:_identify(.) by extension 'cmake'
[1.265s] Level 1:colcon.colcon_core.package_identification:_identify(.) by extension 'python'
[1.265s] Level 1:colcon.colcon_core.package_identification:_identify(.) by extensions ['python_setup_py']
[1.266s] Level 1:colcon.colcon_core.package_identification:_identify(.) by extension 'python_setup_py'
[1.266s] Level 1:colcon.colcon_core.package_identification:_identify(build) by extensions ['ignore', 'ignore_ament_install']
[1.266s] Level 1:colcon.colcon_core.package_identification:_identify(build) by extension 'ignore'
[1.266s] Level 1:colcon.colcon_core.package_identification:_identify(build) ignored
[1.266s] Level 1:colcon.colcon_core.package_identification:_identify(install) by extensions ['ignore', 'ignore_ament_install']
[1.266s] Level 1:colcon.colcon_core.package_identification:_identify(install) by extension 'ignore'
[1.266s] Level 1:colcon.colcon_core.package_identification:_identify(install) ignored
[1.266s] Level 1:colcon.colcon_core.package_identification:_identify(log) by extensions ['ignore', 'ignore_ament_install']
[1.266s] Level 1:colcon.colcon_core.package_identification:_identify(log) by extension 'ignore'
[1.266s] Level 1:colcon.colcon_core.package_identification:_identify(log) ignored
[1.266s] Level 1:colcon.colcon_core.package_identification:_identify(src) by extensions ['ignore', 'ignore_ament_install']
[1.266s] Level 1:colcon.colcon_core.package_identification:_identify(src) by extension 'ignore'
[1.266s] Level 1:colcon.colcon_core.package_identification:_identify(src) by extension 'ignore_ament_install'
[1.266s] Level 1:colcon.colcon_core.package_identification:_identify(src) by extensions ['colcon_pkg']
[1.266s] Level 1:colcon.colcon_core.package_identification:_identify(src) by extension 'colcon_pkg'
[1.266s] Level 1:colcon.colcon_core.package_identification:_identify(src) by extensions ['colcon_meta']
[1.266s] Level 1:colcon.colcon_core.package_identification:_identify(src) by extension 'colcon_meta'
[1.266s] Level 1:colcon.colcon_core.package_identification:_identify(src) by extensions ['ros']
[1.266s] Level 1:colcon.colcon_core.package_identification:_identify(src) by extension 'ros'
[1.267s] Level 1:colcon.colcon_core.package_identification:_identify(src) by extensions ['cmake', 'python']
[1.267s] Level 1:colcon.colcon_core.package_identification:_identify(src) by extension 'cmake'
[1.267s] Level 1:colcon.colcon_core.package_identification:_identify(src) by extension 'python'
[1.267s] Level 1:colcon.colcon_core.package_identification:_identify(src) by extensions ['python_setup_py']
[1.267s] Level 1:colcon.colcon_core.package_identification:_identify(src) by extension 'python_setup_py'
[1.267s] Level 1:colcon.colcon_core.package_identification:_identify(src/leo_common-ros2) by extensions ['ignore', 'ignore_ament_install']
[1.267s] Level 1:colcon.colcon_core.package_identification:_identify(src/leo_common-ros2) by extension 'ignore'
[1.267s] Level 1:colcon.colcon_core.package_identification:_identify(src/leo_common-ros2) by extension 'ignore_ament_install'
[1.267s] Level 1:colcon.colcon_core.package_identification:_identify(src/leo_common-ros2) by extensions ['colcon_pkg']
[1.267s] Level 1:colcon.colcon_core.package_identification:_identify(src/leo_common-ros2) by extension 'colcon_pkg'
[1.267s] Level 1:colcon.colcon_core.package_identification:_identify(src/leo_common-ros2) by extensions ['colcon_meta']
[1.267s] Level 1:colcon.colcon_core.package_identification:_identify(src/leo_common-ros2) by extension 'colcon_meta'
[1.267s] Level 1:colcon.colcon_core.package_identification:_identify(src/leo_common-ros2) by extensions ['ros']
[1.267s] Level 1:colcon.colcon_core.package_identification:_identify(src/leo_common-ros2) by extension 'ros'
[1.267s] Level 1:colcon.colcon_core.package_identification:_identify(src/leo_common-ros2) by extensions ['cmake', 'python']
[1.267s] Level 1:colcon.colcon_core.package_identification:_identify(src/leo_common-ros2) by extension 'cmake'
[1.267s] Level 1:colcon.colcon_core.package_identification:_identify(src/leo_common-ros2) by extension 'python'
[1.267s] Level 1:colcon.colcon_core.package_identification:_identify(src/leo_common-ros2) by extensions ['python_setup_py']
[1.267s] Level 1:colcon.colcon_core.package_identification:_identify(src/leo_common-ros2) by extension 'python_setup_py'
[1.267s] Level 1:colcon.colcon_core.package_identification:_identify(src/leo_common-ros2/leo) by extensions ['ignore', 'ignore_ament_install']
[1.267s] Level 1:colcon.colcon_core.package_identification:_identify(src/leo_common-ros2/leo) by extension 'ignore'
[1.267s] Level 1:colcon.colcon_core.package_identification:_identify(src/leo_common-ros2/leo) by extension 'ignore_ament_install'
[1.268s] Level 1:colcon.colcon_core.package_identification:_identify(src/leo_common-ros2/leo) by extensions ['colcon_pkg']
[1.268s] Level 1:colcon.colcon_core.package_identification:_identify(src/leo_common-ros2/leo) by extension 'colcon_pkg'
[1.268s] Level 1:colcon.colcon_core.package_identification:_identify(src/leo_common-ros2/leo) by extensions ['colcon_meta']
[1.268s] Level 1:colcon.colcon_core.package_identification:_identify(src/leo_common-ros2/leo) by extension 'colcon_meta'
[1.268s] Level 1:colcon.colcon_core.package_identification:_identify(src/leo_common-ros2/leo) by extensions ['ros']
[1.268s] Level 1:colcon.colcon_core.package_identification:_identify(src/leo_common-ros2/leo) by extension 'ros'
[1.269s] DEBUG:colcon.colcon_core.package_identification:Package 'src/leo_common-ros2/leo' with type 'ros.ament_cmake' and name 'leo'
[1.270s] Level 1:colcon.colcon_core.package_identification:_identify(src/leo_common-ros2/leo_description) by extensions ['ignore', 'ignore_ament_install']
[1.270s] Level 1:colcon.colcon_core.package_identification:_identify(src/leo_common-ros2/leo_description) by extension 'ignore'
[1.270s] Level 1:colcon.colcon_core.package_identification:_identify(src/leo_common-ros2/leo_description) by extension 'ignore_ament_install'
[1.270s] Level 1:colcon.colcon_core.package_identification:_identify(src/leo_common-ros2/leo_description) by extensions ['colcon_pkg']
[1.270s] Level 1:colcon.colcon_core.package_identification:_identify(src/leo_common-ros2/leo_description) by extension 'colcon_pkg'
[1.270s] Level 1:colcon.colcon_core.package_identification:_identify(src/leo_common-ros2/leo_description) by extensions ['colcon_meta']
[1.270s] Level 1:colcon.colcon_core.package_identification:_identify(src/leo_common-ros2/leo_description) by extension 'colcon_meta'
[1.270s] Level 1:colcon.colcon_core.package_identification:_identify(src/leo_common-ros2/leo_description) by extensions ['ros']
[1.270s] Level 1:colcon.colcon_core.package_identification:_identify(src/leo_common-ros2/leo_description) by extension 'ros'
[1.270s] DEBUG:colcon.colcon_core.package_identification:Package 'src/leo_common-ros2/leo_description' with type 'ros.ament_cmake' and name 'leo_description'
[1.270s] Level 1:colcon.colcon_core.package_identification:_identify(src/leo_common-ros2/leo_msgs) by extensions ['ignore', 'ignore_ament_install']
[1.270s] Level 1:colcon.colcon_core.package_identification:_identify(src/leo_common-ros2/leo_msgs) by extension 'ignore'
[1.270s] Level 1:colcon.colcon_core.package_identification:_identify(src/leo_common-ros2/leo_msgs) by extension 'ignore_ament_install'
[1.271s] Level 1:colcon.colcon_core.package_identification:_identify(src/leo_common-ros2/leo_msgs) by extensions ['colcon_pkg']
[1.271s] Level 1:colcon.colcon_core.package_identification:_identify(src/leo_common-ros2/leo_msgs) by extension 'colcon_pkg'
[1.271s] Level 1:colcon.colcon_core.package_identification:_identify(src/leo_common-ros2/leo_msgs) by extensions ['colcon_meta']
[1.271s] Level 1:colcon.colcon_core.package_identification:_identify(src/leo_common-ros2/leo_msgs) by extension 'colcon_meta'
[1.271s] Level 1:colcon.colcon_core.package_identification:_identify(src/leo_common-ros2/leo_msgs) by extensions ['ros']
[1.271s] Level 1:colcon.colcon_core.package_identification:_identify(src/leo_common-ros2/leo_msgs) by extension 'ros'
[1.271s] DEBUG:colcon.colcon_core.package_identification:Package 'src/leo_common-ros2/leo_msgs' with type 'ros.ament_cmake' and name 'leo_msgs'
[1.271s] Level 1:colcon.colcon_core.package_identification:_identify(src/leo_common-ros2/leo_teleop) by extensions ['ignore', 'ignore_ament_install']
[1.271s] Level 1:colcon.colcon_core.package_identification:_identify(src/leo_common-ros2/leo_teleop) by extension 'ignore'
[1.271s] Level 1:colcon.colcon_core.package_identification:_identify(src/leo_common-ros2/leo_teleop) by extension 'ignore_ament_install'
[1.271s] Level 1:colcon.colcon_core.package_identification:_identify(src/leo_common-ros2/leo_teleop) by extensions ['colcon_pkg']
[1.271s] Level 1:colcon.colcon_core.package_identification:_identify(src/leo_common-ros2/leo_teleop) by extension 'colcon_pkg'
[1.271s] Level 1:colcon.colcon_core.package_identification:_identify(src/leo_common-ros2/leo_teleop) by extensions ['colcon_meta']
[1.272s] Level 1:colcon.colcon_core.package_identification:_identify(src/leo_common-ros2/leo_teleop) by extension 'colcon_meta'
[1.272s] Level 1:colcon.colcon_core.package_identification:_identify(src/leo_common-ros2/leo_teleop) by extensions ['ros']
[1.272s] Level 1:colcon.colcon_core.package_identification:_identify(src/leo_common-ros2/leo_teleop) by extension 'ros'
[1.272s] DEBUG:colcon.colcon_core.package_identification:Package 'src/leo_common-ros2/leo_teleop' with type 'ros.ament_cmake' and name 'leo_teleop'
[1.272s] Level 1:colcon.colcon_core.package_identification:_identify(src/leo_simulator-ros2) by extensions ['ignore', 'ignore_ament_install']
[1.272s] Level 1:colcon.colcon_core.package_identification:_identify(src/leo_simulator-ros2) by extension 'ignore'
[1.272s] Level 1:colcon.colcon_core.package_identification:_identify(src/leo_simulator-ros2) by extension 'ignore_ament_install'
[1.272s] Level 1:colcon.colcon_core.package_identification:_identify(src/leo_simulator-ros2) by extensions ['colcon_pkg']
[1.272s] Level 1:colcon.colcon_core.package_identification:_identify(src/leo_simulator-ros2) by extension 'colcon_pkg'
[1.272s] Level 1:colcon.colcon_core.package_identification:_identify(src/leo_simulator-ros2) by extensions ['colcon_meta']
[1.272s] Level 1:colcon.colcon_core.package_identification:_identify(src/leo_simulator-ros2) by extension 'colcon_meta'
[1.272s] Level 1:colcon.colcon_core.package_identification:_identify(src/leo_simulator-ros2) by extensions ['ros']
[1.272s] Level 1:colcon.colcon_core.package_identification:_identify(src/leo_simulator-ros2) by extension 'ros'
[1.273s] Level 1:colcon.colcon_core.package_identification:_identify(src/leo_simulator-ros2) by extensions ['cmake', 'python']
[1.273s] Level 1:colcon.colcon_core.package_identification:_identify(src/leo_simulator-ros2) by extension 'cmake'
[1.273s] Level 1:colcon.colcon_core.package_identification:_identify(src/leo_simulator-ros2) by extension 'python'
[1.273s] Level 1:colcon.colcon_core.package_identification:_identify(src/leo_simulator-ros2) by extensions ['python_setup_py']
[1.273s] Level 1:colcon.colcon_core.package_identification:_identify(src/leo_simulator-ros2) by extension 'python_setup_py'
[1.273s] Level 1:colcon.colcon_core.package_identification:_identify(src/leo_simulator-ros2/leo_gz_bringup) by extensions ['ignore', 'ignore_ament_install']
[1.273s] Level 1:colcon.colcon_core.package_identification:_identify(src/leo_simulator-ros2/leo_gz_bringup) by extension 'ignore'
[1.273s] Level 1:colcon.colcon_core.package_identification:_identify(src/leo_simulator-ros2/leo_gz_bringup) by extension 'ignore_ament_install'
[1.273s] Level 1:colcon.colcon_core.package_identification:_identify(src/leo_simulator-ros2/leo_gz_bringup) by extensions ['colcon_pkg']
[1.273s] Level 1:colcon.colcon_core.package_identification:_identify(src/leo_simulator-ros2/leo_gz_bringup) by extension 'colcon_pkg'
[1.273s] Level 1:colcon.colcon_core.package_identification:_identify(src/leo_simulator-ros2/leo_gz_bringup) by extensions ['colcon_meta']
[1.273s] Level 1:colcon.colcon_core.package_identification:_identify(src/leo_simulator-ros2/leo_gz_bringup) by extension 'colcon_meta'
[1.273s] Level 1:colcon.colcon_core.package_identification:_identify(src/leo_simulator-ros2/leo_gz_bringup) by extensions ['ros']
[1.273s] Level 1:colcon.colcon_core.package_identification:_identify(src/leo_simulator-ros2/leo_gz_bringup) by extension 'ros'
[1.273s] DEBUG:colcon.colcon_core.package_identification:Package 'src/leo_simulator-ros2/leo_gz_bringup' with type 'ros.ament_cmake' and name 'leo_gz_bringup'
[1.274s] Level 1:colcon.colcon_core.package_identification:_identify(src/leo_simulator-ros2/leo_gz_plugins) by extensions ['ignore', 'ignore_ament_install']
[1.274s] Level 1:colcon.colcon_core.package_identification:_identify(src/leo_simulator-ros2/leo_gz_plugins) by extension 'ignore'
[1.274s] Level 1:colcon.colcon_core.package_identification:_identify(src/leo_simulator-ros2/leo_gz_plugins) by extension 'ignore_ament_install'
[1.274s] Level 1:colcon.colcon_core.package_identification:_identify(src/leo_simulator-ros2/leo_gz_plugins) by extensions ['colcon_pkg']
[1.274s] Level 1:colcon.colcon_core.package_identification:_identify(src/leo_simulator-ros2/leo_gz_plugins) by extension 'colcon_pkg'
[1.274s] Level 1:colcon.colcon_core.package_identification:_identify(src/leo_simulator-ros2/leo_gz_plugins) by extensions ['colcon_meta']
[1.274s] Level 1:colcon.colcon_core.package_identification:_identify(src/leo_simulator-ros2/leo_gz_plugins) by extension 'colcon_meta'
[1.274s] Level 1:colcon.colcon_core.package_identification:_identify(src/leo_simulator-ros2/leo_gz_plugins) by extensions ['ros']
[1.274s] Level 1:colcon.colcon_core.package_identification:_identify(src/leo_simulator-ros2/leo_gz_plugins) by extension 'ros'
[1.282s] DEBUG:colcon.colcon_core.package_identification:Package 'src/leo_simulator-ros2/leo_gz_plugins' with type 'ros.ament_cmake' and name 'leo_gz_plugins'
[1.282s] Level 1:colcon.colcon_core.package_identification:_identify(src/leo_simulator-ros2/leo_gz_worlds) by extensions ['ignore', 'ignore_ament_install']
[1.282s] Level 1:colcon.colcon_core.package_identification:_identify(src/leo_simulator-ros2/leo_gz_worlds) by extension 'ignore'
[1.282s] Level 1:colcon.colcon_core.package_identification:_identify(src/leo_simulator-ros2/leo_gz_worlds) by extension 'ignore_ament_install'
[1.282s] Level 1:colcon.colcon_core.package_identification:_identify(src/leo_simulator-ros2/leo_gz_worlds) by extensions ['colcon_pkg']
[1.282s] Level 1:colcon.colcon_core.package_identification:_identify(src/leo_simulator-ros2/leo_gz_worlds) by extension 'colcon_pkg'
[1.282s] Level 1:colcon.colcon_core.package_identification:_identify(src/leo_simulator-ros2/leo_gz_worlds) by extensions ['colcon_meta']
[1.282s] Level 1:colcon.colcon_core.package_identification:_identify(src/leo_simulator-ros2/leo_gz_worlds) by extension 'colcon_meta'
[1.282s] Level 1:colcon.colcon_core.package_identification:_identify(src/leo_simulator-ros2/leo_gz_worlds) by extensions ['ros']
[1.282s] Level 1:colcon.colcon_core.package_identification:_identify(src/leo_simulator-ros2/leo_gz_worlds) by extension 'ros'
[1.283s] DEBUG:colcon.colcon_core.package_identification:Package 'src/leo_simulator-ros2/leo_gz_worlds' with type 'ros.ament_cmake' and name 'leo_gz_worlds'
[1.283s] Level 1:colcon.colcon_core.package_identification:_identify(src/leo_simulator-ros2/leo_simulator) by extensions ['ignore', 'ignore_ament_install']
[1.283s] Level 1:colcon.colcon_core.package_identification:_identify(src/leo_simulator-ros2/leo_simulator) by extension 'ignore'
[1.283s] Level 1:colcon.colcon_core.package_identification:_identify(src/leo_simulator-ros2/leo_simulator) by extension 'ignore_ament_install'
[1.283s] Level 1:colcon.colcon_core.package_identification:_identify(src/leo_simulator-ros2/leo_simulator) by extensions ['colcon_pkg']
[1.283s] Level 1:colcon.colcon_core.package_identification:_identify(src/leo_simulator-ros2/leo_simulator) by extension 'colcon_pkg'
[1.283s] Level 1:colcon.colcon_core.package_identification:_identify(src/leo_simulator-ros2/leo_simulator) by extensions ['colcon_meta']
[1.283s] Level 1:colcon.colcon_core.package_identification:_identify(src/leo_simulator-ros2/leo_simulator) by extension 'colcon_meta'
[1.283s] Level 1:colcon.colcon_core.package_identification:_identify(src/leo_simulator-ros2/leo_simulator) by extensions ['ros']
[1.283s] Level 1:colcon.colcon_core.package_identification:_identify(src/leo_simulator-ros2/leo_simulator) by extension 'ros'
[1.283s] DEBUG:colcon.colcon_core.package_identification:Package 'src/leo_simulator-ros2/leo_simulator' with type 'ros.ament_cmake' and name 'leo_simulator'
[1.284s] Level 1:colcon.colcon_core.package_discovery:discover_packages(recursive) using defaults
[1.284s] Level 1:colcon.colcon_core.package_discovery:discover_packages(ignore) discover
[1.284s] Level 1:colcon.colcon_core.package_discovery:discover_packages(ignore) using defaults
[1.284s] Level 1:colcon.colcon_core.package_discovery:discover_packages(path) discover
[1.284s] Level 1:colcon.colcon_core.package_discovery:discover_packages(path) using defaults
[1.403s] Level 1:colcon.colcon_core.package_discovery:discover_packages(prefix_path) check parameters
[1.403s] Level 1:colcon.colcon_core.package_discovery:discover_packages(prefix_path) discover
[1.434s] DEBUG:colcon.colcon_installed_package_information.package_discovery:Found 406 installed packages in /opt/ros/humble
[1.436s] Level 1:colcon.colcon_core.package_discovery:discover_packages(prefix_path) using defaults
[1.530s] Level 5:colcon.colcon_core.verb:set package 'leo_description' build argument 'cmake_args' from command line to 'None'
[1.530s] Level 5:colcon.colcon_core.verb:set package 'leo_description' build argument 'cmake_target' from command line to 'None'
[1.530s] Level 5:colcon.colcon_core.verb:set package 'leo_description' build argument 'cmake_target_skip_unavailable' from command line to 'False'
[1.530s] Level 5:colcon.colcon_core.verb:set package 'leo_description' build argument 'cmake_clean_cache' from command line to 'False'
[1.530s] Level 5:colcon.colcon_core.verb:set package 'leo_description' build argument 'cmake_clean_first' from command line to 'False'
[1.530s] Level 5:colcon.colcon_core.verb:set package 'leo_description' build argument 'cmake_force_configure' from command line to 'False'
[1.530s] Level 5:colcon.colcon_core.verb:set package 'leo_description' build argument 'ament_cmake_args' from command line to 'None'
[1.530s] Level 5:colcon.colcon_core.verb:set package 'leo_description' build argument 'catkin_cmake_args' from command line to 'None'
[1.530s] Level 5:colcon.colcon_core.verb:set package 'leo_description' build argument 'catkin_skip_building_tests' from command line to 'False'
[1.530s] DEBUG:colcon.colcon_core.verb:Building package 'leo_description' with the following arguments: {'ament_cmake_args': None, 'build_base': '/home/asm/leo_ws/build/leo_description', 'catkin_cmake_args': None, 'catkin_skip_building_tests': False, 'cmake_args': None, 'cmake_clean_cache': False, 'cmake_clean_first': False, 'cmake_force_configure': False, 'cmake_target': None, 'cmake_target_skip_unavailable': False, 'install_base': '/home/asm/leo_ws/install/leo_description', 'merge_install': False, 'path': '/home/asm/leo_ws/src/leo_common-ros2/leo_description', 'symlink_install': True, 'test_result_base': None}
[1.545s] Level 5:colcon.colcon_core.verb:set package 'leo_gz_plugins' build argument 'cmake_args' from command line to 'None'
[1.545s] Level 5:colcon.colcon_core.verb:set package 'leo_gz_plugins' build argument 'cmake_target' from command line to 'None'
[1.545s] Level 5:colcon.colcon_core.verb:set package 'leo_gz_plugins' build argument 'cmake_target_skip_unavailable' from command line to 'False'
[1.545s] Level 5:colcon.colcon_core.verb:set package 'leo_gz_plugins' build argument 'cmake_clean_cache' from command line to 'False'
[1.545s] Level 5:colcon.colcon_core.verb:set package 'leo_gz_plugins' build argument 'cmake_clean_first' from command line to 'False'
[1.545s] Level 5:colcon.colcon_core.verb:set package 'leo_gz_plugins' build argument 'cmake_force_configure' from command line to 'False'
[1.545s] Level 5:colcon.colcon_core.verb:set package 'leo_gz_plugins' build argument 'ament_cmake_args' from command line to 'None'
[1.545s] Level 5:colcon.colcon_core.verb:set package 'leo_gz_plugins' build argument 'catkin_cmake_args' from command line to 'None'
[1.545s] Level 5:colcon.colcon_core.verb:set package 'leo_gz_plugins' build argument 'catkin_skip_building_tests' from command line to 'False'
[1.545s] DEBUG:colcon.colcon_core.verb:Building package 'leo_gz_plugins' with the following arguments: {'ament_cmake_args': None, 'build_base': '/home/asm/leo_ws/build/leo_gz_plugins', 'catkin_cmake_args': None, 'catkin_skip_building_tests': False, 'cmake_args': None, 'cmake_clean_cache': False, 'cmake_clean_first': False, 'cmake_force_configure': False, 'cmake_target': None, 'cmake_target_skip_unavailable': False, 'install_base': '/home/asm/leo_ws/install/leo_gz_plugins', 'merge_install': False, 'path': '/home/asm/leo_ws/src/leo_simulator-ros2/leo_gz_plugins', 'symlink_install': True, 'test_result_base': None}
[1.560s] Level 5:colcon.colcon_core.verb:set package 'leo_gz_worlds' build argument 'cmake_args' from command line to 'None'
[1.560s] Level 5:colcon.colcon_core.verb:set package 'leo_gz_worlds' build argument 'cmake_target' from command line to 'None'
[1.560s] Level 5:colcon.colcon_core.verb:set package 'leo_gz_worlds' build argument 'cmake_target_skip_unavailable' from command line to 'False'
[1.560s] Level 5:colcon.colcon_core.verb:set package 'leo_gz_worlds' build argument 'cmake_clean_cache' from command line to 'False'
[1.560s] Level 5:colcon.colcon_core.verb:set package 'leo_gz_worlds' build argument 'cmake_clean_first' from command line to 'False'
[1.560s] Level 5:colcon.colcon_core.verb:set package 'leo_gz_worlds' build argument 'cmake_force_configure' from command line to 'False'
[1.560s] Level 5:colcon.colcon_core.verb:set package 'leo_gz_worlds' build argument 'ament_cmake_args' from command line to 'None'
[1.560s] Level 5:colcon.colcon_core.verb:set package 'leo_gz_worlds' build argument 'catkin_cmake_args' from command line to 'None'
[1.560s] Level 5:colcon.colcon_core.verb:set package 'leo_gz_worlds' build argument 'catkin_skip_building_tests' from command line to 'False'
[1.560s] DEBUG:colcon.colcon_core.verb:Building package 'leo_gz_worlds' with the following arguments: {'ament_cmake_args': None, 'build_base': '/home/asm/leo_ws/build/leo_gz_worlds', 'catkin_cmake_args': None, 'catkin_skip_building_tests': False, 'cmake_args': None, 'cmake_clean_cache': False, 'cmake_clean_first': False, 'cmake_force_configure': False, 'cmake_target': None, 'cmake_target_skip_unavailable': False, 'install_base': '/home/asm/leo_ws/install/leo_gz_worlds', 'merge_install': False, 'path': '/home/asm/leo_ws/src/leo_simulator-ros2/leo_gz_worlds', 'symlink_install': True, 'test_result_base': None}
[1.574s] Level 5:colcon.colcon_core.verb:set package 'leo_msgs' build argument 'cmake_args' from command line to 'None'
[1.574s] Level 5:colcon.colcon_core.verb:set package 'leo_msgs' build argument 'cmake_target' from command line to 'None'
[1.574s] Level 5:colcon.colcon_core.verb:set package 'leo_msgs' build argument 'cmake_target_skip_unavailable' from command line to 'False'
[1.574s] Level 5:colcon.colcon_core.verb:set package 'leo_msgs' build argument 'cmake_clean_cache' from command line to 'False'
[1.575s] Level 5:colcon.colcon_core.verb:set package 'leo_msgs' build argument 'cmake_clean_first' from command line to 'False'
[1.575s] Level 5:colcon.colcon_core.verb:set package 'leo_msgs' build argument 'cmake_force_configure' from command line to 'False'
[1.575s] Level 5:colcon.colcon_core.verb:set package 'leo_msgs' build argument 'ament_cmake_args' from command line to 'None'
[1.575s] Level 5:colcon.colcon_core.verb:set package 'leo_msgs' build argument 'catkin_cmake_args' from command line to 'None'
[1.575s] Level 5:colcon.colcon_core.verb:set package 'leo_msgs' build argument 'catkin_skip_building_tests' from command line to 'False'
[1.575s] DEBUG:colcon.colcon_core.verb:Building package 'leo_msgs' with the following arguments: {'ament_cmake_args': None, 'build_base': '/home/asm/leo_ws/build/leo_msgs', 'catkin_cmake_args': None, 'catkin_skip_building_tests': False, 'cmake_args': None, 'cmake_clean_cache': False, 'cmake_clean_first': False, 'cmake_force_configure': False, 'cmake_target': None, 'cmake_target_skip_unavailable': False, 'install_base': '/home/asm/leo_ws/install/leo_msgs', 'merge_install': False, 'path': '/home/asm/leo_ws/src/leo_common-ros2/leo_msgs', 'symlink_install': True, 'test_result_base': None}
[1.589s] Level 5:colcon.colcon_core.verb:set package 'leo_teleop' build argument 'cmake_args' from command line to 'None'
[1.589s] Level 5:colcon.colcon_core.verb:set package 'leo_teleop' build argument 'cmake_target' from command line to 'None'
[1.589s] Level 5:colcon.colcon_core.verb:set package 'leo_teleop' build argument 'cmake_target_skip_unavailable' from command line to 'False'
[1.589s] Level 5:colcon.colcon_core.verb:set package 'leo_teleop' build argument 'cmake_clean_cache' from command line to 'False'
[1.589s] Level 5:colcon.colcon_core.verb:set package 'leo_teleop' build argument 'cmake_clean_first' from command line to 'False'
[1.589s] Level 5:colcon.colcon_core.verb:set package 'leo_teleop' build argument 'cmake_force_configure' from command line to 'False'
[1.589s] Level 5:colcon.colcon_core.verb:set package 'leo_teleop' build argument 'ament_cmake_args' from command line to 'None'
[1.589s] Level 5:colcon.colcon_core.verb:set package 'leo_teleop' build argument 'catkin_cmake_args' from command line to 'None'
[1.589s] Level 5:colcon.colcon_core.verb:set package 'leo_teleop' build argument 'catkin_skip_building_tests' from command line to 'False'
[1.589s] DEBUG:colcon.colcon_core.verb:Building package 'leo_teleop' with the following arguments: {'ament_cmake_args': None, 'build_base': '/home/asm/leo_ws/build/leo_teleop', 'catkin_cmake_args': None, 'catkin_skip_building_tests': False, 'cmake_args': None, 'cmake_clean_cache': False, 'cmake_clean_first': False, 'cmake_force_configure': False, 'cmake_target': None, 'cmake_target_skip_unavailable': False, 'install_base': '/home/asm/leo_ws/install/leo_teleop', 'merge_install': False, 'path': '/home/asm/leo_ws/src/leo_common-ros2/leo_teleop', 'symlink_install': True, 'test_result_base': None}
[1.604s] Level 5:colcon.colcon_core.verb:set package 'leo' build argument 'cmake_args' from command line to 'None'
[1.604s] Level 5:colcon.colcon_core.verb:set package 'leo' build argument 'cmake_target' from command line to 'None'
[1.604s] Level 5:colcon.colcon_core.verb:set package 'leo' build argument 'cmake_target_skip_unavailable' from command line to 'False'
[1.604s] Level 5:colcon.colcon_core.verb:set package 'leo' build argument 'cmake_clean_cache' from command line to 'False'
[1.604s] Level 5:colcon.colcon_core.verb:set package 'leo' build argument 'cmake_clean_first' from command line to 'False'
[1.604s] Level 5:colcon.colcon_core.verb:set package 'leo' build argument 'cmake_force_configure' from command line to 'False'
[1.604s] Level 5:colcon.colcon_core.verb:set package 'leo' build argument 'ament_cmake_args' from command line to 'None'
[1.604s] Level 5:colcon.colcon_core.verb:set package 'leo' build argument 'catkin_cmake_args' from command line to 'None'
[1.604s] Level 5:colcon.colcon_core.verb:set package 'leo' build argument 'catkin_skip_building_tests' from command line to 'False'
[1.604s] DEBUG:colcon.colcon_core.verb:Building package 'leo' with the following arguments: {'ament_cmake_args': None, 'build_base': '/home/asm/leo_ws/build/leo', 'catkin_cmake_args': None, 'catkin_skip_building_tests': False, 'cmake_args': None, 'cmake_clean_cache': False, 'cmake_clean_first': False, 'cmake_force_configure': False, 'cmake_target': None, 'cmake_target_skip_unavailable': False, 'install_base': '/home/asm/leo_ws/install/leo', 'merge_install': False, 'path': '/home/asm/leo_ws/src/leo_common-ros2/leo', 'symlink_install': True, 'test_result_base': None}
[1.619s] Level 5:colcon.colcon_core.verb:set package 'leo_gz_bringup' build argument 'cmake_args' from command line to 'None'
[1.619s] Level 5:colcon.colcon_core.verb:set package 'leo_gz_bringup' build argument 'cmake_target' from command line to 'None'
[1.619s] Level 5:colcon.colcon_core.verb:set package 'leo_gz_bringup' build argument 'cmake_target_skip_unavailable' from command line to 'False'
[1.619s] Level 5:colcon.colcon_core.verb:set package 'leo_gz_bringup' build argument 'cmake_clean_cache' from command line to 'False'
[1.619s] Level 5:colcon.colcon_core.verb:set package 'leo_gz_bringup' build argument 'cmake_clean_first' from command line to 'False'
[1.619s] Level 5:colcon.colcon_core.verb:set package 'leo_gz_bringup' build argument 'cmake_force_configure' from command line to 'False'
[1.619s] Level 5:colcon.colcon_core.verb:set package 'leo_gz_bringup' build argument 'ament_cmake_args' from command line to 'None'
[1.619s] Level 5:colcon.colcon_core.verb:set package 'leo_gz_bringup' build argument 'catkin_cmake_args' from command line to 'None'
[1.619s] Level 5:colcon.colcon_core.verb:set package 'leo_gz_bringup' build argument 'catkin_skip_building_tests' from command line to 'False'
[1.619s] DEBUG:colcon.colcon_core.verb:Building package 'leo_gz_bringup' with the following arguments: {'ament_cmake_args': None, 'build_base': '/home/asm/leo_ws/build/leo_gz_bringup', 'catkin_cmake_args': None, 'catkin_skip_building_tests': False, 'cmake_args': None, 'cmake_clean_cache': False, 'cmake_clean_first': False, 'cmake_force_configure': False, 'cmake_target': None, 'cmake_target_skip_unavailable': False, 'install_base': '/home/asm/leo_ws/install/leo_gz_bringup', 'merge_install': False, 'path': '/home/asm/leo_ws/src/leo_simulator-ros2/leo_gz_bringup', 'symlink_install': True, 'test_result_base': None}
[1.633s] Level 5:colcon.colcon_core.verb:set package 'leo_simulator' build argument 'cmake_args' from command line to 'None'
[1.633s] Level 5:colcon.colcon_core.verb:set package 'leo_simulator' build argument 'cmake_target' from command line to 'None'
[1.633s] Level 5:colcon.colcon_core.verb:set package 'leo_simulator' build argument 'cmake_target_skip_unavailable' from command line to 'False'
[1.633s] Level 5:colcon.colcon_core.verb:set package 'leo_simulator' build argument 'cmake_clean_cache' from command line to 'False'
[1.634s] Level 5:colcon.colcon_core.verb:set package 'leo_simulator' build argument 'cmake_clean_first' from command line to 'False'
[1.634s] Level 5:colcon.colcon_core.verb:set package 'leo_simulator' build argument 'cmake_force_configure' from command line to 'False'
[1.634s] Level 5:colcon.colcon_core.verb:set package 'leo_simulator' build argument 'ament_cmake_args' from command line to 'None'
[1.634s] Level 5:colcon.colcon_core.verb:set package 'leo_simulator' build argument 'catkin_cmake_args' from command line to 'None'
[1.634s] Level 5:colcon.colcon_core.verb:set package 'leo_simulator' build argument 'catkin_skip_building_tests' from command line to 'False'
[1.634s] DEBUG:colcon.colcon_core.verb:Building package 'leo_simulator' with the following arguments: {'ament_cmake_args': None, 'build_base': '/home/asm/leo_ws/build/leo_simulator', 'catkin_cmake_args': None, 'catkin_skip_building_tests': False, 'cmake_args': None, 'cmake_clean_cache': False, 'cmake_clean_first': False, 'cmake_force_configure': False, 'cmake_target': None, 'cmake_target_skip_unavailable': False, 'install_base': '/home/asm/leo_ws/install/leo_simulator', 'merge_install': False, 'path': '/home/asm/leo_ws/src/leo_simulator-ros2/leo_simulator', 'symlink_install': True, 'test_result_base': None}
[1.648s] INFO:colcon.colcon_core.executor:Executing jobs using 'parallel' executor
[1.663s] DEBUG:colcon.colcon_parallel_executor.executor.parallel:run_until_complete
[1.664s] INFO:colcon.colcon_ros.task.ament_cmake.build:Building ROS package in '/home/asm/leo_ws/src/leo_simulator-ros2/leo_gz_plugins' with build type 'ament_cmake'
[1.664s] INFO:colcon.colcon_cmake.task.cmake.build:Building CMake package in '/home/asm/leo_ws/src/leo_simulator-ros2/leo_gz_plugins'
[1.687s] INFO:colcon.colcon_core.plugin_system:Skipping extension 'colcon_core.shell.bat': Not used on non-Windows systems
[1.687s] INFO:colcon.colcon_core.shell:Skip shell extension 'powershell' for command environment: Not usable outside of PowerShell
[1.687s] DEBUG:colcon.colcon_core.shell:Skip shell extension 'dsv' for command environment
[1.724s] INFO:colcon.colcon_ros.task.ament_cmake.build:Building ROS package in '/home/asm/leo_ws/src/leo_simulator-ros2/leo_gz_worlds' with build type 'ament_cmake'
[1.724s] INFO:colcon.colcon_cmake.task.cmake.build:Building CMake package in '/home/asm/leo_ws/src/leo_simulator-ros2/leo_gz_worlds'
[1.745s] INFO:colcon.colcon_core.shell:Skip shell extension 'powershell' for command environment: Not usable outside of PowerShell
[1.745s] DEBUG:colcon.colcon_core.shell:Skip shell extension 'dsv' for command environment
[1.781s] INFO:colcon.colcon_ros.task.ament_cmake.build:Building ROS package in '/home/asm/leo_ws/src/leo_common-ros2/leo_description' with build type 'ament_cmake'
[1.782s] INFO:colcon.colcon_cmake.task.cmake.build:Building CMake package in '/home/asm/leo_ws/src/leo_common-ros2/leo_description'
[1.803s] INFO:colcon.colcon_core.shell:Skip shell extension 'powershell' for command environment: Not usable outside of PowerShell
[1.803s] DEBUG:colcon.colcon_core.shell:Skip shell extension 'dsv' for command environment
[1.838s] INFO:colcon.colcon_ros.task.ament_cmake.build:Building ROS package in '/home/asm/leo_ws/src/leo_common-ros2/leo_msgs' with build type 'ament_cmake'
[1.838s] INFO:colcon.colcon_cmake.task.cmake.build:Building CMake package in '/home/asm/leo_ws/src/leo_common-ros2/leo_msgs'
[1.858s] INFO:colcon.colcon_core.shell:Skip shell extension 'powershell' for command environment: Not usable outside of PowerShell
[1.858s] DEBUG:colcon.colcon_core.shell:Skip shell extension 'dsv' for command environment
[1.898s] INFO:colcon.colcon_ros.task.ament_cmake.build:Building ROS package in '/home/asm/leo_ws/src/leo_common-ros2/leo_teleop' with build type 'ament_cmake'
[1.898s] INFO:colcon.colcon_cmake.task.cmake.build:Building CMake package in '/home/asm/leo_ws/src/leo_common-ros2/leo_teleop'
[1.916s] INFO:colcon.colcon_core.shell:Skip shell extension 'powershell' for command environment: Not usable outside of PowerShell
[1.916s] DEBUG:colcon.colcon_core.shell:Skip shell extension 'dsv' for command environment
[1.957s] DEBUG:colcon.colcon_core.event_handler.log_command:Invoking command in '/home/asm/leo_ws/build/leo_gz_plugins': CMAKE_PREFIX_PATH=/opt/ros/humble /usr/bin/cmake /home/asm/leo_ws/src/leo_simulator-ros2/leo_gz_plugins -DAMENT_CMAKE_SYMLINK_INSTALL=1 -DCMAKE_INSTALL_PREFIX=/home/asm/leo_ws/install/leo_gz_plugins
[1.959s] DEBUG:colcon.colcon_core.event_handler.log_command:Invoking command in '/home/asm/leo_ws/build/leo_gz_worlds': CMAKE_PREFIX_PATH=/opt/ros/humble /usr/bin/cmake /home/asm/leo_ws/src/leo_simulator-ros2/leo_gz_worlds -DAMENT_CMAKE_SYMLINK_INSTALL=1 -DCMAKE_INSTALL_PREFIX=/home/asm/leo_ws/install/leo_gz_worlds
[1.963s] DEBUG:colcon.colcon_core.event_handler.log_command:Invoking command in '/home/asm/leo_ws/build/leo_description': CMAKE_PREFIX_PATH=/opt/ros/humble /usr/bin/cmake /home/asm/leo_ws/src/leo_common-ros2/leo_description -DAMENT_CMAKE_SYMLINK_INSTALL=1 -DCMAKE_INSTALL_PREFIX=/home/asm/leo_ws/install/leo_description
[1.967s] DEBUG:colcon.colcon_core.event_handler.log_command:Invoking command in '/home/asm/leo_ws/build/leo_msgs': CMAKE_PREFIX_PATH=/opt/ros/humble /usr/bin/cmake /home/asm/leo_ws/src/leo_common-ros2/leo_msgs -DAMENT_CMAKE_SYMLINK_INSTALL=1 -DCMAKE_INSTALL_PREFIX=/home/asm/leo_ws/install/leo_msgs
[1.968s] DEBUG:colcon.colcon_core.event_handler.log_command:Invoking command in '/home/asm/leo_ws/build/leo_teleop': CMAKE_PREFIX_PATH=/opt/ros/humble /usr/bin/cmake /home/asm/leo_ws/src/leo_common-ros2/leo_teleop -DAMENT_CMAKE_SYMLINK_INSTALL=1 -DCMAKE_INSTALL_PREFIX=/home/asm/leo_ws/install/leo_teleop
[2.867s] DEBUG:colcon.colcon_core.event_handler.log_command:Invoked command in '/home/asm/leo_ws/build/leo_description' returned '0': CMAKE_PREFIX_PATH=/opt/ros/humble /usr/bin/cmake /home/asm/leo_ws/src/leo_common-ros2/leo_description -DAMENT_CMAKE_SYMLINK_INSTALL=1 -DCMAKE_INSTALL_PREFIX=/home/asm/leo_ws/install/leo_description
[2.869s] DEBUG:colcon.colcon_core.event_handler.log_command:Invoking command in '/home/asm/leo_ws/build/leo_description': CMAKE_PREFIX_PATH=/opt/ros/humble /usr/bin/cmake --build /home/asm/leo_ws/build/leo_description -- -j12 -l12
[2.870s] DEBUG:colcon.colcon_core.event_handler.log_command:Invoked command in '/home/asm/leo_ws/build/leo_gz_worlds' returned '0': CMAKE_PREFIX_PATH=/opt/ros/humble /usr/bin/cmake /home/asm/leo_ws/src/leo_simulator-ros2/leo_gz_worlds -DAMENT_CMAKE_SYMLINK_INSTALL=1 -DCMAKE_INSTALL_PREFIX=/home/asm/leo_ws/install/leo_gz_worlds
[2.872s] DEBUG:colcon.colcon_core.event_handler.log_command:Invoking command in '/home/asm/leo_ws/build/leo_gz_worlds': CMAKE_PREFIX_PATH=/opt/ros/humble /usr/bin/cmake --build /home/asm/leo_ws/build/leo_gz_worlds -- -j12 -l12
[2.887s] DEBUG:colcon.colcon_core.event_handler.log_command:Invoked command in '/home/asm/leo_ws/build/leo_teleop' returned '0': CMAKE_PREFIX_PATH=/opt/ros/humble /usr/bin/cmake /home/asm/leo_ws/src/leo_common-ros2/leo_teleop -DAMENT_CMAKE_SYMLINK_INSTALL=1 -DCMAKE_INSTALL_PREFIX=/home/asm/leo_ws/install/leo_teleop
[2.889s] DEBUG:colcon.colcon_core.event_handler.log_command:Invoking command in '/home/asm/leo_ws/build/leo_teleop': CMAKE_PREFIX_PATH=/opt/ros/humble /usr/bin/cmake --build /home/asm/leo_ws/build/leo_teleop -- -j12 -l12
[2.909s] DEBUG:colcon.colcon_core.event_handler.log_command:Invoked command in '/home/asm/leo_ws/build/leo_description' returned '0': CMAKE_PREFIX_PATH=/opt/ros/humble /usr/bin/cmake --build /home/asm/leo_ws/build/leo_description -- -j12 -l12
[2.911s] DEBUG:colcon.colcon_core.event_handler.log_command:Invoked command in '/home/asm/leo_ws/build/leo_gz_worlds' returned '0': CMAKE_PREFIX_PATH=/opt/ros/humble /usr/bin/cmake --build /home/asm/leo_ws/build/leo_gz_worlds -- -j12 -l12
[2.928s] DEBUG:colcon.colcon_core.event_handler.log_command:Invoked command in '/home/asm/leo_ws/build/leo_teleop' returned '0': CMAKE_PREFIX_PATH=/opt/ros/humble /usr/bin/cmake --build /home/asm/leo_ws/build/leo_teleop -- -j12 -l12
[2.939s] DEBUG:colcon.colcon_core.event_handler.log_command:Invoking command in '/home/asm/leo_ws/build/leo_description': CMAKE_PREFIX_PATH=/opt/ros/humble /usr/bin/cmake --install /home/asm/leo_ws/build/leo_description
[2.942s] DEBUG:colcon.colcon_core.event_handler.log_command:Invoking command in '/home/asm/leo_ws/build/leo_gz_worlds': CMAKE_PREFIX_PATH=/opt/ros/humble /usr/bin/cmake --install /home/asm/leo_ws/build/leo_gz_worlds
[2.949s] DEBUG:colcon.colcon_core.event_handler.log_command:Invoking command in '/home/asm/leo_ws/build/leo_teleop': CMAKE_PREFIX_PATH=/opt/ros/humble /usr/bin/cmake --install /home/asm/leo_ws/build/leo_teleop
[3.124s] Level 1:colcon.colcon_core.environment:create_environment_scripts_only(leo_teleop)
[3.125s] DEBUG:colcon.colcon_core.event_handler.log_command:Invoked command in '/home/asm/leo_ws/build/leo_teleop' returned '0': CMAKE_PREFIX_PATH=/opt/ros/humble /usr/bin/cmake --install /home/asm/leo_ws/build/leo_teleop
[3.157s] Level 1:colcon.colcon_core.environment:checking '/home/asm/leo_ws/install/leo_teleop' for CMake module files
[3.158s] Level 1:colcon.colcon_core.environment:checking '/home/asm/leo_ws/install/leo_teleop' for CMake config files
[3.158s] Level 1:colcon.colcon_core.shell:create_environment_hook('leo_teleop', 'cmake_prefix_path')
[3.186s] INFO:colcon.colcon_core.shell:Creating environment hook '/home/asm/leo_ws/install/leo_teleop/share/leo_teleop/hook/cmake_prefix_path.ps1'
[3.188s] INFO:colcon.colcon_core.shell:Creating environment descriptor '/home/asm/leo_ws/install/leo_teleop/share/leo_teleop/hook/cmake_prefix_path.dsv'
[3.189s] INFO:colcon.colcon_core.shell:Creating environment hook '/home/asm/leo_ws/install/leo_teleop/share/leo_teleop/hook/cmake_prefix_path.sh'
[3.190s] Level 1:colcon.colcon_core.environment:checking '/home/asm/leo_ws/install/leo_teleop/bin'
[3.190s] Level 1:colcon.colcon_core.environment:checking '/home/asm/leo_ws/install/leo_teleop/lib/pkgconfig/leo_teleop.pc'
[3.190s] Level 1:colcon.colcon_core.environment:checking '/home/asm/leo_ws/install/leo_teleop/lib/python3.10/site-packages'
[3.190s] Level 1:colcon.colcon_core.environment:checking '/home/asm/leo_ws/install/leo_teleop/bin'
[3.217s] INFO:colcon.colcon_core.shell:Creating package script '/home/asm/leo_ws/install/leo_teleop/share/leo_teleop/package.ps1'
[3.218s] INFO:colcon.colcon_core.shell:Creating package descriptor '/home/asm/leo_ws/install/leo_teleop/share/leo_teleop/package.dsv'
[3.219s] INFO:colcon.colcon_core.shell:Creating package script '/home/asm/leo_ws/install/leo_teleop/share/leo_teleop/package.sh'
[3.219s] INFO:colcon.colcon_core.shell:Creating package script '/home/asm/leo_ws/install/leo_teleop/share/leo_teleop/package.bash'
[3.220s] INFO:colcon.colcon_core.shell:Creating package script '/home/asm/leo_ws/install/leo_teleop/share/leo_teleop/package.zsh'
[3.221s] Level 1:colcon.colcon_core.environment:create_file_with_runtime_dependencies(/home/asm/leo_ws/install/leo_teleop/share/colcon-core/packages/leo_teleop)
[3.268s] Level 1:colcon.colcon_core.environment:create_environment_scripts_only(leo_teleop)
[3.297s] Level 1:colcon.colcon_core.environment:checking '/home/asm/leo_ws/install/leo_teleop' for CMake module files
[3.297s] Level 1:colcon.colcon_core.environment:checking '/home/asm/leo_ws/install/leo_teleop' for CMake config files
[3.297s] Level 1:colcon.colcon_core.shell:create_environment_hook('leo_teleop', 'cmake_prefix_path')
[3.325s] INFO:colcon.colcon_core.shell:Creating environment hook '/home/asm/leo_ws/install/leo_teleop/share/leo_teleop/hook/cmake_prefix_path.ps1'
[3.326s] INFO:colcon.colcon_core.shell:Creating environment descriptor '/home/asm/leo_ws/install/leo_teleop/share/leo_teleop/hook/cmake_prefix_path.dsv'
[3.326s] INFO:colcon.colcon_core.shell:Creating environment hook '/home/asm/leo_ws/install/leo_teleop/share/leo_teleop/hook/cmake_prefix_path.sh'
[3.326s] Level 1:colcon.colcon_core.environment:checking '/home/asm/leo_ws/install/leo_teleop/bin'
[3.327s] Level 1:colcon.colcon_core.environment:checking '/home/asm/leo_ws/install/leo_teleop/lib/pkgconfig/leo_teleop.pc'
[3.327s] Level 1:colcon.colcon_core.environment:checking '/home/asm/leo_ws/install/leo_teleop/lib/python3.10/site-packages'
[3.327s] Level 1:colcon.colcon_core.environment:checking '/home/asm/leo_ws/install/leo_teleop/bin'
[3.354s] INFO:colcon.colcon_core.shell:Creating package script '/home/asm/leo_ws/install/leo_teleop/share/leo_teleop/package.ps1'
[3.355s] INFO:colcon.colcon_core.shell:Creating package descriptor '/home/asm/leo_ws/install/leo_teleop/share/leo_teleop/package.dsv'
[3.356s] INFO:colcon.colcon_core.shell:Creating package script '/home/asm/leo_ws/install/leo_teleop/share/leo_teleop/package.sh'
[3.356s] INFO:colcon.colcon_core.shell:Creating package script '/home/asm/leo_ws/install/leo_teleop/share/leo_teleop/package.bash'
[3.357s] INFO:colcon.colcon_core.shell:Creating package script '/home/asm/leo_ws/install/leo_teleop/share/leo_teleop/package.zsh'
[3.358s] Level 1:colcon.colcon_core.environment:create_file_with_runtime_dependencies(/home/asm/leo_ws/install/leo_teleop/share/colcon-core/packages/leo_teleop)
[3.359s] Level 1:colcon.colcon_core.environment:create_environment_scripts_only(leo_description)
[3.360s] DEBUG:colcon.colcon_core.event_handler.log_command:Invoked command in '/home/asm/leo_ws/build/leo_description' returned '0': CMAKE_PREFIX_PATH=/opt/ros/humble /usr/bin/cmake --install /home/asm/leo_ws/build/leo_description
[3.388s] Level 1:colcon.colcon_core.environment:checking '/home/asm/leo_ws/install/leo_description' for CMake module files
[3.389s] Level 1:colcon.colcon_core.environment:checking '/home/asm/leo_ws/install/leo_description' for CMake config files
[3.389s] Level 1:colcon.colcon_core.shell:create_environment_hook('leo_description', 'cmake_prefix_path')
[3.415s] INFO:colcon.colcon_core.shell:Creating environment hook '/home/asm/leo_ws/install/leo_description/share/leo_description/hook/cmake_prefix_path.ps1'
[3.416s] INFO:colcon.colcon_core.shell:Creating environment descriptor '/home/asm/leo_ws/install/leo_description/share/leo_description/hook/cmake_prefix_path.dsv'
[3.416s] INFO:colcon.colcon_core.shell:Creating environment hook '/home/asm/leo_ws/install/leo_description/share/leo_description/hook/cmake_prefix_path.sh'
[3.416s] Level 1:colcon.colcon_core.environment:checking '/home/asm/leo_ws/install/leo_description/bin'
[3.416s] Level 1:colcon.colcon_core.environment:checking '/home/asm/leo_ws/install/leo_description/lib/pkgconfig/leo_description.pc'
[3.417s] Level 1:colcon.colcon_core.environment:checking '/home/asm/leo_ws/install/leo_description/lib/python3.10/site-packages'
[3.417s] Level 1:colcon.colcon_core.environment:checking '/home/asm/leo_ws/install/leo_description/bin'
[3.444s] INFO:colcon.colcon_core.shell:Creating package script '/home/asm/leo_ws/install/leo_description/share/leo_description/package.ps1'
[3.444s] INFO:colcon.colcon_core.shell:Creating package descriptor '/home/asm/leo_ws/install/leo_description/share/leo_description/package.dsv'
[3.444s] INFO:colcon.colcon_core.shell:Creating package script '/home/asm/leo_ws/install/leo_description/share/leo_description/package.sh'
[3.445s] INFO:colcon.colcon_core.shell:Creating package script '/home/asm/leo_ws/install/leo_description/share/leo_description/package.bash'
[3.445s] INFO:colcon.colcon_core.shell:Creating package script '/home/asm/leo_ws/install/leo_description/share/leo_description/package.zsh'
[3.445s] Level 1:colcon.colcon_core.environment:create_file_with_runtime_dependencies(/home/asm/leo_ws/install/leo_description/share/colcon-core/packages/leo_description)
[3.447s] Level 1:colcon.colcon_core.environment:create_environment_scripts_only(leo_gz_worlds)
[3.448s] DEBUG:colcon.colcon_core.event_handler.log_command:Invoked command in '/home/asm/leo_ws/build/leo_gz_worlds' returned '0': CMAKE_PREFIX_PATH=/opt/ros/humble /usr/bin/cmake --install /home/asm/leo_ws/build/leo_gz_worlds
[3.471s] Level 1:colcon.colcon_core.environment:checking '/home/asm/leo_ws/install/leo_gz_worlds' for CMake module files
[3.472s] Level 1:colcon.colcon_core.environment:checking '/home/asm/leo_ws/install/leo_gz_worlds' for CMake config files
[3.472s] Level 1:colcon.colcon_core.shell:create_environment_hook('leo_gz_worlds', 'cmake_prefix_path')
[3.496s] INFO:colcon.colcon_core.shell:Creating environment hook '/home/asm/leo_ws/install/leo_gz_worlds/share/leo_gz_worlds/hook/cmake_prefix_path.ps1'
[3.497s] INFO:colcon.colcon_core.shell:Creating environment descriptor '/home/asm/leo_ws/install/leo_gz_worlds/share/leo_gz_worlds/hook/cmake_prefix_path.dsv'
[3.497s] INFO:colcon.colcon_core.shell:Creating environment hook '/home/asm/leo_ws/install/leo_gz_worlds/share/leo_gz_worlds/hook/cmake_prefix_path.sh'
[3.498s] Level 1:colcon.colcon_core.environment:checking '/home/asm/leo_ws/install/leo_gz_worlds/bin'
[3.498s] Level 1:colcon.colcon_core.environment:checking '/home/asm/leo_ws/install/leo_gz_worlds/lib/pkgconfig/leo_gz_worlds.pc'
[3.498s] Level 1:colcon.colcon_core.environment:checking '/home/asm/leo_ws/install/leo_gz_worlds/lib/python3.10/site-packages'
[3.498s] Level 1:colcon.colcon_core.environment:checking '/home/asm/leo_ws/install/leo_gz_worlds/bin'
[3.525s] INFO:colcon.colcon_core.shell:Creating package script '/home/asm/leo_ws/install/leo_gz_worlds/share/leo_gz_worlds/package.ps1'
[3.525s] INFO:colcon.colcon_core.shell:Creating package descriptor '/home/asm/leo_ws/install/leo_gz_worlds/share/leo_gz_worlds/package.dsv'
[3.525s] INFO:colcon.colcon_core.shell:Creating package script '/home/asm/leo_ws/install/leo_gz_worlds/share/leo_gz_worlds/package.sh'
[3.526s] INFO:colcon.colcon_core.shell:Creating package script '/home/asm/leo_ws/install/leo_gz_worlds/share/leo_gz_worlds/package.bash'
[3.526s] INFO:colcon.colcon_core.shell:Creating package script '/home/asm/leo_ws/install/leo_gz_worlds/share/leo_gz_worlds/package.zsh'
[3.526s] Level 1:colcon.colcon_core.environment:create_file_with_runtime_dependencies(/home/asm/leo_ws/install/leo_gz_worlds/share/colcon-core/packages/leo_gz_worlds)
[3.553s] Level 1:colcon.colcon_core.environment:create_environment_scripts_only(leo_description)
[3.577s] Level 1:colcon.colcon_core.environment:checking '/home/asm/leo_ws/install/leo_description' for CMake module files
[3.578s] Level 1:colcon.colcon_core.environment:checking '/home/asm/leo_ws/install/leo_description' for CMake config files
[3.579s] Level 1:colcon.colcon_core.shell:create_environment_hook('leo_description', 'cmake_prefix_path')
[3.603s] INFO:colcon.colcon_core.shell:Creating environment hook '/home/asm/leo_ws/install/leo_description/share/leo_description/hook/cmake_prefix_path.ps1'
[3.603s] INFO:colcon.colcon_core.shell:Creating environment descriptor '/home/asm/leo_ws/install/leo_description/share/leo_description/hook/cmake_prefix_path.dsv'
[3.604s] INFO:colcon.colcon_core.shell:Creating environment hook '/home/asm/leo_ws/install/leo_description/share/leo_description/hook/cmake_prefix_path.sh'
[3.604s] Level 1:colcon.colcon_core.environment:checking '/home/asm/leo_ws/install/leo_description/bin'
[3.604s] Level 1:colcon.colcon_core.environment:checking '/home/asm/leo_ws/install/leo_description/lib/pkgconfig/leo_description.pc'
[3.605s] Level 1:colcon.colcon_core.environment:checking '/home/asm/leo_ws/install/leo_description/lib/python3.10/site-packages'
[3.605s] Level 1:colcon.colcon_core.environment:checking '/home/asm/leo_ws/install/leo_description/bin'
[3.628s] INFO:colcon.colcon_core.shell:Creating package script '/home/asm/leo_ws/install/leo_description/share/leo_description/package.ps1'
[3.629s] INFO:colcon.colcon_core.shell:Creating package descriptor '/home/asm/leo_ws/install/leo_description/share/leo_description/package.dsv'
[3.629s] INFO:colcon.colcon_core.shell:Creating package script '/home/asm/leo_ws/install/leo_description/share/leo_description/package.sh'
[3.630s] INFO:colcon.colcon_core.shell:Creating package script '/home/asm/leo_ws/install/leo_description/share/leo_description/package.bash'
[3.630s] INFO:colcon.colcon_core.shell:Creating package script '/home/asm/leo_ws/install/leo_description/share/leo_description/package.zsh'
[3.630s] Level 1:colcon.colcon_core.environment:create_file_with_runtime_dependencies(/home/asm/leo_ws/install/leo_description/share/colcon-core/packages/leo_description)
[3.667s] Level 1:colcon.colcon_core.environment:create_environment_scripts_only(leo_gz_worlds)
[3.691s] Level 1:colcon.colcon_core.environment:checking '/home/asm/leo_ws/install/leo_gz_worlds' for CMake module files
[3.692s] Level 1:colcon.colcon_core.environment:checking '/home/asm/leo_ws/install/leo_gz_worlds' for CMake config files
[3.692s] Level 1:colcon.colcon_core.shell:create_environment_hook('leo_gz_worlds', 'cmake_prefix_path')
[3.715s] INFO:colcon.colcon_core.shell:Creating environment hook '/home/asm/leo_ws/install/leo_gz_worlds/share/leo_gz_worlds/hook/cmake_prefix_path.ps1'
[3.716s] INFO:colcon.colcon_core.shell:Creating environment descriptor '/home/asm/leo_ws/install/leo_gz_worlds/share/leo_gz_worlds/hook/cmake_prefix_path.dsv'
[3.716s] INFO:colcon.colcon_core.shell:Creating environment hook '/home/asm/leo_ws/install/leo_gz_worlds/share/leo_gz_worlds/hook/cmake_prefix_path.sh'
[3.717s] Level 1:colcon.colcon_core.environment:checking '/home/asm/leo_ws/install/leo_gz_worlds/bin'
[3.717s] Level 1:colcon.colcon_core.environment:checking '/home/asm/leo_ws/install/leo_gz_worlds/lib/pkgconfig/leo_gz_worlds.pc'
[3.717s] Level 1:colcon.colcon_core.environment:checking '/home/asm/leo_ws/install/leo_gz_worlds/lib/python3.10/site-packages'
[3.717s] Level 1:colcon.colcon_core.environment:checking '/home/asm/leo_ws/install/leo_gz_worlds/bin'
[3.740s] INFO:colcon.colcon_core.shell:Creating package script '/home/asm/leo_ws/install/leo_gz_worlds/share/leo_gz_worlds/package.ps1'
[3.740s] INFO:colcon.colcon_core.shell:Creating package descriptor '/home/asm/leo_ws/install/leo_gz_worlds/share/leo_gz_worlds/package.dsv'
[3.741s] INFO:colcon.colcon_core.shell:Creating package script '/home/asm/leo_ws/install/leo_gz_worlds/share/leo_gz_worlds/package.sh'
[3.741s] INFO:colcon.colcon_core.shell:Creating package script '/home/asm/leo_ws/install/leo_gz_worlds/share/leo_gz_worlds/package.bash'
[3.742s] INFO:colcon.colcon_core.shell:Creating package script '/home/asm/leo_ws/install/leo_gz_worlds/share/leo_gz_worlds/package.zsh'
[3.742s] Level 1:colcon.colcon_core.environment:create_file_with_runtime_dependencies(/home/asm/leo_ws/install/leo_gz_worlds/share/colcon-core/packages/leo_gz_worlds)
[3.927s] DEBUG:colcon.colcon_core.event_handler.log_command:Invoked command in '/home/asm/leo_ws/build/leo_msgs' returned '0': CMAKE_PREFIX_PATH=/opt/ros/humble /usr/bin/cmake /home/asm/leo_ws/src/leo_common-ros2/leo_msgs -DAMENT_CMAKE_SYMLINK_INSTALL=1 -DCMAKE_INSTALL_PREFIX=/home/asm/leo_ws/install/leo_msgs
[3.928s] DEBUG:colcon.colcon_core.event_handler.log_command:Invoking command in '/home/asm/leo_ws/build/leo_msgs': CMAKE_PREFIX_PATH=/opt/ros/humble /usr/bin/cmake --build /home/asm/leo_ws/build/leo_msgs -- -j12 -l12
[4.091s] DEBUG:colcon.colcon_core.event_handler.log_command:Invoked command in '/home/asm/leo_ws/build/leo_gz_plugins' returned '0': CMAKE_PREFIX_PATH=/opt/ros/humble /usr/bin/cmake /home/asm/leo_ws/src/leo_simulator-ros2/leo_gz_plugins -DAMENT_CMAKE_SYMLINK_INSTALL=1 -DCMAKE_INSTALL_PREFIX=/home/asm/leo_ws/install/leo_gz_plugins
[4.093s] DEBUG:colcon.colcon_core.event_handler.log_command:Invoking command in '/home/asm/leo_ws/build/leo_gz_plugins': CMAKE_PREFIX_PATH=/opt/ros/humble /usr/bin/cmake --build /home/asm/leo_ws/build/leo_gz_plugins -- -j12 -l12
[8.070s] DEBUG:colcon.colcon_core.event_handler.log_command:Invoked command in '/home/asm/leo_ws/build/leo_msgs' returned '0': CMAKE_PREFIX_PATH=/opt/ros/humble /usr/bin/cmake --build /home/asm/leo_ws/build/leo_msgs -- -j12 -l12
[8.170s] DEBUG:colcon.colcon_core.event_handler.log_command:Invoking command in '/home/asm/leo_ws/build/leo_msgs': CMAKE_PREFIX_PATH=/opt/ros/humble /usr/bin/cmake --install /home/asm/leo_ws/build/leo_msgs
[9.201s] Level 1:colcon.colcon_core.environment:create_environment_scripts_only(leo_msgs)
[9.201s] DEBUG:colcon.colcon_core.event_handler.log_command:Invoked command in '/home/asm/leo_ws/build/leo_msgs' returned '0': CMAKE_PREFIX_PATH=/opt/ros/humble /usr/bin/cmake --install /home/asm/leo_ws/build/leo_msgs
[9.221s] Level 1:colcon.colcon_core.environment:checking '/home/asm/leo_ws/install/leo_msgs' for CMake module files
[9.221s] Level 1:colcon.colcon_core.environment:checking '/home/asm/leo_ws/install/leo_msgs' for CMake config files
[9.222s] Level 1:colcon.colcon_core.shell:create_environment_hook('leo_msgs', 'cmake_prefix_path')
[9.241s] INFO:colcon.colcon_core.shell:Creating environment hook '/home/asm/leo_ws/install/leo_msgs/share/leo_msgs/hook/cmake_prefix_path.ps1'
[9.241s] INFO:colcon.colcon_core.shell:Creating environment descriptor '/home/asm/leo_ws/install/leo_msgs/share/leo_msgs/hook/cmake_prefix_path.dsv'
[9.242s] INFO:colcon.colcon_core.shell:Creating environment hook '/home/asm/leo_ws/install/leo_msgs/share/leo_msgs/hook/cmake_prefix_path.sh'
[9.242s] Level 1:colcon.colcon_core.environment:checking '/home/asm/leo_ws/install/leo_msgs/lib'
[9.242s] Level 1:colcon.colcon_core.shell:create_environment_hook('leo_msgs', 'ld_library_path_lib')
[9.261s] INFO:colcon.colcon_core.shell:Creating environment hook '/home/asm/leo_ws/install/leo_msgs/share/leo_msgs/hook/ld_library_path_lib.ps1'
[9.261s] INFO:colcon.colcon_core.shell:Creating environment descriptor '/home/asm/leo_ws/install/leo_msgs/share/leo_msgs/hook/ld_library_path_lib.dsv'
[9.261s] INFO:colcon.colcon_core.shell:Creating environment hook '/home/asm/leo_ws/install/leo_msgs/share/leo_msgs/hook/ld_library_path_lib.sh'
[9.262s] Level 1:colcon.colcon_core.environment:checking '/home/asm/leo_ws/install/leo_msgs/bin'
[9.262s] Level 1:colcon.colcon_core.environment:checking '/home/asm/leo_ws/install/leo_msgs/lib/pkgconfig/leo_msgs.pc'
[9.262s] Level 1:colcon.colcon_core.environment:checking '/home/asm/leo_ws/install/leo_msgs/lib/python3.10/site-packages'
[9.262s] Level 1:colcon.colcon_core.environment:checking '/home/asm/leo_ws/install/leo_msgs/bin'
[9.281s] INFO:colcon.colcon_core.shell:Creating package script '/home/asm/leo_ws/install/leo_msgs/share/leo_msgs/package.ps1'
[9.281s] INFO:colcon.colcon_core.shell:Creating package descriptor '/home/asm/leo_ws/install/leo_msgs/share/leo_msgs/package.dsv'
[9.282s] INFO:colcon.colcon_core.shell:Creating package script '/home/asm/leo_ws/install/leo_msgs/share/leo_msgs/package.sh'
[9.282s] INFO:colcon.colcon_core.shell:Creating package script '/home/asm/leo_ws/install/leo_msgs/share/leo_msgs/package.bash'
[9.282s] INFO:colcon.colcon_core.shell:Creating package script '/home/asm/leo_ws/install/leo_msgs/share/leo_msgs/package.zsh'
[9.282s] Level 1:colcon.colcon_core.environment:create_file_with_runtime_dependencies(/home/asm/leo_ws/install/leo_msgs/share/colcon-core/packages/leo_msgs)
[9.415s] Level 1:colcon.colcon_core.environment:create_environment_scripts_only(leo_msgs)
[9.435s] Level 1:colcon.colcon_core.environment:checking '/home/asm/leo_ws/install/leo_msgs' for CMake module files
[9.436s] Level 1:colcon.colcon_core.environment:checking '/home/asm/leo_ws/install/leo_msgs' for CMake config files
[9.437s] Level 1:colcon.colcon_core.shell:create_environment_hook('leo_msgs', 'cmake_prefix_path')
[9.455s] INFO:colcon.colcon_core.shell:Creating environment hook '/home/asm/leo_ws/install/leo_msgs/share/leo_msgs/hook/cmake_prefix_path.ps1'
[9.456s] INFO:colcon.colcon_core.shell:Creating environment descriptor '/home/asm/leo_ws/install/leo_msgs/share/leo_msgs/hook/cmake_prefix_path.dsv'
[9.456s] INFO:colcon.colcon_core.shell:Creating environment hook '/home/asm/leo_ws/install/leo_msgs/share/leo_msgs/hook/cmake_prefix_path.sh'
[9.456s] Level 1:colcon.colcon_core.environment:checking '/home/asm/leo_ws/install/leo_msgs/lib'
[9.456s] Level 1:colcon.colcon_core.shell:create_environment_hook('leo_msgs', 'ld_library_path_lib')
[9.475s] INFO:colcon.colcon_core.shell:Creating environment hook '/home/asm/leo_ws/install/leo_msgs/share/leo_msgs/hook/ld_library_path_lib.ps1'
[9.475s] INFO:colcon.colcon_core.shell:Creating environment descriptor '/home/asm/leo_ws/install/leo_msgs/share/leo_msgs/hook/ld_library_path_lib.dsv'
[9.476s] INFO:colcon.colcon_core.shell:Creating environment hook '/home/asm/leo_ws/install/leo_msgs/share/leo_msgs/hook/ld_library_path_lib.sh'
[9.476s] Level 1:colcon.colcon_core.environment:checking '/home/asm/leo_ws/install/leo_msgs/bin'
[9.476s] Level 1:colcon.colcon_core.environment:checking '/home/asm/leo_ws/install/leo_msgs/lib/pkgconfig/leo_msgs.pc'
[9.476s] Level 1:colcon.colcon_core.environment:checking '/home/asm/leo_ws/install/leo_msgs/lib/python3.10/site-packages'
[9.476s] Level 1:colcon.colcon_core.environment:checking '/home/asm/leo_ws/install/leo_msgs/bin'
[9.495s] INFO:colcon.colcon_core.shell:Creating package script '/home/asm/leo_ws/install/leo_msgs/share/leo_msgs/package.ps1'
[9.496s] INFO:colcon.colcon_core.shell:Creating package descriptor '/home/asm/leo_ws/install/leo_msgs/share/leo_msgs/package.dsv'
[9.496s] INFO:colcon.colcon_core.shell:Creating package script '/home/asm/leo_ws/install/leo_msgs/share/leo_msgs/package.sh'
[9.496s] INFO:colcon.colcon_core.shell:Creating package script '/home/asm/leo_ws/install/leo_msgs/share/leo_msgs/package.bash'
[9.497s] INFO:colcon.colcon_core.shell:Creating package script '/home/asm/leo_ws/install/leo_msgs/share/leo_msgs/package.zsh'
[9.497s] Level 1:colcon.colcon_core.environment:create_file_with_runtime_dependencies(/home/asm/leo_ws/install/leo_msgs/share/colcon-core/packages/leo_msgs)
[9.497s] INFO:colcon.colcon_ros.task.ament_cmake.build:Building ROS package in '/home/asm/leo_ws/src/leo_common-ros2/leo' with build type 'ament_cmake'
[9.498s] INFO:colcon.colcon_cmake.task.cmake.build:Building CMake package in '/home/asm/leo_ws/src/leo_common-ros2/leo'
[9.518s] INFO:colcon.colcon_core.shell:Skip shell extension 'powershell' for command environment: Not usable outside of PowerShell
[9.518s] DEBUG:colcon.colcon_core.shell:Skip shell extension 'dsv' for command environment
[9.564s] DEBUG:colcon.colcon_core.event_handler.log_command:Invoking command in '/home/asm/leo_ws/build/leo': AMENT_PREFIX_PATH=/home/asm/leo_ws/install/leo_teleop:/home/asm/leo_ws/install/leo_msgs:/home/asm/leo_ws/install/leo_description:${AMENT_PREFIX_PATH} CMAKE_PREFIX_PATH=/home/asm/leo_ws/install/leo_teleop:/home/asm/leo_ws/install/leo_msgs:/home/asm/leo_ws/install/leo_description:/opt/ros/humble LD_LIBRARY_PATH=/home/asm/leo_ws/install/leo_msgs/lib:${LD_LIBRARY_PATH} PYTHONPATH=/home/asm/leo_ws/install/leo_msgs/local/lib/python3.10/dist-packages:${PYTHONPATH} /usr/bin/cmake /home/asm/leo_ws/src/leo_common-ros2/leo -DAMENT_CMAKE_SYMLINK_INSTALL=1 -DCMAKE_INSTALL_PREFIX=/home/asm/leo_ws/install/leo
[9.899s] DEBUG:colcon.colcon_core.event_handler.log_command:Invoked command in '/home/asm/leo_ws/build/leo' returned '0': AMENT_PREFIX_PATH=/home/asm/leo_ws/install/leo_teleop:/home/asm/leo_ws/install/leo_msgs:/home/asm/leo_ws/install/leo_description:${AMENT_PREFIX_PATH} CMAKE_PREFIX_PATH=/home/asm/leo_ws/install/leo_teleop:/home/asm/leo_ws/install/leo_msgs:/home/asm/leo_ws/install/leo_description:/opt/ros/humble LD_LIBRARY_PATH=/home/asm/leo_ws/install/leo_msgs/lib:${LD_LIBRARY_PATH} PYTHONPATH=/home/asm/leo_ws/install/leo_msgs/local/lib/python3.10/dist-packages:${PYTHONPATH} /usr/bin/cmake /home/asm/leo_ws/src/leo_common-ros2/leo -DAMENT_CMAKE_SYMLINK_INSTALL=1 -DCMAKE_INSTALL_PREFIX=/home/asm/leo_ws/install/leo
[9.900s] DEBUG:colcon.colcon_core.event_handler.log_command:Invoking command in '/home/asm/leo_ws/build/leo': AMENT_PREFIX_PATH=/home/asm/leo_ws/install/leo_teleop:/home/asm/leo_ws/install/leo_msgs:/home/asm/leo_ws/install/leo_description:${AMENT_PREFIX_PATH} CMAKE_PREFIX_PATH=/home/asm/leo_ws/install/leo_teleop:/home/asm/leo_ws/install/leo_msgs:/home/asm/leo_ws/install/leo_description:/opt/ros/humble LD_LIBRARY_PATH=/home/asm/leo_ws/install/leo_msgs/lib:${LD_LIBRARY_PATH} PYTHONPATH=/home/asm/leo_ws/install/leo_msgs/local/lib/python3.10/dist-packages:${PYTHONPATH} /usr/bin/cmake --build /home/asm/leo_ws/build/leo -- -j12 -l12
[9.933s] DEBUG:colcon.colcon_core.event_handler.log_command:Invoked command in '/home/asm/leo_ws/build/leo' returned '0': AMENT_PREFIX_PATH=/home/asm/leo_ws/install/leo_teleop:/home/asm/leo_ws/install/leo_msgs:/home/asm/leo_ws/install/leo_description:${AMENT_PREFIX_PATH} CMAKE_PREFIX_PATH=/home/asm/leo_ws/install/leo_teleop:/home/asm/leo_ws/install/leo_msgs:/home/asm/leo_ws/install/leo_description:/opt/ros/humble LD_LIBRARY_PATH=/home/asm/leo_ws/install/leo_msgs/lib:${LD_LIBRARY_PATH} PYTHONPATH=/home/asm/leo_ws/install/leo_msgs/local/lib/python3.10/dist-packages:${PYTHONPATH} /usr/bin/cmake --build /home/asm/leo_ws/build/leo -- -j12 -l12
[9.950s] DEBUG:colcon.colcon_core.event_handler.log_command:Invoking command in '/home/asm/leo_ws/build/leo': AMENT_PREFIX_PATH=/home/asm/leo_ws/install/leo_teleop:/home/asm/leo_ws/install/leo_msgs:/home/asm/leo_ws/install/leo_description:${AMENT_PREFIX_PATH} CMAKE_PREFIX_PATH=/home/asm/leo_ws/install/leo_teleop:/home/asm/leo_ws/install/leo_msgs:/home/asm/leo_ws/install/leo_description:/opt/ros/humble LD_LIBRARY_PATH=/home/asm/leo_ws/install/leo_msgs/lib:${LD_LIBRARY_PATH} PYTHONPATH=/home/asm/leo_ws/install/leo_msgs/local/lib/python3.10/dist-packages:${PYTHONPATH} /usr/bin/cmake --install /home/asm/leo_ws/build/leo
[10.071s] Level 1:colcon.colcon_core.environment:create_environment_scripts_only(leo)
[10.071s] DEBUG:colcon.colcon_core.event_handler.log_command:Invoked command in '/home/asm/leo_ws/build/leo' returned '0': AMENT_PREFIX_PATH=/home/asm/leo_ws/install/leo_teleop:/home/asm/leo_ws/install/leo_msgs:/home/asm/leo_ws/install/leo_description:${AMENT_PREFIX_PATH} CMAKE_PREFIX_PATH=/home/asm/leo_ws/install/leo_teleop:/home/asm/leo_ws/install/leo_msgs:/home/asm/leo_ws/install/leo_description:/opt/ros/humble LD_LIBRARY_PATH=/home/asm/leo_ws/install/leo_msgs/lib:${LD_LIBRARY_PATH} PYTHONPATH=/home/asm/leo_ws/install/leo_msgs/local/lib/python3.10/dist-packages:${PYTHONPATH} /usr/bin/cmake --install /home/asm/leo_ws/build/leo
[10.091s] Level 1:colcon.colcon_core.environment:checking '/home/asm/leo_ws/install/leo' for CMake module files
[10.091s] Level 1:colcon.colcon_core.environment:checking '/home/asm/leo_ws/install/leo' for CMake config files
[10.091s] Level 1:colcon.colcon_core.shell:create_environment_hook('leo', 'cmake_prefix_path')
[10.112s] INFO:colcon.colcon_core.shell:Creating environment hook '/home/asm/leo_ws/install/leo/share/leo/hook/cmake_prefix_path.ps1'
[10.112s] INFO:colcon.colcon_core.shell:Creating environment descriptor '/home/asm/leo_ws/install/leo/share/leo/hook/cmake_prefix_path.dsv'
[10.112s] INFO:colcon.colcon_core.shell:Creating environment hook '/home/asm/leo_ws/install/leo/share/leo/hook/cmake_prefix_path.sh'
[10.113s] Level 1:colcon.colcon_core.environment:checking '/home/asm/leo_ws/install/leo/bin'
[10.113s] Level 1:colcon.colcon_core.environment:checking '/home/asm/leo_ws/install/leo/lib/pkgconfig/leo.pc'
[10.113s] Level 1:colcon.colcon_core.environment:checking '/home/asm/leo_ws/install/leo/lib/python3.10/site-packages'
[10.113s] Level 1:colcon.colcon_core.environment:checking '/home/asm/leo_ws/install/leo/bin'
[10.132s] INFO:colcon.colcon_core.shell:Creating package script '/home/asm/leo_ws/install/leo/share/leo/package.ps1'
[10.133s] INFO:colcon.colcon_core.shell:Creating package descriptor '/home/asm/leo_ws/install/leo/share/leo/package.dsv'
[10.133s] INFO:colcon.colcon_core.shell:Creating package script '/home/asm/leo_ws/install/leo/share/leo/package.sh'
[10.133s] INFO:colcon.colcon_core.shell:Creating package script '/home/asm/leo_ws/install/leo/share/leo/package.bash'
[10.133s] INFO:colcon.colcon_core.shell:Creating package script '/home/asm/leo_ws/install/leo/share/leo/package.zsh'
[10.134s] Level 1:colcon.colcon_core.environment:create_file_with_runtime_dependencies(/home/asm/leo_ws/install/leo/share/colcon-core/packages/leo)
[10.170s] Level 1:colcon.colcon_core.environment:create_environment_scripts_only(leo)
[10.188s] Level 1:colcon.colcon_core.environment:checking '/home/asm/leo_ws/install/leo' for CMake module files
[10.189s] Level 1:colcon.colcon_core.environment:checking '/home/asm/leo_ws/install/leo' for CMake config files
[10.189s] Level 1:colcon.colcon_core.shell:create_environment_hook('leo', 'cmake_prefix_path')
[10.208s] INFO:colcon.colcon_core.shell:Creating environment hook '/home/asm/leo_ws/install/leo/share/leo/hook/cmake_prefix_path.ps1'
[10.209s] INFO:colcon.colcon_core.shell:Creating environment descriptor '/home/asm/leo_ws/install/leo/share/leo/hook/cmake_prefix_path.dsv'
[10.209s] INFO:colcon.colcon_core.shell:Creating environment hook '/home/asm/leo_ws/install/leo/share/leo/hook/cmake_prefix_path.sh'
[10.209s] Level 1:colcon.colcon_core.environment:checking '/home/asm/leo_ws/install/leo/bin'
[10.210s] Level 1:colcon.colcon_core.environment:checking '/home/asm/leo_ws/install/leo/lib/pkgconfig/leo.pc'
[10.210s] Level 1:colcon.colcon_core.environment:checking '/home/asm/leo_ws/install/leo/lib/python3.10/site-packages'
[10.210s] Level 1:colcon.colcon_core.environment:checking '/home/asm/leo_ws/install/leo/bin'
[10.229s] INFO:colcon.colcon_core.shell:Creating package script '/home/asm/leo_ws/install/leo/share/leo/package.ps1'
[10.230s] INFO:colcon.colcon_core.shell:Creating package descriptor '/home/asm/leo_ws/install/leo/share/leo/package.dsv'
[10.230s] INFO:colcon.colcon_core.shell:Creating package script '/home/asm/leo_ws/install/leo/share/leo/package.sh'
[10.231s] INFO:colcon.colcon_core.shell:Creating package script '/home/asm/leo_ws/install/leo/share/leo/package.bash'
[10.231s] INFO:colcon.colcon_core.shell:Creating package script '/home/asm/leo_ws/install/leo/share/leo/package.zsh'
[10.231s] Level 1:colcon.colcon_core.environment:create_file_with_runtime_dependencies(/home/asm/leo_ws/install/leo/share/colcon-core/packages/leo)
[19.149s] DEBUG:colcon.colcon_core.event_handler.log_command:Invoked command in '/home/asm/leo_ws/build/leo_gz_plugins' returned '0': CMAKE_PREFIX_PATH=/opt/ros/humble /usr/bin/cmake --build /home/asm/leo_ws/build/leo_gz_plugins -- -j12 -l12
[19.169s] DEBUG:colcon.colcon_core.event_handler.log_command:Invoking command in '/home/asm/leo_ws/build/leo_gz_plugins': CMAKE_PREFIX_PATH=/opt/ros/humble /usr/bin/cmake --install /home/asm/leo_ws/build/leo_gz_plugins
[19.304s] Level 1:colcon.colcon_core.environment:create_environment_scripts_only(leo_gz_plugins)
[19.305s] DEBUG:colcon.colcon_core.event_handler.log_command:Invoked command in '/home/asm/leo_ws/build/leo_gz_plugins' returned '0': CMAKE_PREFIX_PATH=/opt/ros/humble /usr/bin/cmake --install /home/asm/leo_ws/build/leo_gz_plugins
[19.325s] Level 1:colcon.colcon_core.environment:checking '/home/asm/leo_ws/install/leo_gz_plugins' for CMake module files
[19.325s] Level 1:colcon.colcon_core.environment:checking '/home/asm/leo_ws/install/leo_gz_plugins' for CMake config files
[19.326s] Level 1:colcon.colcon_core.shell:create_environment_hook('leo_gz_plugins', 'cmake_prefix_path')
[19.344s] INFO:colcon.colcon_core.shell:Creating environment hook '/home/asm/leo_ws/install/leo_gz_plugins/share/leo_gz_plugins/hook/cmake_prefix_path.ps1'
[19.345s] INFO:colcon.colcon_core.shell:Creating environment descriptor '/home/asm/leo_ws/install/leo_gz_plugins/share/leo_gz_plugins/hook/cmake_prefix_path.dsv'
[19.345s] INFO:colcon.colcon_core.shell:Creating environment hook '/home/asm/leo_ws/install/leo_gz_plugins/share/leo_gz_plugins/hook/cmake_prefix_path.sh'
[19.345s] Level 1:colcon.colcon_core.environment:checking '/home/asm/leo_ws/install/leo_gz_plugins/lib'
[19.345s] Level 1:colcon.colcon_core.shell:create_environment_hook('leo_gz_plugins', 'ld_library_path_lib')
[19.363s] INFO:colcon.colcon_core.shell:Creating environment hook '/home/asm/leo_ws/install/leo_gz_plugins/share/leo_gz_plugins/hook/ld_library_path_lib.ps1'
[19.364s] INFO:colcon.colcon_core.shell:Creating environment descriptor '/home/asm/leo_ws/install/leo_gz_plugins/share/leo_gz_plugins/hook/ld_library_path_lib.dsv'
[19.364s] INFO:colcon.colcon_core.shell:Creating environment hook '/home/asm/leo_ws/install/leo_gz_plugins/share/leo_gz_plugins/hook/ld_library_path_lib.sh'
[19.364s] Level 1:colcon.colcon_core.environment:checking '/home/asm/leo_ws/install/leo_gz_plugins/bin'
[19.364s] Level 1:colcon.colcon_core.environment:checking '/home/asm/leo_ws/install/leo_gz_plugins/lib/pkgconfig/leo_gz_plugins.pc'
[19.364s] Level 1:colcon.colcon_core.environment:checking '/home/asm/leo_ws/install/leo_gz_plugins/lib/python3.10/site-packages'
[19.365s] Level 1:colcon.colcon_core.environment:checking '/home/asm/leo_ws/install/leo_gz_plugins/bin'
[19.382s] INFO:colcon.colcon_core.shell:Creating package script '/home/asm/leo_ws/install/leo_gz_plugins/share/leo_gz_plugins/package.ps1'
[19.383s] INFO:colcon.colcon_core.shell:Creating package descriptor '/home/asm/leo_ws/install/leo_gz_plugins/share/leo_gz_plugins/package.dsv'
[19.383s] INFO:colcon.colcon_core.shell:Creating package script '/home/asm/leo_ws/install/leo_gz_plugins/share/leo_gz_plugins/package.sh'
[19.384s] INFO:colcon.colcon_core.shell:Creating package script '/home/asm/leo_ws/install/leo_gz_plugins/share/leo_gz_plugins/package.bash'
[19.384s] INFO:colcon.colcon_core.shell:Creating package script '/home/asm/leo_ws/install/leo_gz_plugins/share/leo_gz_plugins/package.zsh'
[19.384s] Level 1:colcon.colcon_core.environment:create_file_with_runtime_dependencies(/home/asm/leo_ws/install/leo_gz_plugins/share/colcon-core/packages/leo_gz_plugins)
[19.426s] Level 1:colcon.colcon_core.environment:create_environment_scripts_only(leo_gz_plugins)
[19.446s] Level 1:colcon.colcon_core.environment:checking '/home/asm/leo_ws/install/leo_gz_plugins' for CMake module files
[19.446s] Level 1:colcon.colcon_core.environment:checking '/home/asm/leo_ws/install/leo_gz_plugins' for CMake config files
[19.447s] Level 1:colcon.colcon_core.shell:create_environment_hook('leo_gz_plugins', 'cmake_prefix_path')
[19.465s] INFO:colcon.colcon_core.shell:Creating environment hook '/home/asm/leo_ws/install/leo_gz_plugins/share/leo_gz_plugins/hook/cmake_prefix_path.ps1'
[19.465s] INFO:colcon.colcon_core.shell:Creating environment descriptor '/home/asm/leo_ws/install/leo_gz_plugins/share/leo_gz_plugins/hook/cmake_prefix_path.dsv'
[19.465s] INFO:colcon.colcon_core.shell:Creating environment hook '/home/asm/leo_ws/install/leo_gz_plugins/share/leo_gz_plugins/hook/cmake_prefix_path.sh'
[19.466s] Level 1:colcon.colcon_core.environment:checking '/home/asm/leo_ws/install/leo_gz_plugins/lib'
[19.466s] Level 1:colcon.colcon_core.shell:create_environment_hook('leo_gz_plugins', 'ld_library_path_lib')
[19.484s] INFO:colcon.colcon_core.shell:Creating environment hook '/home/asm/leo_ws/install/leo_gz_plugins/share/leo_gz_plugins/hook/ld_library_path_lib.ps1'
[19.484s] INFO:colcon.colcon_core.shell:Creating environment descriptor '/home/asm/leo_ws/install/leo_gz_plugins/share/leo_gz_plugins/hook/ld_library_path_lib.dsv'
[19.484s] INFO:colcon.colcon_core.shell:Creating environment hook '/home/asm/leo_ws/install/leo_gz_plugins/share/leo_gz_plugins/hook/ld_library_path_lib.sh'
[19.485s] Level 1:colcon.colcon_core.environment:checking '/home/asm/leo_ws/install/leo_gz_plugins/bin'
[19.485s] Level 1:colcon.colcon_core.environment:checking '/home/asm/leo_ws/install/leo_gz_plugins/lib/pkgconfig/leo_gz_plugins.pc'
[19.485s] Level 1:colcon.colcon_core.environment:checking '/home/asm/leo_ws/install/leo_gz_plugins/lib/python3.10/site-packages'
[19.485s] Level 1:colcon.colcon_core.environment:checking '/home/asm/leo_ws/install/leo_gz_plugins/bin'
[19.503s] INFO:colcon.colcon_core.shell:Creating package script '/home/asm/leo_ws/install/leo_gz_plugins/share/leo_gz_plugins/package.ps1'
[19.503s] INFO:colcon.colcon_core.shell:Creating package descriptor '/home/asm/leo_ws/install/leo_gz_plugins/share/leo_gz_plugins/package.dsv'
[19.503s] INFO:colcon.colcon_core.shell:Creating package script '/home/asm/leo_ws/install/leo_gz_plugins/share/leo_gz_plugins/package.sh'
[19.504s] INFO:colcon.colcon_core.shell:Creating package script '/home/asm/leo_ws/install/leo_gz_plugins/share/leo_gz_plugins/package.bash'
[19.504s] INFO:colcon.colcon_core.shell:Creating package script '/home/asm/leo_ws/install/leo_gz_plugins/share/leo_gz_plugins/package.zsh'
[19.504s] Level 1:colcon.colcon_core.environment:create_file_with_runtime_dependencies(/home/asm/leo_ws/install/leo_gz_plugins/share/colcon-core/packages/leo_gz_plugins)
[19.505s] INFO:colcon.colcon_ros.task.ament_cmake.build:Building ROS package in '/home/asm/leo_ws/src/leo_simulator-ros2/leo_gz_bringup' with build type 'ament_cmake'
[19.505s] INFO:colcon.colcon_cmake.task.cmake.build:Building CMake package in '/home/asm/leo_ws/src/leo_simulator-ros2/leo_gz_bringup'
[19.523s] INFO:colcon.colcon_core.shell:Skip shell extension 'powershell' for command environment: Not usable outside of PowerShell
[19.524s] DEBUG:colcon.colcon_core.shell:Skip shell extension 'dsv' for command environment
[19.567s] DEBUG:colcon.colcon_core.event_handler.log_command:Invoking command in '/home/asm/leo_ws/build/leo_gz_bringup': AMENT_PREFIX_PATH=/home/asm/leo_ws/install/leo_gz_worlds:/home/asm/leo_ws/install/leo_gz_plugins:${AMENT_PREFIX_PATH} CMAKE_PREFIX_PATH=/home/asm/leo_ws/install/leo_gz_worlds:/home/asm/leo_ws/install/leo_gz_plugins:/opt/ros/humble LD_LIBRARY_PATH=/home/asm/leo_ws/install/leo_gz_plugins/lib:${LD_LIBRARY_PATH} /usr/bin/cmake /home/asm/leo_ws/src/leo_simulator-ros2/leo_gz_bringup -DAMENT_CMAKE_SYMLINK_INSTALL=1 -DCMAKE_INSTALL_PREFIX=/home/asm/leo_ws/install/leo_gz_bringup
[20.146s] DEBUG:colcon.colcon_core.event_handler.log_command:Invoked command in '/home/asm/leo_ws/build/leo_gz_bringup' returned '0': AMENT_PREFIX_PATH=/home/asm/leo_ws/install/leo_gz_worlds:/home/asm/leo_ws/install/leo_gz_plugins:${AMENT_PREFIX_PATH} CMAKE_PREFIX_PATH=/home/asm/leo_ws/install/leo_gz_worlds:/home/asm/leo_ws/install/leo_gz_plugins:/opt/ros/humble LD_LIBRARY_PATH=/home/asm/leo_ws/install/leo_gz_plugins/lib:${LD_LIBRARY_PATH} /usr/bin/cmake /home/asm/leo_ws/src/leo_simulator-ros2/leo_gz_bringup -DAMENT_CMAKE_SYMLINK_INSTALL=1 -DCMAKE_INSTALL_PREFIX=/home/asm/leo_ws/install/leo_gz_bringup
[20.147s] DEBUG:colcon.colcon_core.event_handler.log_command:Invoking command in '/home/asm/leo_ws/build/leo_gz_bringup': AMENT_PREFIX_PATH=/home/asm/leo_ws/install/leo_gz_worlds:/home/asm/leo_ws/install/leo_gz_plugins:${AMENT_PREFIX_PATH} CMAKE_PREFIX_PATH=/home/asm/leo_ws/install/leo_gz_worlds:/home/asm/leo_ws/install/leo_gz_plugins:/opt/ros/humble LD_LIBRARY_PATH=/home/asm/leo_ws/install/leo_gz_plugins/lib:${LD_LIBRARY_PATH} /usr/bin/cmake --build /home/asm/leo_ws/build/leo_gz_bringup -- -j12 -l12
[20.181s] DEBUG:colcon.colcon_core.event_handler.log_command:Invoked command in '/home/asm/leo_ws/build/leo_gz_bringup' returned '0': AMENT_PREFIX_PATH=/home/asm/leo_ws/install/leo_gz_worlds:/home/asm/leo_ws/install/leo_gz_plugins:${AMENT_PREFIX_PATH} CMAKE_PREFIX_PATH=/home/asm/leo_ws/install/leo_gz_worlds:/home/asm/leo_ws/install/leo_gz_plugins:/opt/ros/humble LD_LIBRARY_PATH=/home/asm/leo_ws/install/leo_gz_plugins/lib:${LD_LIBRARY_PATH} /usr/bin/cmake --build /home/asm/leo_ws/build/leo_gz_bringup -- -j12 -l12
[20.198s] DEBUG:colcon.colcon_core.event_handler.log_command:Invoking command in '/home/asm/leo_ws/build/leo_gz_bringup': AMENT_PREFIX_PATH=/home/asm/leo_ws/install/leo_gz_worlds:/home/asm/leo_ws/install/leo_gz_plugins:${AMENT_PREFIX_PATH} CMAKE_PREFIX_PATH=/home/asm/leo_ws/install/leo_gz_worlds:/home/asm/leo_ws/install/leo_gz_plugins:/opt/ros/humble LD_LIBRARY_PATH=/home/asm/leo_ws/install/leo_gz_plugins/lib:${LD_LIBRARY_PATH} /usr/bin/cmake --install /home/asm/leo_ws/build/leo_gz_bringup
[20.350s] Level 1:colcon.colcon_core.environment:create_environment_scripts_only(leo_gz_bringup)
[20.351s] DEBUG:colcon.colcon_core.event_handler.log_command:Invoked command in '/home/asm/leo_ws/build/leo_gz_bringup' returned '0': AMENT_PREFIX_PATH=/home/asm/leo_ws/install/leo_gz_worlds:/home/asm/leo_ws/install/leo_gz_plugins:${AMENT_PREFIX_PATH} CMAKE_PREFIX_PATH=/home/asm/leo_ws/install/leo_gz_worlds:/home/asm/leo_ws/install/leo_gz_plugins:/opt/ros/humble LD_LIBRARY_PATH=/home/asm/leo_ws/install/leo_gz_plugins/lib:${LD_LIBRARY_PATH} /usr/bin/cmake --install /home/asm/leo_ws/build/leo_gz_bringup
[20.377s] Level 1:colcon.colcon_core.environment:checking '/home/asm/leo_ws/install/leo_gz_bringup' for CMake module files
[20.378s] Level 1:colcon.colcon_core.environment:checking '/home/asm/leo_ws/install/leo_gz_bringup' for CMake config files
[20.378s] Level 1:colcon.colcon_core.shell:create_environment_hook('leo_gz_bringup', 'cmake_prefix_path')
[20.397s] INFO:colcon.colcon_core.shell:Creating environment hook '/home/asm/leo_ws/install/leo_gz_bringup/share/leo_gz_bringup/hook/cmake_prefix_path.ps1'
[20.398s] INFO:colcon.colcon_core.shell:Creating environment descriptor '/home/asm/leo_ws/install/leo_gz_bringup/share/leo_gz_bringup/hook/cmake_prefix_path.dsv'
[20.398s] INFO:colcon.colcon_core.shell:Creating environment hook '/home/asm/leo_ws/install/leo_gz_bringup/share/leo_gz_bringup/hook/cmake_prefix_path.sh'
[20.398s] Level 1:colcon.colcon_core.environment:checking '/home/asm/leo_ws/install/leo_gz_bringup/bin'
[20.398s] Level 1:colcon.colcon_core.environment:checking '/home/asm/leo_ws/install/leo_gz_bringup/lib/pkgconfig/leo_gz_bringup.pc'
[20.398s] Level 1:colcon.colcon_core.environment:checking '/home/asm/leo_ws/install/leo_gz_bringup/lib/python3.10/site-packages'
[20.399s] Level 1:colcon.colcon_core.environment:checking '/home/asm/leo_ws/install/leo_gz_bringup/bin'
[20.417s] INFO:colcon.colcon_core.shell:Creating package script '/home/asm/leo_ws/install/leo_gz_bringup/share/leo_gz_bringup/package.ps1'
[20.417s] INFO:colcon.colcon_core.shell:Creating package descriptor '/home/asm/leo_ws/install/leo_gz_bringup/share/leo_gz_bringup/package.dsv'
[20.418s] INFO:colcon.colcon_core.shell:Creating package script '/home/asm/leo_ws/install/leo_gz_bringup/share/leo_gz_bringup/package.sh'
[20.418s] INFO:colcon.colcon_core.shell:Creating package script '/home/asm/leo_ws/install/leo_gz_bringup/share/leo_gz_bringup/package.bash'
[20.418s] INFO:colcon.colcon_core.shell:Creating package script '/home/asm/leo_ws/install/leo_gz_bringup/share/leo_gz_bringup/package.zsh'
[20.418s] Level 1:colcon.colcon_core.environment:create_file_with_runtime_dependencies(/home/asm/leo_ws/install/leo_gz_bringup/share/colcon-core/packages/leo_gz_bringup)
[20.453s] Level 1:colcon.colcon_core.environment:create_environment_scripts_only(leo_gz_bringup)
[20.471s] Level 1:colcon.colcon_core.environment:checking '/home/asm/leo_ws/install/leo_gz_bringup' for CMake module files
[20.471s] Level 1:colcon.colcon_core.environment:checking '/home/asm/leo_ws/install/leo_gz_bringup' for CMake config files
[20.472s] Level 1:colcon.colcon_core.shell:create_environment_hook('leo_gz_bringup', 'cmake_prefix_path')
[20.489s] INFO:colcon.colcon_core.shell:Creating environment hook '/home/asm/leo_ws/install/leo_gz_bringup/share/leo_gz_bringup/hook/cmake_prefix_path.ps1'
[20.490s] INFO:colcon.colcon_core.shell:Creating environment descriptor '/home/asm/leo_ws/install/leo_gz_bringup/share/leo_gz_bringup/hook/cmake_prefix_path.dsv'
[20.490s] INFO:colcon.colcon_core.shell:Creating environment hook '/home/asm/leo_ws/install/leo_gz_bringup/share/leo_gz_bringup/hook/cmake_prefix_path.sh'
[20.490s] Level 1:colcon.colcon_core.environment:checking '/home/asm/leo_ws/install/leo_gz_bringup/bin'
[20.490s] Level 1:colcon.colcon_core.environment:checking '/home/asm/leo_ws/install/leo_gz_bringup/lib/pkgconfig/leo_gz_bringup.pc'
[20.491s] Level 1:colcon.colcon_core.environment:checking '/home/asm/leo_ws/install/leo_gz_bringup/lib/python3.10/site-packages'
[20.491s] Level 1:colcon.colcon_core.environment:checking '/home/asm/leo_ws/install/leo_gz_bringup/bin'
[20.510s] INFO:colcon.colcon_core.shell:Creating package script '/home/asm/leo_ws/install/leo_gz_bringup/share/leo_gz_bringup/package.ps1'
[20.510s] INFO:colcon.colcon_core.shell:Creating package descriptor '/home/asm/leo_ws/install/leo_gz_bringup/share/leo_gz_bringup/package.dsv'
[20.510s] INFO:colcon.colcon_core.shell:Creating package script '/home/asm/leo_ws/install/leo_gz_bringup/share/leo_gz_bringup/package.sh'
[20.511s] INFO:colcon.colcon_core.shell:Creating package script '/home/asm/leo_ws/install/leo_gz_bringup/share/leo_gz_bringup/package.bash'
[20.511s] INFO:colcon.colcon_core.shell:Creating package script '/home/asm/leo_ws/install/leo_gz_bringup/share/leo_gz_bringup/package.zsh'
[20.511s] Level 1:colcon.colcon_core.environment:create_file_with_runtime_dependencies(/home/asm/leo_ws/install/leo_gz_bringup/share/colcon-core/packages/leo_gz_bringup)
[20.512s] INFO:colcon.colcon_ros.task.ament_cmake.build:Building ROS package in '/home/asm/leo_ws/src/leo_simulator-ros2/leo_simulator' with build type 'ament_cmake'
[20.512s] INFO:colcon.colcon_cmake.task.cmake.build:Building CMake package in '/home/asm/leo_ws/src/leo_simulator-ros2/leo_simulator'
[20.533s] INFO:colcon.colcon_core.shell:Skip shell extension 'powershell' for command environment: Not usable outside of PowerShell
[20.533s] DEBUG:colcon.colcon_core.shell:Skip shell extension 'dsv' for command environment
[20.577s] DEBUG:colcon.colcon_core.event_handler.log_command:Invoking command in '/home/asm/leo_ws/build/leo_simulator': AMENT_PREFIX_PATH=/home/asm/leo_ws/install/leo_gz_bringup:/home/asm/leo_ws/install/leo_gz_worlds:/home/asm/leo_ws/install/leo_gz_plugins:${AMENT_PREFIX_PATH} CMAKE_PREFIX_PATH=/home/asm/leo_ws/install/leo_gz_bringup:/home/asm/leo_ws/install/leo_gz_worlds:/home/asm/leo_ws/install/leo_gz_plugins:/opt/ros/humble LD_LIBRARY_PATH=/home/asm/leo_ws/install/leo_gz_plugins/lib:${LD_LIBRARY_PATH} /usr/bin/cmake /home/asm/leo_ws/src/leo_simulator-ros2/leo_simulator -DAMENT_CMAKE_SYMLINK_INSTALL=1 -DCMAKE_INSTALL_PREFIX=/home/asm/leo_ws/install/leo_simulator
[20.901s] DEBUG:colcon.colcon_core.event_handler.log_command:Invoked command in '/home/asm/leo_ws/build/leo_simulator' returned '0': AMENT_PREFIX_PATH=/home/asm/leo_ws/install/leo_gz_bringup:/home/asm/leo_ws/install/leo_gz_worlds:/home/asm/leo_ws/install/leo_gz_plugins:${AMENT_PREFIX_PATH} CMAKE_PREFIX_PATH=/home/asm/leo_ws/install/leo_gz_bringup:/home/asm/leo_ws/install/leo_gz_worlds:/home/asm/leo_ws/install/leo_gz_plugins:/opt/ros/humble LD_LIBRARY_PATH=/home/asm/leo_ws/install/leo_gz_plugins/lib:${LD_LIBRARY_PATH} /usr/bin/cmake /home/asm/leo_ws/src/leo_simulator-ros2/leo_simulator -DAMENT_CMAKE_SYMLINK_INSTALL=1 -DCMAKE_INSTALL_PREFIX=/home/asm/leo_ws/install/leo_simulator
[20.901s] DEBUG:colcon.colcon_core.event_handler.log_command:Invoking command in '/home/asm/leo_ws/build/leo_simulator': AMENT_PREFIX_PATH=/home/asm/leo_ws/install/leo_gz_bringup:/home/asm/leo_ws/install/leo_gz_worlds:/home/asm/leo_ws/install/leo_gz_plugins:${AMENT_PREFIX_PATH} CMAKE_PREFIX_PATH=/home/asm/leo_ws/install/leo_gz_bringup:/home/asm/leo_ws/install/leo_gz_worlds:/home/asm/leo_ws/install/leo_gz_plugins:/opt/ros/humble LD_LIBRARY_PATH=/home/asm/leo_ws/install/leo_gz_plugins/lib:${LD_LIBRARY_PATH} /usr/bin/cmake --build /home/asm/leo_ws/build/leo_simulator -- -j12 -l12
[20.932s] DEBUG:colcon.colcon_core.event_handler.log_command:Invoked command in '/home/asm/leo_ws/build/leo_simulator' returned '0': AMENT_PREFIX_PATH=/home/asm/leo_ws/install/leo_gz_bringup:/home/asm/leo_ws/install/leo_gz_worlds:/home/asm/leo_ws/install/leo_gz_plugins:${AMENT_PREFIX_PATH} CMAKE_PREFIX_PATH=/home/asm/leo_ws/install/leo_gz_bringup:/home/asm/leo_ws/install/leo_gz_worlds:/home/asm/leo_ws/install/leo_gz_plugins:/opt/ros/humble LD_LIBRARY_PATH=/home/asm/leo_ws/install/leo_gz_plugins/lib:${LD_LIBRARY_PATH} /usr/bin/cmake --build /home/asm/leo_ws/build/leo_simulator -- -j12 -l12
[20.951s] DEBUG:colcon.colcon_core.event_handler.log_command:Invoking command in '/home/asm/leo_ws/build/leo_simulator': AMENT_PREFIX_PATH=/home/asm/leo_ws/install/leo_gz_bringup:/home/asm/leo_ws/install/leo_gz_worlds:/home/asm/leo_ws/install/leo_gz_plugins:${AMENT_PREFIX_PATH} CMAKE_PREFIX_PATH=/home/asm/leo_ws/install/leo_gz_bringup:/home/asm/leo_ws/install/leo_gz_worlds:/home/asm/leo_ws/install/leo_gz_plugins:/opt/ros/humble LD_LIBRARY_PATH=/home/asm/leo_ws/install/leo_gz_plugins/lib:${LD_LIBRARY_PATH} /usr/bin/cmake --install /home/asm/leo_ws/build/leo_simulator
[21.091s] Level 1:colcon.colcon_core.environment:create_environment_scripts_only(leo_simulator)
[21.091s] DEBUG:colcon.colcon_core.event_handler.log_command:Invoked command in '/home/asm/leo_ws/build/leo_simulator' returned '0': AMENT_PREFIX_PATH=/home/asm/leo_ws/install/leo_gz_bringup:/home/asm/leo_ws/install/leo_gz_worlds:/home/asm/leo_ws/install/leo_gz_plugins:${AMENT_PREFIX_PATH} CMAKE_PREFIX_PATH=/home/asm/leo_ws/install/leo_gz_bringup:/home/asm/leo_ws/install/leo_gz_worlds:/home/asm/leo_ws/install/leo_gz_plugins:/opt/ros/humble LD_LIBRARY_PATH=/home/asm/leo_ws/install/leo_gz_plugins/lib:${LD_LIBRARY_PATH} /usr/bin/cmake --install /home/asm/leo_ws/build/leo_simulator
[21.110s] Level 1:colcon.colcon_core.environment:checking '/home/asm/leo_ws/install/leo_simulator' for CMake module files
[21.110s] Level 1:colcon.colcon_core.environment:checking '/home/asm/leo_ws/install/leo_simulator' for CMake config files
[21.110s] Level 1:colcon.colcon_core.shell:create_environment_hook('leo_simulator', 'cmake_prefix_path')
[21.128s] INFO:colcon.colcon_core.shell:Creating environment hook '/home/asm/leo_ws/install/leo_simulator/share/leo_simulator/hook/cmake_prefix_path.ps1'
[21.129s] INFO:colcon.colcon_core.shell:Creating environment descriptor '/home/asm/leo_ws/install/leo_simulator/share/leo_simulator/hook/cmake_prefix_path.dsv'
[21.129s] INFO:colcon.colcon_core.shell:Creating environment hook '/home/asm/leo_ws/install/leo_simulator/share/leo_simulator/hook/cmake_prefix_path.sh'
[21.129s] Level 1:colcon.colcon_core.environment:checking '/home/asm/leo_ws/install/leo_simulator/bin'
[21.129s] Level 1:colcon.colcon_core.environment:checking '/home/asm/leo_ws/install/leo_simulator/lib/pkgconfig/leo_simulator.pc'
[21.130s] Level 1:colcon.colcon_core.environment:checking '/home/asm/leo_ws/install/leo_simulator/lib/python3.10/site-packages'
[21.130s] Level 1:colcon.colcon_core.environment:checking '/home/asm/leo_ws/install/leo_simulator/bin'
[21.148s] INFO:colcon.colcon_core.shell:Creating package script '/home/asm/leo_ws/install/leo_simulator/share/leo_simulator/package.ps1'
[21.148s] INFO:colcon.colcon_core.shell:Creating package descriptor '/home/asm/leo_ws/install/leo_simulator/share/leo_simulator/package.dsv'
[21.149s] INFO:colcon.colcon_core.shell:Creating package script '/home/asm/leo_ws/install/leo_simulator/share/leo_simulator/package.sh'
[21.149s] INFO:colcon.colcon_core.shell:Creating package script '/home/asm/leo_ws/install/leo_simulator/share/leo_simulator/package.bash'
[21.149s] INFO:colcon.colcon_core.shell:Creating package script '/home/asm/leo_ws/install/leo_simulator/share/leo_simulator/package.zsh'
[21.149s] Level 1:colcon.colcon_core.environment:create_file_with_runtime_dependencies(/home/asm/leo_ws/install/leo_simulator/share/colcon-core/packages/leo_simulator)
[21.183s] Level 1:colcon.colcon_core.environment:create_environment_scripts_only(leo_simulator)
[21.201s] Level 1:colcon.colcon_core.environment:checking '/home/asm/leo_ws/install/leo_simulator' for CMake module files
[21.201s] Level 1:colcon.colcon_core.environment:checking '/home/asm/leo_ws/install/leo_simulator' for CMake config files
[21.201s] Level 1:colcon.colcon_core.shell:create_environment_hook('leo_simulator', 'cmake_prefix_path')
[21.220s] INFO:colcon.colcon_core.shell:Creating environment hook '/home/asm/leo_ws/install/leo_simulator/share/leo_simulator/hook/cmake_prefix_path.ps1'
[21.220s] INFO:colcon.colcon_core.shell:Creating environment descriptor '/home/asm/leo_ws/install/leo_simulator/share/leo_simulator/hook/cmake_prefix_path.dsv'
[21.220s] INFO:colcon.colcon_core.shell:Creating environment hook '/home/asm/leo_ws/install/leo_simulator/share/leo_simulator/hook/cmake_prefix_path.sh'
[21.221s] Level 1:colcon.colcon_core.environment:checking '/home/asm/leo_ws/install/leo_simulator/bin'
[21.221s] Level 1:colcon.colcon_core.environment:checking '/home/asm/leo_ws/install/leo_simulator/lib/pkgconfig/leo_simulator.pc'
[21.221s] Level 1:colcon.colcon_core.environment:checking '/home/asm/leo_ws/install/leo_simulator/lib/python3.10/site-packages'
[21.221s] Level 1:colcon.colcon_core.environment:checking '/home/asm/leo_ws/install/leo_simulator/bin'
[21.240s] INFO:colcon.colcon_core.shell:Creating package script '/home/asm/leo_ws/install/leo_simulator/share/leo_simulator/package.ps1'
[21.240s] INFO:colcon.colcon_core.shell:Creating package descriptor '/home/asm/leo_ws/install/leo_simulator/share/leo_simulator/package.dsv'
[21.241s] INFO:colcon.colcon_core.shell:Creating package script '/home/asm/leo_ws/install/leo_simulator/share/leo_simulator/package.sh'
[21.241s] INFO:colcon.colcon_core.shell:Creating package script '/home/asm/leo_ws/install/leo_simulator/share/leo_simulator/package.bash'
[21.241s] INFO:colcon.colcon_core.shell:Creating package script '/home/asm/leo_ws/install/leo_simulator/share/leo_simulator/package.zsh'
[21.242s] Level 1:colcon.colcon_core.environment:create_file_with_runtime_dependencies(/home/asm/leo_ws/install/leo_simulator/share/colcon-core/packages/leo_simulator)
[21.242s] DEBUG:colcon.colcon_parallel_executor.executor.parallel:closing loop
[21.242s] DEBUG:colcon.colcon_parallel_executor.executor.parallel:loop closed
[21.242s] DEBUG:colcon.colcon_parallel_executor.executor.parallel:run_until_complete finished with '0'
[21.242s] DEBUG:colcon.colcon_core.event_reactor:joining thread
[21.269s] INFO:colcon.colcon_core.plugin_system:Skipping extension 'colcon_notification.desktop_notification.terminal_notifier': Not used on non-Darwin systems
[21.269s] INFO:colcon.colcon_core.plugin_system:Skipping extension 'colcon_notification.desktop_notification.win32': Not used on non-Windows systems
[21.269s] INFO:colcon.colcon_notification.desktop_notification:Sending desktop notification using 'notify2'
[21.283s] DEBUG:colcon.colcon_core.event_reactor:joined thread
[21.304s] INFO:colcon.colcon_core.shell:Creating prefix script '/home/asm/leo_ws/install/local_setup.ps1'
[21.305s] INFO:colcon.colcon_core.shell:Creating prefix util module '/home/asm/leo_ws/install/_local_setup_util_ps1.py'
[21.306s] INFO:colcon.colcon_core.shell:Creating prefix chain script '/home/asm/leo_ws/install/setup.ps1'
[21.326s] INFO:colcon.colcon_core.shell:Creating prefix script '/home/asm/leo_ws/install/local_setup.sh'
[21.326s] INFO:colcon.colcon_core.shell:Creating prefix util module '/home/asm/leo_ws/install/_local_setup_util_sh.py'
[21.327s] INFO:colcon.colcon_core.shell:Creating prefix chain script '/home/asm/leo_ws/install/setup.sh'
[21.348s] INFO:colcon.colcon_core.shell:Creating prefix script '/home/asm/leo_ws/install/local_setup.bash'
[21.348s] INFO:colcon.colcon_core.shell:Creating prefix chain script '/home/asm/leo_ws/install/setup.bash'
[21.369s] INFO:colcon.colcon_core.shell:Creating prefix script '/home/asm/leo_ws/install/local_setup.zsh'
[21.369s] INFO:colcon.colcon_core.shell:Creating prefix chain script '/home/asm/leo_ws/install/setup.zsh'
