[0.010s] Invoking command in '/home/asm/leo_ws/build/leo_gz_bringup': AMENT_PREFIX_PATH=/home/asm/leo_ws/install/leo_gz_worlds:/home/asm/leo_ws/install/leo_gz_plugins:${AMENT_PREFIX_PATH} CMAKE_PREFIX_PATH=/home/asm/leo_ws/install/leo_gz_worlds:/home/asm/leo_ws/install/leo_gz_plugins:/home/asm/test_ws/install/py_pubsub:/opt/ros/humble LD_LIBRARY_PATH=/home/asm/leo_ws/install/leo_gz_plugins/lib:${LD_LIBRARY_PATH} /usr/bin/cmake /home/asm/leo_ws/src/leo_simulator-ros2/leo_gz_bringup -DCMAKE_INSTALL_PREFIX=/home/asm/leo_ws/install/leo_gz_bringup
[0.023s] -- Found ament_cmake: 1.3.8 (/opt/ros/humble/share/ament_cmake/cmake)
[0.147s] -- Override CMake install command with custom implementation using symlinks instead of copying resources
[0.154s] -- Found ament_lint_auto: 0.12.10 (/opt/ros/humble/share/ament_lint_auto/cmake)
[0.219s] -- Added test 'black' to check Python code style
[0.220s] -- Added test 'copyright' to check source files copyright and LICENSE
[0.220s] -- Added test 'lint_cmake' to check CMake code style
[0.221s] -- Added test 'mypy' to statically type check Python code.
[0.221s] -- Added test 'xmllint' to check XML markup files
[0.222s] -- Configuring done
[0.227s] -- Generating done
[0.228s] -- Build files have been written to: /home/asm/leo_ws/build/leo_gz_bringup
[0.230s] Invoked command in '/home/asm/leo_ws/build/leo_gz_bringup' returned '0': AMENT_PREFIX_PATH=/home/asm/leo_ws/install/leo_gz_worlds:/home/asm/leo_ws/install/leo_gz_plugins:${AMENT_PREFIX_PATH} CMAKE_PREFIX_PATH=/home/asm/leo_ws/install/leo_gz_worlds:/home/asm/leo_ws/install/leo_gz_plugins:/home/asm/test_ws/install/py_pubsub:/opt/ros/humble LD_LIBRARY_PATH=/home/asm/leo_ws/install/leo_gz_plugins/lib:${LD_LIBRARY_PATH} /usr/bin/cmake /home/asm/leo_ws/src/leo_simulator-ros2/leo_gz_bringup -DCMAKE_INSTALL_PREFIX=/home/asm/leo_ws/install/leo_gz_bringup
[0.231s] Invoking command in '/home/asm/leo_ws/build/leo_gz_bringup': AMENT_PREFIX_PATH=/home/asm/leo_ws/install/leo_gz_worlds:/home/asm/leo_ws/install/leo_gz_plugins:${AMENT_PREFIX_PATH} CMAKE_PREFIX_PATH=/home/asm/leo_ws/install/leo_gz_worlds:/home/asm/leo_ws/install/leo_gz_plugins:/home/asm/test_ws/install/py_pubsub:/opt/ros/humble LD_LIBRARY_PATH=/home/asm/leo_ws/install/leo_gz_plugins/lib:${LD_LIBRARY_PATH} /usr/bin/cmake --build /home/asm/leo_ws/build/leo_gz_bringup -- -j12 -l12
[0.263s] Invoked command in '/home/asm/leo_ws/build/leo_gz_bringup' returned '0': AMENT_PREFIX_PATH=/home/asm/leo_ws/install/leo_gz_worlds:/home/asm/leo_ws/install/leo_gz_plugins:${AMENT_PREFIX_PATH} CMAKE_PREFIX_PATH=/home/asm/leo_ws/install/leo_gz_worlds:/home/asm/leo_ws/install/leo_gz_plugins:/home/asm/test_ws/install/py_pubsub:/opt/ros/humble LD_LIBRARY_PATH=/home/asm/leo_ws/install/leo_gz_plugins/lib:${LD_LIBRARY_PATH} /usr/bin/cmake --build /home/asm/leo_ws/build/leo_gz_bringup -- -j12 -l12
[0.283s] Invoking command in '/home/asm/leo_ws/build/leo_gz_bringup': AMENT_PREFIX_PATH=/home/asm/leo_ws/install/leo_gz_worlds:/home/asm/leo_ws/install/leo_gz_plugins:${AMENT_PREFIX_PATH} CMAKE_PREFIX_PATH=/home/asm/leo_ws/install/leo_gz_worlds:/home/asm/leo_ws/install/leo_gz_plugins:/home/asm/test_ws/install/py_pubsub:/opt/ros/humble LD_LIBRARY_PATH=/home/asm/leo_ws/install/leo_gz_plugins/lib:${LD_LIBRARY_PATH} /usr/bin/cmake --install /home/asm/leo_ws/build/leo_gz_bringup
[0.290s] -- Install configuration: ""
[0.290s] -- Execute custom install script
[0.291s] -- Up-to-date symlink: /home/asm/leo_ws/install/leo_gz_bringup/share/leo_gz_bringup/launch/leo_gz.launch.py
[0.291s] -- Up-to-date symlink: /home/asm/leo_ws/install/leo_gz_bringup/share/leo_gz_bringup/launch/spawn_robot.launch.py
[0.292s] -- Up-to-date symlink: /home/asm/leo_ws/install/leo_gz_bringup/share/ament_index/resource_index/package_run_dependencies/leo_gz_bringup
[0.292s] -- Up-to-date symlink: /home/asm/leo_ws/install/leo_gz_bringup/share/ament_index/resource_index/parent_prefix_path/leo_gz_bringup
[0.293s] -- Up-to-date symlink: /home/asm/leo_ws/install/leo_gz_bringup/share/leo_gz_bringup/environment/ament_prefix_path.sh
[0.294s] -- Up-to-date symlink: /home/asm/leo_ws/install/leo_gz_bringup/share/leo_gz_bringup/environment/ament_prefix_path.dsv
[0.294s] -- Up-to-date symlink: /home/asm/leo_ws/install/leo_gz_bringup/share/leo_gz_bringup/environment/path.sh
[0.294s] -- Up-to-date symlink: /home/asm/leo_ws/install/leo_gz_bringup/share/leo_gz_bringup/environment/path.dsv
[0.295s] -- Up-to-date symlink: /home/asm/leo_ws/install/leo_gz_bringup/share/leo_gz_bringup/local_setup.bash
[0.295s] -- Up-to-date symlink: /home/asm/leo_ws/install/leo_gz_bringup/share/leo_gz_bringup/local_setup.sh
[0.296s] -- Up-to-date symlink: /home/asm/leo_ws/install/leo_gz_bringup/share/leo_gz_bringup/local_setup.zsh
[0.296s] -- Up-to-date symlink: /home/asm/leo_ws/install/leo_gz_bringup/share/leo_gz_bringup/local_setup.dsv
[0.297s] -- Symlinking: /home/asm/leo_ws/install/leo_gz_bringup/share/leo_gz_bringup/package.dsv
[0.305s] -- Up-to-date symlink: /home/asm/leo_ws/install/leo_gz_bringup/share/ament_index/resource_index/packages/leo_gz_bringup
[0.305s] -- Up-to-date symlink: /home/asm/leo_ws/install/leo_gz_bringup/share/leo_gz_bringup/cmake/leo_gz_bringupConfig.cmake
[0.306s] -- Up-to-date symlink: /home/asm/leo_ws/install/leo_gz_bringup/share/leo_gz_bringup/cmake/leo_gz_bringupConfig-version.cmake
[0.306s] -- Up-to-date symlink: /home/asm/leo_ws/install/leo_gz_bringup/share/leo_gz_bringup/package.xml
[0.308s] Invoked command in '/home/asm/leo_ws/build/leo_gz_bringup' returned '0': AMENT_PREFIX_PATH=/home/asm/leo_ws/install/leo_gz_worlds:/home/asm/leo_ws/install/leo_gz_plugins:${AMENT_PREFIX_PATH} CMAKE_PREFIX_PATH=/home/asm/leo_ws/install/leo_gz_worlds:/home/asm/leo_ws/install/leo_gz_plugins:/home/asm/test_ws/install/py_pubsub:/opt/ros/humble LD_LIBRARY_PATH=/home/asm/leo_ws/install/leo_gz_plugins/lib:${LD_LIBRARY_PATH} /usr/bin/cmake --install /home/asm/leo_ws/build/leo_gz_bringup
