/home/asm/leo_ws/install/paqueteros2/lib/python3.10/site-packages/paqueteros2/odom_pub.py
/home/asm/leo_ws/install/paqueteros2/lib/python3.10/site-packages/paqueteros2/subs_empty.py
/home/asm/leo_ws/install/paqueteros2/lib/python3.10/site-packages/paqueteros2/follower.py
/home/asm/leo_ws/install/paqueteros2/lib/python3.10/site-packages/paqueteros2/pub_empty.py
/home/asm/leo_ws/install/paqueteros2/lib/python3.10/site-packages/paqueteros2/__init__.py
/home/asm/leo_ws/install/paqueteros2/lib/python3.10/site-packages/paqueteros2/odom_subs.py
/home/asm/leo_ws/install/paqueteros2/lib/python3.10/site-packages/paqueteros2/__pycache__/odom_pub.cpython-310.pyc
/home/asm/leo_ws/install/paqueteros2/lib/python3.10/site-packages/paqueteros2/__pycache__/subs_empty.cpython-310.pyc
/home/asm/leo_ws/install/paqueteros2/lib/python3.10/site-packages/paqueteros2/__pycache__/follower.cpython-310.pyc
/home/asm/leo_ws/install/paqueteros2/lib/python3.10/site-packages/paqueteros2/__pycache__/pub_empty.cpython-310.pyc
/home/asm/leo_ws/install/paqueteros2/lib/python3.10/site-packages/paqueteros2/__pycache__/__init__.cpython-310.pyc
/home/asm/leo_ws/install/paqueteros2/lib/python3.10/site-packages/paqueteros2/__pycache__/odom_subs.cpython-310.pyc
/home/asm/leo_ws/install/paqueteros2/share/ament_index/resource_index/packages/paqueteros2
/home/asm/leo_ws/install/paqueteros2/share/paqueteros2/package.xml
/home/asm/leo_ws/install/paqueteros2/lib/python3.10/site-packages/paqueteros2-0.0.0-py3.10.egg-info/requires.txt
/home/asm/leo_ws/install/paqueteros2/lib/python3.10/site-packages/paqueteros2-0.0.0-py3.10.egg-info/dependency_links.txt
/home/asm/leo_ws/install/paqueteros2/lib/python3.10/site-packages/paqueteros2-0.0.0-py3.10.egg-info/PKG-INFO
/home/asm/leo_ws/install/paqueteros2/lib/python3.10/site-packages/paqueteros2-0.0.0-py3.10.egg-info/top_level.txt
/home/asm/leo_ws/install/paqueteros2/lib/python3.10/site-packages/paqueteros2-0.0.0-py3.10.egg-info/SOURCES.txt
/home/asm/leo_ws/install/paqueteros2/lib/python3.10/site-packages/paqueteros2-0.0.0-py3.10.egg-info/entry_points.txt
/home/asm/leo_ws/install/paqueteros2/lib/python3.10/site-packages/paqueteros2-0.0.0-py3.10.egg-info/zip-safe
/home/asm/leo_ws/install/paqueteros2/lib/paqueteros2/leo_follower
/home/asm/leo_ws/install/paqueteros2/lib/paqueteros2/odom
/home/asm/leo_ws/install/paqueteros2/lib/paqueteros2/square
