[0.011s] Invoking command in '/home/asm/leo_ws/build/leo_gz_bringup': CMAKE_PREFIX_PATH=/home/asm/leo_ws/install/leo_gz_worlds:/home/asm/leo_ws/install/leo_gz_plugins:/home/asm/leo_ws/install/leo:/home/asm/leo_ws/install/leo_teleop:/home/asm/leo_ws/install/leo_simulator:/home/asm/leo_ws/install/leo_msgs:/home/asm/leo_ws/install/leo_gz_bringup:/home/asm/leo_ws/install/leo_description:/home/asm/leo_ws/install/odom_package:/home/asm/leo_ws/install/leo_navigation:/opt/ros/humble LD_LIBRARY_PATH=/home/asm/leo_ws/install/leo_gz_plugins/lib:/home/asm/leo_ws/install/leo_msgs/lib:/usr/local/cuda-12.0/lib64:/opt/ros/humble/opt/rviz_ogre_vendor/lib:/opt/ros/humble/lib/x86_64-linux-gnu:/opt/ros/humble/lib /usr/bin/cmake --build /home/asm/leo_ws/build/leo_gz_bringup -- -j12 -l12
[0.036s] -- Found ament_cmake: 1.3.8 (/opt/ros/humble/share/ament_cmake/cmake)
[0.175s] -- Override CMake install command with custom implementation using symlinks instead of copying resources
[0.183s] -- Found ament_lint_auto: 0.12.10 (/opt/ros/humble/share/ament_lint_auto/cmake)
[0.264s] -- Added test 'black' to check Python code style
[0.265s] -- Added test 'copyright' to check source files copyright and LICENSE
[0.265s] -- Added test 'lint_cmake' to check CMake code style
[0.265s] -- Added test 'mypy' to statically type check Python code.
[0.266s] -- Added test 'xmllint' to check XML markup files
[0.267s] -- Configuring done
[0.269s] -- Generating done
[0.270s] -- Build files have been written to: /home/asm/leo_ws/build/leo_gz_bringup
[0.291s] Invoked command in '/home/asm/leo_ws/build/leo_gz_bringup' returned '0': CMAKE_PREFIX_PATH=/home/asm/leo_ws/install/leo_gz_worlds:/home/asm/leo_ws/install/leo_gz_plugins:/home/asm/leo_ws/install/leo:/home/asm/leo_ws/install/leo_teleop:/home/asm/leo_ws/install/leo_simulator:/home/asm/leo_ws/install/leo_msgs:/home/asm/leo_ws/install/leo_gz_bringup:/home/asm/leo_ws/install/leo_description:/home/asm/leo_ws/install/odom_package:/home/asm/leo_ws/install/leo_navigation:/opt/ros/humble LD_LIBRARY_PATH=/home/asm/leo_ws/install/leo_gz_plugins/lib:/home/asm/leo_ws/install/leo_msgs/lib:/usr/local/cuda-12.0/lib64:/opt/ros/humble/opt/rviz_ogre_vendor/lib:/opt/ros/humble/lib/x86_64-linux-gnu:/opt/ros/humble/lib /usr/bin/cmake --build /home/asm/leo_ws/build/leo_gz_bringup -- -j12 -l12
[0.319s] Invoking command in '/home/asm/leo_ws/build/leo_gz_bringup': CMAKE_PREFIX_PATH=/home/asm/leo_ws/install/leo_gz_worlds:/home/asm/leo_ws/install/leo_gz_plugins:/home/asm/leo_ws/install/leo:/home/asm/leo_ws/install/leo_teleop:/home/asm/leo_ws/install/leo_simulator:/home/asm/leo_ws/install/leo_msgs:/home/asm/leo_ws/install/leo_gz_bringup:/home/asm/leo_ws/install/leo_description:/home/asm/leo_ws/install/odom_package:/home/asm/leo_ws/install/leo_navigation:/opt/ros/humble LD_LIBRARY_PATH=/home/asm/leo_ws/install/leo_gz_plugins/lib:/home/asm/leo_ws/install/leo_msgs/lib:/usr/local/cuda-12.0/lib64:/opt/ros/humble/opt/rviz_ogre_vendor/lib:/opt/ros/humble/lib/x86_64-linux-gnu:/opt/ros/humble/lib /usr/bin/cmake --install /home/asm/leo_ws/build/leo_gz_bringup
[0.328s] -- Install configuration: ""
[0.328s] -- Execute custom install script
[0.329s] -- Up-to-date symlink: /home/asm/leo_ws/install/leo_gz_bringup/share/leo_gz_bringup/launch/leo_gz.launch.py
[0.329s] -- Up-to-date symlink: /home/asm/leo_ws/install/leo_gz_bringup/share/leo_gz_bringup/launch/spawn_robot.launch.py
[0.329s] -- Up-to-date symlink: /home/asm/leo_ws/install/leo_gz_bringup/lib/leo_gz_bringup/addTF.py
[0.329s] -- Up-to-date symlink: /home/asm/leo_ws/install/leo_gz_bringup/share/ament_index/resource_index/package_run_dependencies/leo_gz_bringup
[0.329s] -- Up-to-date symlink: /home/asm/leo_ws/install/leo_gz_bringup/share/ament_index/resource_index/parent_prefix_path/leo_gz_bringup
[0.329s] -- Up-to-date symlink: /home/asm/leo_ws/install/leo_gz_bringup/share/leo_gz_bringup/environment/ament_prefix_path.sh
[0.330s] -- Up-to-date symlink: /home/asm/leo_ws/install/leo_gz_bringup/share/leo_gz_bringup/environment/ament_prefix_path.dsv
[0.330s] -- Up-to-date symlink: /home/asm/leo_ws/install/leo_gz_bringup/share/leo_gz_bringup/environment/path.sh
[0.330s] -- Up-to-date symlink: /home/asm/leo_ws/install/leo_gz_bringup/share/leo_gz_bringup/environment/path.dsv
[0.330s] -- Up-to-date symlink: /home/asm/leo_ws/install/leo_gz_bringup/share/leo_gz_bringup/local_setup.bash
[0.330s] -- Up-to-date symlink: /home/asm/leo_ws/install/leo_gz_bringup/share/leo_gz_bringup/local_setup.sh
[0.330s] -- Up-to-date symlink: /home/asm/leo_ws/install/leo_gz_bringup/share/leo_gz_bringup/local_setup.zsh
[0.330s] -- Up-to-date symlink: /home/asm/leo_ws/install/leo_gz_bringup/share/leo_gz_bringup/local_setup.dsv
[0.330s] -- Symlinking: /home/asm/leo_ws/install/leo_gz_bringup/share/leo_gz_bringup/package.dsv
[0.339s] -- Up-to-date symlink: /home/asm/leo_ws/install/leo_gz_bringup/share/ament_index/resource_index/packages/leo_gz_bringup
[0.340s] -- Up-to-date symlink: /home/asm/leo_ws/install/leo_gz_bringup/share/leo_gz_bringup/cmake/leo_gz_bringupConfig.cmake
[0.340s] -- Up-to-date symlink: /home/asm/leo_ws/install/leo_gz_bringup/share/leo_gz_bringup/cmake/leo_gz_bringupConfig-version.cmake
[0.340s] -- Up-to-date symlink: /home/asm/leo_ws/install/leo_gz_bringup/share/leo_gz_bringup/package.xml
[0.342s] Invoked command in '/home/asm/leo_ws/build/leo_gz_bringup' returned '0': CMAKE_PREFIX_PATH=/home/asm/leo_ws/install/leo_gz_worlds:/home/asm/leo_ws/install/leo_gz_plugins:/home/asm/leo_ws/install/leo:/home/asm/leo_ws/install/leo_teleop:/home/asm/leo_ws/install/leo_simulator:/home/asm/leo_ws/install/leo_msgs:/home/asm/leo_ws/install/leo_gz_bringup:/home/asm/leo_ws/install/leo_description:/home/asm/leo_ws/install/odom_package:/home/asm/leo_ws/install/leo_navigation:/opt/ros/humble LD_LIBRARY_PATH=/home/asm/leo_ws/install/leo_gz_plugins/lib:/home/asm/leo_ws/install/leo_msgs/lib:/usr/local/cuda-12.0/lib64:/opt/ros/humble/opt/rviz_ogre_vendor/lib:/opt/ros/humble/lib/x86_64-linux-gnu:/opt/ros/humble/lib /usr/bin/cmake --install /home/asm/leo_ws/build/leo_gz_bringup
