[0.011s] Invoking command in '/home/asm/leo_ws/build/leo_gz_bringup': CMAKE_PREFIX_PATH=/home/asm/leo_ws/install/leo_gz_worlds:/home/asm/leo_ws/install/leo_gz_plugins:/home/asm/leo_ws/install/leo:/home/asm/leo_ws/install/leo_teleop:/home/asm/leo_ws/install/leo_simulator:/home/asm/leo_ws/install/leo_msgs:/home/asm/leo_ws/install/leo_gz_bringup:/home/asm/leo_ws/install/leo_description:/home/asm/leo_ws/install/odom_package:/home/asm/leo_ws/install/leo_navigation:/opt/ros/humble LD_LIBRARY_PATH=/home/asm/leo_ws/install/leo_gz_plugins/lib:/home/asm/leo_ws/install/leo_msgs/lib:/usr/local/cuda-12.0/lib64:/opt/ros/humble/opt/rviz_ogre_vendor/lib:/opt/ros/humble/lib/x86_64-linux-gnu:/opt/ros/humble/lib /usr/bin/cmake --build /home/asm/leo_ws/build/leo_gz_bringup -- -j12 -l12
[0.051s] Invoked command in '/home/asm/leo_ws/build/leo_gz_bringup' returned '0': CMAKE_PREFIX_PATH=/home/asm/leo_ws/install/leo_gz_worlds:/home/asm/leo_ws/install/leo_gz_plugins:/home/asm/leo_ws/install/leo:/home/asm/leo_ws/install/leo_teleop:/home/asm/leo_ws/install/leo_simulator:/home/asm/leo_ws/install/leo_msgs:/home/asm/leo_ws/install/leo_gz_bringup:/home/asm/leo_ws/install/leo_description:/home/asm/leo_ws/install/odom_package:/home/asm/leo_ws/install/leo_navigation:/opt/ros/humble LD_LIBRARY_PATH=/home/asm/leo_ws/install/leo_gz_plugins/lib:/home/asm/leo_ws/install/leo_msgs/lib:/usr/local/cuda-12.0/lib64:/opt/ros/humble/opt/rviz_ogre_vendor/lib:/opt/ros/humble/lib/x86_64-linux-gnu:/opt/ros/humble/lib /usr/bin/cmake --build /home/asm/leo_ws/build/leo_gz_bringup -- -j12 -l12
[0.073s] Invoking command in '/home/asm/leo_ws/build/leo_gz_bringup': CMAKE_PREFIX_PATH=/home/asm/leo_ws/install/leo_gz_worlds:/home/asm/leo_ws/install/leo_gz_plugins:/home/asm/leo_ws/install/leo:/home/asm/leo_ws/install/leo_teleop:/home/asm/leo_ws/install/leo_simulator:/home/asm/leo_ws/install/leo_msgs:/home/asm/leo_ws/install/leo_gz_bringup:/home/asm/leo_ws/install/leo_description:/home/asm/leo_ws/install/odom_package:/home/asm/leo_ws/install/leo_navigation:/opt/ros/humble LD_LIBRARY_PATH=/home/asm/leo_ws/install/leo_gz_plugins/lib:/home/asm/leo_ws/install/leo_msgs/lib:/usr/local/cuda-12.0/lib64:/opt/ros/humble/opt/rviz_ogre_vendor/lib:/opt/ros/humble/lib/x86_64-linux-gnu:/opt/ros/humble/lib /usr/bin/cmake --install /home/asm/leo_ws/build/leo_gz_bringup
[0.081s] -- Install configuration: ""
[0.082s] -- Execute custom install script
[0.082s] -- Up-to-date symlink: /home/asm/leo_ws/install/leo_gz_bringup/share/leo_gz_bringup/launch/leo_gz.launch.py
[0.082s] -- Up-to-date symlink: /home/asm/leo_ws/install/leo_gz_bringup/share/leo_gz_bringup/launch/spawn_robot.launch.py
[0.082s] -- Up-to-date symlink: /home/asm/leo_ws/install/leo_gz_bringup/lib/leo_gz_bringup/addTF.py
[0.082s] -- Up-to-date symlink: /home/asm/leo_ws/install/leo_gz_bringup/share/ament_index/resource_index/package_run_dependencies/leo_gz_bringup
[0.083s] -- Up-to-date symlink: /home/asm/leo_ws/install/leo_gz_bringup/share/ament_index/resource_index/parent_prefix_path/leo_gz_bringup
[0.083s] -- Up-to-date symlink: /home/asm/leo_ws/install/leo_gz_bringup/share/leo_gz_bringup/environment/ament_prefix_path.sh
[0.083s] -- Up-to-date symlink: /home/asm/leo_ws/install/leo_gz_bringup/share/leo_gz_bringup/environment/ament_prefix_path.dsv
[0.083s] -- Up-to-date symlink: /home/asm/leo_ws/install/leo_gz_bringup/share/leo_gz_bringup/environment/path.sh
[0.083s] -- Up-to-date symlink: /home/asm/leo_ws/install/leo_gz_bringup/share/leo_gz_bringup/environment/path.dsv
[0.084s] -- Up-to-date symlink: /home/asm/leo_ws/install/leo_gz_bringup/share/leo_gz_bringup/local_setup.bash
[0.084s] -- Up-to-date symlink: /home/asm/leo_ws/install/leo_gz_bringup/share/leo_gz_bringup/local_setup.sh
[0.084s] -- Up-to-date symlink: /home/asm/leo_ws/install/leo_gz_bringup/share/leo_gz_bringup/local_setup.zsh
[0.084s] -- Up-to-date symlink: /home/asm/leo_ws/install/leo_gz_bringup/share/leo_gz_bringup/local_setup.dsv
[0.084s] -- Symlinking: /home/asm/leo_ws/install/leo_gz_bringup/share/leo_gz_bringup/package.dsv
[0.094s] -- Up-to-date symlink: /home/asm/leo_ws/install/leo_gz_bringup/share/ament_index/resource_index/packages/leo_gz_bringup
[0.094s] -- Up-to-date symlink: /home/asm/leo_ws/install/leo_gz_bringup/share/leo_gz_bringup/cmake/leo_gz_bringupConfig.cmake
[0.094s] -- Up-to-date symlink: /home/asm/leo_ws/install/leo_gz_bringup/share/leo_gz_bringup/cmake/leo_gz_bringupConfig-version.cmake
[0.094s] -- Up-to-date symlink: /home/asm/leo_ws/install/leo_gz_bringup/share/leo_gz_bringup/package.xml
[0.097s] Invoked command in '/home/asm/leo_ws/build/leo_gz_bringup' returned '0': CMAKE_PREFIX_PATH=/home/asm/leo_ws/install/leo_gz_worlds:/home/asm/leo_ws/install/leo_gz_plugins:/home/asm/leo_ws/install/leo:/home/asm/leo_ws/install/leo_teleop:/home/asm/leo_ws/install/leo_simulator:/home/asm/leo_ws/install/leo_msgs:/home/asm/leo_ws/install/leo_gz_bringup:/home/asm/leo_ws/install/leo_description:/home/asm/leo_ws/install/odom_package:/home/asm/leo_ws/install/leo_navigation:/opt/ros/humble LD_LIBRARY_PATH=/home/asm/leo_ws/install/leo_gz_plugins/lib:/home/asm/leo_ws/install/leo_msgs/lib:/usr/local/cuda-12.0/lib64:/opt/ros/humble/opt/rviz_ogre_vendor/lib:/opt/ros/humble/lib/x86_64-linux-gnu:/opt/ros/humble/lib /usr/bin/cmake --install /home/asm/leo_ws/build/leo_gz_bringup
