[0.261s] DEBUG:colcon:Command line arguments: ['/usr/bin/colcon', 'build']
[0.261s] DEBUG:colcon:Parsed command line arguments: Namespace(log_base=None, log_level=None, verb_name='build', build_base='build', install_base='install', merge_install=False, symlink_install=False, test_result_base=None, continue_on_error=False, executor='parallel', parallel_workers=12, event_handlers=None, ignore_user_meta=False, metas=['./colcon.meta'], base_paths=['.'], packages_ignore=None, packages_ignore_regex=None, paths=None, packages_up_to=None, packages_up_to_regex=None, packages_above=None, packages_above_and_dependencies=None, packages_above_depth=None, packages_select_by_dep=None, packages_skip_by_dep=None, packages_skip_up_to=None, packages_select_build_failed=False, packages_skip_build_finished=False, packages_select_test_failures=False, packages_skip_test_passed=False, packages_select=None, packages_skip=None, packages_select_regex=None, packages_skip_regex=None, packages_start=None, packages_end=None, allow_overriding=[], cmake_args=None, cmake_target=None, cmake_target_skip_unavailable=False, cmake_clean_cache=False, cmake_clean_first=False, cmake_force_configure=False, ament_cmake_args=None, catkin_cmake_args=None, catkin_skip_building_tests=False, mixin_files=None, mixin=None, verb_parser=<colcon_mixin.mixin.mixin_argument.MixinArgumentDecorator object at 0x7718e4743490>, verb_extension=<colcon_core.verb.build.BuildVerb object at 0x7718e4742ec0>, main=<bound method BuildVerb.main of <colcon_core.verb.build.BuildVerb object at 0x7718e4742ec0>>, mixin_verb=('build',))
[0.555s] Level 1:colcon.colcon_core.package_discovery:discover_packages(colcon_meta) check parameters
[0.555s] Level 1:colcon.colcon_core.package_discovery:discover_packages(recursive) check parameters
[0.555s] Level 1:colcon.colcon_core.package_discovery:discover_packages(ignore) check parameters
[0.555s] Level 1:colcon.colcon_core.package_discovery:discover_packages(path) check parameters
[0.555s] Level 1:colcon.colcon_core.package_discovery:discover_packages(colcon_meta) discover
[0.555s] Level 1:colcon.colcon_core.package_discovery:discover_packages(recursive) discover
[0.556s] INFO:colcon.colcon_core.package_discovery:Crawling recursively for packages in '/home/asm/leo_ws'
[0.556s] Level 1:colcon.colcon_core.package_identification:_identify(.) by extensions ['ignore', 'ignore_ament_install']
[0.556s] Level 1:colcon.colcon_core.package_identification:_identify(.) by extension 'ignore'
[0.556s] Level 1:colcon.colcon_core.package_identification:_identify(.) by extension 'ignore_ament_install'
[0.556s] Level 1:colcon.colcon_core.package_identification:_identify(.) by extensions ['colcon_pkg']
[0.556s] Level 1:colcon.colcon_core.package_identification:_identify(.) by extension 'colcon_pkg'
[0.556s] Level 1:colcon.colcon_core.package_identification:_identify(.) by extensions ['colcon_meta']
[0.556s] Level 1:colcon.colcon_core.package_identification:_identify(.) by extension 'colcon_meta'
[0.556s] Level 1:colcon.colcon_core.package_identification:_identify(.) by extensions ['ros']
[0.556s] Level 1:colcon.colcon_core.package_identification:_identify(.) by extension 'ros'
[0.573s] Level 1:colcon.colcon_core.package_identification:_identify(.) by extensions ['cmake', 'python']
[0.573s] Level 1:colcon.colcon_core.package_identification:_identify(.) by extension 'cmake'
[0.573s] Level 1:colcon.colcon_core.package_identification:_identify(.) by extension 'python'
[0.573s] Level 1:colcon.colcon_core.package_identification:_identify(.) by extensions ['python_setup_py']
[0.573s] Level 1:colcon.colcon_core.package_identification:_identify(.) by extension 'python_setup_py'
[0.573s] Level 1:colcon.colcon_core.package_identification:_identify(build) by extensions ['ignore', 'ignore_ament_install']
[0.573s] Level 1:colcon.colcon_core.package_identification:_identify(build) by extension 'ignore'
[0.573s] Level 1:colcon.colcon_core.package_identification:_identify(build) ignored
[0.573s] Level 1:colcon.colcon_core.package_identification:_identify(install) by extensions ['ignore', 'ignore_ament_install']
[0.573s] Level 1:colcon.colcon_core.package_identification:_identify(install) by extension 'ignore'
[0.573s] Level 1:colcon.colcon_core.package_identification:_identify(install) ignored
[0.573s] Level 1:colcon.colcon_core.package_identification:_identify(log) by extensions ['ignore', 'ignore_ament_install']
[0.573s] Level 1:colcon.colcon_core.package_identification:_identify(log) by extension 'ignore'
[0.574s] Level 1:colcon.colcon_core.package_identification:_identify(log) ignored
[0.574s] Level 1:colcon.colcon_core.package_identification:_identify(src) by extensions ['ignore', 'ignore_ament_install']
[0.574s] Level 1:colcon.colcon_core.package_identification:_identify(src) by extension 'ignore'
[0.574s] Level 1:colcon.colcon_core.package_identification:_identify(src) by extension 'ignore_ament_install'
[0.574s] Level 1:colcon.colcon_core.package_identification:_identify(src) by extensions ['colcon_pkg']
[0.574s] Level 1:colcon.colcon_core.package_identification:_identify(src) by extension 'colcon_pkg'
[0.574s] Level 1:colcon.colcon_core.package_identification:_identify(src) by extensions ['colcon_meta']
[0.574s] Level 1:colcon.colcon_core.package_identification:_identify(src) by extension 'colcon_meta'
[0.574s] Level 1:colcon.colcon_core.package_identification:_identify(src) by extensions ['ros']
[0.574s] Level 1:colcon.colcon_core.package_identification:_identify(src) by extension 'ros'
[0.574s] Level 1:colcon.colcon_core.package_identification:_identify(src) by extensions ['cmake', 'python']
[0.574s] Level 1:colcon.colcon_core.package_identification:_identify(src) by extension 'cmake'
[0.574s] Level 1:colcon.colcon_core.package_identification:_identify(src) by extension 'python'
[0.574s] Level 1:colcon.colcon_core.package_identification:_identify(src) by extensions ['python_setup_py']
[0.574s] Level 1:colcon.colcon_core.package_identification:_identify(src) by extension 'python_setup_py'
[0.574s] Level 1:colcon.colcon_core.package_identification:_identify(src/leo_common-ros2) by extensions ['ignore', 'ignore_ament_install']
[0.575s] Level 1:colcon.colcon_core.package_identification:_identify(src/leo_common-ros2) by extension 'ignore'
[0.575s] Level 1:colcon.colcon_core.package_identification:_identify(src/leo_common-ros2) by extension 'ignore_ament_install'
[0.575s] Level 1:colcon.colcon_core.package_identification:_identify(src/leo_common-ros2) by extensions ['colcon_pkg']
[0.575s] Level 1:colcon.colcon_core.package_identification:_identify(src/leo_common-ros2) by extension 'colcon_pkg'
[0.575s] Level 1:colcon.colcon_core.package_identification:_identify(src/leo_common-ros2) by extensions ['colcon_meta']
[0.575s] Level 1:colcon.colcon_core.package_identification:_identify(src/leo_common-ros2) by extension 'colcon_meta'
[0.575s] Level 1:colcon.colcon_core.package_identification:_identify(src/leo_common-ros2) by extensions ['ros']
[0.575s] Level 1:colcon.colcon_core.package_identification:_identify(src/leo_common-ros2) by extension 'ros'
[0.575s] Level 1:colcon.colcon_core.package_identification:_identify(src/leo_common-ros2) by extensions ['cmake', 'python']
[0.575s] Level 1:colcon.colcon_core.package_identification:_identify(src/leo_common-ros2) by extension 'cmake'
[0.575s] Level 1:colcon.colcon_core.package_identification:_identify(src/leo_common-ros2) by extension 'python'
[0.575s] Level 1:colcon.colcon_core.package_identification:_identify(src/leo_common-ros2) by extensions ['python_setup_py']
[0.575s] Level 1:colcon.colcon_core.package_identification:_identify(src/leo_common-ros2) by extension 'python_setup_py'
[0.575s] Level 1:colcon.colcon_core.package_identification:_identify(src/leo_common-ros2/leo) by extensions ['ignore', 'ignore_ament_install']
[0.575s] Level 1:colcon.colcon_core.package_identification:_identify(src/leo_common-ros2/leo) by extension 'ignore'
[0.575s] Level 1:colcon.colcon_core.package_identification:_identify(src/leo_common-ros2/leo) by extension 'ignore_ament_install'
[0.576s] Level 1:colcon.colcon_core.package_identification:_identify(src/leo_common-ros2/leo) by extensions ['colcon_pkg']
[0.576s] Level 1:colcon.colcon_core.package_identification:_identify(src/leo_common-ros2/leo) by extension 'colcon_pkg'
[0.576s] Level 1:colcon.colcon_core.package_identification:_identify(src/leo_common-ros2/leo) by extensions ['colcon_meta']
[0.576s] Level 1:colcon.colcon_core.package_identification:_identify(src/leo_common-ros2/leo) by extension 'colcon_meta'
[0.576s] Level 1:colcon.colcon_core.package_identification:_identify(src/leo_common-ros2/leo) by extensions ['ros']
[0.576s] Level 1:colcon.colcon_core.package_identification:_identify(src/leo_common-ros2/leo) by extension 'ros'
[0.579s] DEBUG:colcon.colcon_core.package_identification:Package 'src/leo_common-ros2/leo' with type 'ros.ament_cmake' and name 'leo'
[0.579s] Level 1:colcon.colcon_core.package_identification:_identify(src/leo_common-ros2/leo_description) by extensions ['ignore', 'ignore_ament_install']
[0.579s] Level 1:colcon.colcon_core.package_identification:_identify(src/leo_common-ros2/leo_description) by extension 'ignore'
[0.579s] Level 1:colcon.colcon_core.package_identification:_identify(src/leo_common-ros2/leo_description) by extension 'ignore_ament_install'
[0.579s] Level 1:colcon.colcon_core.package_identification:_identify(src/leo_common-ros2/leo_description) by extensions ['colcon_pkg']
[0.579s] Level 1:colcon.colcon_core.package_identification:_identify(src/leo_common-ros2/leo_description) by extension 'colcon_pkg'
[0.580s] Level 1:colcon.colcon_core.package_identification:_identify(src/leo_common-ros2/leo_description) by extensions ['colcon_meta']
[0.580s] Level 1:colcon.colcon_core.package_identification:_identify(src/leo_common-ros2/leo_description) by extension 'colcon_meta'
[0.580s] Level 1:colcon.colcon_core.package_identification:_identify(src/leo_common-ros2/leo_description) by extensions ['ros']
[0.580s] Level 1:colcon.colcon_core.package_identification:_identify(src/leo_common-ros2/leo_description) by extension 'ros'
[0.580s] DEBUG:colcon.colcon_core.package_identification:Package 'src/leo_common-ros2/leo_description' with type 'ros.ament_cmake' and name 'leo_description'
[0.581s] Level 1:colcon.colcon_core.package_identification:_identify(src/leo_common-ros2/leo_msgs) by extensions ['ignore', 'ignore_ament_install']
[0.581s] Level 1:colcon.colcon_core.package_identification:_identify(src/leo_common-ros2/leo_msgs) by extension 'ignore'
[0.581s] Level 1:colcon.colcon_core.package_identification:_identify(src/leo_common-ros2/leo_msgs) by extension 'ignore_ament_install'
[0.581s] Level 1:colcon.colcon_core.package_identification:_identify(src/leo_common-ros2/leo_msgs) by extensions ['colcon_pkg']
[0.581s] Level 1:colcon.colcon_core.package_identification:_identify(src/leo_common-ros2/leo_msgs) by extension 'colcon_pkg'
[0.581s] Level 1:colcon.colcon_core.package_identification:_identify(src/leo_common-ros2/leo_msgs) by extensions ['colcon_meta']
[0.581s] Level 1:colcon.colcon_core.package_identification:_identify(src/leo_common-ros2/leo_msgs) by extension 'colcon_meta'
[0.581s] Level 1:colcon.colcon_core.package_identification:_identify(src/leo_common-ros2/leo_msgs) by extensions ['ros']
[0.581s] Level 1:colcon.colcon_core.package_identification:_identify(src/leo_common-ros2/leo_msgs) by extension 'ros'
[0.582s] DEBUG:colcon.colcon_core.package_identification:Package 'src/leo_common-ros2/leo_msgs' with type 'ros.ament_cmake' and name 'leo_msgs'
[0.582s] Level 1:colcon.colcon_core.package_identification:_identify(src/leo_common-ros2/leo_teleop) by extensions ['ignore', 'ignore_ament_install']
[0.582s] Level 1:colcon.colcon_core.package_identification:_identify(src/leo_common-ros2/leo_teleop) by extension 'ignore'
[0.582s] Level 1:colcon.colcon_core.package_identification:_identify(src/leo_common-ros2/leo_teleop) by extension 'ignore_ament_install'
[0.582s] Level 1:colcon.colcon_core.package_identification:_identify(src/leo_common-ros2/leo_teleop) by extensions ['colcon_pkg']
[0.582s] Level 1:colcon.colcon_core.package_identification:_identify(src/leo_common-ros2/leo_teleop) by extension 'colcon_pkg'
[0.582s] Level 1:colcon.colcon_core.package_identification:_identify(src/leo_common-ros2/leo_teleop) by extensions ['colcon_meta']
[0.582s] Level 1:colcon.colcon_core.package_identification:_identify(src/leo_common-ros2/leo_teleop) by extension 'colcon_meta'
[0.582s] Level 1:colcon.colcon_core.package_identification:_identify(src/leo_common-ros2/leo_teleop) by extensions ['ros']
[0.582s] Level 1:colcon.colcon_core.package_identification:_identify(src/leo_common-ros2/leo_teleop) by extension 'ros'
[0.583s] DEBUG:colcon.colcon_core.package_identification:Package 'src/leo_common-ros2/leo_teleop' with type 'ros.ament_cmake' and name 'leo_teleop'
[0.583s] Level 1:colcon.colcon_core.package_identification:_identify(src/leo_navigation) by extensions ['ignore', 'ignore_ament_install']
[0.583s] Level 1:colcon.colcon_core.package_identification:_identify(src/leo_navigation) by extension 'ignore'
[0.583s] Level 1:colcon.colcon_core.package_identification:_identify(src/leo_navigation) by extension 'ignore_ament_install'
[0.583s] Level 1:colcon.colcon_core.package_identification:_identify(src/leo_navigation) by extensions ['colcon_pkg']
[0.583s] Level 1:colcon.colcon_core.package_identification:_identify(src/leo_navigation) by extension 'colcon_pkg'
[0.583s] Level 1:colcon.colcon_core.package_identification:_identify(src/leo_navigation) by extensions ['colcon_meta']
[0.583s] Level 1:colcon.colcon_core.package_identification:_identify(src/leo_navigation) by extension 'colcon_meta'
[0.583s] Level 1:colcon.colcon_core.package_identification:_identify(src/leo_navigation) by extensions ['ros']
[0.583s] Level 1:colcon.colcon_core.package_identification:_identify(src/leo_navigation) by extension 'ros'
[0.584s] DEBUG:colcon.colcon_core.package_identification:Package 'src/leo_navigation' with type 'ros.ament_python' and name 'leo_navigation'
[0.584s] Level 1:colcon.colcon_core.package_identification:_identify(src/leo_simulator-ros2) by extensions ['ignore', 'ignore_ament_install']
[0.584s] Level 1:colcon.colcon_core.package_identification:_identify(src/leo_simulator-ros2) by extension 'ignore'
[0.584s] Level 1:colcon.colcon_core.package_identification:_identify(src/leo_simulator-ros2) by extension 'ignore_ament_install'
[0.584s] Level 1:colcon.colcon_core.package_identification:_identify(src/leo_simulator-ros2) by extensions ['colcon_pkg']
[0.584s] Level 1:colcon.colcon_core.package_identification:_identify(src/leo_simulator-ros2) by extension 'colcon_pkg'
[0.584s] Level 1:colcon.colcon_core.package_identification:_identify(src/leo_simulator-ros2) by extensions ['colcon_meta']
[0.584s] Level 1:colcon.colcon_core.package_identification:_identify(src/leo_simulator-ros2) by extension 'colcon_meta'
[0.585s] Level 1:colcon.colcon_core.package_identification:_identify(src/leo_simulator-ros2) by extensions ['ros']
[0.585s] Level 1:colcon.colcon_core.package_identification:_identify(src/leo_simulator-ros2) by extension 'ros'
[0.585s] Level 1:colcon.colcon_core.package_identification:_identify(src/leo_simulator-ros2) by extensions ['cmake', 'python']
[0.585s] Level 1:colcon.colcon_core.package_identification:_identify(src/leo_simulator-ros2) by extension 'cmake'
[0.585s] Level 1:colcon.colcon_core.package_identification:_identify(src/leo_simulator-ros2) by extension 'python'
[0.585s] Level 1:colcon.colcon_core.package_identification:_identify(src/leo_simulator-ros2) by extensions ['python_setup_py']
[0.585s] Level 1:colcon.colcon_core.package_identification:_identify(src/leo_simulator-ros2) by extension 'python_setup_py'
[0.585s] Level 1:colcon.colcon_core.package_identification:_identify(src/leo_simulator-ros2/leo_gz_bringup) by extensions ['ignore', 'ignore_ament_install']
[0.585s] Level 1:colcon.colcon_core.package_identification:_identify(src/leo_simulator-ros2/leo_gz_bringup) by extension 'ignore'
[0.585s] Level 1:colcon.colcon_core.package_identification:_identify(src/leo_simulator-ros2/leo_gz_bringup) by extension 'ignore_ament_install'
[0.585s] Level 1:colcon.colcon_core.package_identification:_identify(src/leo_simulator-ros2/leo_gz_bringup) by extensions ['colcon_pkg']
[0.585s] Level 1:colcon.colcon_core.package_identification:_identify(src/leo_simulator-ros2/leo_gz_bringup) by extension 'colcon_pkg'
[0.585s] Level 1:colcon.colcon_core.package_identification:_identify(src/leo_simulator-ros2/leo_gz_bringup) by extensions ['colcon_meta']
[0.585s] Level 1:colcon.colcon_core.package_identification:_identify(src/leo_simulator-ros2/leo_gz_bringup) by extension 'colcon_meta'
[0.585s] Level 1:colcon.colcon_core.package_identification:_identify(src/leo_simulator-ros2/leo_gz_bringup) by extensions ['ros']
[0.585s] Level 1:colcon.colcon_core.package_identification:_identify(src/leo_simulator-ros2/leo_gz_bringup) by extension 'ros'
[0.586s] DEBUG:colcon.colcon_core.package_identification:Package 'src/leo_simulator-ros2/leo_gz_bringup' with type 'ros.ament_cmake' and name 'leo_gz_bringup'
[0.586s] Level 1:colcon.colcon_core.package_identification:_identify(src/leo_simulator-ros2/leo_gz_plugins) by extensions ['ignore', 'ignore_ament_install']
[0.586s] Level 1:colcon.colcon_core.package_identification:_identify(src/leo_simulator-ros2/leo_gz_plugins) by extension 'ignore'
[0.586s] Level 1:colcon.colcon_core.package_identification:_identify(src/leo_simulator-ros2/leo_gz_plugins) by extension 'ignore_ament_install'
[0.587s] Level 1:colcon.colcon_core.package_identification:_identify(src/leo_simulator-ros2/leo_gz_plugins) by extensions ['colcon_pkg']
[0.587s] Level 1:colcon.colcon_core.package_identification:_identify(src/leo_simulator-ros2/leo_gz_plugins) by extension 'colcon_pkg'
[0.587s] Level 1:colcon.colcon_core.package_identification:_identify(src/leo_simulator-ros2/leo_gz_plugins) by extensions ['colcon_meta']
[0.587s] Level 1:colcon.colcon_core.package_identification:_identify(src/leo_simulator-ros2/leo_gz_plugins) by extension 'colcon_meta'
[0.587s] Level 1:colcon.colcon_core.package_identification:_identify(src/leo_simulator-ros2/leo_gz_plugins) by extensions ['ros']
[0.587s] Level 1:colcon.colcon_core.package_identification:_identify(src/leo_simulator-ros2/leo_gz_plugins) by extension 'ros'
[0.597s] DEBUG:colcon.colcon_core.package_identification:Package 'src/leo_simulator-ros2/leo_gz_plugins' with type 'ros.ament_cmake' and name 'leo_gz_plugins'
[0.597s] Level 1:colcon.colcon_core.package_identification:_identify(src/leo_simulator-ros2/leo_gz_worlds) by extensions ['ignore', 'ignore_ament_install']
[0.597s] Level 1:colcon.colcon_core.package_identification:_identify(src/leo_simulator-ros2/leo_gz_worlds) by extension 'ignore'
[0.597s] Level 1:colcon.colcon_core.package_identification:_identify(src/leo_simulator-ros2/leo_gz_worlds) by extension 'ignore_ament_install'
[0.597s] Level 1:colcon.colcon_core.package_identification:_identify(src/leo_simulator-ros2/leo_gz_worlds) by extensions ['colcon_pkg']
[0.597s] Level 1:colcon.colcon_core.package_identification:_identify(src/leo_simulator-ros2/leo_gz_worlds) by extension 'colcon_pkg'
[0.597s] Level 1:colcon.colcon_core.package_identification:_identify(src/leo_simulator-ros2/leo_gz_worlds) by extensions ['colcon_meta']
[0.597s] Level 1:colcon.colcon_core.package_identification:_identify(src/leo_simulator-ros2/leo_gz_worlds) by extension 'colcon_meta'
[0.597s] Level 1:colcon.colcon_core.package_identification:_identify(src/leo_simulator-ros2/leo_gz_worlds) by extensions ['ros']
[0.597s] Level 1:colcon.colcon_core.package_identification:_identify(src/leo_simulator-ros2/leo_gz_worlds) by extension 'ros'
[0.598s] DEBUG:colcon.colcon_core.package_identification:Package 'src/leo_simulator-ros2/leo_gz_worlds' with type 'ros.ament_cmake' and name 'leo_gz_worlds'
[0.598s] Level 1:colcon.colcon_core.package_identification:_identify(src/leo_simulator-ros2/leo_simulator) by extensions ['ignore', 'ignore_ament_install']
[0.598s] Level 1:colcon.colcon_core.package_identification:_identify(src/leo_simulator-ros2/leo_simulator) by extension 'ignore'
[0.598s] Level 1:colcon.colcon_core.package_identification:_identify(src/leo_simulator-ros2/leo_simulator) by extension 'ignore_ament_install'
[0.598s] Level 1:colcon.colcon_core.package_identification:_identify(src/leo_simulator-ros2/leo_simulator) by extensions ['colcon_pkg']
[0.598s] Level 1:colcon.colcon_core.package_identification:_identify(src/leo_simulator-ros2/leo_simulator) by extension 'colcon_pkg'
[0.598s] Level 1:colcon.colcon_core.package_identification:_identify(src/leo_simulator-ros2/leo_simulator) by extensions ['colcon_meta']
[0.599s] Level 1:colcon.colcon_core.package_identification:_identify(src/leo_simulator-ros2/leo_simulator) by extension 'colcon_meta'
[0.599s] Level 1:colcon.colcon_core.package_identification:_identify(src/leo_simulator-ros2/leo_simulator) by extensions ['ros']
[0.599s] Level 1:colcon.colcon_core.package_identification:_identify(src/leo_simulator-ros2/leo_simulator) by extension 'ros'
[0.599s] DEBUG:colcon.colcon_core.package_identification:Package 'src/leo_simulator-ros2/leo_simulator' with type 'ros.ament_cmake' and name 'leo_simulator'
[0.599s] Level 1:colcon.colcon_core.package_discovery:discover_packages(recursive) using defaults
[0.599s] Level 1:colcon.colcon_core.package_discovery:discover_packages(ignore) discover
[0.599s] Level 1:colcon.colcon_core.package_discovery:discover_packages(ignore) using defaults
[0.599s] Level 1:colcon.colcon_core.package_discovery:discover_packages(path) discover
[0.599s] Level 1:colcon.colcon_core.package_discovery:discover_packages(path) using defaults
[0.640s] Level 1:colcon.colcon_core.package_discovery:discover_packages(prefix_path) check parameters
[0.640s] Level 1:colcon.colcon_core.package_discovery:discover_packages(prefix_path) discover
[0.644s] DEBUG:colcon.colcon_installed_package_information.package_discovery:Found 436 installed packages in /opt/ros/humble
[0.646s] Level 1:colcon.colcon_core.package_discovery:discover_packages(prefix_path) using defaults
[0.695s] Level 5:colcon.colcon_core.verb:set package 'leo_description' build argument 'cmake_args' from command line to 'None'
[0.695s] Level 5:colcon.colcon_core.verb:set package 'leo_description' build argument 'cmake_target' from command line to 'None'
[0.695s] Level 5:colcon.colcon_core.verb:set package 'leo_description' build argument 'cmake_target_skip_unavailable' from command line to 'False'
[0.695s] Level 5:colcon.colcon_core.verb:set package 'leo_description' build argument 'cmake_clean_cache' from command line to 'False'
[0.695s] Level 5:colcon.colcon_core.verb:set package 'leo_description' build argument 'cmake_clean_first' from command line to 'False'
[0.695s] Level 5:colcon.colcon_core.verb:set package 'leo_description' build argument 'cmake_force_configure' from command line to 'False'
[0.695s] Level 5:colcon.colcon_core.verb:set package 'leo_description' build argument 'ament_cmake_args' from command line to 'None'
[0.695s] Level 5:colcon.colcon_core.verb:set package 'leo_description' build argument 'catkin_cmake_args' from command line to 'None'
[0.695s] Level 5:colcon.colcon_core.verb:set package 'leo_description' build argument 'catkin_skip_building_tests' from command line to 'False'
[0.695s] DEBUG:colcon.colcon_core.verb:Building package 'leo_description' with the following arguments: {'ament_cmake_args': None, 'build_base': '/home/asm/leo_ws/build/leo_description', 'catkin_cmake_args': None, 'catkin_skip_building_tests': False, 'cmake_args': None, 'cmake_clean_cache': False, 'cmake_clean_first': False, 'cmake_force_configure': False, 'cmake_target': None, 'cmake_target_skip_unavailable': False, 'install_base': '/home/asm/leo_ws/install/leo_description', 'merge_install': False, 'path': '/home/asm/leo_ws/src/leo_common-ros2/leo_description', 'symlink_install': False, 'test_result_base': None}
[0.696s] Level 5:colcon.colcon_core.verb:set package 'leo_gz_plugins' build argument 'cmake_args' from command line to 'None'
[0.696s] Level 5:colcon.colcon_core.verb:set package 'leo_gz_plugins' build argument 'cmake_target' from command line to 'None'
[0.696s] Level 5:colcon.colcon_core.verb:set package 'leo_gz_plugins' build argument 'cmake_target_skip_unavailable' from command line to 'False'
[0.696s] Level 5:colcon.colcon_core.verb:set package 'leo_gz_plugins' build argument 'cmake_clean_cache' from command line to 'False'
[0.696s] Level 5:colcon.colcon_core.verb:set package 'leo_gz_plugins' build argument 'cmake_clean_first' from command line to 'False'
[0.696s] Level 5:colcon.colcon_core.verb:set package 'leo_gz_plugins' build argument 'cmake_force_configure' from command line to 'False'
[0.696s] Level 5:colcon.colcon_core.verb:set package 'leo_gz_plugins' build argument 'ament_cmake_args' from command line to 'None'
[0.696s] Level 5:colcon.colcon_core.verb:set package 'leo_gz_plugins' build argument 'catkin_cmake_args' from command line to 'None'
[0.696s] Level 5:colcon.colcon_core.verb:set package 'leo_gz_plugins' build argument 'catkin_skip_building_tests' from command line to 'False'
[0.696s] DEBUG:colcon.colcon_core.verb:Building package 'leo_gz_plugins' with the following arguments: {'ament_cmake_args': None, 'build_base': '/home/asm/leo_ws/build/leo_gz_plugins', 'catkin_cmake_args': None, 'catkin_skip_building_tests': False, 'cmake_args': None, 'cmake_clean_cache': False, 'cmake_clean_first': False, 'cmake_force_configure': False, 'cmake_target': None, 'cmake_target_skip_unavailable': False, 'install_base': '/home/asm/leo_ws/install/leo_gz_plugins', 'merge_install': False, 'path': '/home/asm/leo_ws/src/leo_simulator-ros2/leo_gz_plugins', 'symlink_install': False, 'test_result_base': None}
[0.696s] Level 5:colcon.colcon_core.verb:set package 'leo_gz_worlds' build argument 'cmake_args' from command line to 'None'
[0.696s] Level 5:colcon.colcon_core.verb:set package 'leo_gz_worlds' build argument 'cmake_target' from command line to 'None'
[0.696s] Level 5:colcon.colcon_core.verb:set package 'leo_gz_worlds' build argument 'cmake_target_skip_unavailable' from command line to 'False'
[0.696s] Level 5:colcon.colcon_core.verb:set package 'leo_gz_worlds' build argument 'cmake_clean_cache' from command line to 'False'
[0.696s] Level 5:colcon.colcon_core.verb:set package 'leo_gz_worlds' build argument 'cmake_clean_first' from command line to 'False'
[0.696s] Level 5:colcon.colcon_core.verb:set package 'leo_gz_worlds' build argument 'cmake_force_configure' from command line to 'False'
[0.696s] Level 5:colcon.colcon_core.verb:set package 'leo_gz_worlds' build argument 'ament_cmake_args' from command line to 'None'
[0.696s] Level 5:colcon.colcon_core.verb:set package 'leo_gz_worlds' build argument 'catkin_cmake_args' from command line to 'None'
[0.696s] Level 5:colcon.colcon_core.verb:set package 'leo_gz_worlds' build argument 'catkin_skip_building_tests' from command line to 'False'
[0.697s] DEBUG:colcon.colcon_core.verb:Building package 'leo_gz_worlds' with the following arguments: {'ament_cmake_args': None, 'build_base': '/home/asm/leo_ws/build/leo_gz_worlds', 'catkin_cmake_args': None, 'catkin_skip_building_tests': False, 'cmake_args': None, 'cmake_clean_cache': False, 'cmake_clean_first': False, 'cmake_force_configure': False, 'cmake_target': None, 'cmake_target_skip_unavailable': False, 'install_base': '/home/asm/leo_ws/install/leo_gz_worlds', 'merge_install': False, 'path': '/home/asm/leo_ws/src/leo_simulator-ros2/leo_gz_worlds', 'symlink_install': False, 'test_result_base': None}
[0.697s] Level 5:colcon.colcon_core.verb:set package 'leo_msgs' build argument 'cmake_args' from command line to 'None'
[0.697s] Level 5:colcon.colcon_core.verb:set package 'leo_msgs' build argument 'cmake_target' from command line to 'None'
[0.697s] Level 5:colcon.colcon_core.verb:set package 'leo_msgs' build argument 'cmake_target_skip_unavailable' from command line to 'False'
[0.697s] Level 5:colcon.colcon_core.verb:set package 'leo_msgs' build argument 'cmake_clean_cache' from command line to 'False'
[0.697s] Level 5:colcon.colcon_core.verb:set package 'leo_msgs' build argument 'cmake_clean_first' from command line to 'False'
[0.697s] Level 5:colcon.colcon_core.verb:set package 'leo_msgs' build argument 'cmake_force_configure' from command line to 'False'
[0.697s] Level 5:colcon.colcon_core.verb:set package 'leo_msgs' build argument 'ament_cmake_args' from command line to 'None'
[0.697s] Level 5:colcon.colcon_core.verb:set package 'leo_msgs' build argument 'catkin_cmake_args' from command line to 'None'
[0.697s] Level 5:colcon.colcon_core.verb:set package 'leo_msgs' build argument 'catkin_skip_building_tests' from command line to 'False'
[0.697s] DEBUG:colcon.colcon_core.verb:Building package 'leo_msgs' with the following arguments: {'ament_cmake_args': None, 'build_base': '/home/asm/leo_ws/build/leo_msgs', 'catkin_cmake_args': None, 'catkin_skip_building_tests': False, 'cmake_args': None, 'cmake_clean_cache': False, 'cmake_clean_first': False, 'cmake_force_configure': False, 'cmake_target': None, 'cmake_target_skip_unavailable': False, 'install_base': '/home/asm/leo_ws/install/leo_msgs', 'merge_install': False, 'path': '/home/asm/leo_ws/src/leo_common-ros2/leo_msgs', 'symlink_install': False, 'test_result_base': None}
[0.697s] Level 5:colcon.colcon_core.verb:set package 'leo_navigation' build argument 'cmake_args' from command line to 'None'
[0.697s] Level 5:colcon.colcon_core.verb:set package 'leo_navigation' build argument 'cmake_target' from command line to 'None'
[0.697s] Level 5:colcon.colcon_core.verb:set package 'leo_navigation' build argument 'cmake_target_skip_unavailable' from command line to 'False'
[0.697s] Level 5:colcon.colcon_core.verb:set package 'leo_navigation' build argument 'cmake_clean_cache' from command line to 'False'
[0.698s] Level 5:colcon.colcon_core.verb:set package 'leo_navigation' build argument 'cmake_clean_first' from command line to 'False'
[0.698s] Level 5:colcon.colcon_core.verb:set package 'leo_navigation' build argument 'cmake_force_configure' from command line to 'False'
[0.698s] Level 5:colcon.colcon_core.verb:set package 'leo_navigation' build argument 'ament_cmake_args' from command line to 'None'
[0.698s] Level 5:colcon.colcon_core.verb:set package 'leo_navigation' build argument 'catkin_cmake_args' from command line to 'None'
[0.698s] Level 5:colcon.colcon_core.verb:set package 'leo_navigation' build argument 'catkin_skip_building_tests' from command line to 'False'
[0.698s] DEBUG:colcon.colcon_core.verb:Building package 'leo_navigation' with the following arguments: {'ament_cmake_args': None, 'build_base': '/home/asm/leo_ws/build/leo_navigation', 'catkin_cmake_args': None, 'catkin_skip_building_tests': False, 'cmake_args': None, 'cmake_clean_cache': False, 'cmake_clean_first': False, 'cmake_force_configure': False, 'cmake_target': None, 'cmake_target_skip_unavailable': False, 'install_base': '/home/asm/leo_ws/install/leo_navigation', 'merge_install': False, 'path': '/home/asm/leo_ws/src/leo_navigation', 'symlink_install': False, 'test_result_base': None}
[0.698s] Level 5:colcon.colcon_core.verb:set package 'leo_teleop' build argument 'cmake_args' from command line to 'None'
[0.698s] Level 5:colcon.colcon_core.verb:set package 'leo_teleop' build argument 'cmake_target' from command line to 'None'
[0.698s] Level 5:colcon.colcon_core.verb:set package 'leo_teleop' build argument 'cmake_target_skip_unavailable' from command line to 'False'
[0.698s] Level 5:colcon.colcon_core.verb:set package 'leo_teleop' build argument 'cmake_clean_cache' from command line to 'False'
[0.698s] Level 5:colcon.colcon_core.verb:set package 'leo_teleop' build argument 'cmake_clean_first' from command line to 'False'
[0.698s] Level 5:colcon.colcon_core.verb:set package 'leo_teleop' build argument 'cmake_force_configure' from command line to 'False'
[0.698s] Level 5:colcon.colcon_core.verb:set package 'leo_teleop' build argument 'ament_cmake_args' from command line to 'None'
[0.698s] Level 5:colcon.colcon_core.verb:set package 'leo_teleop' build argument 'catkin_cmake_args' from command line to 'None'
[0.698s] Level 5:colcon.colcon_core.verb:set package 'leo_teleop' build argument 'catkin_skip_building_tests' from command line to 'False'
[0.698s] DEBUG:colcon.colcon_core.verb:Building package 'leo_teleop' with the following arguments: {'ament_cmake_args': None, 'build_base': '/home/asm/leo_ws/build/leo_teleop', 'catkin_cmake_args': None, 'catkin_skip_building_tests': False, 'cmake_args': None, 'cmake_clean_cache': False, 'cmake_clean_first': False, 'cmake_force_configure': False, 'cmake_target': None, 'cmake_target_skip_unavailable': False, 'install_base': '/home/asm/leo_ws/install/leo_teleop', 'merge_install': False, 'path': '/home/asm/leo_ws/src/leo_common-ros2/leo_teleop', 'symlink_install': False, 'test_result_base': None}
[0.699s] Level 5:colcon.colcon_core.verb:set package 'leo' build argument 'cmake_args' from command line to 'None'
[0.699s] Level 5:colcon.colcon_core.verb:set package 'leo' build argument 'cmake_target' from command line to 'None'
[0.699s] Level 5:colcon.colcon_core.verb:set package 'leo' build argument 'cmake_target_skip_unavailable' from command line to 'False'
[0.699s] Level 5:colcon.colcon_core.verb:set package 'leo' build argument 'cmake_clean_cache' from command line to 'False'
[0.699s] Level 5:colcon.colcon_core.verb:set package 'leo' build argument 'cmake_clean_first' from command line to 'False'
[0.699s] Level 5:colcon.colcon_core.verb:set package 'leo' build argument 'cmake_force_configure' from command line to 'False'
[0.699s] Level 5:colcon.colcon_core.verb:set package 'leo' build argument 'ament_cmake_args' from command line to 'None'
[0.699s] Level 5:colcon.colcon_core.verb:set package 'leo' build argument 'catkin_cmake_args' from command line to 'None'
[0.699s] Level 5:colcon.colcon_core.verb:set package 'leo' build argument 'catkin_skip_building_tests' from command line to 'False'
[0.699s] DEBUG:colcon.colcon_core.verb:Building package 'leo' with the following arguments: {'ament_cmake_args': None, 'build_base': '/home/asm/leo_ws/build/leo', 'catkin_cmake_args': None, 'catkin_skip_building_tests': False, 'cmake_args': None, 'cmake_clean_cache': False, 'cmake_clean_first': False, 'cmake_force_configure': False, 'cmake_target': None, 'cmake_target_skip_unavailable': False, 'install_base': '/home/asm/leo_ws/install/leo', 'merge_install': False, 'path': '/home/asm/leo_ws/src/leo_common-ros2/leo', 'symlink_install': False, 'test_result_base': None}
[0.699s] Level 5:colcon.colcon_core.verb:set package 'leo_gz_bringup' build argument 'cmake_args' from command line to 'None'
[0.699s] Level 5:colcon.colcon_core.verb:set package 'leo_gz_bringup' build argument 'cmake_target' from command line to 'None'
[0.699s] Level 5:colcon.colcon_core.verb:set package 'leo_gz_bringup' build argument 'cmake_target_skip_unavailable' from command line to 'False'
[0.699s] Level 5:colcon.colcon_core.verb:set package 'leo_gz_bringup' build argument 'cmake_clean_cache' from command line to 'False'
[0.699s] Level 5:colcon.colcon_core.verb:set package 'leo_gz_bringup' build argument 'cmake_clean_first' from command line to 'False'
[0.699s] Level 5:colcon.colcon_core.verb:set package 'leo_gz_bringup' build argument 'cmake_force_configure' from command line to 'False'
[0.699s] Level 5:colcon.colcon_core.verb:set package 'leo_gz_bringup' build argument 'ament_cmake_args' from command line to 'None'
[0.699s] Level 5:colcon.colcon_core.verb:set package 'leo_gz_bringup' build argument 'catkin_cmake_args' from command line to 'None'
[0.699s] Level 5:colcon.colcon_core.verb:set package 'leo_gz_bringup' build argument 'catkin_skip_building_tests' from command line to 'False'
[0.699s] DEBUG:colcon.colcon_core.verb:Building package 'leo_gz_bringup' with the following arguments: {'ament_cmake_args': None, 'build_base': '/home/asm/leo_ws/build/leo_gz_bringup', 'catkin_cmake_args': None, 'catkin_skip_building_tests': False, 'cmake_args': None, 'cmake_clean_cache': False, 'cmake_clean_first': False, 'cmake_force_configure': False, 'cmake_target': None, 'cmake_target_skip_unavailable': False, 'install_base': '/home/asm/leo_ws/install/leo_gz_bringup', 'merge_install': False, 'path': '/home/asm/leo_ws/src/leo_simulator-ros2/leo_gz_bringup', 'symlink_install': False, 'test_result_base': None}
[0.700s] Level 5:colcon.colcon_core.verb:set package 'leo_simulator' build argument 'cmake_args' from command line to 'None'
[0.700s] Level 5:colcon.colcon_core.verb:set package 'leo_simulator' build argument 'cmake_target' from command line to 'None'
[0.700s] Level 5:colcon.colcon_core.verb:set package 'leo_simulator' build argument 'cmake_target_skip_unavailable' from command line to 'False'
[0.700s] Level 5:colcon.colcon_core.verb:set package 'leo_simulator' build argument 'cmake_clean_cache' from command line to 'False'
[0.700s] Level 5:colcon.colcon_core.verb:set package 'leo_simulator' build argument 'cmake_clean_first' from command line to 'False'
[0.700s] Level 5:colcon.colcon_core.verb:set package 'leo_simulator' build argument 'cmake_force_configure' from command line to 'False'
[0.700s] Level 5:colcon.colcon_core.verb:set package 'leo_simulator' build argument 'ament_cmake_args' from command line to 'None'
[0.700s] Level 5:colcon.colcon_core.verb:set package 'leo_simulator' build argument 'catkin_cmake_args' from command line to 'None'
[0.700s] Level 5:colcon.colcon_core.verb:set package 'leo_simulator' build argument 'catkin_skip_building_tests' from command line to 'False'
[0.700s] DEBUG:colcon.colcon_core.verb:Building package 'leo_simulator' with the following arguments: {'ament_cmake_args': None, 'build_base': '/home/asm/leo_ws/build/leo_simulator', 'catkin_cmake_args': None, 'catkin_skip_building_tests': False, 'cmake_args': None, 'cmake_clean_cache': False, 'cmake_clean_first': False, 'cmake_force_configure': False, 'cmake_target': None, 'cmake_target_skip_unavailable': False, 'install_base': '/home/asm/leo_ws/install/leo_simulator', 'merge_install': False, 'path': '/home/asm/leo_ws/src/leo_simulator-ros2/leo_simulator', 'symlink_install': False, 'test_result_base': None}
[0.700s] INFO:colcon.colcon_core.executor:Executing jobs using 'parallel' executor
[0.701s] DEBUG:colcon.colcon_parallel_executor.executor.parallel:run_until_complete
[0.701s] INFO:colcon.colcon_ros.task.ament_cmake.build:Building ROS package in '/home/asm/leo_ws/src/leo_simulator-ros2/leo_gz_plugins' with build type 'ament_cmake'
[0.701s] INFO:colcon.colcon_cmake.task.cmake.build:Building CMake package in '/home/asm/leo_ws/src/leo_simulator-ros2/leo_gz_plugins'
[0.705s] INFO:colcon.colcon_core.plugin_system:Skipping extension 'colcon_core.shell.bat': Not used on non-Windows systems
[0.705s] INFO:colcon.colcon_core.shell:Skip shell extension 'powershell' for command environment: Not usable outside of PowerShell
[0.705s] DEBUG:colcon.colcon_core.shell:Skip shell extension 'dsv' for command environment
[0.708s] INFO:colcon.colcon_ros.task.ament_cmake.build:Building ROS package in '/home/asm/leo_ws/src/leo_simulator-ros2/leo_gz_worlds' with build type 'ament_cmake'
[0.708s] INFO:colcon.colcon_cmake.task.cmake.build:Building CMake package in '/home/asm/leo_ws/src/leo_simulator-ros2/leo_gz_worlds'
[0.709s] INFO:colcon.colcon_core.shell:Skip shell extension 'powershell' for command environment: Not usable outside of PowerShell
[0.709s] DEBUG:colcon.colcon_core.shell:Skip shell extension 'dsv' for command environment
[0.711s] INFO:colcon.colcon_ros.task.ament_cmake.build:Building ROS package in '/home/asm/leo_ws/src/leo_common-ros2/leo_description' with build type 'ament_cmake'
[0.711s] INFO:colcon.colcon_cmake.task.cmake.build:Building CMake package in '/home/asm/leo_ws/src/leo_common-ros2/leo_description'
[0.711s] INFO:colcon.colcon_core.shell:Skip shell extension 'powershell' for command environment: Not usable outside of PowerShell
[0.711s] DEBUG:colcon.colcon_core.shell:Skip shell extension 'dsv' for command environment
[0.714s] INFO:colcon.colcon_ros.task.ament_cmake.build:Building ROS package in '/home/asm/leo_ws/src/leo_common-ros2/leo_msgs' with build type 'ament_cmake'
[0.714s] INFO:colcon.colcon_cmake.task.cmake.build:Building CMake package in '/home/asm/leo_ws/src/leo_common-ros2/leo_msgs'
[0.714s] INFO:colcon.colcon_core.shell:Skip shell extension 'powershell' for command environment: Not usable outside of PowerShell
[0.714s] DEBUG:colcon.colcon_core.shell:Skip shell extension 'dsv' for command environment
[0.717s] INFO:colcon.colcon_ros.task.ament_cmake.build:Building ROS package in '/home/asm/leo_ws/src/leo_common-ros2/leo_teleop' with build type 'ament_cmake'
[0.717s] INFO:colcon.colcon_cmake.task.cmake.build:Building CMake package in '/home/asm/leo_ws/src/leo_common-ros2/leo_teleop'
[0.717s] INFO:colcon.colcon_core.shell:Skip shell extension 'powershell' for command environment: Not usable outside of PowerShell
[0.717s] DEBUG:colcon.colcon_core.shell:Skip shell extension 'dsv' for command environment
[0.719s] INFO:colcon.colcon_ros.task.ament_python.build:Building ROS package in '/home/asm/leo_ws/src/leo_navigation' with build type 'ament_python'
[0.720s] Level 1:colcon.colcon_core.shell:create_environment_hook('leo_navigation', 'ament_prefix_path')
[0.720s] INFO:colcon.colcon_core.shell:Creating environment hook '/home/asm/leo_ws/install/leo_navigation/share/leo_navigation/hook/ament_prefix_path.ps1'
[0.721s] INFO:colcon.colcon_core.shell:Creating environment descriptor '/home/asm/leo_ws/install/leo_navigation/share/leo_navigation/hook/ament_prefix_path.dsv'
[0.721s] INFO:colcon.colcon_core.shell:Creating environment hook '/home/asm/leo_ws/install/leo_navigation/share/leo_navigation/hook/ament_prefix_path.sh'
[0.722s] INFO:colcon.colcon_core.shell:Skip shell extension 'powershell' for command environment: Not usable outside of PowerShell
[0.722s] DEBUG:colcon.colcon_core.shell:Skip shell extension 'dsv' for command environment
[0.732s] DEBUG:colcon.colcon_core.event_handler.log_command:Invoking command in '/home/asm/leo_ws/build/leo_gz_plugins': CMAKE_PREFIX_PATH=/opt/ros/humble /usr/bin/cmake --build /home/asm/leo_ws/build/leo_gz_plugins -- -j12 -l12
[0.734s] DEBUG:colcon.colcon_core.event_handler.log_command:Invoking command in '/home/asm/leo_ws/build/leo_gz_worlds': CMAKE_PREFIX_PATH=/opt/ros/humble /usr/bin/cmake --build /home/asm/leo_ws/build/leo_gz_worlds -- -j12 -l12
[0.737s] DEBUG:colcon.colcon_core.event_handler.log_command:Invoking command in '/home/asm/leo_ws/build/leo_description': CMAKE_PREFIX_PATH=/opt/ros/humble /usr/bin/cmake --build /home/asm/leo_ws/build/leo_description -- -j12 -l12
[0.739s] DEBUG:colcon.colcon_core.event_handler.log_command:Invoking command in '/home/asm/leo_ws/build/leo_msgs': CMAKE_PREFIX_PATH=/opt/ros/humble /usr/bin/cmake --build /home/asm/leo_ws/build/leo_msgs -- -j12 -l12
[0.742s] DEBUG:colcon.colcon_core.event_handler.log_command:Invoking command in '/home/asm/leo_ws/build/leo_teleop': CMAKE_PREFIX_PATH=/opt/ros/humble /usr/bin/cmake --build /home/asm/leo_ws/build/leo_teleop -- -j12 -l12
[1.107s] INFO:colcon.colcon_core.task.python.build:Building Python package in '/home/asm/leo_ws/src/leo_navigation'
[1.108s] INFO:colcon.colcon_core.shell:Skip shell extension 'powershell' for command environment: Not usable outside of PowerShell
[1.108s] DEBUG:colcon.colcon_core.shell:Skip shell extension 'dsv' for command environment
[1.118s] DEBUG:colcon.colcon_core.event_handler.log_command:Invoked command in '/home/asm/leo_ws/build/leo_teleop' returned '0': CMAKE_PREFIX_PATH=/opt/ros/humble /usr/bin/cmake --build /home/asm/leo_ws/build/leo_teleop -- -j12 -l12
[1.137s] DEBUG:colcon.colcon_core.event_handler.log_command:Invoked command in '/home/asm/leo_ws/build/leo_gz_worlds' returned '0': CMAKE_PREFIX_PATH=/opt/ros/humble /usr/bin/cmake --build /home/asm/leo_ws/build/leo_gz_worlds -- -j12 -l12
[1.158s] DEBUG:colcon.colcon_core.event_handler.log_command:Invoked command in '/home/asm/leo_ws/build/leo_description' returned '0': CMAKE_PREFIX_PATH=/opt/ros/humble /usr/bin/cmake --build /home/asm/leo_ws/build/leo_description -- -j12 -l12
[1.303s] DEBUG:colcon.colcon_core.event_handler.log_command:Invoking command in '/home/asm/leo_ws/build/leo_gz_worlds': CMAKE_PREFIX_PATH=/opt/ros/humble /usr/bin/cmake --install /home/asm/leo_ws/build/leo_gz_worlds
[1.329s] DEBUG:colcon.colcon_core.event_handler.log_command:Invoking command in '/home/asm/leo_ws/build/leo_description': CMAKE_PREFIX_PATH=/opt/ros/humble /usr/bin/cmake --install /home/asm/leo_ws/build/leo_description
[1.350s] DEBUG:colcon.colcon_core.event_handler.log_command:Invoking command in '/home/asm/leo_ws/build/leo_teleop': CMAKE_PREFIX_PATH=/opt/ros/humble /usr/bin/cmake --install /home/asm/leo_ws/build/leo_teleop
[1.382s] Level 1:colcon.colcon_core.environment:create_environment_scripts_only(leo_gz_worlds)
[1.383s] DEBUG:colcon.colcon_core.event_handler.log_command:Invoked command in '/home/asm/leo_ws/build/leo_gz_worlds' returned '0': CMAKE_PREFIX_PATH=/opt/ros/humble /usr/bin/cmake --install /home/asm/leo_ws/build/leo_gz_worlds
[1.392s] Level 1:colcon.colcon_core.environment:checking '/home/asm/leo_ws/install/leo_gz_worlds' for CMake module files
[1.393s] Level 1:colcon.colcon_core.environment:checking '/home/asm/leo_ws/install/leo_gz_worlds' for CMake config files
[1.394s] Level 1:colcon.colcon_core.shell:create_environment_hook('leo_gz_worlds', 'cmake_prefix_path')
[1.395s] INFO:colcon.colcon_core.shell:Creating environment hook '/home/asm/leo_ws/install/leo_gz_worlds/share/leo_gz_worlds/hook/cmake_prefix_path.ps1'
[1.396s] INFO:colcon.colcon_core.shell:Creating environment descriptor '/home/asm/leo_ws/install/leo_gz_worlds/share/leo_gz_worlds/hook/cmake_prefix_path.dsv'
[1.396s] INFO:colcon.colcon_core.shell:Creating environment hook '/home/asm/leo_ws/install/leo_gz_worlds/share/leo_gz_worlds/hook/cmake_prefix_path.sh'
[1.397s] Level 1:colcon.colcon_core.environment:checking '/home/asm/leo_ws/install/leo_gz_worlds/bin'
[1.397s] Level 1:colcon.colcon_core.environment:checking '/home/asm/leo_ws/install/leo_gz_worlds/lib/pkgconfig/leo_gz_worlds.pc'
[1.398s] Level 1:colcon.colcon_core.environment:checking '/home/asm/leo_ws/install/leo_gz_worlds/lib/python3.10/site-packages'
[1.398s] Level 1:colcon.colcon_core.environment:checking '/home/asm/leo_ws/install/leo_gz_worlds/bin'
[1.398s] INFO:colcon.colcon_core.shell:Creating package script '/home/asm/leo_ws/install/leo_gz_worlds/share/leo_gz_worlds/package.ps1'
[1.400s] INFO:colcon.colcon_core.shell:Creating package descriptor '/home/asm/leo_ws/install/leo_gz_worlds/share/leo_gz_worlds/package.dsv'
[1.404s] INFO:colcon.colcon_core.shell:Creating package script '/home/asm/leo_ws/install/leo_gz_worlds/share/leo_gz_worlds/package.sh'
[1.407s] INFO:colcon.colcon_core.shell:Creating package script '/home/asm/leo_ws/install/leo_gz_worlds/share/leo_gz_worlds/package.bash'
[1.413s] INFO:colcon.colcon_core.shell:Creating package script '/home/asm/leo_ws/install/leo_gz_worlds/share/leo_gz_worlds/package.zsh'
[1.419s] Level 1:colcon.colcon_core.environment:create_file_with_runtime_dependencies(/home/asm/leo_ws/install/leo_gz_worlds/share/colcon-core/packages/leo_gz_worlds)
[1.438s] Level 1:colcon.colcon_core.environment:create_environment_scripts_only(leo_description)
[1.439s] Level 1:colcon.colcon_core.environment:checking '/home/asm/leo_ws/install/leo_description' for CMake module files
[1.440s] DEBUG:colcon.colcon_core.event_handler.log_command:Invoked command in '/home/asm/leo_ws/build/leo_description' returned '0': CMAKE_PREFIX_PATH=/opt/ros/humble /usr/bin/cmake --install /home/asm/leo_ws/build/leo_description
[1.443s] Level 1:colcon.colcon_core.environment:checking '/home/asm/leo_ws/install/leo_description' for CMake config files
[1.447s] Level 1:colcon.colcon_core.shell:create_environment_hook('leo_description', 'cmake_prefix_path')
[1.448s] INFO:colcon.colcon_core.shell:Creating environment hook '/home/asm/leo_ws/install/leo_description/share/leo_description/hook/cmake_prefix_path.ps1'
[1.448s] INFO:colcon.colcon_core.shell:Creating environment descriptor '/home/asm/leo_ws/install/leo_description/share/leo_description/hook/cmake_prefix_path.dsv'
[1.449s] INFO:colcon.colcon_core.shell:Creating environment hook '/home/asm/leo_ws/install/leo_description/share/leo_description/hook/cmake_prefix_path.sh'
[1.449s] Level 1:colcon.colcon_core.environment:checking '/home/asm/leo_ws/install/leo_description/bin'
[1.450s] Level 1:colcon.colcon_core.environment:checking '/home/asm/leo_ws/install/leo_description/lib/pkgconfig/leo_description.pc'
[1.450s] Level 1:colcon.colcon_core.environment:checking '/home/asm/leo_ws/install/leo_description/lib/python3.10/site-packages'
[1.450s] Level 1:colcon.colcon_core.environment:checking '/home/asm/leo_ws/install/leo_description/bin'
[1.451s] INFO:colcon.colcon_core.shell:Creating package script '/home/asm/leo_ws/install/leo_description/share/leo_description/package.ps1'
[1.452s] INFO:colcon.colcon_core.shell:Creating package descriptor '/home/asm/leo_ws/install/leo_description/share/leo_description/package.dsv'
[1.452s] INFO:colcon.colcon_core.shell:Creating package script '/home/asm/leo_ws/install/leo_description/share/leo_description/package.sh'
[1.453s] INFO:colcon.colcon_core.shell:Creating package script '/home/asm/leo_ws/install/leo_description/share/leo_description/package.bash'
[1.453s] INFO:colcon.colcon_core.shell:Creating package script '/home/asm/leo_ws/install/leo_description/share/leo_description/package.zsh'
[1.453s] Level 1:colcon.colcon_core.environment:create_file_with_runtime_dependencies(/home/asm/leo_ws/install/leo_description/share/colcon-core/packages/leo_description)
[1.476s] Level 1:colcon.colcon_core.environment:create_environment_scripts_only(leo_teleop)
[1.477s] Level 1:colcon.colcon_core.environment:checking '/home/asm/leo_ws/install/leo_teleop' for CMake module files
[1.477s] Level 1:colcon.colcon_core.environment:checking '/home/asm/leo_ws/install/leo_teleop' for CMake config files
[1.478s] DEBUG:colcon.colcon_core.event_handler.log_command:Invoked command in '/home/asm/leo_ws/build/leo_teleop' returned '0': CMAKE_PREFIX_PATH=/opt/ros/humble /usr/bin/cmake --install /home/asm/leo_ws/build/leo_teleop
[1.478s] Level 1:colcon.colcon_core.shell:create_environment_hook('leo_teleop', 'cmake_prefix_path')
[1.479s] INFO:colcon.colcon_core.shell:Creating environment hook '/home/asm/leo_ws/install/leo_teleop/share/leo_teleop/hook/cmake_prefix_path.ps1'
[1.480s] INFO:colcon.colcon_core.shell:Creating environment descriptor '/home/asm/leo_ws/install/leo_teleop/share/leo_teleop/hook/cmake_prefix_path.dsv'
[1.480s] INFO:colcon.colcon_core.shell:Creating environment hook '/home/asm/leo_ws/install/leo_teleop/share/leo_teleop/hook/cmake_prefix_path.sh'
[1.481s] Level 1:colcon.colcon_core.environment:checking '/home/asm/leo_ws/install/leo_teleop/bin'
[1.481s] Level 1:colcon.colcon_core.environment:checking '/home/asm/leo_ws/install/leo_teleop/lib/pkgconfig/leo_teleop.pc'
[1.481s] Level 1:colcon.colcon_core.environment:checking '/home/asm/leo_ws/install/leo_teleop/lib/python3.10/site-packages'
[1.481s] Level 1:colcon.colcon_core.environment:checking '/home/asm/leo_ws/install/leo_teleop/bin'
[1.482s] INFO:colcon.colcon_core.shell:Creating package script '/home/asm/leo_ws/install/leo_teleop/share/leo_teleop/package.ps1'
[1.482s] INFO:colcon.colcon_core.shell:Creating package descriptor '/home/asm/leo_ws/install/leo_teleop/share/leo_teleop/package.dsv'
[1.483s] INFO:colcon.colcon_core.shell:Creating package script '/home/asm/leo_ws/install/leo_teleop/share/leo_teleop/package.sh'
[1.483s] INFO:colcon.colcon_core.shell:Creating package script '/home/asm/leo_ws/install/leo_teleop/share/leo_teleop/package.bash'
[1.484s] INFO:colcon.colcon_core.shell:Creating package script '/home/asm/leo_ws/install/leo_teleop/share/leo_teleop/package.zsh'
[1.484s] Level 1:colcon.colcon_core.environment:create_file_with_runtime_dependencies(/home/asm/leo_ws/install/leo_teleop/share/colcon-core/packages/leo_teleop)
[1.560s] Level 1:colcon.colcon_core.environment:create_environment_scripts_only(leo_gz_worlds)
[1.560s] Level 1:colcon.colcon_core.environment:checking '/home/asm/leo_ws/install/leo_gz_worlds' for CMake module files
[1.561s] Level 1:colcon.colcon_core.environment:checking '/home/asm/leo_ws/install/leo_gz_worlds' for CMake config files
[1.562s] Level 1:colcon.colcon_core.shell:create_environment_hook('leo_gz_worlds', 'cmake_prefix_path')
[1.562s] INFO:colcon.colcon_core.shell:Creating environment hook '/home/asm/leo_ws/install/leo_gz_worlds/share/leo_gz_worlds/hook/cmake_prefix_path.ps1'
[1.563s] INFO:colcon.colcon_core.shell:Creating environment descriptor '/home/asm/leo_ws/install/leo_gz_worlds/share/leo_gz_worlds/hook/cmake_prefix_path.dsv'
[1.563s] INFO:colcon.colcon_core.shell:Creating environment hook '/home/asm/leo_ws/install/leo_gz_worlds/share/leo_gz_worlds/hook/cmake_prefix_path.sh'
[1.564s] Level 1:colcon.colcon_core.environment:checking '/home/asm/leo_ws/install/leo_gz_worlds/bin'
[1.564s] Level 1:colcon.colcon_core.environment:checking '/home/asm/leo_ws/install/leo_gz_worlds/lib/pkgconfig/leo_gz_worlds.pc'
[1.564s] Level 1:colcon.colcon_core.environment:checking '/home/asm/leo_ws/install/leo_gz_worlds/lib/python3.10/site-packages'
[1.565s] Level 1:colcon.colcon_core.environment:checking '/home/asm/leo_ws/install/leo_gz_worlds/bin'
[1.565s] INFO:colcon.colcon_core.shell:Creating package script '/home/asm/leo_ws/install/leo_gz_worlds/share/leo_gz_worlds/package.ps1'
[1.566s] INFO:colcon.colcon_core.shell:Creating package descriptor '/home/asm/leo_ws/install/leo_gz_worlds/share/leo_gz_worlds/package.dsv'
[1.567s] INFO:colcon.colcon_core.shell:Creating package script '/home/asm/leo_ws/install/leo_gz_worlds/share/leo_gz_worlds/package.sh'
[1.567s] INFO:colcon.colcon_core.shell:Creating package script '/home/asm/leo_ws/install/leo_gz_worlds/share/leo_gz_worlds/package.bash'
[1.568s] INFO:colcon.colcon_core.shell:Creating package script '/home/asm/leo_ws/install/leo_gz_worlds/share/leo_gz_worlds/package.zsh'
[1.568s] Level 1:colcon.colcon_core.environment:create_file_with_runtime_dependencies(/home/asm/leo_ws/install/leo_gz_worlds/share/colcon-core/packages/leo_gz_worlds)
[1.580s] Level 1:colcon.colcon_core.environment:create_environment_scripts_only(leo_description)
[1.581s] Level 1:colcon.colcon_core.environment:checking '/home/asm/leo_ws/install/leo_description' for CMake module files
[1.581s] Level 1:colcon.colcon_core.environment:checking '/home/asm/leo_ws/install/leo_description' for CMake config files
[1.582s] Level 1:colcon.colcon_core.shell:create_environment_hook('leo_description', 'cmake_prefix_path')
[1.582s] INFO:colcon.colcon_core.shell:Creating environment hook '/home/asm/leo_ws/install/leo_description/share/leo_description/hook/cmake_prefix_path.ps1'
[1.583s] INFO:colcon.colcon_core.shell:Creating environment descriptor '/home/asm/leo_ws/install/leo_description/share/leo_description/hook/cmake_prefix_path.dsv'
[1.584s] INFO:colcon.colcon_core.shell:Creating environment hook '/home/asm/leo_ws/install/leo_description/share/leo_description/hook/cmake_prefix_path.sh'
[1.584s] Level 1:colcon.colcon_core.environment:checking '/home/asm/leo_ws/install/leo_description/bin'
[1.584s] Level 1:colcon.colcon_core.environment:checking '/home/asm/leo_ws/install/leo_description/lib/pkgconfig/leo_description.pc'
[1.585s] Level 1:colcon.colcon_core.environment:checking '/home/asm/leo_ws/install/leo_description/lib/python3.10/site-packages'
[1.585s] Level 1:colcon.colcon_core.environment:checking '/home/asm/leo_ws/install/leo_description/bin'
[1.586s] INFO:colcon.colcon_core.shell:Creating package script '/home/asm/leo_ws/install/leo_description/share/leo_description/package.ps1'
[1.586s] INFO:colcon.colcon_core.shell:Creating package descriptor '/home/asm/leo_ws/install/leo_description/share/leo_description/package.dsv'
[1.587s] INFO:colcon.colcon_core.shell:Creating package script '/home/asm/leo_ws/install/leo_description/share/leo_description/package.sh'
[1.588s] INFO:colcon.colcon_core.shell:Creating package script '/home/asm/leo_ws/install/leo_description/share/leo_description/package.bash'
[1.588s] INFO:colcon.colcon_core.shell:Creating package script '/home/asm/leo_ws/install/leo_description/share/leo_description/package.zsh'
[1.589s] Level 1:colcon.colcon_core.environment:create_file_with_runtime_dependencies(/home/asm/leo_ws/install/leo_description/share/colcon-core/packages/leo_description)
[1.608s] Level 1:colcon.colcon_core.environment:create_environment_scripts_only(leo_teleop)
[1.609s] Level 1:colcon.colcon_core.environment:checking '/home/asm/leo_ws/install/leo_teleop' for CMake module files
[1.610s] Level 1:colcon.colcon_core.environment:checking '/home/asm/leo_ws/install/leo_teleop' for CMake config files
[1.610s] Level 1:colcon.colcon_core.shell:create_environment_hook('leo_teleop', 'cmake_prefix_path')
[1.610s] INFO:colcon.colcon_core.shell:Creating environment hook '/home/asm/leo_ws/install/leo_teleop/share/leo_teleop/hook/cmake_prefix_path.ps1'
[1.611s] INFO:colcon.colcon_core.shell:Creating environment descriptor '/home/asm/leo_ws/install/leo_teleop/share/leo_teleop/hook/cmake_prefix_path.dsv'
[1.611s] INFO:colcon.colcon_core.shell:Creating environment hook '/home/asm/leo_ws/install/leo_teleop/share/leo_teleop/hook/cmake_prefix_path.sh'
[1.612s] Level 1:colcon.colcon_core.environment:checking '/home/asm/leo_ws/install/leo_teleop/bin'
[1.612s] Level 1:colcon.colcon_core.environment:checking '/home/asm/leo_ws/install/leo_teleop/lib/pkgconfig/leo_teleop.pc'
[1.613s] Level 1:colcon.colcon_core.environment:checking '/home/asm/leo_ws/install/leo_teleop/lib/python3.10/site-packages'
[1.613s] Level 1:colcon.colcon_core.environment:checking '/home/asm/leo_ws/install/leo_teleop/bin'
[1.614s] INFO:colcon.colcon_core.shell:Creating package script '/home/asm/leo_ws/install/leo_teleop/share/leo_teleop/package.ps1'
[1.615s] INFO:colcon.colcon_core.shell:Creating package descriptor '/home/asm/leo_ws/install/leo_teleop/share/leo_teleop/package.dsv'
[1.615s] INFO:colcon.colcon_core.shell:Creating package script '/home/asm/leo_ws/install/leo_teleop/share/leo_teleop/package.sh'
[1.616s] INFO:colcon.colcon_core.shell:Creating package script '/home/asm/leo_ws/install/leo_teleop/share/leo_teleop/package.bash'
[1.616s] INFO:colcon.colcon_core.shell:Creating package script '/home/asm/leo_ws/install/leo_teleop/share/leo_teleop/package.zsh'
[1.617s] Level 1:colcon.colcon_core.environment:create_file_with_runtime_dependencies(/home/asm/leo_ws/install/leo_teleop/share/colcon-core/packages/leo_teleop)
[1.931s] DEBUG:colcon.colcon_core.event_handler.log_command:Invoking command in '/home/asm/leo_ws/src/leo_navigation': PYTHONPATH=/home/asm/leo_ws/build/leo_navigation/prefix_override:/home/asm/leo_ws/install/leo_navigation/lib/python3.10/site-packages:${PYTHONPATH} /usr/bin/python3 -W ignore:setup.py install is deprecated setup.py egg_info --egg-base ../../build/leo_navigation build --build-base /home/asm/leo_ws/build/leo_navigation/build install --record /home/asm/leo_ws/build/leo_navigation/install.log --single-version-externally-managed install_data
[2.291s] Level 1:colcon.colcon_core.environment:checking '/home/asm/leo_ws/install/leo_navigation' for CMake module files
[2.291s] DEBUG:colcon.colcon_core.event_handler.log_command:Invoked command in '/home/asm/leo_ws/src/leo_navigation' returned '0': PYTHONPATH=/home/asm/leo_ws/build/leo_navigation/prefix_override:/home/asm/leo_ws/install/leo_navigation/lib/python3.10/site-packages:${PYTHONPATH} /usr/bin/python3 -W ignore:setup.py install is deprecated setup.py egg_info --egg-base ../../build/leo_navigation build --build-base /home/asm/leo_ws/build/leo_navigation/build install --record /home/asm/leo_ws/build/leo_navigation/install.log --single-version-externally-managed install_data
[2.292s] Level 1:colcon.colcon_core.environment:checking '/home/asm/leo_ws/install/leo_navigation' for CMake config files
[2.292s] Level 1:colcon.colcon_core.environment:checking '/home/asm/leo_ws/install/leo_navigation/lib'
[2.292s] Level 1:colcon.colcon_core.environment:checking '/home/asm/leo_ws/install/leo_navigation/bin'
[2.293s] Level 1:colcon.colcon_core.environment:checking '/home/asm/leo_ws/install/leo_navigation/lib/pkgconfig/leo_navigation.pc'
[2.293s] Level 1:colcon.colcon_core.environment:checking '/home/asm/leo_ws/install/leo_navigation/lib/python3.10/site-packages'
[2.293s] Level 1:colcon.colcon_core.shell:create_environment_hook('leo_navigation', 'pythonpath')
[2.293s] INFO:colcon.colcon_core.shell:Creating environment hook '/home/asm/leo_ws/install/leo_navigation/share/leo_navigation/hook/pythonpath.ps1'
[2.294s] INFO:colcon.colcon_core.shell:Creating environment descriptor '/home/asm/leo_ws/install/leo_navigation/share/leo_navigation/hook/pythonpath.dsv'
[2.294s] INFO:colcon.colcon_core.shell:Creating environment hook '/home/asm/leo_ws/install/leo_navigation/share/leo_navigation/hook/pythonpath.sh'
[2.295s] Level 1:colcon.colcon_core.environment:checking '/home/asm/leo_ws/install/leo_navigation/bin'
[2.295s] Level 1:colcon.colcon_core.environment:create_environment_scripts_only(leo_navigation)
[2.295s] INFO:colcon.colcon_core.shell:Creating package script '/home/asm/leo_ws/install/leo_navigation/share/leo_navigation/package.ps1'
[2.295s] INFO:colcon.colcon_core.shell:Creating package descriptor '/home/asm/leo_ws/install/leo_navigation/share/leo_navigation/package.dsv'
[2.296s] INFO:colcon.colcon_core.shell:Creating package script '/home/asm/leo_ws/install/leo_navigation/share/leo_navigation/package.sh'
[2.297s] INFO:colcon.colcon_core.shell:Creating package script '/home/asm/leo_ws/install/leo_navigation/share/leo_navigation/package.bash'
[2.297s] INFO:colcon.colcon_core.shell:Creating package script '/home/asm/leo_ws/install/leo_navigation/share/leo_navigation/package.zsh'
[2.297s] Level 1:colcon.colcon_core.environment:create_file_with_runtime_dependencies(/home/asm/leo_ws/install/leo_navigation/share/colcon-core/packages/leo_navigation)
[2.691s] DEBUG:colcon.colcon_core.event_handler.log_command:Invoked command in '/home/asm/leo_ws/build/leo_msgs' returned '0': CMAKE_PREFIX_PATH=/opt/ros/humble /usr/bin/cmake --build /home/asm/leo_ws/build/leo_msgs -- -j12 -l12
[2.779s] DEBUG:colcon.colcon_core.event_handler.log_command:Invoking command in '/home/asm/leo_ws/build/leo_msgs': CMAKE_PREFIX_PATH=/opt/ros/humble /usr/bin/cmake --install /home/asm/leo_ws/build/leo_msgs
[2.876s] Level 1:colcon.colcon_core.environment:create_environment_scripts_only(leo_msgs)
[2.877s] Level 1:colcon.colcon_core.environment:checking '/home/asm/leo_ws/install/leo_msgs' for CMake module files
[2.877s] DEBUG:colcon.colcon_core.event_handler.log_command:Invoked command in '/home/asm/leo_ws/build/leo_msgs' returned '0': CMAKE_PREFIX_PATH=/opt/ros/humble /usr/bin/cmake --install /home/asm/leo_ws/build/leo_msgs
[2.878s] Level 1:colcon.colcon_core.environment:checking '/home/asm/leo_ws/install/leo_msgs' for CMake config files
[2.879s] Level 1:colcon.colcon_core.shell:create_environment_hook('leo_msgs', 'cmake_prefix_path')
[2.879s] INFO:colcon.colcon_core.shell:Creating environment hook '/home/asm/leo_ws/install/leo_msgs/share/leo_msgs/hook/cmake_prefix_path.ps1'
[2.879s] INFO:colcon.colcon_core.shell:Creating environment descriptor '/home/asm/leo_ws/install/leo_msgs/share/leo_msgs/hook/cmake_prefix_path.dsv'
[2.880s] INFO:colcon.colcon_core.shell:Creating environment hook '/home/asm/leo_ws/install/leo_msgs/share/leo_msgs/hook/cmake_prefix_path.sh'
[2.880s] Level 1:colcon.colcon_core.environment:checking '/home/asm/leo_ws/install/leo_msgs/lib'
[2.880s] Level 1:colcon.colcon_core.shell:create_environment_hook('leo_msgs', 'ld_library_path_lib')
[2.880s] INFO:colcon.colcon_core.shell:Creating environment hook '/home/asm/leo_ws/install/leo_msgs/share/leo_msgs/hook/ld_library_path_lib.ps1'
[2.881s] INFO:colcon.colcon_core.shell:Creating environment descriptor '/home/asm/leo_ws/install/leo_msgs/share/leo_msgs/hook/ld_library_path_lib.dsv'
[2.881s] INFO:colcon.colcon_core.shell:Creating environment hook '/home/asm/leo_ws/install/leo_msgs/share/leo_msgs/hook/ld_library_path_lib.sh'
[2.881s] Level 1:colcon.colcon_core.environment:checking '/home/asm/leo_ws/install/leo_msgs/bin'
[2.881s] Level 1:colcon.colcon_core.environment:checking '/home/asm/leo_ws/install/leo_msgs/lib/pkgconfig/leo_msgs.pc'
[2.882s] Level 1:colcon.colcon_core.environment:checking '/home/asm/leo_ws/install/leo_msgs/lib/python3.10/site-packages'
[2.882s] Level 1:colcon.colcon_core.environment:checking '/home/asm/leo_ws/install/leo_msgs/bin'
[2.882s] INFO:colcon.colcon_core.shell:Creating package script '/home/asm/leo_ws/install/leo_msgs/share/leo_msgs/package.ps1'
[2.882s] INFO:colcon.colcon_core.shell:Creating package descriptor '/home/asm/leo_ws/install/leo_msgs/share/leo_msgs/package.dsv'
[2.883s] INFO:colcon.colcon_core.shell:Creating package script '/home/asm/leo_ws/install/leo_msgs/share/leo_msgs/package.sh'
[2.883s] INFO:colcon.colcon_core.shell:Creating package script '/home/asm/leo_ws/install/leo_msgs/share/leo_msgs/package.bash'
[2.883s] INFO:colcon.colcon_core.shell:Creating package script '/home/asm/leo_ws/install/leo_msgs/share/leo_msgs/package.zsh'
[2.884s] Level 1:colcon.colcon_core.environment:create_file_with_runtime_dependencies(/home/asm/leo_ws/install/leo_msgs/share/colcon-core/packages/leo_msgs)
[2.973s] Level 1:colcon.colcon_core.environment:create_environment_scripts_only(leo_msgs)
[2.973s] Level 1:colcon.colcon_core.environment:checking '/home/asm/leo_ws/install/leo_msgs' for CMake module files
[2.973s] Level 1:colcon.colcon_core.environment:checking '/home/asm/leo_ws/install/leo_msgs' for CMake config files
[2.974s] Level 1:colcon.colcon_core.shell:create_environment_hook('leo_msgs', 'cmake_prefix_path')
[2.974s] INFO:colcon.colcon_core.shell:Creating environment hook '/home/asm/leo_ws/install/leo_msgs/share/leo_msgs/hook/cmake_prefix_path.ps1'
[2.975s] INFO:colcon.colcon_core.shell:Creating environment descriptor '/home/asm/leo_ws/install/leo_msgs/share/leo_msgs/hook/cmake_prefix_path.dsv'
[2.975s] INFO:colcon.colcon_core.shell:Creating environment hook '/home/asm/leo_ws/install/leo_msgs/share/leo_msgs/hook/cmake_prefix_path.sh'
[2.975s] Level 1:colcon.colcon_core.environment:checking '/home/asm/leo_ws/install/leo_msgs/lib'
[2.975s] Level 1:colcon.colcon_core.shell:create_environment_hook('leo_msgs', 'ld_library_path_lib')
[2.976s] INFO:colcon.colcon_core.shell:Creating environment hook '/home/asm/leo_ws/install/leo_msgs/share/leo_msgs/hook/ld_library_path_lib.ps1'
[2.976s] INFO:colcon.colcon_core.shell:Creating environment descriptor '/home/asm/leo_ws/install/leo_msgs/share/leo_msgs/hook/ld_library_path_lib.dsv'
[2.976s] INFO:colcon.colcon_core.shell:Creating environment hook '/home/asm/leo_ws/install/leo_msgs/share/leo_msgs/hook/ld_library_path_lib.sh'
[2.977s] Level 1:colcon.colcon_core.environment:checking '/home/asm/leo_ws/install/leo_msgs/bin'
[2.977s] Level 1:colcon.colcon_core.environment:checking '/home/asm/leo_ws/install/leo_msgs/lib/pkgconfig/leo_msgs.pc'
[2.977s] Level 1:colcon.colcon_core.environment:checking '/home/asm/leo_ws/install/leo_msgs/lib/python3.10/site-packages'
[2.977s] Level 1:colcon.colcon_core.environment:checking '/home/asm/leo_ws/install/leo_msgs/bin'
[2.977s] INFO:colcon.colcon_core.shell:Creating package script '/home/asm/leo_ws/install/leo_msgs/share/leo_msgs/package.ps1'
[2.978s] INFO:colcon.colcon_core.shell:Creating package descriptor '/home/asm/leo_ws/install/leo_msgs/share/leo_msgs/package.dsv'
[2.978s] INFO:colcon.colcon_core.shell:Creating package script '/home/asm/leo_ws/install/leo_msgs/share/leo_msgs/package.sh'
[2.978s] INFO:colcon.colcon_core.shell:Creating package script '/home/asm/leo_ws/install/leo_msgs/share/leo_msgs/package.bash'
[2.979s] INFO:colcon.colcon_core.shell:Creating package script '/home/asm/leo_ws/install/leo_msgs/share/leo_msgs/package.zsh'
[2.979s] Level 1:colcon.colcon_core.environment:create_file_with_runtime_dependencies(/home/asm/leo_ws/install/leo_msgs/share/colcon-core/packages/leo_msgs)
[2.979s] INFO:colcon.colcon_ros.task.ament_cmake.build:Building ROS package in '/home/asm/leo_ws/src/leo_common-ros2/leo' with build type 'ament_cmake'
[2.979s] INFO:colcon.colcon_cmake.task.cmake.build:Building CMake package in '/home/asm/leo_ws/src/leo_common-ros2/leo'
[2.980s] INFO:colcon.colcon_core.shell:Skip shell extension 'powershell' for command environment: Not usable outside of PowerShell
[2.980s] DEBUG:colcon.colcon_core.shell:Skip shell extension 'dsv' for command environment
[2.990s] DEBUG:colcon.colcon_core.event_handler.log_command:Invoking command in '/home/asm/leo_ws/build/leo': AMENT_PREFIX_PATH=/home/asm/leo_ws/install/leo_teleop:/home/asm/leo_ws/install/leo_msgs:/home/asm/leo_ws/install/leo_description:${AMENT_PREFIX_PATH} CMAKE_PREFIX_PATH=/home/asm/leo_ws/install/leo_teleop:/home/asm/leo_ws/install/leo_msgs:/home/asm/leo_ws/install/leo_description:/opt/ros/humble LD_LIBRARY_PATH=/home/asm/leo_ws/install/leo_msgs/lib:${LD_LIBRARY_PATH} PYTHONPATH=/home/asm/leo_ws/install/leo_msgs/local/lib/python3.10/dist-packages:${PYTHONPATH} /usr/bin/cmake --build /home/asm/leo_ws/build/leo -- -j12 -l12
[3.025s] DEBUG:colcon.colcon_core.event_handler.log_command:Invoked command in '/home/asm/leo_ws/build/leo' returned '0': AMENT_PREFIX_PATH=/home/asm/leo_ws/install/leo_teleop:/home/asm/leo_ws/install/leo_msgs:/home/asm/leo_ws/install/leo_description:${AMENT_PREFIX_PATH} CMAKE_PREFIX_PATH=/home/asm/leo_ws/install/leo_teleop:/home/asm/leo_ws/install/leo_msgs:/home/asm/leo_ws/install/leo_description:/opt/ros/humble LD_LIBRARY_PATH=/home/asm/leo_ws/install/leo_msgs/lib:${LD_LIBRARY_PATH} PYTHONPATH=/home/asm/leo_ws/install/leo_msgs/local/lib/python3.10/dist-packages:${PYTHONPATH} /usr/bin/cmake --build /home/asm/leo_ws/build/leo -- -j12 -l12
[3.043s] DEBUG:colcon.colcon_core.event_handler.log_command:Invoking command in '/home/asm/leo_ws/build/leo': AMENT_PREFIX_PATH=/home/asm/leo_ws/install/leo_teleop:/home/asm/leo_ws/install/leo_msgs:/home/asm/leo_ws/install/leo_description:${AMENT_PREFIX_PATH} CMAKE_PREFIX_PATH=/home/asm/leo_ws/install/leo_teleop:/home/asm/leo_ws/install/leo_msgs:/home/asm/leo_ws/install/leo_description:/opt/ros/humble LD_LIBRARY_PATH=/home/asm/leo_ws/install/leo_msgs/lib:${LD_LIBRARY_PATH} PYTHONPATH=/home/asm/leo_ws/install/leo_msgs/local/lib/python3.10/dist-packages:${PYTHONPATH} /usr/bin/cmake --install /home/asm/leo_ws/build/leo
[3.064s] Level 1:colcon.colcon_core.environment:create_environment_scripts_only(leo)
[3.064s] Level 1:colcon.colcon_core.environment:checking '/home/asm/leo_ws/install/leo' for CMake module files
[3.065s] DEBUG:colcon.colcon_core.event_handler.log_command:Invoked command in '/home/asm/leo_ws/build/leo' returned '0': AMENT_PREFIX_PATH=/home/asm/leo_ws/install/leo_teleop:/home/asm/leo_ws/install/leo_msgs:/home/asm/leo_ws/install/leo_description:${AMENT_PREFIX_PATH} CMAKE_PREFIX_PATH=/home/asm/leo_ws/install/leo_teleop:/home/asm/leo_ws/install/leo_msgs:/home/asm/leo_ws/install/leo_description:/opt/ros/humble LD_LIBRARY_PATH=/home/asm/leo_ws/install/leo_msgs/lib:${LD_LIBRARY_PATH} PYTHONPATH=/home/asm/leo_ws/install/leo_msgs/local/lib/python3.10/dist-packages:${PYTHONPATH} /usr/bin/cmake --install /home/asm/leo_ws/build/leo
[3.065s] Level 1:colcon.colcon_core.environment:checking '/home/asm/leo_ws/install/leo' for CMake config files
[3.066s] Level 1:colcon.colcon_core.shell:create_environment_hook('leo', 'cmake_prefix_path')
[3.066s] INFO:colcon.colcon_core.shell:Creating environment hook '/home/asm/leo_ws/install/leo/share/leo/hook/cmake_prefix_path.ps1'
[3.066s] INFO:colcon.colcon_core.shell:Creating environment descriptor '/home/asm/leo_ws/install/leo/share/leo/hook/cmake_prefix_path.dsv'
[3.067s] INFO:colcon.colcon_core.shell:Creating environment hook '/home/asm/leo_ws/install/leo/share/leo/hook/cmake_prefix_path.sh'
[3.067s] Level 1:colcon.colcon_core.environment:checking '/home/asm/leo_ws/install/leo/bin'
[3.067s] Level 1:colcon.colcon_core.environment:checking '/home/asm/leo_ws/install/leo/lib/pkgconfig/leo.pc'
[3.067s] Level 1:colcon.colcon_core.environment:checking '/home/asm/leo_ws/install/leo/lib/python3.10/site-packages'
[3.068s] Level 1:colcon.colcon_core.environment:checking '/home/asm/leo_ws/install/leo/bin'
[3.068s] INFO:colcon.colcon_core.shell:Creating package script '/home/asm/leo_ws/install/leo/share/leo/package.ps1'
[3.068s] INFO:colcon.colcon_core.shell:Creating package descriptor '/home/asm/leo_ws/install/leo/share/leo/package.dsv'
[3.069s] INFO:colcon.colcon_core.shell:Creating package script '/home/asm/leo_ws/install/leo/share/leo/package.sh'
[3.069s] INFO:colcon.colcon_core.shell:Creating package script '/home/asm/leo_ws/install/leo/share/leo/package.bash'
[3.069s] INFO:colcon.colcon_core.shell:Creating package script '/home/asm/leo_ws/install/leo/share/leo/package.zsh'
[3.069s] Level 1:colcon.colcon_core.environment:create_file_with_runtime_dependencies(/home/asm/leo_ws/install/leo/share/colcon-core/packages/leo)
[3.086s] Level 1:colcon.colcon_core.environment:create_environment_scripts_only(leo)
[3.087s] Level 1:colcon.colcon_core.environment:checking '/home/asm/leo_ws/install/leo' for CMake module files
[3.087s] Level 1:colcon.colcon_core.environment:checking '/home/asm/leo_ws/install/leo' for CMake config files
[3.087s] Level 1:colcon.colcon_core.shell:create_environment_hook('leo', 'cmake_prefix_path')
[3.087s] INFO:colcon.colcon_core.shell:Creating environment hook '/home/asm/leo_ws/install/leo/share/leo/hook/cmake_prefix_path.ps1'
[3.088s] INFO:colcon.colcon_core.shell:Creating environment descriptor '/home/asm/leo_ws/install/leo/share/leo/hook/cmake_prefix_path.dsv'
[3.088s] INFO:colcon.colcon_core.shell:Creating environment hook '/home/asm/leo_ws/install/leo/share/leo/hook/cmake_prefix_path.sh'
[3.089s] Level 1:colcon.colcon_core.environment:checking '/home/asm/leo_ws/install/leo/bin'
[3.089s] Level 1:colcon.colcon_core.environment:checking '/home/asm/leo_ws/install/leo/lib/pkgconfig/leo.pc'
[3.089s] Level 1:colcon.colcon_core.environment:checking '/home/asm/leo_ws/install/leo/lib/python3.10/site-packages'
[3.089s] Level 1:colcon.colcon_core.environment:checking '/home/asm/leo_ws/install/leo/bin'
[3.089s] INFO:colcon.colcon_core.shell:Creating package script '/home/asm/leo_ws/install/leo/share/leo/package.ps1'
[3.090s] INFO:colcon.colcon_core.shell:Creating package descriptor '/home/asm/leo_ws/install/leo/share/leo/package.dsv'
[3.090s] INFO:colcon.colcon_core.shell:Creating package script '/home/asm/leo_ws/install/leo/share/leo/package.sh'
[3.091s] INFO:colcon.colcon_core.shell:Creating package script '/home/asm/leo_ws/install/leo/share/leo/package.bash'
[3.091s] INFO:colcon.colcon_core.shell:Creating package script '/home/asm/leo_ws/install/leo/share/leo/package.zsh'
[3.091s] Level 1:colcon.colcon_core.environment:create_file_with_runtime_dependencies(/home/asm/leo_ws/install/leo/share/colcon-core/packages/leo)
[15.968s] DEBUG:colcon.colcon_core.event_handler.log_command:Invoked command in '/home/asm/leo_ws/build/leo_gz_plugins' returned '0': CMAKE_PREFIX_PATH=/opt/ros/humble /usr/bin/cmake --build /home/asm/leo_ws/build/leo_gz_plugins -- -j12 -l12
[15.988s] DEBUG:colcon.colcon_core.event_handler.log_command:Invoking command in '/home/asm/leo_ws/build/leo_gz_plugins': CMAKE_PREFIX_PATH=/opt/ros/humble /usr/bin/cmake --install /home/asm/leo_ws/build/leo_gz_plugins
[16.010s] Level 1:colcon.colcon_core.environment:create_environment_scripts_only(leo_gz_plugins)
[16.010s] Level 1:colcon.colcon_core.environment:checking '/home/asm/leo_ws/install/leo_gz_plugins' for CMake module files
[16.011s] DEBUG:colcon.colcon_core.event_handler.log_command:Invoked command in '/home/asm/leo_ws/build/leo_gz_plugins' returned '0': CMAKE_PREFIX_PATH=/opt/ros/humble /usr/bin/cmake --install /home/asm/leo_ws/build/leo_gz_plugins
[16.011s] Level 1:colcon.colcon_core.environment:checking '/home/asm/leo_ws/install/leo_gz_plugins' for CMake config files
[16.012s] Level 1:colcon.colcon_core.shell:create_environment_hook('leo_gz_plugins', 'cmake_prefix_path')
[16.012s] INFO:colcon.colcon_core.shell:Creating environment hook '/home/asm/leo_ws/install/leo_gz_plugins/share/leo_gz_plugins/hook/cmake_prefix_path.ps1'
[16.013s] INFO:colcon.colcon_core.shell:Creating environment descriptor '/home/asm/leo_ws/install/leo_gz_plugins/share/leo_gz_plugins/hook/cmake_prefix_path.dsv'
[16.013s] INFO:colcon.colcon_core.shell:Creating environment hook '/home/asm/leo_ws/install/leo_gz_plugins/share/leo_gz_plugins/hook/cmake_prefix_path.sh'
[16.014s] Level 1:colcon.colcon_core.environment:checking '/home/asm/leo_ws/install/leo_gz_plugins/lib'
[16.014s] Level 1:colcon.colcon_core.shell:create_environment_hook('leo_gz_plugins', 'ld_library_path_lib')
[16.014s] INFO:colcon.colcon_core.shell:Creating environment hook '/home/asm/leo_ws/install/leo_gz_plugins/share/leo_gz_plugins/hook/ld_library_path_lib.ps1'
[16.015s] INFO:colcon.colcon_core.shell:Creating environment descriptor '/home/asm/leo_ws/install/leo_gz_plugins/share/leo_gz_plugins/hook/ld_library_path_lib.dsv'
[16.015s] INFO:colcon.colcon_core.shell:Creating environment hook '/home/asm/leo_ws/install/leo_gz_plugins/share/leo_gz_plugins/hook/ld_library_path_lib.sh'
[16.016s] Level 1:colcon.colcon_core.environment:checking '/home/asm/leo_ws/install/leo_gz_plugins/bin'
[16.016s] Level 1:colcon.colcon_core.environment:checking '/home/asm/leo_ws/install/leo_gz_plugins/lib/pkgconfig/leo_gz_plugins.pc'
[16.016s] Level 1:colcon.colcon_core.environment:checking '/home/asm/leo_ws/install/leo_gz_plugins/lib/python3.10/site-packages'
[16.016s] Level 1:colcon.colcon_core.environment:checking '/home/asm/leo_ws/install/leo_gz_plugins/bin'
[16.017s] INFO:colcon.colcon_core.shell:Creating package script '/home/asm/leo_ws/install/leo_gz_plugins/share/leo_gz_plugins/package.ps1'
[16.018s] INFO:colcon.colcon_core.shell:Creating package descriptor '/home/asm/leo_ws/install/leo_gz_plugins/share/leo_gz_plugins/package.dsv'
[16.018s] INFO:colcon.colcon_core.shell:Creating package script '/home/asm/leo_ws/install/leo_gz_plugins/share/leo_gz_plugins/package.sh'
[16.019s] INFO:colcon.colcon_core.shell:Creating package script '/home/asm/leo_ws/install/leo_gz_plugins/share/leo_gz_plugins/package.bash'
[16.019s] INFO:colcon.colcon_core.shell:Creating package script '/home/asm/leo_ws/install/leo_gz_plugins/share/leo_gz_plugins/package.zsh'
[16.020s] Level 1:colcon.colcon_core.environment:create_file_with_runtime_dependencies(/home/asm/leo_ws/install/leo_gz_plugins/share/colcon-core/packages/leo_gz_plugins)
[16.054s] Level 1:colcon.colcon_core.environment:create_environment_scripts_only(leo_gz_plugins)
[16.055s] Level 1:colcon.colcon_core.environment:checking '/home/asm/leo_ws/install/leo_gz_plugins' for CMake module files
[16.056s] Level 1:colcon.colcon_core.environment:checking '/home/asm/leo_ws/install/leo_gz_plugins' for CMake config files
[16.057s] Level 1:colcon.colcon_core.shell:create_environment_hook('leo_gz_plugins', 'cmake_prefix_path')
[16.057s] INFO:colcon.colcon_core.shell:Creating environment hook '/home/asm/leo_ws/install/leo_gz_plugins/share/leo_gz_plugins/hook/cmake_prefix_path.ps1'
[16.059s] INFO:colcon.colcon_core.shell:Creating environment descriptor '/home/asm/leo_ws/install/leo_gz_plugins/share/leo_gz_plugins/hook/cmake_prefix_path.dsv'
[16.059s] INFO:colcon.colcon_core.shell:Creating environment hook '/home/asm/leo_ws/install/leo_gz_plugins/share/leo_gz_plugins/hook/cmake_prefix_path.sh'
[16.061s] Level 1:colcon.colcon_core.environment:checking '/home/asm/leo_ws/install/leo_gz_plugins/lib'
[16.061s] Level 1:colcon.colcon_core.shell:create_environment_hook('leo_gz_plugins', 'ld_library_path_lib')
[16.062s] INFO:colcon.colcon_core.shell:Creating environment hook '/home/asm/leo_ws/install/leo_gz_plugins/share/leo_gz_plugins/hook/ld_library_path_lib.ps1'
[16.063s] INFO:colcon.colcon_core.shell:Creating environment descriptor '/home/asm/leo_ws/install/leo_gz_plugins/share/leo_gz_plugins/hook/ld_library_path_lib.dsv'
[16.064s] INFO:colcon.colcon_core.shell:Creating environment hook '/home/asm/leo_ws/install/leo_gz_plugins/share/leo_gz_plugins/hook/ld_library_path_lib.sh'
[16.065s] Level 1:colcon.colcon_core.environment:checking '/home/asm/leo_ws/install/leo_gz_plugins/bin'
[16.065s] Level 1:colcon.colcon_core.environment:checking '/home/asm/leo_ws/install/leo_gz_plugins/lib/pkgconfig/leo_gz_plugins.pc'
[16.066s] Level 1:colcon.colcon_core.environment:checking '/home/asm/leo_ws/install/leo_gz_plugins/lib/python3.10/site-packages'
[16.066s] Level 1:colcon.colcon_core.environment:checking '/home/asm/leo_ws/install/leo_gz_plugins/bin'
[16.067s] INFO:colcon.colcon_core.shell:Creating package script '/home/asm/leo_ws/install/leo_gz_plugins/share/leo_gz_plugins/package.ps1'
[16.069s] INFO:colcon.colcon_core.shell:Creating package descriptor '/home/asm/leo_ws/install/leo_gz_plugins/share/leo_gz_plugins/package.dsv'
[16.070s] INFO:colcon.colcon_core.shell:Creating package script '/home/asm/leo_ws/install/leo_gz_plugins/share/leo_gz_plugins/package.sh'
[16.071s] INFO:colcon.colcon_core.shell:Creating package script '/home/asm/leo_ws/install/leo_gz_plugins/share/leo_gz_plugins/package.bash'
[16.073s] INFO:colcon.colcon_core.shell:Creating package script '/home/asm/leo_ws/install/leo_gz_plugins/share/leo_gz_plugins/package.zsh'
[16.074s] Level 1:colcon.colcon_core.environment:create_file_with_runtime_dependencies(/home/asm/leo_ws/install/leo_gz_plugins/share/colcon-core/packages/leo_gz_plugins)
[16.075s] INFO:colcon.colcon_ros.task.ament_cmake.build:Building ROS package in '/home/asm/leo_ws/src/leo_simulator-ros2/leo_gz_bringup' with build type 'ament_cmake'
[16.075s] INFO:colcon.colcon_cmake.task.cmake.build:Building CMake package in '/home/asm/leo_ws/src/leo_simulator-ros2/leo_gz_bringup'
[16.076s] INFO:colcon.colcon_core.shell:Skip shell extension 'powershell' for command environment: Not usable outside of PowerShell
[16.076s] DEBUG:colcon.colcon_core.shell:Skip shell extension 'dsv' for command environment
[16.096s] DEBUG:colcon.colcon_core.event_handler.log_command:Invoking command in '/home/asm/leo_ws/build/leo_gz_bringup': AMENT_PREFIX_PATH=/home/asm/leo_ws/install/leo_gz_worlds:/home/asm/leo_ws/install/leo_gz_plugins:${AMENT_PREFIX_PATH} CMAKE_PREFIX_PATH=/home/asm/leo_ws/install/leo_gz_worlds:/home/asm/leo_ws/install/leo_gz_plugins:/opt/ros/humble LD_LIBRARY_PATH=/home/asm/leo_ws/install/leo_gz_plugins/lib:${LD_LIBRARY_PATH} /usr/bin/cmake --build /home/asm/leo_ws/build/leo_gz_bringup -- -j12 -l12
[16.164s] DEBUG:colcon.colcon_core.event_handler.log_command:Invoked command in '/home/asm/leo_ws/build/leo_gz_bringup' returned '0': AMENT_PREFIX_PATH=/home/asm/leo_ws/install/leo_gz_worlds:/home/asm/leo_ws/install/leo_gz_plugins:${AMENT_PREFIX_PATH} CMAKE_PREFIX_PATH=/home/asm/leo_ws/install/leo_gz_worlds:/home/asm/leo_ws/install/leo_gz_plugins:/opt/ros/humble LD_LIBRARY_PATH=/home/asm/leo_ws/install/leo_gz_plugins/lib:${LD_LIBRARY_PATH} /usr/bin/cmake --build /home/asm/leo_ws/build/leo_gz_bringup -- -j12 -l12
[16.202s] DEBUG:colcon.colcon_core.event_handler.log_command:Invoking command in '/home/asm/leo_ws/build/leo_gz_bringup': AMENT_PREFIX_PATH=/home/asm/leo_ws/install/leo_gz_worlds:/home/asm/leo_ws/install/leo_gz_plugins:${AMENT_PREFIX_PATH} CMAKE_PREFIX_PATH=/home/asm/leo_ws/install/leo_gz_worlds:/home/asm/leo_ws/install/leo_gz_plugins:/opt/ros/humble LD_LIBRARY_PATH=/home/asm/leo_ws/install/leo_gz_plugins/lib:${LD_LIBRARY_PATH} /usr/bin/cmake --install /home/asm/leo_ws/build/leo_gz_bringup
[16.244s] Level 1:colcon.colcon_core.environment:create_environment_scripts_only(leo_gz_bringup)
[16.245s] Level 1:colcon.colcon_core.environment:checking '/home/asm/leo_ws/install/leo_gz_bringup' for CMake module files
[16.246s] DEBUG:colcon.colcon_core.event_handler.log_command:Invoked command in '/home/asm/leo_ws/build/leo_gz_bringup' returned '0': AMENT_PREFIX_PATH=/home/asm/leo_ws/install/leo_gz_worlds:/home/asm/leo_ws/install/leo_gz_plugins:${AMENT_PREFIX_PATH} CMAKE_PREFIX_PATH=/home/asm/leo_ws/install/leo_gz_worlds:/home/asm/leo_ws/install/leo_gz_plugins:/opt/ros/humble LD_LIBRARY_PATH=/home/asm/leo_ws/install/leo_gz_plugins/lib:${LD_LIBRARY_PATH} /usr/bin/cmake --install /home/asm/leo_ws/build/leo_gz_bringup
[16.246s] Level 1:colcon.colcon_core.environment:checking '/home/asm/leo_ws/install/leo_gz_bringup' for CMake config files
[16.247s] Level 1:colcon.colcon_core.shell:create_environment_hook('leo_gz_bringup', 'cmake_prefix_path')
[16.248s] INFO:colcon.colcon_core.shell:Creating environment hook '/home/asm/leo_ws/install/leo_gz_bringup/share/leo_gz_bringup/hook/cmake_prefix_path.ps1'
[16.249s] INFO:colcon.colcon_core.shell:Creating environment descriptor '/home/asm/leo_ws/install/leo_gz_bringup/share/leo_gz_bringup/hook/cmake_prefix_path.dsv'
[16.249s] INFO:colcon.colcon_core.shell:Creating environment hook '/home/asm/leo_ws/install/leo_gz_bringup/share/leo_gz_bringup/hook/cmake_prefix_path.sh'
[16.250s] Level 1:colcon.colcon_core.environment:checking '/home/asm/leo_ws/install/leo_gz_bringup/bin'
[16.250s] Level 1:colcon.colcon_core.environment:checking '/home/asm/leo_ws/install/leo_gz_bringup/lib/pkgconfig/leo_gz_bringup.pc'
[16.251s] Level 1:colcon.colcon_core.environment:checking '/home/asm/leo_ws/install/leo_gz_bringup/lib/python3.10/site-packages'
[16.251s] Level 1:colcon.colcon_core.environment:checking '/home/asm/leo_ws/install/leo_gz_bringup/bin'
[16.252s] INFO:colcon.colcon_core.shell:Creating package script '/home/asm/leo_ws/install/leo_gz_bringup/share/leo_gz_bringup/package.ps1'
[16.253s] INFO:colcon.colcon_core.shell:Creating package descriptor '/home/asm/leo_ws/install/leo_gz_bringup/share/leo_gz_bringup/package.dsv'
[16.254s] INFO:colcon.colcon_core.shell:Creating package script '/home/asm/leo_ws/install/leo_gz_bringup/share/leo_gz_bringup/package.sh'
[16.254s] INFO:colcon.colcon_core.shell:Creating package script '/home/asm/leo_ws/install/leo_gz_bringup/share/leo_gz_bringup/package.bash'
[16.255s] INFO:colcon.colcon_core.shell:Creating package script '/home/asm/leo_ws/install/leo_gz_bringup/share/leo_gz_bringup/package.zsh'
[16.255s] Level 1:colcon.colcon_core.environment:create_file_with_runtime_dependencies(/home/asm/leo_ws/install/leo_gz_bringup/share/colcon-core/packages/leo_gz_bringup)
[16.294s] Level 1:colcon.colcon_core.environment:create_environment_scripts_only(leo_gz_bringup)
[16.295s] Level 1:colcon.colcon_core.environment:checking '/home/asm/leo_ws/install/leo_gz_bringup' for CMake module files
[16.296s] Level 1:colcon.colcon_core.environment:checking '/home/asm/leo_ws/install/leo_gz_bringup' for CMake config files
[16.297s] Level 1:colcon.colcon_core.shell:create_environment_hook('leo_gz_bringup', 'cmake_prefix_path')
[16.297s] INFO:colcon.colcon_core.shell:Creating environment hook '/home/asm/leo_ws/install/leo_gz_bringup/share/leo_gz_bringup/hook/cmake_prefix_path.ps1'
[16.299s] INFO:colcon.colcon_core.shell:Creating environment descriptor '/home/asm/leo_ws/install/leo_gz_bringup/share/leo_gz_bringup/hook/cmake_prefix_path.dsv'
[16.300s] INFO:colcon.colcon_core.shell:Creating environment hook '/home/asm/leo_ws/install/leo_gz_bringup/share/leo_gz_bringup/hook/cmake_prefix_path.sh'
[16.301s] Level 1:colcon.colcon_core.environment:checking '/home/asm/leo_ws/install/leo_gz_bringup/bin'
[16.302s] Level 1:colcon.colcon_core.environment:checking '/home/asm/leo_ws/install/leo_gz_bringup/lib/pkgconfig/leo_gz_bringup.pc'
[16.302s] Level 1:colcon.colcon_core.environment:checking '/home/asm/leo_ws/install/leo_gz_bringup/lib/python3.10/site-packages'
[16.303s] Level 1:colcon.colcon_core.environment:checking '/home/asm/leo_ws/install/leo_gz_bringup/bin'
[16.304s] INFO:colcon.colcon_core.shell:Creating package script '/home/asm/leo_ws/install/leo_gz_bringup/share/leo_gz_bringup/package.ps1'
[16.306s] INFO:colcon.colcon_core.shell:Creating package descriptor '/home/asm/leo_ws/install/leo_gz_bringup/share/leo_gz_bringup/package.dsv'
[16.307s] INFO:colcon.colcon_core.shell:Creating package script '/home/asm/leo_ws/install/leo_gz_bringup/share/leo_gz_bringup/package.sh'
[16.309s] INFO:colcon.colcon_core.shell:Creating package script '/home/asm/leo_ws/install/leo_gz_bringup/share/leo_gz_bringup/package.bash'
[16.310s] INFO:colcon.colcon_core.shell:Creating package script '/home/asm/leo_ws/install/leo_gz_bringup/share/leo_gz_bringup/package.zsh'
[16.311s] Level 1:colcon.colcon_core.environment:create_file_with_runtime_dependencies(/home/asm/leo_ws/install/leo_gz_bringup/share/colcon-core/packages/leo_gz_bringup)
[16.312s] INFO:colcon.colcon_ros.task.ament_cmake.build:Building ROS package in '/home/asm/leo_ws/src/leo_simulator-ros2/leo_simulator' with build type 'ament_cmake'
[16.312s] INFO:colcon.colcon_cmake.task.cmake.build:Building CMake package in '/home/asm/leo_ws/src/leo_simulator-ros2/leo_simulator'
[16.313s] INFO:colcon.colcon_core.shell:Skip shell extension 'powershell' for command environment: Not usable outside of PowerShell
[16.313s] DEBUG:colcon.colcon_core.shell:Skip shell extension 'dsv' for command environment
[16.335s] DEBUG:colcon.colcon_core.event_handler.log_command:Invoking command in '/home/asm/leo_ws/build/leo_simulator': AMENT_PREFIX_PATH=/home/asm/leo_ws/install/leo_gz_bringup:/home/asm/leo_ws/install/leo_gz_worlds:/home/asm/leo_ws/install/leo_gz_plugins:${AMENT_PREFIX_PATH} CMAKE_PREFIX_PATH=/home/asm/leo_ws/install/leo_gz_bringup:/home/asm/leo_ws/install/leo_gz_worlds:/home/asm/leo_ws/install/leo_gz_plugins:/opt/ros/humble LD_LIBRARY_PATH=/home/asm/leo_ws/install/leo_gz_plugins/lib:${LD_LIBRARY_PATH} /usr/bin/cmake --build /home/asm/leo_ws/build/leo_simulator -- -j12 -l12
[16.394s] DEBUG:colcon.colcon_core.event_handler.log_command:Invoked command in '/home/asm/leo_ws/build/leo_simulator' returned '0': AMENT_PREFIX_PATH=/home/asm/leo_ws/install/leo_gz_bringup:/home/asm/leo_ws/install/leo_gz_worlds:/home/asm/leo_ws/install/leo_gz_plugins:${AMENT_PREFIX_PATH} CMAKE_PREFIX_PATH=/home/asm/leo_ws/install/leo_gz_bringup:/home/asm/leo_ws/install/leo_gz_worlds:/home/asm/leo_ws/install/leo_gz_plugins:/opt/ros/humble LD_LIBRARY_PATH=/home/asm/leo_ws/install/leo_gz_plugins/lib:${LD_LIBRARY_PATH} /usr/bin/cmake --build /home/asm/leo_ws/build/leo_simulator -- -j12 -l12
[16.426s] DEBUG:colcon.colcon_core.event_handler.log_command:Invoking command in '/home/asm/leo_ws/build/leo_simulator': AMENT_PREFIX_PATH=/home/asm/leo_ws/install/leo_gz_bringup:/home/asm/leo_ws/install/leo_gz_worlds:/home/asm/leo_ws/install/leo_gz_plugins:${AMENT_PREFIX_PATH} CMAKE_PREFIX_PATH=/home/asm/leo_ws/install/leo_gz_bringup:/home/asm/leo_ws/install/leo_gz_worlds:/home/asm/leo_ws/install/leo_gz_plugins:/opt/ros/humble LD_LIBRARY_PATH=/home/asm/leo_ws/install/leo_gz_plugins/lib:${LD_LIBRARY_PATH} /usr/bin/cmake --install /home/asm/leo_ws/build/leo_simulator
[16.468s] Level 1:colcon.colcon_core.environment:create_environment_scripts_only(leo_simulator)
[16.469s] Level 1:colcon.colcon_core.environment:checking '/home/asm/leo_ws/install/leo_simulator' for CMake module files
[16.470s] DEBUG:colcon.colcon_core.event_handler.log_command:Invoked command in '/home/asm/leo_ws/build/leo_simulator' returned '0': AMENT_PREFIX_PATH=/home/asm/leo_ws/install/leo_gz_bringup:/home/asm/leo_ws/install/leo_gz_worlds:/home/asm/leo_ws/install/leo_gz_plugins:${AMENT_PREFIX_PATH} CMAKE_PREFIX_PATH=/home/asm/leo_ws/install/leo_gz_bringup:/home/asm/leo_ws/install/leo_gz_worlds:/home/asm/leo_ws/install/leo_gz_plugins:/opt/ros/humble LD_LIBRARY_PATH=/home/asm/leo_ws/install/leo_gz_plugins/lib:${LD_LIBRARY_PATH} /usr/bin/cmake --install /home/asm/leo_ws/build/leo_simulator
[16.470s] Level 1:colcon.colcon_core.environment:checking '/home/asm/leo_ws/install/leo_simulator' for CMake config files
[16.471s] Level 1:colcon.colcon_core.shell:create_environment_hook('leo_simulator', 'cmake_prefix_path')
[16.472s] INFO:colcon.colcon_core.shell:Creating environment hook '/home/asm/leo_ws/install/leo_simulator/share/leo_simulator/hook/cmake_prefix_path.ps1'
[16.473s] INFO:colcon.colcon_core.shell:Creating environment descriptor '/home/asm/leo_ws/install/leo_simulator/share/leo_simulator/hook/cmake_prefix_path.dsv'
[16.474s] INFO:colcon.colcon_core.shell:Creating environment hook '/home/asm/leo_ws/install/leo_simulator/share/leo_simulator/hook/cmake_prefix_path.sh'
[16.475s] Level 1:colcon.colcon_core.environment:checking '/home/asm/leo_ws/install/leo_simulator/bin'
[16.475s] Level 1:colcon.colcon_core.environment:checking '/home/asm/leo_ws/install/leo_simulator/lib/pkgconfig/leo_simulator.pc'
[16.475s] Level 1:colcon.colcon_core.environment:checking '/home/asm/leo_ws/install/leo_simulator/lib/python3.10/site-packages'
[16.476s] Level 1:colcon.colcon_core.environment:checking '/home/asm/leo_ws/install/leo_simulator/bin'
[16.477s] INFO:colcon.colcon_core.shell:Creating package script '/home/asm/leo_ws/install/leo_simulator/share/leo_simulator/package.ps1'
[16.477s] INFO:colcon.colcon_core.shell:Creating package descriptor '/home/asm/leo_ws/install/leo_simulator/share/leo_simulator/package.dsv'
[16.478s] INFO:colcon.colcon_core.shell:Creating package script '/home/asm/leo_ws/install/leo_simulator/share/leo_simulator/package.sh'
[16.479s] INFO:colcon.colcon_core.shell:Creating package script '/home/asm/leo_ws/install/leo_simulator/share/leo_simulator/package.bash'
[16.480s] INFO:colcon.colcon_core.shell:Creating package script '/home/asm/leo_ws/install/leo_simulator/share/leo_simulator/package.zsh'
[16.480s] Level 1:colcon.colcon_core.environment:create_file_with_runtime_dependencies(/home/asm/leo_ws/install/leo_simulator/share/colcon-core/packages/leo_simulator)
[16.517s] Level 1:colcon.colcon_core.environment:create_environment_scripts_only(leo_simulator)
[16.518s] Level 1:colcon.colcon_core.environment:checking '/home/asm/leo_ws/install/leo_simulator' for CMake module files
[16.519s] Level 1:colcon.colcon_core.environment:checking '/home/asm/leo_ws/install/leo_simulator' for CMake config files
[16.520s] Level 1:colcon.colcon_core.shell:create_environment_hook('leo_simulator', 'cmake_prefix_path')
[16.520s] INFO:colcon.colcon_core.shell:Creating environment hook '/home/asm/leo_ws/install/leo_simulator/share/leo_simulator/hook/cmake_prefix_path.ps1'
[16.521s] INFO:colcon.colcon_core.shell:Creating environment descriptor '/home/asm/leo_ws/install/leo_simulator/share/leo_simulator/hook/cmake_prefix_path.dsv'
[16.522s] INFO:colcon.colcon_core.shell:Creating environment hook '/home/asm/leo_ws/install/leo_simulator/share/leo_simulator/hook/cmake_prefix_path.sh'
[16.523s] Level 1:colcon.colcon_core.environment:checking '/home/asm/leo_ws/install/leo_simulator/bin'
[16.523s] Level 1:colcon.colcon_core.environment:checking '/home/asm/leo_ws/install/leo_simulator/lib/pkgconfig/leo_simulator.pc'
[16.523s] Level 1:colcon.colcon_core.environment:checking '/home/asm/leo_ws/install/leo_simulator/lib/python3.10/site-packages'
[16.524s] Level 1:colcon.colcon_core.environment:checking '/home/asm/leo_ws/install/leo_simulator/bin'
[16.524s] INFO:colcon.colcon_core.shell:Creating package script '/home/asm/leo_ws/install/leo_simulator/share/leo_simulator/package.ps1'
[16.525s] INFO:colcon.colcon_core.shell:Creating package descriptor '/home/asm/leo_ws/install/leo_simulator/share/leo_simulator/package.dsv'
[16.526s] INFO:colcon.colcon_core.shell:Creating package script '/home/asm/leo_ws/install/leo_simulator/share/leo_simulator/package.sh'
[16.527s] INFO:colcon.colcon_core.shell:Creating package script '/home/asm/leo_ws/install/leo_simulator/share/leo_simulator/package.bash'
[16.528s] INFO:colcon.colcon_core.shell:Creating package script '/home/asm/leo_ws/install/leo_simulator/share/leo_simulator/package.zsh'
[16.529s] Level 1:colcon.colcon_core.environment:create_file_with_runtime_dependencies(/home/asm/leo_ws/install/leo_simulator/share/colcon-core/packages/leo_simulator)
[16.529s] DEBUG:colcon.colcon_parallel_executor.executor.parallel:closing loop
[16.530s] DEBUG:colcon.colcon_parallel_executor.executor.parallel:loop closed
[16.531s] DEBUG:colcon.colcon_parallel_executor.executor.parallel:run_until_complete finished with '0'
[16.531s] DEBUG:colcon.colcon_core.event_reactor:joining thread
[16.543s] INFO:colcon.colcon_core.plugin_system:Skipping extension 'colcon_notification.desktop_notification.terminal_notifier': Not used on non-Darwin systems
[16.543s] INFO:colcon.colcon_core.plugin_system:Skipping extension 'colcon_notification.desktop_notification.win32': Not used on non-Windows systems
[16.543s] INFO:colcon.colcon_notification.desktop_notification:Sending desktop notification using 'notify2'
[16.574s] DEBUG:colcon.colcon_core.event_reactor:joined thread
[16.575s] INFO:colcon.colcon_core.shell:Creating prefix script '/home/asm/leo_ws/install/local_setup.ps1'
[16.579s] INFO:colcon.colcon_core.shell:Creating prefix util module '/home/asm/leo_ws/install/_local_setup_util_ps1.py'
[16.583s] INFO:colcon.colcon_core.shell:Creating prefix chain script '/home/asm/leo_ws/install/setup.ps1'
[16.585s] INFO:colcon.colcon_core.shell:Creating prefix script '/home/asm/leo_ws/install/local_setup.sh'
[16.586s] INFO:colcon.colcon_core.shell:Creating prefix util module '/home/asm/leo_ws/install/_local_setup_util_sh.py'
[16.587s] INFO:colcon.colcon_core.shell:Creating prefix chain script '/home/asm/leo_ws/install/setup.sh'
[16.589s] INFO:colcon.colcon_core.shell:Creating prefix script '/home/asm/leo_ws/install/local_setup.bash'
[16.590s] INFO:colcon.colcon_core.shell:Creating prefix chain script '/home/asm/leo_ws/install/setup.bash'
[16.592s] INFO:colcon.colcon_core.shell:Creating prefix script '/home/asm/leo_ws/install/local_setup.zsh'
[16.593s] INFO:colcon.colcon_core.shell:Creating prefix chain script '/home/asm/leo_ws/install/setup.zsh'
