-- Found ament_cmake: 1.3.8 (/opt/ros/humble/share/ament_cmake/cmake)
-- Override CMake install command with custom implementation using symlinks instead of copying resources
-- Configuring done
-- Generating done
-- Build files have been written to: /home/asm/leo_ws/build/leo_simulator
-- Install configuration: ""
-- Execute custom install script
-- Up-to-date symlink: /home/asm/leo_ws/install/leo_simulator/share/ament_index/resource_index/package_run_dependencies/leo_simulator
-- Up-to-date symlink: /home/asm/leo_ws/install/leo_simulator/share/ament_index/resource_index/parent_prefix_path/leo_simulator
-- Up-to-date symlink: /home/asm/leo_ws/install/leo_simulator/share/leo_simulator/environment/ament_prefix_path.sh
-- Up-to-date symlink: /home/asm/leo_ws/install/leo_simulator/share/leo_simulator/environment/ament_prefix_path.dsv
-- Up-to-date symlink: /home/asm/leo_ws/install/leo_simulator/share/leo_simulator/environment/path.sh
-- Up-to-date symlink: /home/asm/leo_ws/install/leo_simulator/share/leo_simulator/environment/path.dsv
-- Up-to-date symlink: /home/asm/leo_ws/install/leo_simulator/share/leo_simulator/local_setup.bash
-- Up-to-date symlink: /home/asm/leo_ws/install/leo_simulator/share/leo_simulator/local_setup.sh
-- Up-to-date symlink: /home/asm/leo_ws/install/leo_simulator/share/leo_simulator/local_setup.zsh
-- Up-to-date symlink: /home/asm/leo_ws/install/leo_simulator/share/leo_simulator/local_setup.dsv
-- Symlinking: /home/asm/leo_ws/install/leo_simulator/share/leo_simulator/package.dsv
-- Up-to-date symlink: /home/asm/leo_ws/install/leo_simulator/share/ament_index/resource_index/packages/leo_simulator
-- Up-to-date symlink: /home/asm/leo_ws/install/leo_simulator/share/leo_simulator/cmake/leo_simulatorConfig.cmake
-- Up-to-date symlink: /home/asm/leo_ws/install/leo_simulator/share/leo_simulator/cmake/leo_simulatorConfig-version.cmake
-- Up-to-date symlink: /home/asm/leo_ws/install/leo_simulator/share/leo_simulator/package.xml
