[0.036s] Invoking command in '/home/asm/leo_ws/build/leo_gz_plugins': CMAKE_PREFIX_PATH=${CMAKE_PREFIX_PATH}:/home/asm/leo_ws/install/odom_package:/home/asm/leo_ws/install/leo_navigation:/opt/ros/humble /usr/bin/cmake --build /home/asm/leo_ws/build/leo_gz_plugins -- -j12 -l12
[0.097s] [100%] Built target leo_gz_differential_plugin
[0.370s] Invoked command in '/home/asm/leo_ws/build/leo_gz_plugins' returned '0': CMAKE_PREFIX_PATH=${CMAKE_PREFIX_PATH}:/home/asm/leo_ws/install/odom_package:/home/asm/leo_ws/install/leo_navigation:/opt/ros/humble /usr/bin/cmake --build /home/asm/leo_ws/build/leo_gz_plugins -- -j12 -l12
[0.408s] Invoking command in '/home/asm/leo_ws/build/leo_gz_plugins': CMAKE_PREFIX_PATH=${CMAKE_PREFIX_PATH}:/home/asm/leo_ws/install/odom_package:/home/asm/leo_ws/install/leo_navigation:/opt/ros/humble /usr/bin/cmake --install /home/asm/leo_ws/build/leo_gz_plugins
[0.419s] -- Install configuration: ""
[0.419s] -- Execute custom install script
[0.420s] -- Up-to-date symlink: /home/asm/leo_ws/install/leo_gz_plugins/lib/libleo_gz_differential_plugin.so
[0.420s] -- Up-to-date symlink: /home/asm/leo_ws/install/leo_gz_plugins/share/leo_gz_plugins/environment/gz_sim_system_plugin_path.dsv
[0.421s] -- Up-to-date symlink: /home/asm/leo_ws/install/leo_gz_plugins/share/ament_index/resource_index/package_run_dependencies/leo_gz_plugins
[0.421s] -- Up-to-date symlink: /home/asm/leo_ws/install/leo_gz_plugins/share/ament_index/resource_index/parent_prefix_path/leo_gz_plugins
[0.421s] -- Up-to-date symlink: /home/asm/leo_ws/install/leo_gz_plugins/share/leo_gz_plugins/environment/ament_prefix_path.sh
[0.421s] -- Up-to-date symlink: /home/asm/leo_ws/install/leo_gz_plugins/share/leo_gz_plugins/environment/ament_prefix_path.dsv
[0.422s] -- Up-to-date symlink: /home/asm/leo_ws/install/leo_gz_plugins/share/leo_gz_plugins/environment/path.sh
[0.422s] -- Up-to-date symlink: /home/asm/leo_ws/install/leo_gz_plugins/share/leo_gz_plugins/environment/path.dsv
[0.423s] -- Up-to-date symlink: /home/asm/leo_ws/install/leo_gz_plugins/share/leo_gz_plugins/local_setup.bash
[0.423s] -- Up-to-date symlink: /home/asm/leo_ws/install/leo_gz_plugins/share/leo_gz_plugins/local_setup.sh
[0.423s] -- Up-to-date symlink: /home/asm/leo_ws/install/leo_gz_plugins/share/leo_gz_plugins/local_setup.zsh
[0.424s] -- Up-to-date symlink: /home/asm/leo_ws/install/leo_gz_plugins/share/leo_gz_plugins/local_setup.dsv
[0.424s] -- Symlinking: /home/asm/leo_ws/install/leo_gz_plugins/share/leo_gz_plugins/package.dsv
[0.429s] -- Up-to-date symlink: /home/asm/leo_ws/install/leo_gz_plugins/share/ament_index/resource_index/packages/leo_gz_plugins
[0.429s] -- Up-to-date symlink: /home/asm/leo_ws/install/leo_gz_plugins/share/leo_gz_plugins/cmake/leo_gz_pluginsConfig.cmake
[0.429s] -- Up-to-date symlink: /home/asm/leo_ws/install/leo_gz_plugins/share/leo_gz_plugins/cmake/leo_gz_pluginsConfig-version.cmake
[0.429s] -- Up-to-date symlink: /home/asm/leo_ws/install/leo_gz_plugins/share/leo_gz_plugins/package.xml
[0.443s] Invoked command in '/home/asm/leo_ws/build/leo_gz_plugins' returned '0': CMAKE_PREFIX_PATH=${CMAKE_PREFIX_PATH}:/home/asm/leo_ws/install/odom_package:/home/asm/leo_ws/install/leo_navigation:/opt/ros/humble /usr/bin/cmake --install /home/asm/leo_ws/build/leo_gz_plugins
