running egg_info
creating ../../../build/rtabmap_livox/rtabmap_livox.egg-info
writing ../../../build/rtabmap_livox/rtabmap_livox.egg-info/PKG-INFO
writing dependency_links to ../../../build/rtabmap_livox/rtabmap_livox.egg-info/dependency_links.txt
writing entry points to ../../../build/rtabmap_livox/rtabmap_livox.egg-info/entry_points.txt
writing requirements to ../../../build/rtabmap_livox/rtabmap_livox.egg-info/requires.txt
writing top-level names to ../../../build/rtabmap_livox/rtabmap_livox.egg-info/top_level.txt
writing manifest file '../../../build/rtabmap_livox/rtabmap_livox.egg-info/SOURCES.txt'
reading manifest file '../../../build/rtabmap_livox/rtabmap_livox.egg-info/SOURCES.txt'
writing manifest file '../../../build/rtabmap_livox/rtabmap_livox.egg-info/SOURCES.txt'
running build
running install
running install_data
creating /home/asm/leo_ws/install/rtabmap_livox/share/ament_index
creating /home/asm/leo_ws/install/rtabmap_livox/share/ament_index/resource_index
creating /home/asm/leo_ws/install/rtabmap_livox/share/ament_index/resource_index/packages
copying resource/rtabmap_livox -> /home/asm/leo_ws/install/rtabmap_livox/share/ament_index/resource_index/packages
copying package.xml -> /home/asm/leo_ws/install/rtabmap_livox/share/rtabmap_livox
creating /home/asm/leo_ws/install/rtabmap_livox/share/rtabmap_livox/launch
copying launch/rtabmap_livox.launch.py -> /home/asm/leo_ws/install/rtabmap_livox/share/rtabmap_livox/launch
running install_egg_info
Copying ../../../build/rtabmap_livox/rtabmap_livox.egg-info to /home/asm/leo_ws/install/rtabmap_livox/lib/python3.10/site-packages/rtabmap_livox-0.0.0-py3.10.egg-info
running install_scripts
writing list of installed files to '/home/asm/leo_ws/build/rtabmap_livox/install.log'
