[0.891s] Invoking command in '/home/asm/leo_ws/src/leo_navigation': PYTHONPATH=/home/asm/leo_ws/build/leo_navigation/prefix_override:/home/asm/leo_ws/install/leo_navigation/lib/python3.10/site-packages:${PYTHONPATH} /usr/bin/python3 -W ignore:setup.py install is deprecated setup.py egg_info --egg-base ../../build/leo_navigation build --build-base /home/asm/leo_ws/build/leo_navigation/build install --record /home/asm/leo_ws/build/leo_navigation/install.log --single-version-externally-managed install_data
[1.170s] running egg_info
[1.171s] writing ../../build/leo_navigation/leo_navigation.egg-info/PKG-INFO
[1.171s] writing dependency_links to ../../build/leo_navigation/leo_navigation.egg-info/dependency_links.txt
[1.172s] writing entry points to ../../build/leo_navigation/leo_navigation.egg-info/entry_points.txt
[1.172s] writing requirements to ../../build/leo_navigation/leo_navigation.egg-info/requires.txt
[1.172s] writing top-level names to ../../build/leo_navigation/leo_navigation.egg-info/top_level.txt
[1.173s] reading manifest file '../../build/leo_navigation/leo_navigation.egg-info/SOURCES.txt'
[1.175s] writing manifest file '../../build/leo_navigation/leo_navigation.egg-info/SOURCES.txt'
[1.175s] running build
[1.175s] running build_py
[1.175s] running install
[1.176s] running install_lib
[1.177s] running install_data
[1.177s] running install_egg_info
[1.179s] removing '/home/asm/leo_ws/install/leo_navigation/lib/python3.10/site-packages/leo_navigation-0.0.0-py3.10.egg-info' (and everything under it)
[1.179s] Copying ../../build/leo_navigation/leo_navigation.egg-info to /home/asm/leo_ws/install/leo_navigation/lib/python3.10/site-packages/leo_navigation-0.0.0-py3.10.egg-info
[1.180s] running install_scripts
[1.198s] Installing object_detection_node script to /home/asm/leo_ws/install/leo_navigation/lib/leo_navigation
[1.198s] Installing static_tf_publisher script to /home/asm/leo_ws/install/leo_navigation/lib/leo_navigation
[1.198s] writing list of installed files to '/home/asm/leo_ws/build/leo_navigation/install.log'
[1.217s] Invoked command in '/home/asm/leo_ws/src/leo_navigation' returned '0': PYTHONPATH=/home/asm/leo_ws/build/leo_navigation/prefix_override:/home/asm/leo_ws/install/leo_navigation/lib/python3.10/site-packages:${PYTHONPATH} /usr/bin/python3 -W ignore:setup.py install is deprecated setup.py egg_info --egg-base ../../build/leo_navigation build --build-base /home/asm/leo_ws/build/leo_navigation/build install --record /home/asm/leo_ws/build/leo_navigation/install.log --single-version-externally-managed install_data
