[0.034s] Invoking command in '/home/asm/leo_ws/build/leo_gz_plugins': CMAKE_PREFIX_PATH=/opt/ros/humble /usr/bin/cmake --build /home/asm/leo_ws/build/leo_gz_plugins -- -j12 -l12
[0.373s] [35m[1mConsolidate compiler generated dependencies of target leo_gz_differential_plugin[0m
[0.374s] [100%] Built target leo_gz_differential_plugin
[0.382s] Invoked command in '/home/asm/leo_ws/build/leo_gz_plugins' returned '0': CMAKE_PREFIX_PATH=/opt/ros/humble /usr/bin/cmake --build /home/asm/leo_ws/build/leo_gz_plugins -- -j12 -l12
[0.418s] Invoking command in '/home/asm/leo_ws/build/leo_gz_plugins': CMAKE_PREFIX_PATH=/opt/ros/humble /usr/bin/cmake --install /home/asm/leo_ws/build/leo_gz_plugins
[0.429s] -- Install configuration: ""
[0.430s] -- Execute custom install script
[0.430s] -- Up-to-date symlink: /home/asm/leo_ws/install/leo_gz_plugins/lib/libleo_gz_differential_plugin.so
[0.431s] -- Up-to-date symlink: /home/asm/leo_ws/install/leo_gz_plugins/share/leo_gz_plugins/environment/gz_sim_system_plugin_path.dsv
[0.431s] -- Up-to-date symlink: /home/asm/leo_ws/install/leo_gz_plugins/share/ament_index/resource_index/package_run_dependencies/leo_gz_plugins
[0.432s] -- Up-to-date symlink: /home/asm/leo_ws/install/leo_gz_plugins/share/ament_index/resource_index/parent_prefix_path/leo_gz_plugins
[0.432s] -- Up-to-date symlink: /home/asm/leo_ws/install/leo_gz_plugins/share/leo_gz_plugins/environment/ament_prefix_path.sh
[0.432s] -- Up-to-date symlink: /home/asm/leo_ws/install/leo_gz_plugins/share/leo_gz_plugins/environment/ament_prefix_path.dsv
[0.432s] -- Up-to-date symlink: /home/asm/leo_ws/install/leo_gz_plugins/share/leo_gz_plugins/environment/path.sh
[0.433s] -- Up-to-date symlink: /home/asm/leo_ws/install/leo_gz_plugins/share/leo_gz_plugins/environment/path.dsv
[0.433s] -- Up-to-date symlink: /home/asm/leo_ws/install/leo_gz_plugins/share/leo_gz_plugins/local_setup.bash
[0.434s] -- Up-to-date symlink: /home/asm/leo_ws/install/leo_gz_plugins/share/leo_gz_plugins/local_setup.sh
[0.434s] -- Up-to-date symlink: /home/asm/leo_ws/install/leo_gz_plugins/share/leo_gz_plugins/local_setup.zsh
[0.436s] -- Up-to-date symlink: /home/asm/leo_ws/install/leo_gz_plugins/share/leo_gz_plugins/local_setup.dsv
[0.436s] -- Symlinking: /home/asm/leo_ws/install/leo_gz_plugins/share/leo_gz_plugins/package.dsv
[0.440s] -- Up-to-date symlink: /home/asm/leo_ws/install/leo_gz_plugins/share/ament_index/resource_index/packages/leo_gz_plugins
[0.441s] -- Up-to-date symlink: /home/asm/leo_ws/install/leo_gz_plugins/share/leo_gz_plugins/cmake/leo_gz_pluginsConfig.cmake
[0.442s] -- Up-to-date symlink: /home/asm/leo_ws/install/leo_gz_plugins/share/leo_gz_plugins/cmake/leo_gz_pluginsConfig-version.cmake
[0.443s] -- Up-to-date symlink: /home/asm/leo_ws/install/leo_gz_plugins/share/leo_gz_plugins/package.xml
[0.458s] Invoked command in '/home/asm/leo_ws/build/leo_gz_plugins' returned '0': CMAKE_PREFIX_PATH=/opt/ros/humble /usr/bin/cmake --install /home/asm/leo_ws/build/leo_gz_plugins
