[0.652s] Invoking command in '/home/asm/leo_ws/src/paqueteros2': PYTHONPATH=/home/asm/leo_ws/build/paqueteros2/prefix_override:/usr/lib/python3/dist-packages/colcon_core/task/python/colcon_distutils_commands:/home/asm/leo_ws/install/paqueteros2/lib/python3.10/site-packages:${PYTHONPATH} /usr/bin/python3 -W ignore:setup.py install is deprecated setup.py egg_info --egg-base ../../build/paqueteros2 build --build-base /home/asm/leo_ws/build/paqueteros2/build install --record /home/asm/leo_ws/build/paqueteros2/install.log --single-version-externally-managed install_data
[0.907s] running egg_info
[0.907s] writing ../../build/paqueteros2/paqueteros2.egg-info/PKG-INFO
[0.907s] writing dependency_links to ../../build/paqueteros2/paqueteros2.egg-info/dependency_links.txt
[0.908s] writing entry points to ../../build/paqueteros2/paqueteros2.egg-info/entry_points.txt
[0.908s] writing requirements to ../../build/paqueteros2/paqueteros2.egg-info/requires.txt
[0.908s] writing top-level names to ../../build/paqueteros2/paqueteros2.egg-info/top_level.txt
[0.909s] reading manifest file '../../build/paqueteros2/paqueteros2.egg-info/SOURCES.txt'
[0.909s] adding license file 'LICENSE'
[0.910s] writing manifest file '../../build/paqueteros2/paqueteros2.egg-info/SOURCES.txt'
[0.910s] running build
[0.910s] running build_py
[0.910s] copying paqueteros2/odom_pub.py -> /home/asm/leo_ws/build/paqueteros2/build/lib/paqueteros2
[0.910s] running install
[0.911s] running install_lib
[0.911s] copying /home/asm/leo_ws/build/paqueteros2/build/lib/paqueteros2/odom_pub.py -> /home/asm/leo_ws/install/paqueteros2/lib/python3.10/site-packages/paqueteros2
[0.912s] byte-compiling /home/asm/leo_ws/install/paqueteros2/lib/python3.10/site-packages/paqueteros2/odom_pub.py to odom_pub.cpython-310.pyc
[0.913s] running install_data
[0.913s] running install_egg_info
[0.914s] removing '/home/asm/leo_ws/install/paqueteros2/lib/python3.10/site-packages/paqueteros2-0.0.0-py3.10.egg-info' (and everything under it)
[0.914s] Copying ../../build/paqueteros2/paqueteros2.egg-info to /home/asm/leo_ws/install/paqueteros2/lib/python3.10/site-packages/paqueteros2-0.0.0-py3.10.egg-info
[0.915s] running install_scripts
[0.933s] Installing odom script to /home/asm/leo_ws/install/paqueteros2/lib/paqueteros2
[0.933s] Installing square script to /home/asm/leo_ws/install/paqueteros2/lib/paqueteros2
[0.933s] writing list of installed files to '/home/asm/leo_ws/build/paqueteros2/install.log'
[0.951s] Invoked command in '/home/asm/leo_ws/src/paqueteros2' returned '0': PYTHONPATH=/home/asm/leo_ws/build/paqueteros2/prefix_override:/usr/lib/python3/dist-packages/colcon_core/task/python/colcon_distutils_commands:/home/asm/leo_ws/install/paqueteros2/lib/python3.10/site-packages:${PYTHONPATH} /usr/bin/python3 -W ignore:setup.py install is deprecated setup.py egg_info --egg-base ../../build/paqueteros2 build --build-base /home/asm/leo_ws/build/paqueteros2/build install --record /home/asm/leo_ws/build/paqueteros2/install.log --single-version-externally-managed install_data
