[0.126s] DEBUG:colcon:Command line arguments: ['/usr/bin/colcon', 'build']
[0.126s] DEBUG:colcon:Parsed command line arguments: Namespace(log_base=None, log_level=None, verb_name='build', build_base='build', install_base='install', merge_install=False, symlink_install=False, test_result_base=None, continue_on_error=False, executor='parallel', parallel_workers=12, event_handlers=None, ignore_user_meta=False, metas=['./colcon.meta'], base_paths=['.'], packages_ignore=None, packages_ignore_regex=None, paths=None, packages_up_to=None, packages_up_to_regex=None, packages_above=None, packages_above_and_dependencies=None, packages_above_depth=None, packages_select_by_dep=None, packages_skip_by_dep=None, packages_skip_up_to=None, packages_select_build_failed=False, packages_skip_build_finished=False, packages_select_test_failures=False, packages_skip_test_passed=False, packages_select=None, packages_skip=None, packages_select_regex=None, packages_skip_regex=None, packages_start=None, packages_end=None, allow_overriding=[], cmake_args=None, cmake_target=None, cmake_target_skip_unavailable=False, cmake_clean_cache=False, cmake_clean_first=False, cmake_force_configure=False, ament_cmake_args=None, catkin_cmake_args=None, catkin_skip_building_tests=False, mixin_files=None, mixin=None, verb_parser=<colcon_mixin.mixin.mixin_argument.MixinArgumentDecorator object at 0x73320634b460>, verb_extension=<colcon_core.verb.build.BuildVerb object at 0x73320634ae90>, main=<bound method BuildVerb.main of <colcon_core.verb.build.BuildVerb object at 0x73320634ae90>>, mixin_verb=('build',))
[0.346s] Level 1:colcon.colcon_core.package_discovery:discover_packages(colcon_meta) check parameters
[0.346s] Level 1:colcon.colcon_core.package_discovery:discover_packages(recursive) check parameters
[0.346s] Level 1:colcon.colcon_core.package_discovery:discover_packages(ignore) check parameters
[0.346s] Level 1:colcon.colcon_core.package_discovery:discover_packages(path) check parameters
[0.346s] Level 1:colcon.colcon_core.package_discovery:discover_packages(colcon_meta) discover
[0.346s] Level 1:colcon.colcon_core.package_discovery:discover_packages(recursive) discover
[0.346s] INFO:colcon.colcon_core.package_discovery:Crawling recursively for packages in '/home/asm/leo_ws'
[0.346s] Level 1:colcon.colcon_core.package_identification:_identify(.) by extensions ['ignore', 'ignore_ament_install']
[0.346s] Level 1:colcon.colcon_core.package_identification:_identify(.) by extension 'ignore'
[0.346s] Level 1:colcon.colcon_core.package_identification:_identify(.) by extension 'ignore_ament_install'
[0.347s] Level 1:colcon.colcon_core.package_identification:_identify(.) by extensions ['colcon_pkg']
[0.347s] Level 1:colcon.colcon_core.package_identification:_identify(.) by extension 'colcon_pkg'
[0.347s] Level 1:colcon.colcon_core.package_identification:_identify(.) by extensions ['colcon_meta']
[0.347s] Level 1:colcon.colcon_core.package_identification:_identify(.) by extension 'colcon_meta'
[0.347s] Level 1:colcon.colcon_core.package_identification:_identify(.) by extensions ['ros']
[0.347s] Level 1:colcon.colcon_core.package_identification:_identify(.) by extension 'ros'
[0.363s] Level 1:colcon.colcon_core.package_identification:_identify(.) by extensions ['cmake', 'python']
[0.363s] Level 1:colcon.colcon_core.package_identification:_identify(.) by extension 'cmake'
[0.363s] Level 1:colcon.colcon_core.package_identification:_identify(.) by extension 'python'
[0.363s] Level 1:colcon.colcon_core.package_identification:_identify(.) by extensions ['python_setup_py']
[0.363s] Level 1:colcon.colcon_core.package_identification:_identify(.) by extension 'python_setup_py'
[0.363s] Level 1:colcon.colcon_core.package_identification:_identify(build) by extensions ['ignore', 'ignore_ament_install']
[0.363s] Level 1:colcon.colcon_core.package_identification:_identify(build) by extension 'ignore'
[0.363s] Level 1:colcon.colcon_core.package_identification:_identify(build) ignored
[0.363s] Level 1:colcon.colcon_core.package_identification:_identify(install) by extensions ['ignore', 'ignore_ament_install']
[0.363s] Level 1:colcon.colcon_core.package_identification:_identify(install) by extension 'ignore'
[0.363s] Level 1:colcon.colcon_core.package_identification:_identify(install) ignored
[0.364s] Level 1:colcon.colcon_core.package_identification:_identify(log) by extensions ['ignore', 'ignore_ament_install']
[0.364s] Level 1:colcon.colcon_core.package_identification:_identify(log) by extension 'ignore'
[0.364s] Level 1:colcon.colcon_core.package_identification:_identify(log) ignored
[0.364s] Level 1:colcon.colcon_core.package_identification:_identify(src) by extensions ['ignore', 'ignore_ament_install']
[0.364s] Level 1:colcon.colcon_core.package_identification:_identify(src) by extension 'ignore'
[0.364s] Level 1:colcon.colcon_core.package_identification:_identify(src) by extension 'ignore_ament_install'
[0.364s] Level 1:colcon.colcon_core.package_identification:_identify(src) by extensions ['colcon_pkg']
[0.364s] Level 1:colcon.colcon_core.package_identification:_identify(src) by extension 'colcon_pkg'
[0.364s] Level 1:colcon.colcon_core.package_identification:_identify(src) by extensions ['colcon_meta']
[0.364s] Level 1:colcon.colcon_core.package_identification:_identify(src) by extension 'colcon_meta'
[0.364s] Level 1:colcon.colcon_core.package_identification:_identify(src) by extensions ['ros']
[0.364s] Level 1:colcon.colcon_core.package_identification:_identify(src) by extension 'ros'
[0.364s] Level 1:colcon.colcon_core.package_identification:_identify(src) by extensions ['cmake', 'python']
[0.364s] Level 1:colcon.colcon_core.package_identification:_identify(src) by extension 'cmake'
[0.364s] Level 1:colcon.colcon_core.package_identification:_identify(src) by extension 'python'
[0.364s] Level 1:colcon.colcon_core.package_identification:_identify(src) by extensions ['python_setup_py']
[0.364s] Level 1:colcon.colcon_core.package_identification:_identify(src) by extension 'python_setup_py'
[0.364s] Level 1:colcon.colcon_core.package_identification:_identify(src/leo_common-ros2) by extensions ['ignore', 'ignore_ament_install']
[0.365s] Level 1:colcon.colcon_core.package_identification:_identify(src/leo_common-ros2) by extension 'ignore'
[0.365s] Level 1:colcon.colcon_core.package_identification:_identify(src/leo_common-ros2) by extension 'ignore_ament_install'
[0.365s] Level 1:colcon.colcon_core.package_identification:_identify(src/leo_common-ros2) by extensions ['colcon_pkg']
[0.365s] Level 1:colcon.colcon_core.package_identification:_identify(src/leo_common-ros2) by extension 'colcon_pkg'
[0.365s] Level 1:colcon.colcon_core.package_identification:_identify(src/leo_common-ros2) by extensions ['colcon_meta']
[0.365s] Level 1:colcon.colcon_core.package_identification:_identify(src/leo_common-ros2) by extension 'colcon_meta'
[0.365s] Level 1:colcon.colcon_core.package_identification:_identify(src/leo_common-ros2) by extensions ['ros']
[0.365s] Level 1:colcon.colcon_core.package_identification:_identify(src/leo_common-ros2) by extension 'ros'
[0.365s] Level 1:colcon.colcon_core.package_identification:_identify(src/leo_common-ros2) by extensions ['cmake', 'python']
[0.365s] Level 1:colcon.colcon_core.package_identification:_identify(src/leo_common-ros2) by extension 'cmake'
[0.365s] Level 1:colcon.colcon_core.package_identification:_identify(src/leo_common-ros2) by extension 'python'
[0.365s] Level 1:colcon.colcon_core.package_identification:_identify(src/leo_common-ros2) by extensions ['python_setup_py']
[0.365s] Level 1:colcon.colcon_core.package_identification:_identify(src/leo_common-ros2) by extension 'python_setup_py'
[0.365s] Level 1:colcon.colcon_core.package_identification:_identify(src/leo_common-ros2/leo) by extensions ['ignore', 'ignore_ament_install']
[0.365s] Level 1:colcon.colcon_core.package_identification:_identify(src/leo_common-ros2/leo) by extension 'ignore'
[0.365s] Level 1:colcon.colcon_core.package_identification:_identify(src/leo_common-ros2/leo) by extension 'ignore_ament_install'
[0.365s] Level 1:colcon.colcon_core.package_identification:_identify(src/leo_common-ros2/leo) by extensions ['colcon_pkg']
[0.365s] Level 1:colcon.colcon_core.package_identification:_identify(src/leo_common-ros2/leo) by extension 'colcon_pkg'
[0.365s] Level 1:colcon.colcon_core.package_identification:_identify(src/leo_common-ros2/leo) by extensions ['colcon_meta']
[0.365s] Level 1:colcon.colcon_core.package_identification:_identify(src/leo_common-ros2/leo) by extension 'colcon_meta'
[0.365s] Level 1:colcon.colcon_core.package_identification:_identify(src/leo_common-ros2/leo) by extensions ['ros']
[0.366s] Level 1:colcon.colcon_core.package_identification:_identify(src/leo_common-ros2/leo) by extension 'ros'
[0.368s] DEBUG:colcon.colcon_core.package_identification:Package 'src/leo_common-ros2/leo' with type 'ros.ament_cmake' and name 'leo'
[0.368s] Level 1:colcon.colcon_core.package_identification:_identify(src/leo_common-ros2/leo_description) by extensions ['ignore', 'ignore_ament_install']
[0.368s] Level 1:colcon.colcon_core.package_identification:_identify(src/leo_common-ros2/leo_description) by extension 'ignore'
[0.368s] Level 1:colcon.colcon_core.package_identification:_identify(src/leo_common-ros2/leo_description) by extension 'ignore_ament_install'
[0.368s] Level 1:colcon.colcon_core.package_identification:_identify(src/leo_common-ros2/leo_description) by extensions ['colcon_pkg']
[0.368s] Level 1:colcon.colcon_core.package_identification:_identify(src/leo_common-ros2/leo_description) by extension 'colcon_pkg'
[0.368s] Level 1:colcon.colcon_core.package_identification:_identify(src/leo_common-ros2/leo_description) by extensions ['colcon_meta']
[0.368s] Level 1:colcon.colcon_core.package_identification:_identify(src/leo_common-ros2/leo_description) by extension 'colcon_meta'
[0.368s] Level 1:colcon.colcon_core.package_identification:_identify(src/leo_common-ros2/leo_description) by extensions ['ros']
[0.368s] Level 1:colcon.colcon_core.package_identification:_identify(src/leo_common-ros2/leo_description) by extension 'ros'
[0.369s] DEBUG:colcon.colcon_core.package_identification:Package 'src/leo_common-ros2/leo_description' with type 'ros.ament_cmake' and name 'leo_description'
[0.369s] Level 1:colcon.colcon_core.package_identification:_identify(src/leo_common-ros2/leo_msgs) by extensions ['ignore', 'ignore_ament_install']
[0.369s] Level 1:colcon.colcon_core.package_identification:_identify(src/leo_common-ros2/leo_msgs) by extension 'ignore'
[0.369s] Level 1:colcon.colcon_core.package_identification:_identify(src/leo_common-ros2/leo_msgs) by extension 'ignore_ament_install'
[0.369s] Level 1:colcon.colcon_core.package_identification:_identify(src/leo_common-ros2/leo_msgs) by extensions ['colcon_pkg']
[0.369s] Level 1:colcon.colcon_core.package_identification:_identify(src/leo_common-ros2/leo_msgs) by extension 'colcon_pkg'
[0.369s] Level 1:colcon.colcon_core.package_identification:_identify(src/leo_common-ros2/leo_msgs) by extensions ['colcon_meta']
[0.369s] Level 1:colcon.colcon_core.package_identification:_identify(src/leo_common-ros2/leo_msgs) by extension 'colcon_meta'
[0.369s] Level 1:colcon.colcon_core.package_identification:_identify(src/leo_common-ros2/leo_msgs) by extensions ['ros']
[0.369s] Level 1:colcon.colcon_core.package_identification:_identify(src/leo_common-ros2/leo_msgs) by extension 'ros'
[0.370s] DEBUG:colcon.colcon_core.package_identification:Package 'src/leo_common-ros2/leo_msgs' with type 'ros.ament_cmake' and name 'leo_msgs'
[0.370s] Level 1:colcon.colcon_core.package_identification:_identify(src/leo_common-ros2/leo_teleop) by extensions ['ignore', 'ignore_ament_install']
[0.370s] Level 1:colcon.colcon_core.package_identification:_identify(src/leo_common-ros2/leo_teleop) by extension 'ignore'
[0.370s] Level 1:colcon.colcon_core.package_identification:_identify(src/leo_common-ros2/leo_teleop) by extension 'ignore_ament_install'
[0.370s] Level 1:colcon.colcon_core.package_identification:_identify(src/leo_common-ros2/leo_teleop) by extensions ['colcon_pkg']
[0.370s] Level 1:colcon.colcon_core.package_identification:_identify(src/leo_common-ros2/leo_teleop) by extension 'colcon_pkg'
[0.370s] Level 1:colcon.colcon_core.package_identification:_identify(src/leo_common-ros2/leo_teleop) by extensions ['colcon_meta']
[0.370s] Level 1:colcon.colcon_core.package_identification:_identify(src/leo_common-ros2/leo_teleop) by extension 'colcon_meta'
[0.370s] Level 1:colcon.colcon_core.package_identification:_identify(src/leo_common-ros2/leo_teleop) by extensions ['ros']
[0.370s] Level 1:colcon.colcon_core.package_identification:_identify(src/leo_common-ros2/leo_teleop) by extension 'ros'
[0.371s] DEBUG:colcon.colcon_core.package_identification:Package 'src/leo_common-ros2/leo_teleop' with type 'ros.ament_cmake' and name 'leo_teleop'
[0.371s] Level 1:colcon.colcon_core.package_identification:_identify(src/leo_navigation) by extensions ['ignore', 'ignore_ament_install']
[0.371s] Level 1:colcon.colcon_core.package_identification:_identify(src/leo_navigation) by extension 'ignore'
[0.371s] Level 1:colcon.colcon_core.package_identification:_identify(src/leo_navigation) by extension 'ignore_ament_install'
[0.371s] Level 1:colcon.colcon_core.package_identification:_identify(src/leo_navigation) by extensions ['colcon_pkg']
[0.371s] Level 1:colcon.colcon_core.package_identification:_identify(src/leo_navigation) by extension 'colcon_pkg'
[0.371s] Level 1:colcon.colcon_core.package_identification:_identify(src/leo_navigation) by extensions ['colcon_meta']
[0.371s] Level 1:colcon.colcon_core.package_identification:_identify(src/leo_navigation) by extension 'colcon_meta'
[0.371s] Level 1:colcon.colcon_core.package_identification:_identify(src/leo_navigation) by extensions ['ros']
[0.371s] Level 1:colcon.colcon_core.package_identification:_identify(src/leo_navigation) by extension 'ros'
[0.372s] DEBUG:colcon.colcon_core.package_identification:Package 'src/leo_navigation' with type 'ros.ament_python' and name 'leo_navigation'
[0.372s] Level 1:colcon.colcon_core.package_identification:_identify(src/leo_simulator-ros2) by extensions ['ignore', 'ignore_ament_install']
[0.372s] Level 1:colcon.colcon_core.package_identification:_identify(src/leo_simulator-ros2) by extension 'ignore'
[0.372s] Level 1:colcon.colcon_core.package_identification:_identify(src/leo_simulator-ros2) by extension 'ignore_ament_install'
[0.372s] Level 1:colcon.colcon_core.package_identification:_identify(src/leo_simulator-ros2) by extensions ['colcon_pkg']
[0.372s] Level 1:colcon.colcon_core.package_identification:_identify(src/leo_simulator-ros2) by extension 'colcon_pkg'
[0.373s] Level 1:colcon.colcon_core.package_identification:_identify(src/leo_simulator-ros2) by extensions ['colcon_meta']
[0.373s] Level 1:colcon.colcon_core.package_identification:_identify(src/leo_simulator-ros2) by extension 'colcon_meta'
[0.373s] Level 1:colcon.colcon_core.package_identification:_identify(src/leo_simulator-ros2) by extensions ['ros']
[0.373s] Level 1:colcon.colcon_core.package_identification:_identify(src/leo_simulator-ros2) by extension 'ros'
[0.373s] Level 1:colcon.colcon_core.package_identification:_identify(src/leo_simulator-ros2) by extensions ['cmake', 'python']
[0.373s] Level 1:colcon.colcon_core.package_identification:_identify(src/leo_simulator-ros2) by extension 'cmake'
[0.373s] Level 1:colcon.colcon_core.package_identification:_identify(src/leo_simulator-ros2) by extension 'python'
[0.373s] Level 1:colcon.colcon_core.package_identification:_identify(src/leo_simulator-ros2) by extensions ['python_setup_py']
[0.373s] Level 1:colcon.colcon_core.package_identification:_identify(src/leo_simulator-ros2) by extension 'python_setup_py'
[0.373s] Level 1:colcon.colcon_core.package_identification:_identify(src/leo_simulator-ros2/leo_gz_bringup) by extensions ['ignore', 'ignore_ament_install']
[0.373s] Level 1:colcon.colcon_core.package_identification:_identify(src/leo_simulator-ros2/leo_gz_bringup) by extension 'ignore'
[0.373s] Level 1:colcon.colcon_core.package_identification:_identify(src/leo_simulator-ros2/leo_gz_bringup) by extension 'ignore_ament_install'
[0.373s] Level 1:colcon.colcon_core.package_identification:_identify(src/leo_simulator-ros2/leo_gz_bringup) by extensions ['colcon_pkg']
[0.373s] Level 1:colcon.colcon_core.package_identification:_identify(src/leo_simulator-ros2/leo_gz_bringup) by extension 'colcon_pkg'
[0.373s] Level 1:colcon.colcon_core.package_identification:_identify(src/leo_simulator-ros2/leo_gz_bringup) by extensions ['colcon_meta']
[0.373s] Level 1:colcon.colcon_core.package_identification:_identify(src/leo_simulator-ros2/leo_gz_bringup) by extension 'colcon_meta'
[0.373s] Level 1:colcon.colcon_core.package_identification:_identify(src/leo_simulator-ros2/leo_gz_bringup) by extensions ['ros']
[0.373s] Level 1:colcon.colcon_core.package_identification:_identify(src/leo_simulator-ros2/leo_gz_bringup) by extension 'ros'
[0.374s] DEBUG:colcon.colcon_core.package_identification:Package 'src/leo_simulator-ros2/leo_gz_bringup' with type 'ros.ament_cmake' and name 'leo_gz_bringup'
[0.374s] Level 1:colcon.colcon_core.package_identification:_identify(src/leo_simulator-ros2/leo_gz_plugins) by extensions ['ignore', 'ignore_ament_install']
[0.374s] Level 1:colcon.colcon_core.package_identification:_identify(src/leo_simulator-ros2/leo_gz_plugins) by extension 'ignore'
[0.374s] Level 1:colcon.colcon_core.package_identification:_identify(src/leo_simulator-ros2/leo_gz_plugins) by extension 'ignore_ament_install'
[0.374s] Level 1:colcon.colcon_core.package_identification:_identify(src/leo_simulator-ros2/leo_gz_plugins) by extensions ['colcon_pkg']
[0.375s] Level 1:colcon.colcon_core.package_identification:_identify(src/leo_simulator-ros2/leo_gz_plugins) by extension 'colcon_pkg'
[0.375s] Level 1:colcon.colcon_core.package_identification:_identify(src/leo_simulator-ros2/leo_gz_plugins) by extensions ['colcon_meta']
[0.375s] Level 1:colcon.colcon_core.package_identification:_identify(src/leo_simulator-ros2/leo_gz_plugins) by extension 'colcon_meta'
[0.375s] Level 1:colcon.colcon_core.package_identification:_identify(src/leo_simulator-ros2/leo_gz_plugins) by extensions ['ros']
[0.375s] Level 1:colcon.colcon_core.package_identification:_identify(src/leo_simulator-ros2/leo_gz_plugins) by extension 'ros'
[0.385s] DEBUG:colcon.colcon_core.package_identification:Package 'src/leo_simulator-ros2/leo_gz_plugins' with type 'ros.ament_cmake' and name 'leo_gz_plugins'
[0.385s] Level 1:colcon.colcon_core.package_identification:_identify(src/leo_simulator-ros2/leo_gz_worlds) by extensions ['ignore', 'ignore_ament_install']
[0.385s] Level 1:colcon.colcon_core.package_identification:_identify(src/leo_simulator-ros2/leo_gz_worlds) by extension 'ignore'
[0.385s] Level 1:colcon.colcon_core.package_identification:_identify(src/leo_simulator-ros2/leo_gz_worlds) by extension 'ignore_ament_install'
[0.385s] Level 1:colcon.colcon_core.package_identification:_identify(src/leo_simulator-ros2/leo_gz_worlds) by extensions ['colcon_pkg']
[0.385s] Level 1:colcon.colcon_core.package_identification:_identify(src/leo_simulator-ros2/leo_gz_worlds) by extension 'colcon_pkg'
[0.385s] Level 1:colcon.colcon_core.package_identification:_identify(src/leo_simulator-ros2/leo_gz_worlds) by extensions ['colcon_meta']
[0.385s] Level 1:colcon.colcon_core.package_identification:_identify(src/leo_simulator-ros2/leo_gz_worlds) by extension 'colcon_meta'
[0.385s] Level 1:colcon.colcon_core.package_identification:_identify(src/leo_simulator-ros2/leo_gz_worlds) by extensions ['ros']
[0.385s] Level 1:colcon.colcon_core.package_identification:_identify(src/leo_simulator-ros2/leo_gz_worlds) by extension 'ros'
[0.386s] DEBUG:colcon.colcon_core.package_identification:Package 'src/leo_simulator-ros2/leo_gz_worlds' with type 'ros.ament_cmake' and name 'leo_gz_worlds'
[0.386s] Level 1:colcon.colcon_core.package_identification:_identify(src/leo_simulator-ros2/leo_simulator) by extensions ['ignore', 'ignore_ament_install']
[0.386s] Level 1:colcon.colcon_core.package_identification:_identify(src/leo_simulator-ros2/leo_simulator) by extension 'ignore'
[0.386s] Level 1:colcon.colcon_core.package_identification:_identify(src/leo_simulator-ros2/leo_simulator) by extension 'ignore_ament_install'
[0.386s] Level 1:colcon.colcon_core.package_identification:_identify(src/leo_simulator-ros2/leo_simulator) by extensions ['colcon_pkg']
[0.386s] Level 1:colcon.colcon_core.package_identification:_identify(src/leo_simulator-ros2/leo_simulator) by extension 'colcon_pkg'
[0.386s] Level 1:colcon.colcon_core.package_identification:_identify(src/leo_simulator-ros2/leo_simulator) by extensions ['colcon_meta']
[0.386s] Level 1:colcon.colcon_core.package_identification:_identify(src/leo_simulator-ros2/leo_simulator) by extension 'colcon_meta'
[0.386s] Level 1:colcon.colcon_core.package_identification:_identify(src/leo_simulator-ros2/leo_simulator) by extensions ['ros']
[0.386s] Level 1:colcon.colcon_core.package_identification:_identify(src/leo_simulator-ros2/leo_simulator) by extension 'ros'
[0.387s] DEBUG:colcon.colcon_core.package_identification:Package 'src/leo_simulator-ros2/leo_simulator' with type 'ros.ament_cmake' and name 'leo_simulator'
[0.387s] Level 1:colcon.colcon_core.package_discovery:discover_packages(recursive) using defaults
[0.387s] Level 1:colcon.colcon_core.package_discovery:discover_packages(ignore) discover
[0.387s] Level 1:colcon.colcon_core.package_discovery:discover_packages(ignore) using defaults
[0.387s] Level 1:colcon.colcon_core.package_discovery:discover_packages(path) discover
[0.387s] Level 1:colcon.colcon_core.package_discovery:discover_packages(path) using defaults
[0.409s] Level 1:colcon.colcon_core.package_discovery:discover_packages(prefix_path) check parameters
[0.409s] Level 1:colcon.colcon_core.package_discovery:discover_packages(prefix_path) discover
[0.413s] DEBUG:colcon.colcon_installed_package_information.package_discovery:Found 436 installed packages in /opt/ros/humble
[0.415s] Level 1:colcon.colcon_core.package_discovery:discover_packages(prefix_path) using defaults
[0.465s] Level 5:colcon.colcon_core.verb:set package 'leo_description' build argument 'cmake_args' from command line to 'None'
[0.465s] Level 5:colcon.colcon_core.verb:set package 'leo_description' build argument 'cmake_target' from command line to 'None'
[0.465s] Level 5:colcon.colcon_core.verb:set package 'leo_description' build argument 'cmake_target_skip_unavailable' from command line to 'False'
[0.465s] Level 5:colcon.colcon_core.verb:set package 'leo_description' build argument 'cmake_clean_cache' from command line to 'False'
[0.465s] Level 5:colcon.colcon_core.verb:set package 'leo_description' build argument 'cmake_clean_first' from command line to 'False'
[0.465s] Level 5:colcon.colcon_core.verb:set package 'leo_description' build argument 'cmake_force_configure' from command line to 'False'
[0.465s] Level 5:colcon.colcon_core.verb:set package 'leo_description' build argument 'ament_cmake_args' from command line to 'None'
[0.465s] Level 5:colcon.colcon_core.verb:set package 'leo_description' build argument 'catkin_cmake_args' from command line to 'None'
[0.465s] Level 5:colcon.colcon_core.verb:set package 'leo_description' build argument 'catkin_skip_building_tests' from command line to 'False'
[0.465s] DEBUG:colcon.colcon_core.verb:Building package 'leo_description' with the following arguments: {'ament_cmake_args': None, 'build_base': '/home/asm/leo_ws/build/leo_description', 'catkin_cmake_args': None, 'catkin_skip_building_tests': False, 'cmake_args': None, 'cmake_clean_cache': False, 'cmake_clean_first': False, 'cmake_force_configure': False, 'cmake_target': None, 'cmake_target_skip_unavailable': False, 'install_base': '/home/asm/leo_ws/install/leo_description', 'merge_install': False, 'path': '/home/asm/leo_ws/src/leo_common-ros2/leo_description', 'symlink_install': False, 'test_result_base': None}
[0.466s] Level 5:colcon.colcon_core.verb:set package 'leo_gz_plugins' build argument 'cmake_args' from command line to 'None'
[0.466s] Level 5:colcon.colcon_core.verb:set package 'leo_gz_plugins' build argument 'cmake_target' from command line to 'None'
[0.466s] Level 5:colcon.colcon_core.verb:set package 'leo_gz_plugins' build argument 'cmake_target_skip_unavailable' from command line to 'False'
[0.466s] Level 5:colcon.colcon_core.verb:set package 'leo_gz_plugins' build argument 'cmake_clean_cache' from command line to 'False'
[0.466s] Level 5:colcon.colcon_core.verb:set package 'leo_gz_plugins' build argument 'cmake_clean_first' from command line to 'False'
[0.466s] Level 5:colcon.colcon_core.verb:set package 'leo_gz_plugins' build argument 'cmake_force_configure' from command line to 'False'
[0.466s] Level 5:colcon.colcon_core.verb:set package 'leo_gz_plugins' build argument 'ament_cmake_args' from command line to 'None'
[0.466s] Level 5:colcon.colcon_core.verb:set package 'leo_gz_plugins' build argument 'catkin_cmake_args' from command line to 'None'
[0.466s] Level 5:colcon.colcon_core.verb:set package 'leo_gz_plugins' build argument 'catkin_skip_building_tests' from command line to 'False'
[0.466s] DEBUG:colcon.colcon_core.verb:Building package 'leo_gz_plugins' with the following arguments: {'ament_cmake_args': None, 'build_base': '/home/asm/leo_ws/build/leo_gz_plugins', 'catkin_cmake_args': None, 'catkin_skip_building_tests': False, 'cmake_args': None, 'cmake_clean_cache': False, 'cmake_clean_first': False, 'cmake_force_configure': False, 'cmake_target': None, 'cmake_target_skip_unavailable': False, 'install_base': '/home/asm/leo_ws/install/leo_gz_plugins', 'merge_install': False, 'path': '/home/asm/leo_ws/src/leo_simulator-ros2/leo_gz_plugins', 'symlink_install': False, 'test_result_base': None}
[0.466s] Level 5:colcon.colcon_core.verb:set package 'leo_gz_worlds' build argument 'cmake_args' from command line to 'None'
[0.466s] Level 5:colcon.colcon_core.verb:set package 'leo_gz_worlds' build argument 'cmake_target' from command line to 'None'
[0.466s] Level 5:colcon.colcon_core.verb:set package 'leo_gz_worlds' build argument 'cmake_target_skip_unavailable' from command line to 'False'
[0.466s] Level 5:colcon.colcon_core.verb:set package 'leo_gz_worlds' build argument 'cmake_clean_cache' from command line to 'False'
[0.466s] Level 5:colcon.colcon_core.verb:set package 'leo_gz_worlds' build argument 'cmake_clean_first' from command line to 'False'
[0.466s] Level 5:colcon.colcon_core.verb:set package 'leo_gz_worlds' build argument 'cmake_force_configure' from command line to 'False'
[0.466s] Level 5:colcon.colcon_core.verb:set package 'leo_gz_worlds' build argument 'ament_cmake_args' from command line to 'None'
[0.466s] Level 5:colcon.colcon_core.verb:set package 'leo_gz_worlds' build argument 'catkin_cmake_args' from command line to 'None'
[0.466s] Level 5:colcon.colcon_core.verb:set package 'leo_gz_worlds' build argument 'catkin_skip_building_tests' from command line to 'False'
[0.466s] DEBUG:colcon.colcon_core.verb:Building package 'leo_gz_worlds' with the following arguments: {'ament_cmake_args': None, 'build_base': '/home/asm/leo_ws/build/leo_gz_worlds', 'catkin_cmake_args': None, 'catkin_skip_building_tests': False, 'cmake_args': None, 'cmake_clean_cache': False, 'cmake_clean_first': False, 'cmake_force_configure': False, 'cmake_target': None, 'cmake_target_skip_unavailable': False, 'install_base': '/home/asm/leo_ws/install/leo_gz_worlds', 'merge_install': False, 'path': '/home/asm/leo_ws/src/leo_simulator-ros2/leo_gz_worlds', 'symlink_install': False, 'test_result_base': None}
[0.467s] Level 5:colcon.colcon_core.verb:set package 'leo_msgs' build argument 'cmake_args' from command line to 'None'
[0.467s] Level 5:colcon.colcon_core.verb:set package 'leo_msgs' build argument 'cmake_target' from command line to 'None'
[0.467s] Level 5:colcon.colcon_core.verb:set package 'leo_msgs' build argument 'cmake_target_skip_unavailable' from command line to 'False'
[0.467s] Level 5:colcon.colcon_core.verb:set package 'leo_msgs' build argument 'cmake_clean_cache' from command line to 'False'
[0.467s] Level 5:colcon.colcon_core.verb:set package 'leo_msgs' build argument 'cmake_clean_first' from command line to 'False'
[0.467s] Level 5:colcon.colcon_core.verb:set package 'leo_msgs' build argument 'cmake_force_configure' from command line to 'False'
[0.467s] Level 5:colcon.colcon_core.verb:set package 'leo_msgs' build argument 'ament_cmake_args' from command line to 'None'
[0.467s] Level 5:colcon.colcon_core.verb:set package 'leo_msgs' build argument 'catkin_cmake_args' from command line to 'None'
[0.467s] Level 5:colcon.colcon_core.verb:set package 'leo_msgs' build argument 'catkin_skip_building_tests' from command line to 'False'
[0.467s] DEBUG:colcon.colcon_core.verb:Building package 'leo_msgs' with the following arguments: {'ament_cmake_args': None, 'build_base': '/home/asm/leo_ws/build/leo_msgs', 'catkin_cmake_args': None, 'catkin_skip_building_tests': False, 'cmake_args': None, 'cmake_clean_cache': False, 'cmake_clean_first': False, 'cmake_force_configure': False, 'cmake_target': None, 'cmake_target_skip_unavailable': False, 'install_base': '/home/asm/leo_ws/install/leo_msgs', 'merge_install': False, 'path': '/home/asm/leo_ws/src/leo_common-ros2/leo_msgs', 'symlink_install': False, 'test_result_base': None}
[0.467s] Level 5:colcon.colcon_core.verb:set package 'leo_navigation' build argument 'cmake_args' from command line to 'None'
[0.467s] Level 5:colcon.colcon_core.verb:set package 'leo_navigation' build argument 'cmake_target' from command line to 'None'
[0.467s] Level 5:colcon.colcon_core.verb:set package 'leo_navigation' build argument 'cmake_target_skip_unavailable' from command line to 'False'
[0.467s] Level 5:colcon.colcon_core.verb:set package 'leo_navigation' build argument 'cmake_clean_cache' from command line to 'False'
[0.467s] Level 5:colcon.colcon_core.verb:set package 'leo_navigation' build argument 'cmake_clean_first' from command line to 'False'
[0.467s] Level 5:colcon.colcon_core.verb:set package 'leo_navigation' build argument 'cmake_force_configure' from command line to 'False'
[0.468s] Level 5:colcon.colcon_core.verb:set package 'leo_navigation' build argument 'ament_cmake_args' from command line to 'None'
[0.468s] Level 5:colcon.colcon_core.verb:set package 'leo_navigation' build argument 'catkin_cmake_args' from command line to 'None'
[0.468s] Level 5:colcon.colcon_core.verb:set package 'leo_navigation' build argument 'catkin_skip_building_tests' from command line to 'False'
[0.468s] DEBUG:colcon.colcon_core.verb:Building package 'leo_navigation' with the following arguments: {'ament_cmake_args': None, 'build_base': '/home/asm/leo_ws/build/leo_navigation', 'catkin_cmake_args': None, 'catkin_skip_building_tests': False, 'cmake_args': None, 'cmake_clean_cache': False, 'cmake_clean_first': False, 'cmake_force_configure': False, 'cmake_target': None, 'cmake_target_skip_unavailable': False, 'install_base': '/home/asm/leo_ws/install/leo_navigation', 'merge_install': False, 'path': '/home/asm/leo_ws/src/leo_navigation', 'symlink_install': False, 'test_result_base': None}
[0.468s] Level 5:colcon.colcon_core.verb:set package 'leo_teleop' build argument 'cmake_args' from command line to 'None'
[0.468s] Level 5:colcon.colcon_core.verb:set package 'leo_teleop' build argument 'cmake_target' from command line to 'None'
[0.468s] Level 5:colcon.colcon_core.verb:set package 'leo_teleop' build argument 'cmake_target_skip_unavailable' from command line to 'False'
[0.468s] Level 5:colcon.colcon_core.verb:set package 'leo_teleop' build argument 'cmake_clean_cache' from command line to 'False'
[0.468s] Level 5:colcon.colcon_core.verb:set package 'leo_teleop' build argument 'cmake_clean_first' from command line to 'False'
[0.468s] Level 5:colcon.colcon_core.verb:set package 'leo_teleop' build argument 'cmake_force_configure' from command line to 'False'
[0.468s] Level 5:colcon.colcon_core.verb:set package 'leo_teleop' build argument 'ament_cmake_args' from command line to 'None'
[0.468s] Level 5:colcon.colcon_core.verb:set package 'leo_teleop' build argument 'catkin_cmake_args' from command line to 'None'
[0.468s] Level 5:colcon.colcon_core.verb:set package 'leo_teleop' build argument 'catkin_skip_building_tests' from command line to 'False'
[0.468s] DEBUG:colcon.colcon_core.verb:Building package 'leo_teleop' with the following arguments: {'ament_cmake_args': None, 'build_base': '/home/asm/leo_ws/build/leo_teleop', 'catkin_cmake_args': None, 'catkin_skip_building_tests': False, 'cmake_args': None, 'cmake_clean_cache': False, 'cmake_clean_first': False, 'cmake_force_configure': False, 'cmake_target': None, 'cmake_target_skip_unavailable': False, 'install_base': '/home/asm/leo_ws/install/leo_teleop', 'merge_install': False, 'path': '/home/asm/leo_ws/src/leo_common-ros2/leo_teleop', 'symlink_install': False, 'test_result_base': None}
[0.468s] Level 5:colcon.colcon_core.verb:set package 'leo' build argument 'cmake_args' from command line to 'None'
[0.469s] Level 5:colcon.colcon_core.verb:set package 'leo' build argument 'cmake_target' from command line to 'None'
[0.469s] Level 5:colcon.colcon_core.verb:set package 'leo' build argument 'cmake_target_skip_unavailable' from command line to 'False'
[0.469s] Level 5:colcon.colcon_core.verb:set package 'leo' build argument 'cmake_clean_cache' from command line to 'False'
[0.469s] Level 5:colcon.colcon_core.verb:set package 'leo' build argument 'cmake_clean_first' from command line to 'False'
[0.469s] Level 5:colcon.colcon_core.verb:set package 'leo' build argument 'cmake_force_configure' from command line to 'False'
[0.469s] Level 5:colcon.colcon_core.verb:set package 'leo' build argument 'ament_cmake_args' from command line to 'None'
[0.469s] Level 5:colcon.colcon_core.verb:set package 'leo' build argument 'catkin_cmake_args' from command line to 'None'
[0.469s] Level 5:colcon.colcon_core.verb:set package 'leo' build argument 'catkin_skip_building_tests' from command line to 'False'
[0.469s] DEBUG:colcon.colcon_core.verb:Building package 'leo' with the following arguments: {'ament_cmake_args': None, 'build_base': '/home/asm/leo_ws/build/leo', 'catkin_cmake_args': None, 'catkin_skip_building_tests': False, 'cmake_args': None, 'cmake_clean_cache': False, 'cmake_clean_first': False, 'cmake_force_configure': False, 'cmake_target': None, 'cmake_target_skip_unavailable': False, 'install_base': '/home/asm/leo_ws/install/leo', 'merge_install': False, 'path': '/home/asm/leo_ws/src/leo_common-ros2/leo', 'symlink_install': False, 'test_result_base': None}
[0.469s] Level 5:colcon.colcon_core.verb:set package 'leo_gz_bringup' build argument 'cmake_args' from command line to 'None'
[0.469s] Level 5:colcon.colcon_core.verb:set package 'leo_gz_bringup' build argument 'cmake_target' from command line to 'None'
[0.469s] Level 5:colcon.colcon_core.verb:set package 'leo_gz_bringup' build argument 'cmake_target_skip_unavailable' from command line to 'False'
[0.469s] Level 5:colcon.colcon_core.verb:set package 'leo_gz_bringup' build argument 'cmake_clean_cache' from command line to 'False'
[0.469s] Level 5:colcon.colcon_core.verb:set package 'leo_gz_bringup' build argument 'cmake_clean_first' from command line to 'False'
[0.469s] Level 5:colcon.colcon_core.verb:set package 'leo_gz_bringup' build argument 'cmake_force_configure' from command line to 'False'
[0.469s] Level 5:colcon.colcon_core.verb:set package 'leo_gz_bringup' build argument 'ament_cmake_args' from command line to 'None'
[0.469s] Level 5:colcon.colcon_core.verb:set package 'leo_gz_bringup' build argument 'catkin_cmake_args' from command line to 'None'
[0.469s] Level 5:colcon.colcon_core.verb:set package 'leo_gz_bringup' build argument 'catkin_skip_building_tests' from command line to 'False'
[0.469s] DEBUG:colcon.colcon_core.verb:Building package 'leo_gz_bringup' with the following arguments: {'ament_cmake_args': None, 'build_base': '/home/asm/leo_ws/build/leo_gz_bringup', 'catkin_cmake_args': None, 'catkin_skip_building_tests': False, 'cmake_args': None, 'cmake_clean_cache': False, 'cmake_clean_first': False, 'cmake_force_configure': False, 'cmake_target': None, 'cmake_target_skip_unavailable': False, 'install_base': '/home/asm/leo_ws/install/leo_gz_bringup', 'merge_install': False, 'path': '/home/asm/leo_ws/src/leo_simulator-ros2/leo_gz_bringup', 'symlink_install': False, 'test_result_base': None}
[0.470s] Level 5:colcon.colcon_core.verb:set package 'leo_simulator' build argument 'cmake_args' from command line to 'None'
[0.470s] Level 5:colcon.colcon_core.verb:set package 'leo_simulator' build argument 'cmake_target' from command line to 'None'
[0.470s] Level 5:colcon.colcon_core.verb:set package 'leo_simulator' build argument 'cmake_target_skip_unavailable' from command line to 'False'
[0.470s] Level 5:colcon.colcon_core.verb:set package 'leo_simulator' build argument 'cmake_clean_cache' from command line to 'False'
[0.470s] Level 5:colcon.colcon_core.verb:set package 'leo_simulator' build argument 'cmake_clean_first' from command line to 'False'
[0.470s] Level 5:colcon.colcon_core.verb:set package 'leo_simulator' build argument 'cmake_force_configure' from command line to 'False'
[0.470s] Level 5:colcon.colcon_core.verb:set package 'leo_simulator' build argument 'ament_cmake_args' from command line to 'None'
[0.470s] Level 5:colcon.colcon_core.verb:set package 'leo_simulator' build argument 'catkin_cmake_args' from command line to 'None'
[0.470s] Level 5:colcon.colcon_core.verb:set package 'leo_simulator' build argument 'catkin_skip_building_tests' from command line to 'False'
[0.470s] DEBUG:colcon.colcon_core.verb:Building package 'leo_simulator' with the following arguments: {'ament_cmake_args': None, 'build_base': '/home/asm/leo_ws/build/leo_simulator', 'catkin_cmake_args': None, 'catkin_skip_building_tests': False, 'cmake_args': None, 'cmake_clean_cache': False, 'cmake_clean_first': False, 'cmake_force_configure': False, 'cmake_target': None, 'cmake_target_skip_unavailable': False, 'install_base': '/home/asm/leo_ws/install/leo_simulator', 'merge_install': False, 'path': '/home/asm/leo_ws/src/leo_simulator-ros2/leo_simulator', 'symlink_install': False, 'test_result_base': None}
[0.470s] INFO:colcon.colcon_core.executor:Executing jobs using 'parallel' executor
[0.471s] DEBUG:colcon.colcon_parallel_executor.executor.parallel:run_until_complete
[0.471s] INFO:colcon.colcon_ros.task.ament_cmake.build:Building ROS package in '/home/asm/leo_ws/src/leo_simulator-ros2/leo_gz_plugins' with build type 'ament_cmake'
[0.471s] INFO:colcon.colcon_cmake.task.cmake.build:Building CMake package in '/home/asm/leo_ws/src/leo_simulator-ros2/leo_gz_plugins'
[0.474s] INFO:colcon.colcon_core.plugin_system:Skipping extension 'colcon_core.shell.bat': Not used on non-Windows systems
[0.475s] INFO:colcon.colcon_core.shell:Skip shell extension 'powershell' for command environment: Not usable outside of PowerShell
[0.475s] DEBUG:colcon.colcon_core.shell:Skip shell extension 'dsv' for command environment
[0.477s] INFO:colcon.colcon_ros.task.ament_cmake.build:Building ROS package in '/home/asm/leo_ws/src/leo_simulator-ros2/leo_gz_worlds' with build type 'ament_cmake'
[0.478s] INFO:colcon.colcon_cmake.task.cmake.build:Building CMake package in '/home/asm/leo_ws/src/leo_simulator-ros2/leo_gz_worlds'
[0.478s] INFO:colcon.colcon_core.shell:Skip shell extension 'powershell' for command environment: Not usable outside of PowerShell
[0.478s] DEBUG:colcon.colcon_core.shell:Skip shell extension 'dsv' for command environment
[0.480s] INFO:colcon.colcon_ros.task.ament_cmake.build:Building ROS package in '/home/asm/leo_ws/src/leo_common-ros2/leo_description' with build type 'ament_cmake'
[0.481s] INFO:colcon.colcon_cmake.task.cmake.build:Building CMake package in '/home/asm/leo_ws/src/leo_common-ros2/leo_description'
[0.481s] INFO:colcon.colcon_core.shell:Skip shell extension 'powershell' for command environment: Not usable outside of PowerShell
[0.481s] DEBUG:colcon.colcon_core.shell:Skip shell extension 'dsv' for command environment
[0.484s] INFO:colcon.colcon_ros.task.ament_cmake.build:Building ROS package in '/home/asm/leo_ws/src/leo_common-ros2/leo_msgs' with build type 'ament_cmake'
[0.485s] INFO:colcon.colcon_cmake.task.cmake.build:Building CMake package in '/home/asm/leo_ws/src/leo_common-ros2/leo_msgs'
[0.485s] INFO:colcon.colcon_core.shell:Skip shell extension 'powershell' for command environment: Not usable outside of PowerShell
[0.485s] DEBUG:colcon.colcon_core.shell:Skip shell extension 'dsv' for command environment
[0.488s] INFO:colcon.colcon_ros.task.ament_cmake.build:Building ROS package in '/home/asm/leo_ws/src/leo_common-ros2/leo_teleop' with build type 'ament_cmake'
[0.489s] INFO:colcon.colcon_cmake.task.cmake.build:Building CMake package in '/home/asm/leo_ws/src/leo_common-ros2/leo_teleop'
[0.489s] INFO:colcon.colcon_core.shell:Skip shell extension 'powershell' for command environment: Not usable outside of PowerShell
[0.489s] DEBUG:colcon.colcon_core.shell:Skip shell extension 'dsv' for command environment
[0.492s] INFO:colcon.colcon_ros.task.ament_python.build:Building ROS package in '/home/asm/leo_ws/src/leo_navigation' with build type 'ament_python'
[0.492s] Level 1:colcon.colcon_core.shell:create_environment_hook('leo_navigation', 'ament_prefix_path')
[0.493s] INFO:colcon.colcon_core.shell:Creating environment hook '/home/asm/leo_ws/install/leo_navigation/share/leo_navigation/hook/ament_prefix_path.ps1'
[0.494s] INFO:colcon.colcon_core.shell:Creating environment descriptor '/home/asm/leo_ws/install/leo_navigation/share/leo_navigation/hook/ament_prefix_path.dsv'
[0.494s] INFO:colcon.colcon_core.shell:Creating environment hook '/home/asm/leo_ws/install/leo_navigation/share/leo_navigation/hook/ament_prefix_path.sh'
[0.495s] INFO:colcon.colcon_core.shell:Skip shell extension 'powershell' for command environment: Not usable outside of PowerShell
[0.495s] DEBUG:colcon.colcon_core.shell:Skip shell extension 'dsv' for command environment
[0.506s] DEBUG:colcon.colcon_core.event_handler.log_command:Invoking command in '/home/asm/leo_ws/build/leo_gz_plugins': CMAKE_PREFIX_PATH=/opt/ros/humble /usr/bin/cmake --build /home/asm/leo_ws/build/leo_gz_plugins -- -j12 -l12
[0.509s] DEBUG:colcon.colcon_core.event_handler.log_command:Invoking command in '/home/asm/leo_ws/build/leo_gz_worlds': CMAKE_PREFIX_PATH=/opt/ros/humble /usr/bin/cmake --build /home/asm/leo_ws/build/leo_gz_worlds -- -j12 -l12
[0.512s] DEBUG:colcon.colcon_core.event_handler.log_command:Invoking command in '/home/asm/leo_ws/build/leo_description': CMAKE_PREFIX_PATH=/opt/ros/humble /usr/bin/cmake --build /home/asm/leo_ws/build/leo_description -- -j12 -l12
[0.516s] DEBUG:colcon.colcon_core.event_handler.log_command:Invoking command in '/home/asm/leo_ws/build/leo_msgs': CMAKE_PREFIX_PATH=/opt/ros/humble /usr/bin/cmake --build /home/asm/leo_ws/build/leo_msgs -- -j12 -l12
[0.520s] DEBUG:colcon.colcon_core.event_handler.log_command:Invoking command in '/home/asm/leo_ws/build/leo_teleop': CMAKE_PREFIX_PATH=/opt/ros/humble /usr/bin/cmake --build /home/asm/leo_ws/build/leo_teleop -- -j12 -l12
[0.840s] INFO:colcon.colcon_core.task.python.build:Building Python package in '/home/asm/leo_ws/src/leo_navigation'
[0.840s] INFO:colcon.colcon_core.shell:Skip shell extension 'powershell' for command environment: Not usable outside of PowerShell
[0.840s] DEBUG:colcon.colcon_core.shell:Skip shell extension 'dsv' for command environment
[0.851s] DEBUG:colcon.colcon_core.event_handler.log_command:Invoked command in '/home/asm/leo_ws/build/leo_gz_worlds' returned '0': CMAKE_PREFIX_PATH=/opt/ros/humble /usr/bin/cmake --build /home/asm/leo_ws/build/leo_gz_worlds -- -j12 -l12
[0.852s] DEBUG:colcon.colcon_core.event_handler.log_command:Invoked command in '/home/asm/leo_ws/build/leo_teleop' returned '0': CMAKE_PREFIX_PATH=/opt/ros/humble /usr/bin/cmake --build /home/asm/leo_ws/build/leo_teleop -- -j12 -l12
[0.853s] DEBUG:colcon.colcon_core.event_handler.log_command:Invoked command in '/home/asm/leo_ws/build/leo_description' returned '0': CMAKE_PREFIX_PATH=/opt/ros/humble /usr/bin/cmake --build /home/asm/leo_ws/build/leo_description -- -j12 -l12
[0.854s] DEBUG:colcon.colcon_core.event_handler.log_command:Invoked command in '/home/asm/leo_ws/build/leo_gz_plugins' returned '0': CMAKE_PREFIX_PATH=/opt/ros/humble /usr/bin/cmake --build /home/asm/leo_ws/build/leo_gz_plugins -- -j12 -l12
[0.881s] DEBUG:colcon.colcon_core.event_handler.log_command:Invoking command in '/home/asm/leo_ws/build/leo_gz_worlds': CMAKE_PREFIX_PATH=/opt/ros/humble /usr/bin/cmake --install /home/asm/leo_ws/build/leo_gz_worlds
[0.885s] DEBUG:colcon.colcon_core.event_handler.log_command:Invoking command in '/home/asm/leo_ws/build/leo_teleop': CMAKE_PREFIX_PATH=/opt/ros/humble /usr/bin/cmake --install /home/asm/leo_ws/build/leo_teleop
[0.887s] DEBUG:colcon.colcon_core.event_handler.log_command:Invoking command in '/home/asm/leo_ws/build/leo_description': CMAKE_PREFIX_PATH=/opt/ros/humble /usr/bin/cmake --install /home/asm/leo_ws/build/leo_description
[0.889s] DEBUG:colcon.colcon_core.event_handler.log_command:Invoking command in '/home/asm/leo_ws/build/leo_gz_plugins': CMAKE_PREFIX_PATH=/opt/ros/humble /usr/bin/cmake --install /home/asm/leo_ws/build/leo_gz_plugins
[0.912s] Level 1:colcon.colcon_core.environment:create_environment_scripts_only(leo_teleop)
[0.914s] DEBUG:colcon.colcon_core.event_handler.log_command:Invoked command in '/home/asm/leo_ws/build/leo_teleop' returned '0': CMAKE_PREFIX_PATH=/opt/ros/humble /usr/bin/cmake --install /home/asm/leo_ws/build/leo_teleop
[0.918s] Level 1:colcon.colcon_core.environment:checking '/home/asm/leo_ws/install/leo_teleop' for CMake module files
[0.919s] Level 1:colcon.colcon_core.environment:checking '/home/asm/leo_ws/install/leo_teleop' for CMake config files
[0.919s] Level 1:colcon.colcon_core.shell:create_environment_hook('leo_teleop', 'cmake_prefix_path')
[0.919s] INFO:colcon.colcon_core.shell:Creating environment hook '/home/asm/leo_ws/install/leo_teleop/share/leo_teleop/hook/cmake_prefix_path.ps1'
[0.920s] INFO:colcon.colcon_core.shell:Creating environment descriptor '/home/asm/leo_ws/install/leo_teleop/share/leo_teleop/hook/cmake_prefix_path.dsv'
[0.921s] INFO:colcon.colcon_core.shell:Creating environment hook '/home/asm/leo_ws/install/leo_teleop/share/leo_teleop/hook/cmake_prefix_path.sh'
[0.922s] Level 1:colcon.colcon_core.environment:checking '/home/asm/leo_ws/install/leo_teleop/bin'
[0.922s] Level 1:colcon.colcon_core.environment:checking '/home/asm/leo_ws/install/leo_teleop/lib/pkgconfig/leo_teleop.pc'
[0.922s] Level 1:colcon.colcon_core.environment:checking '/home/asm/leo_ws/install/leo_teleop/lib/python3.10/site-packages'
[0.922s] Level 1:colcon.colcon_core.environment:checking '/home/asm/leo_ws/install/leo_teleop/bin'
[0.923s] INFO:colcon.colcon_core.shell:Creating package script '/home/asm/leo_ws/install/leo_teleop/share/leo_teleop/package.ps1'
[0.924s] INFO:colcon.colcon_core.shell:Creating package descriptor '/home/asm/leo_ws/install/leo_teleop/share/leo_teleop/package.dsv'
[0.924s] INFO:colcon.colcon_core.shell:Creating package script '/home/asm/leo_ws/install/leo_teleop/share/leo_teleop/package.sh'
[0.925s] INFO:colcon.colcon_core.shell:Creating package script '/home/asm/leo_ws/install/leo_teleop/share/leo_teleop/package.bash'
[0.926s] INFO:colcon.colcon_core.shell:Creating package script '/home/asm/leo_ws/install/leo_teleop/share/leo_teleop/package.zsh'
[0.926s] Level 1:colcon.colcon_core.environment:create_file_with_runtime_dependencies(/home/asm/leo_ws/install/leo_teleop/share/colcon-core/packages/leo_teleop)
[0.929s] Level 1:colcon.colcon_core.environment:create_environment_scripts_only(leo_gz_plugins)
[0.929s] Level 1:colcon.colcon_core.environment:checking '/home/asm/leo_ws/install/leo_gz_plugins' for CMake module files
[0.930s] DEBUG:colcon.colcon_core.event_handler.log_command:Invoked command in '/home/asm/leo_ws/build/leo_gz_plugins' returned '0': CMAKE_PREFIX_PATH=/opt/ros/humble /usr/bin/cmake --install /home/asm/leo_ws/build/leo_gz_plugins
[0.930s] Level 1:colcon.colcon_core.environment:checking '/home/asm/leo_ws/install/leo_gz_plugins' for CMake config files
[0.931s] Level 1:colcon.colcon_core.shell:create_environment_hook('leo_gz_plugins', 'cmake_prefix_path')
[0.931s] INFO:colcon.colcon_core.shell:Creating environment hook '/home/asm/leo_ws/install/leo_gz_plugins/share/leo_gz_plugins/hook/cmake_prefix_path.ps1'
[0.931s] INFO:colcon.colcon_core.shell:Creating environment descriptor '/home/asm/leo_ws/install/leo_gz_plugins/share/leo_gz_plugins/hook/cmake_prefix_path.dsv'
[0.932s] INFO:colcon.colcon_core.shell:Creating environment hook '/home/asm/leo_ws/install/leo_gz_plugins/share/leo_gz_plugins/hook/cmake_prefix_path.sh'
[0.932s] Level 1:colcon.colcon_core.environment:checking '/home/asm/leo_ws/install/leo_gz_plugins/lib'
[0.933s] Level 1:colcon.colcon_core.shell:create_environment_hook('leo_gz_plugins', 'ld_library_path_lib')
[0.933s] INFO:colcon.colcon_core.shell:Creating environment hook '/home/asm/leo_ws/install/leo_gz_plugins/share/leo_gz_plugins/hook/ld_library_path_lib.ps1'
[0.933s] INFO:colcon.colcon_core.shell:Creating environment descriptor '/home/asm/leo_ws/install/leo_gz_plugins/share/leo_gz_plugins/hook/ld_library_path_lib.dsv'
[0.934s] INFO:colcon.colcon_core.shell:Creating environment hook '/home/asm/leo_ws/install/leo_gz_plugins/share/leo_gz_plugins/hook/ld_library_path_lib.sh'
[0.934s] Level 1:colcon.colcon_core.environment:checking '/home/asm/leo_ws/install/leo_gz_plugins/bin'
[0.934s] Level 1:colcon.colcon_core.environment:checking '/home/asm/leo_ws/install/leo_gz_plugins/lib/pkgconfig/leo_gz_plugins.pc'
[0.934s] Level 1:colcon.colcon_core.environment:checking '/home/asm/leo_ws/install/leo_gz_plugins/lib/python3.10/site-packages'
[0.935s] Level 1:colcon.colcon_core.environment:checking '/home/asm/leo_ws/install/leo_gz_plugins/bin'
[0.935s] INFO:colcon.colcon_core.shell:Creating package script '/home/asm/leo_ws/install/leo_gz_plugins/share/leo_gz_plugins/package.ps1'
[0.936s] INFO:colcon.colcon_core.shell:Creating package descriptor '/home/asm/leo_ws/install/leo_gz_plugins/share/leo_gz_plugins/package.dsv'
[0.936s] INFO:colcon.colcon_core.shell:Creating package script '/home/asm/leo_ws/install/leo_gz_plugins/share/leo_gz_plugins/package.sh'
[0.937s] INFO:colcon.colcon_core.shell:Creating package script '/home/asm/leo_ws/install/leo_gz_plugins/share/leo_gz_plugins/package.bash'
[0.937s] INFO:colcon.colcon_core.shell:Creating package script '/home/asm/leo_ws/install/leo_gz_plugins/share/leo_gz_plugins/package.zsh'
[0.937s] Level 1:colcon.colcon_core.environment:create_file_with_runtime_dependencies(/home/asm/leo_ws/install/leo_gz_plugins/share/colcon-core/packages/leo_gz_plugins)
[0.938s] Level 1:colcon.colcon_core.environment:create_environment_scripts_only(leo_description)
[0.938s] Level 1:colcon.colcon_core.environment:checking '/home/asm/leo_ws/install/leo_description' for CMake module files
[0.939s] DEBUG:colcon.colcon_core.event_handler.log_command:Invoked command in '/home/asm/leo_ws/build/leo_description' returned '0': CMAKE_PREFIX_PATH=/opt/ros/humble /usr/bin/cmake --install /home/asm/leo_ws/build/leo_description
[0.940s] Level 1:colcon.colcon_core.environment:checking '/home/asm/leo_ws/install/leo_description' for CMake config files
[0.940s] Level 1:colcon.colcon_core.shell:create_environment_hook('leo_description', 'cmake_prefix_path')
[0.941s] INFO:colcon.colcon_core.shell:Creating environment hook '/home/asm/leo_ws/install/leo_description/share/leo_description/hook/cmake_prefix_path.ps1'
[0.941s] INFO:colcon.colcon_core.shell:Creating environment descriptor '/home/asm/leo_ws/install/leo_description/share/leo_description/hook/cmake_prefix_path.dsv'
[0.942s] INFO:colcon.colcon_core.shell:Creating environment hook '/home/asm/leo_ws/install/leo_description/share/leo_description/hook/cmake_prefix_path.sh'
[0.943s] Level 1:colcon.colcon_core.environment:checking '/home/asm/leo_ws/install/leo_description/bin'
[0.943s] Level 1:colcon.colcon_core.environment:checking '/home/asm/leo_ws/install/leo_description/lib/pkgconfig/leo_description.pc'
[0.943s] Level 1:colcon.colcon_core.environment:checking '/home/asm/leo_ws/install/leo_description/lib/python3.10/site-packages'
[0.944s] Level 1:colcon.colcon_core.environment:checking '/home/asm/leo_ws/install/leo_description/bin'
[0.944s] INFO:colcon.colcon_core.shell:Creating package script '/home/asm/leo_ws/install/leo_description/share/leo_description/package.ps1'
[0.945s] INFO:colcon.colcon_core.shell:Creating package descriptor '/home/asm/leo_ws/install/leo_description/share/leo_description/package.dsv'
[0.945s] INFO:colcon.colcon_core.shell:Creating package script '/home/asm/leo_ws/install/leo_description/share/leo_description/package.sh'
[0.946s] INFO:colcon.colcon_core.shell:Creating package script '/home/asm/leo_ws/install/leo_description/share/leo_description/package.bash'
[0.947s] INFO:colcon.colcon_core.shell:Creating package script '/home/asm/leo_ws/install/leo_description/share/leo_description/package.zsh'
[0.947s] Level 1:colcon.colcon_core.environment:create_file_with_runtime_dependencies(/home/asm/leo_ws/install/leo_description/share/colcon-core/packages/leo_description)
[0.949s] Level 1:colcon.colcon_core.environment:create_environment_scripts_only(leo_gz_worlds)
[0.950s] Level 1:colcon.colcon_core.environment:checking '/home/asm/leo_ws/install/leo_gz_worlds' for CMake module files
[0.950s] DEBUG:colcon.colcon_core.event_handler.log_command:Invoked command in '/home/asm/leo_ws/build/leo_gz_worlds' returned '0': CMAKE_PREFIX_PATH=/opt/ros/humble /usr/bin/cmake --install /home/asm/leo_ws/build/leo_gz_worlds
[0.951s] Level 1:colcon.colcon_core.environment:checking '/home/asm/leo_ws/install/leo_gz_worlds' for CMake config files
[0.952s] Level 1:colcon.colcon_core.shell:create_environment_hook('leo_gz_worlds', 'cmake_prefix_path')
[0.952s] INFO:colcon.colcon_core.shell:Creating environment hook '/home/asm/leo_ws/install/leo_gz_worlds/share/leo_gz_worlds/hook/cmake_prefix_path.ps1'
[0.953s] INFO:colcon.colcon_core.shell:Creating environment descriptor '/home/asm/leo_ws/install/leo_gz_worlds/share/leo_gz_worlds/hook/cmake_prefix_path.dsv'
[0.953s] INFO:colcon.colcon_core.shell:Creating environment hook '/home/asm/leo_ws/install/leo_gz_worlds/share/leo_gz_worlds/hook/cmake_prefix_path.sh'
[0.954s] Level 1:colcon.colcon_core.environment:checking '/home/asm/leo_ws/install/leo_gz_worlds/bin'
[0.954s] Level 1:colcon.colcon_core.environment:checking '/home/asm/leo_ws/install/leo_gz_worlds/lib/pkgconfig/leo_gz_worlds.pc'
[0.955s] Level 1:colcon.colcon_core.environment:checking '/home/asm/leo_ws/install/leo_gz_worlds/lib/python3.10/site-packages'
[0.955s] Level 1:colcon.colcon_core.environment:checking '/home/asm/leo_ws/install/leo_gz_worlds/bin'
[0.956s] INFO:colcon.colcon_core.shell:Creating package script '/home/asm/leo_ws/install/leo_gz_worlds/share/leo_gz_worlds/package.ps1'
[0.956s] INFO:colcon.colcon_core.shell:Creating package descriptor '/home/asm/leo_ws/install/leo_gz_worlds/share/leo_gz_worlds/package.dsv'
[0.957s] INFO:colcon.colcon_core.shell:Creating package script '/home/asm/leo_ws/install/leo_gz_worlds/share/leo_gz_worlds/package.sh'
[0.957s] INFO:colcon.colcon_core.shell:Creating package script '/home/asm/leo_ws/install/leo_gz_worlds/share/leo_gz_worlds/package.bash'
[0.958s] INFO:colcon.colcon_core.shell:Creating package script '/home/asm/leo_ws/install/leo_gz_worlds/share/leo_gz_worlds/package.zsh'
[0.958s] Level 1:colcon.colcon_core.environment:create_file_with_runtime_dependencies(/home/asm/leo_ws/install/leo_gz_worlds/share/colcon-core/packages/leo_gz_worlds)
[0.961s] Level 1:colcon.colcon_core.environment:create_environment_scripts_only(leo_teleop)
[0.961s] Level 1:colcon.colcon_core.environment:checking '/home/asm/leo_ws/install/leo_teleop' for CMake module files
[0.962s] Level 1:colcon.colcon_core.environment:checking '/home/asm/leo_ws/install/leo_teleop' for CMake config files
[0.963s] Level 1:colcon.colcon_core.shell:create_environment_hook('leo_teleop', 'cmake_prefix_path')
[0.963s] INFO:colcon.colcon_core.shell:Creating environment hook '/home/asm/leo_ws/install/leo_teleop/share/leo_teleop/hook/cmake_prefix_path.ps1'
[0.964s] INFO:colcon.colcon_core.shell:Creating environment descriptor '/home/asm/leo_ws/install/leo_teleop/share/leo_teleop/hook/cmake_prefix_path.dsv'
[0.964s] INFO:colcon.colcon_core.shell:Creating environment hook '/home/asm/leo_ws/install/leo_teleop/share/leo_teleop/hook/cmake_prefix_path.sh'
[0.965s] Level 1:colcon.colcon_core.environment:checking '/home/asm/leo_ws/install/leo_teleop/bin'
[0.965s] Level 1:colcon.colcon_core.environment:checking '/home/asm/leo_ws/install/leo_teleop/lib/pkgconfig/leo_teleop.pc'
[0.966s] Level 1:colcon.colcon_core.environment:checking '/home/asm/leo_ws/install/leo_teleop/lib/python3.10/site-packages'
[0.966s] Level 1:colcon.colcon_core.environment:checking '/home/asm/leo_ws/install/leo_teleop/bin'
[0.967s] INFO:colcon.colcon_core.shell:Creating package script '/home/asm/leo_ws/install/leo_teleop/share/leo_teleop/package.ps1'
[0.968s] INFO:colcon.colcon_core.shell:Creating package descriptor '/home/asm/leo_ws/install/leo_teleop/share/leo_teleop/package.dsv'
[0.969s] INFO:colcon.colcon_core.shell:Creating package script '/home/asm/leo_ws/install/leo_teleop/share/leo_teleop/package.sh'
[0.969s] INFO:colcon.colcon_core.shell:Creating package script '/home/asm/leo_ws/install/leo_teleop/share/leo_teleop/package.bash'
[0.970s] INFO:colcon.colcon_core.shell:Creating package script '/home/asm/leo_ws/install/leo_teleop/share/leo_teleop/package.zsh'
[0.970s] Level 1:colcon.colcon_core.environment:create_file_with_runtime_dependencies(/home/asm/leo_ws/install/leo_teleop/share/colcon-core/packages/leo_teleop)
[0.972s] DEBUG:colcon.colcon_core.event_handler.log_command:Invoked command in '/home/asm/leo_ws/build/leo_msgs' returned '0': CMAKE_PREFIX_PATH=/opt/ros/humble /usr/bin/cmake --build /home/asm/leo_ws/build/leo_msgs -- -j12 -l12
[0.974s] Level 1:colcon.colcon_core.environment:create_environment_scripts_only(leo_gz_plugins)
[0.974s] Level 1:colcon.colcon_core.environment:checking '/home/asm/leo_ws/install/leo_gz_plugins' for CMake module files
[0.975s] Level 1:colcon.colcon_core.environment:checking '/home/asm/leo_ws/install/leo_gz_plugins' for CMake config files
[0.975s] Level 1:colcon.colcon_core.shell:create_environment_hook('leo_gz_plugins', 'cmake_prefix_path')
[0.976s] INFO:colcon.colcon_core.shell:Creating environment hook '/home/asm/leo_ws/install/leo_gz_plugins/share/leo_gz_plugins/hook/cmake_prefix_path.ps1'
[0.976s] INFO:colcon.colcon_core.shell:Creating environment descriptor '/home/asm/leo_ws/install/leo_gz_plugins/share/leo_gz_plugins/hook/cmake_prefix_path.dsv'
[0.977s] INFO:colcon.colcon_core.shell:Creating environment hook '/home/asm/leo_ws/install/leo_gz_plugins/share/leo_gz_plugins/hook/cmake_prefix_path.sh'
[0.978s] Level 1:colcon.colcon_core.environment:checking '/home/asm/leo_ws/install/leo_gz_plugins/lib'
[0.978s] Level 1:colcon.colcon_core.shell:create_environment_hook('leo_gz_plugins', 'ld_library_path_lib')
[0.978s] INFO:colcon.colcon_core.shell:Creating environment hook '/home/asm/leo_ws/install/leo_gz_plugins/share/leo_gz_plugins/hook/ld_library_path_lib.ps1'
[0.979s] INFO:colcon.colcon_core.shell:Creating environment descriptor '/home/asm/leo_ws/install/leo_gz_plugins/share/leo_gz_plugins/hook/ld_library_path_lib.dsv'
[0.979s] INFO:colcon.colcon_core.shell:Creating environment hook '/home/asm/leo_ws/install/leo_gz_plugins/share/leo_gz_plugins/hook/ld_library_path_lib.sh'
[0.980s] Level 1:colcon.colcon_core.environment:checking '/home/asm/leo_ws/install/leo_gz_plugins/bin'
[0.980s] Level 1:colcon.colcon_core.environment:checking '/home/asm/leo_ws/install/leo_gz_plugins/lib/pkgconfig/leo_gz_plugins.pc'
[0.980s] Level 1:colcon.colcon_core.environment:checking '/home/asm/leo_ws/install/leo_gz_plugins/lib/python3.10/site-packages'
[0.980s] Level 1:colcon.colcon_core.environment:checking '/home/asm/leo_ws/install/leo_gz_plugins/bin'
[0.981s] INFO:colcon.colcon_core.shell:Creating package script '/home/asm/leo_ws/install/leo_gz_plugins/share/leo_gz_plugins/package.ps1'
[0.982s] INFO:colcon.colcon_core.shell:Creating package descriptor '/home/asm/leo_ws/install/leo_gz_plugins/share/leo_gz_plugins/package.dsv'
[0.982s] INFO:colcon.colcon_core.shell:Creating package script '/home/asm/leo_ws/install/leo_gz_plugins/share/leo_gz_plugins/package.sh'
[0.983s] INFO:colcon.colcon_core.shell:Creating package script '/home/asm/leo_ws/install/leo_gz_plugins/share/leo_gz_plugins/package.bash'
[0.984s] INFO:colcon.colcon_core.shell:Creating package script '/home/asm/leo_ws/install/leo_gz_plugins/share/leo_gz_plugins/package.zsh'
[0.985s] Level 1:colcon.colcon_core.environment:create_file_with_runtime_dependencies(/home/asm/leo_ws/install/leo_gz_plugins/share/colcon-core/packages/leo_gz_plugins)
[0.986s] Level 1:colcon.colcon_core.environment:create_environment_scripts_only(leo_description)
[0.987s] Level 1:colcon.colcon_core.environment:checking '/home/asm/leo_ws/install/leo_description' for CMake module files
[0.988s] Level 1:colcon.colcon_core.environment:checking '/home/asm/leo_ws/install/leo_description' for CMake config files
[0.989s] Level 1:colcon.colcon_core.shell:create_environment_hook('leo_description', 'cmake_prefix_path')
[0.989s] INFO:colcon.colcon_core.shell:Creating environment hook '/home/asm/leo_ws/install/leo_description/share/leo_description/hook/cmake_prefix_path.ps1'
[0.989s] INFO:colcon.colcon_core.shell:Creating environment descriptor '/home/asm/leo_ws/install/leo_description/share/leo_description/hook/cmake_prefix_path.dsv'
[0.990s] INFO:colcon.colcon_core.shell:Creating environment hook '/home/asm/leo_ws/install/leo_description/share/leo_description/hook/cmake_prefix_path.sh'
[0.991s] Level 1:colcon.colcon_core.environment:checking '/home/asm/leo_ws/install/leo_description/bin'
[0.991s] Level 1:colcon.colcon_core.environment:checking '/home/asm/leo_ws/install/leo_description/lib/pkgconfig/leo_description.pc'
[0.991s] Level 1:colcon.colcon_core.environment:checking '/home/asm/leo_ws/install/leo_description/lib/python3.10/site-packages'
[0.991s] Level 1:colcon.colcon_core.environment:checking '/home/asm/leo_ws/install/leo_description/bin'
[0.992s] INFO:colcon.colcon_core.shell:Creating package script '/home/asm/leo_ws/install/leo_description/share/leo_description/package.ps1'
[0.992s] INFO:colcon.colcon_core.shell:Creating package descriptor '/home/asm/leo_ws/install/leo_description/share/leo_description/package.dsv'
[0.993s] INFO:colcon.colcon_core.shell:Creating package script '/home/asm/leo_ws/install/leo_description/share/leo_description/package.sh'
[0.993s] INFO:colcon.colcon_core.shell:Creating package script '/home/asm/leo_ws/install/leo_description/share/leo_description/package.bash'
[0.993s] INFO:colcon.colcon_core.shell:Creating package script '/home/asm/leo_ws/install/leo_description/share/leo_description/package.zsh'
[0.994s] Level 1:colcon.colcon_core.environment:create_file_with_runtime_dependencies(/home/asm/leo_ws/install/leo_description/share/colcon-core/packages/leo_description)
[0.995s] Level 1:colcon.colcon_core.environment:create_environment_scripts_only(leo_gz_worlds)
[0.995s] Level 1:colcon.colcon_core.environment:checking '/home/asm/leo_ws/install/leo_gz_worlds' for CMake module files
[0.996s] Level 1:colcon.colcon_core.environment:checking '/home/asm/leo_ws/install/leo_gz_worlds' for CMake config files
[0.997s] Level 1:colcon.colcon_core.shell:create_environment_hook('leo_gz_worlds', 'cmake_prefix_path')
[0.997s] INFO:colcon.colcon_core.shell:Creating environment hook '/home/asm/leo_ws/install/leo_gz_worlds/share/leo_gz_worlds/hook/cmake_prefix_path.ps1'
[0.998s] INFO:colcon.colcon_core.shell:Creating environment descriptor '/home/asm/leo_ws/install/leo_gz_worlds/share/leo_gz_worlds/hook/cmake_prefix_path.dsv'
[0.998s] INFO:colcon.colcon_core.shell:Creating environment hook '/home/asm/leo_ws/install/leo_gz_worlds/share/leo_gz_worlds/hook/cmake_prefix_path.sh'
[0.999s] Level 1:colcon.colcon_core.environment:checking '/home/asm/leo_ws/install/leo_gz_worlds/bin'
[0.999s] Level 1:colcon.colcon_core.environment:checking '/home/asm/leo_ws/install/leo_gz_worlds/lib/pkgconfig/leo_gz_worlds.pc'
[0.999s] Level 1:colcon.colcon_core.environment:checking '/home/asm/leo_ws/install/leo_gz_worlds/lib/python3.10/site-packages'
[1.000s] Level 1:colcon.colcon_core.environment:checking '/home/asm/leo_ws/install/leo_gz_worlds/bin'
[1.000s] INFO:colcon.colcon_core.shell:Creating package script '/home/asm/leo_ws/install/leo_gz_worlds/share/leo_gz_worlds/package.ps1'
[1.000s] INFO:colcon.colcon_core.shell:Creating package descriptor '/home/asm/leo_ws/install/leo_gz_worlds/share/leo_gz_worlds/package.dsv'
[1.001s] INFO:colcon.colcon_core.shell:Creating package script '/home/asm/leo_ws/install/leo_gz_worlds/share/leo_gz_worlds/package.sh'
[1.002s] INFO:colcon.colcon_core.shell:Creating package script '/home/asm/leo_ws/install/leo_gz_worlds/share/leo_gz_worlds/package.bash'
[1.002s] INFO:colcon.colcon_core.shell:Creating package script '/home/asm/leo_ws/install/leo_gz_worlds/share/leo_gz_worlds/package.zsh'
[1.003s] Level 1:colcon.colcon_core.environment:create_file_with_runtime_dependencies(/home/asm/leo_ws/install/leo_gz_worlds/share/colcon-core/packages/leo_gz_worlds)
[1.003s] INFO:colcon.colcon_ros.task.ament_cmake.build:Building ROS package in '/home/asm/leo_ws/src/leo_simulator-ros2/leo_gz_bringup' with build type 'ament_cmake'
[1.003s] INFO:colcon.colcon_cmake.task.cmake.build:Building CMake package in '/home/asm/leo_ws/src/leo_simulator-ros2/leo_gz_bringup'
[1.003s] INFO:colcon.colcon_core.shell:Skip shell extension 'powershell' for command environment: Not usable outside of PowerShell
[1.004s] DEBUG:colcon.colcon_core.shell:Skip shell extension 'dsv' for command environment
[1.015s] DEBUG:colcon.colcon_core.event_handler.log_command:Invoking command in '/home/asm/leo_ws/build/leo_gz_bringup': AMENT_PREFIX_PATH=/home/asm/leo_ws/install/leo_gz_worlds:/home/asm/leo_ws/install/leo_gz_plugins:${AMENT_PREFIX_PATH} CMAKE_PREFIX_PATH=/home/asm/leo_ws/install/leo_gz_worlds:/home/asm/leo_ws/install/leo_gz_plugins:/opt/ros/humble LD_LIBRARY_PATH=/home/asm/leo_ws/install/leo_gz_plugins/lib:${LD_LIBRARY_PATH} /usr/bin/cmake --build /home/asm/leo_ws/build/leo_gz_bringup -- -j12 -l12
[1.093s] DEBUG:colcon.colcon_core.event_handler.log_command:Invoking command in '/home/asm/leo_ws/build/leo_msgs': CMAKE_PREFIX_PATH=/opt/ros/humble /usr/bin/cmake --install /home/asm/leo_ws/build/leo_msgs
[1.225s] Level 1:colcon.colcon_core.environment:create_environment_scripts_only(leo_msgs)
[1.225s] Level 1:colcon.colcon_core.environment:checking '/home/asm/leo_ws/install/leo_msgs' for CMake module files
[1.226s] DEBUG:colcon.colcon_core.event_handler.log_command:Invoked command in '/home/asm/leo_ws/build/leo_msgs' returned '0': CMAKE_PREFIX_PATH=/opt/ros/humble /usr/bin/cmake --install /home/asm/leo_ws/build/leo_msgs
[1.227s] Level 1:colcon.colcon_core.environment:checking '/home/asm/leo_ws/install/leo_msgs' for CMake config files
[1.228s] Level 1:colcon.colcon_core.shell:create_environment_hook('leo_msgs', 'cmake_prefix_path')
[1.228s] INFO:colcon.colcon_core.shell:Creating environment hook '/home/asm/leo_ws/install/leo_msgs/share/leo_msgs/hook/cmake_prefix_path.ps1'
[1.228s] INFO:colcon.colcon_core.shell:Creating environment descriptor '/home/asm/leo_ws/install/leo_msgs/share/leo_msgs/hook/cmake_prefix_path.dsv'
[1.229s] INFO:colcon.colcon_core.shell:Creating environment hook '/home/asm/leo_ws/install/leo_msgs/share/leo_msgs/hook/cmake_prefix_path.sh'
[1.229s] Level 1:colcon.colcon_core.environment:checking '/home/asm/leo_ws/install/leo_msgs/lib'
[1.229s] Level 1:colcon.colcon_core.shell:create_environment_hook('leo_msgs', 'ld_library_path_lib')
[1.229s] INFO:colcon.colcon_core.shell:Creating environment hook '/home/asm/leo_ws/install/leo_msgs/share/leo_msgs/hook/ld_library_path_lib.ps1'
[1.230s] INFO:colcon.colcon_core.shell:Creating environment descriptor '/home/asm/leo_ws/install/leo_msgs/share/leo_msgs/hook/ld_library_path_lib.dsv'
[1.230s] INFO:colcon.colcon_core.shell:Creating environment hook '/home/asm/leo_ws/install/leo_msgs/share/leo_msgs/hook/ld_library_path_lib.sh'
[1.230s] Level 1:colcon.colcon_core.environment:checking '/home/asm/leo_ws/install/leo_msgs/bin'
[1.231s] Level 1:colcon.colcon_core.environment:checking '/home/asm/leo_ws/install/leo_msgs/lib/pkgconfig/leo_msgs.pc'
[1.231s] Level 1:colcon.colcon_core.environment:checking '/home/asm/leo_ws/install/leo_msgs/lib/python3.10/site-packages'
[1.231s] Level 1:colcon.colcon_core.environment:checking '/home/asm/leo_ws/install/leo_msgs/bin'
[1.231s] INFO:colcon.colcon_core.shell:Creating package script '/home/asm/leo_ws/install/leo_msgs/share/leo_msgs/package.ps1'
[1.232s] INFO:colcon.colcon_core.shell:Creating package descriptor '/home/asm/leo_ws/install/leo_msgs/share/leo_msgs/package.dsv'
[1.232s] INFO:colcon.colcon_core.shell:Creating package script '/home/asm/leo_ws/install/leo_msgs/share/leo_msgs/package.sh'
[1.233s] INFO:colcon.colcon_core.shell:Creating package script '/home/asm/leo_ws/install/leo_msgs/share/leo_msgs/package.bash'
[1.233s] INFO:colcon.colcon_core.shell:Creating package script '/home/asm/leo_ws/install/leo_msgs/share/leo_msgs/package.zsh'
[1.233s] Level 1:colcon.colcon_core.environment:create_file_with_runtime_dependencies(/home/asm/leo_ws/install/leo_msgs/share/colcon-core/packages/leo_msgs)
[1.317s] DEBUG:colcon.colcon_core.event_handler.log_command:Invoked command in '/home/asm/leo_ws/build/leo_gz_bringup' returned '0': AMENT_PREFIX_PATH=/home/asm/leo_ws/install/leo_gz_worlds:/home/asm/leo_ws/install/leo_gz_plugins:${AMENT_PREFIX_PATH} CMAKE_PREFIX_PATH=/home/asm/leo_ws/install/leo_gz_worlds:/home/asm/leo_ws/install/leo_gz_plugins:/opt/ros/humble LD_LIBRARY_PATH=/home/asm/leo_ws/install/leo_gz_plugins/lib:${LD_LIBRARY_PATH} /usr/bin/cmake --build /home/asm/leo_ws/build/leo_gz_bringup -- -j12 -l12
[1.339s] DEBUG:colcon.colcon_core.event_handler.log_command:Invoking command in '/home/asm/leo_ws/build/leo_gz_bringup': AMENT_PREFIX_PATH=/home/asm/leo_ws/install/leo_gz_worlds:/home/asm/leo_ws/install/leo_gz_plugins:${AMENT_PREFIX_PATH} CMAKE_PREFIX_PATH=/home/asm/leo_ws/install/leo_gz_worlds:/home/asm/leo_ws/install/leo_gz_plugins:/opt/ros/humble LD_LIBRARY_PATH=/home/asm/leo_ws/install/leo_gz_plugins/lib:${LD_LIBRARY_PATH} /usr/bin/cmake --install /home/asm/leo_ws/build/leo_gz_bringup
[1.350s] Level 1:colcon.colcon_core.environment:create_environment_scripts_only(leo_msgs)
[1.350s] Level 1:colcon.colcon_core.environment:checking '/home/asm/leo_ws/install/leo_msgs' for CMake module files
[1.351s] Level 1:colcon.colcon_core.environment:checking '/home/asm/leo_ws/install/leo_msgs' for CMake config files
[1.351s] Level 1:colcon.colcon_core.shell:create_environment_hook('leo_msgs', 'cmake_prefix_path')
[1.352s] INFO:colcon.colcon_core.shell:Creating environment hook '/home/asm/leo_ws/install/leo_msgs/share/leo_msgs/hook/cmake_prefix_path.ps1'
[1.352s] INFO:colcon.colcon_core.shell:Creating environment descriptor '/home/asm/leo_ws/install/leo_msgs/share/leo_msgs/hook/cmake_prefix_path.dsv'
[1.352s] INFO:colcon.colcon_core.shell:Creating environment hook '/home/asm/leo_ws/install/leo_msgs/share/leo_msgs/hook/cmake_prefix_path.sh'
[1.353s] Level 1:colcon.colcon_core.environment:checking '/home/asm/leo_ws/install/leo_msgs/lib'
[1.353s] Level 1:colcon.colcon_core.shell:create_environment_hook('leo_msgs', 'ld_library_path_lib')
[1.353s] INFO:colcon.colcon_core.shell:Creating environment hook '/home/asm/leo_ws/install/leo_msgs/share/leo_msgs/hook/ld_library_path_lib.ps1'
[1.353s] INFO:colcon.colcon_core.shell:Creating environment descriptor '/home/asm/leo_ws/install/leo_msgs/share/leo_msgs/hook/ld_library_path_lib.dsv'
[1.354s] INFO:colcon.colcon_core.shell:Creating environment hook '/home/asm/leo_ws/install/leo_msgs/share/leo_msgs/hook/ld_library_path_lib.sh'
[1.354s] Level 1:colcon.colcon_core.environment:checking '/home/asm/leo_ws/install/leo_msgs/bin'
[1.354s] Level 1:colcon.colcon_core.environment:checking '/home/asm/leo_ws/install/leo_msgs/lib/pkgconfig/leo_msgs.pc'
[1.354s] Level 1:colcon.colcon_core.environment:checking '/home/asm/leo_ws/install/leo_msgs/lib/python3.10/site-packages'
[1.355s] Level 1:colcon.colcon_core.environment:checking '/home/asm/leo_ws/install/leo_msgs/bin'
[1.355s] INFO:colcon.colcon_core.shell:Creating package script '/home/asm/leo_ws/install/leo_msgs/share/leo_msgs/package.ps1'
[1.355s] INFO:colcon.colcon_core.shell:Creating package descriptor '/home/asm/leo_ws/install/leo_msgs/share/leo_msgs/package.dsv'
[1.356s] INFO:colcon.colcon_core.shell:Creating package script '/home/asm/leo_ws/install/leo_msgs/share/leo_msgs/package.sh'
[1.358s] INFO:colcon.colcon_core.shell:Creating package script '/home/asm/leo_ws/install/leo_msgs/share/leo_msgs/package.bash'
[1.359s] INFO:colcon.colcon_core.shell:Creating package script '/home/asm/leo_ws/install/leo_msgs/share/leo_msgs/package.zsh'
[1.360s] Level 1:colcon.colcon_core.environment:create_file_with_runtime_dependencies(/home/asm/leo_ws/install/leo_msgs/share/colcon-core/packages/leo_msgs)
[1.360s] INFO:colcon.colcon_ros.task.ament_cmake.build:Building ROS package in '/home/asm/leo_ws/src/leo_common-ros2/leo' with build type 'ament_cmake'
[1.360s] INFO:colcon.colcon_cmake.task.cmake.build:Building CMake package in '/home/asm/leo_ws/src/leo_common-ros2/leo'
[1.361s] INFO:colcon.colcon_core.shell:Skip shell extension 'powershell' for command environment: Not usable outside of PowerShell
[1.361s] DEBUG:colcon.colcon_core.shell:Skip shell extension 'dsv' for command environment
[1.374s] Level 1:colcon.colcon_core.environment:create_environment_scripts_only(leo_gz_bringup)
[1.374s] Level 1:colcon.colcon_core.environment:checking '/home/asm/leo_ws/install/leo_gz_bringup' for CMake module files
[1.375s] DEBUG:colcon.colcon_core.event_handler.log_command:Invoking command in '/home/asm/leo_ws/build/leo': AMENT_PREFIX_PATH=/home/asm/leo_ws/install/leo_teleop:/home/asm/leo_ws/install/leo_msgs:/home/asm/leo_ws/install/leo_description:${AMENT_PREFIX_PATH} CMAKE_PREFIX_PATH=/home/asm/leo_ws/install/leo_teleop:/home/asm/leo_ws/install/leo_msgs:/home/asm/leo_ws/install/leo_description:/opt/ros/humble LD_LIBRARY_PATH=/home/asm/leo_ws/install/leo_msgs/lib:${LD_LIBRARY_PATH} PYTHONPATH=/home/asm/leo_ws/install/leo_msgs/local/lib/python3.10/dist-packages:${PYTHONPATH} /usr/bin/cmake --build /home/asm/leo_ws/build/leo -- -j12 -l12
[1.375s] DEBUG:colcon.colcon_core.event_handler.log_command:Invoked command in '/home/asm/leo_ws/build/leo_gz_bringup' returned '0': AMENT_PREFIX_PATH=/home/asm/leo_ws/install/leo_gz_worlds:/home/asm/leo_ws/install/leo_gz_plugins:${AMENT_PREFIX_PATH} CMAKE_PREFIX_PATH=/home/asm/leo_ws/install/leo_gz_worlds:/home/asm/leo_ws/install/leo_gz_plugins:/opt/ros/humble LD_LIBRARY_PATH=/home/asm/leo_ws/install/leo_gz_plugins/lib:${LD_LIBRARY_PATH} /usr/bin/cmake --install /home/asm/leo_ws/build/leo_gz_bringup
[1.376s] Level 1:colcon.colcon_core.environment:checking '/home/asm/leo_ws/install/leo_gz_bringup' for CMake config files
[1.376s] Level 1:colcon.colcon_core.shell:create_environment_hook('leo_gz_bringup', 'cmake_prefix_path')
[1.376s] INFO:colcon.colcon_core.shell:Creating environment hook '/home/asm/leo_ws/install/leo_gz_bringup/share/leo_gz_bringup/hook/cmake_prefix_path.ps1'
[1.377s] INFO:colcon.colcon_core.shell:Creating environment descriptor '/home/asm/leo_ws/install/leo_gz_bringup/share/leo_gz_bringup/hook/cmake_prefix_path.dsv'
[1.377s] INFO:colcon.colcon_core.shell:Creating environment hook '/home/asm/leo_ws/install/leo_gz_bringup/share/leo_gz_bringup/hook/cmake_prefix_path.sh'
[1.378s] Level 1:colcon.colcon_core.environment:checking '/home/asm/leo_ws/install/leo_gz_bringup/lib'
[1.378s] Level 1:colcon.colcon_core.environment:checking '/home/asm/leo_ws/install/leo_gz_bringup/bin'
[1.378s] Level 1:colcon.colcon_core.environment:checking '/home/asm/leo_ws/install/leo_gz_bringup/lib/pkgconfig/leo_gz_bringup.pc'
[1.378s] Level 1:colcon.colcon_core.environment:checking '/home/asm/leo_ws/install/leo_gz_bringup/lib/python3.10/site-packages'
[1.378s] Level 1:colcon.colcon_core.environment:checking '/home/asm/leo_ws/install/leo_gz_bringup/bin'
[1.379s] INFO:colcon.colcon_core.shell:Creating package script '/home/asm/leo_ws/install/leo_gz_bringup/share/leo_gz_bringup/package.ps1'
[1.379s] INFO:colcon.colcon_core.shell:Creating package descriptor '/home/asm/leo_ws/install/leo_gz_bringup/share/leo_gz_bringup/package.dsv'
[1.380s] INFO:colcon.colcon_core.shell:Creating package script '/home/asm/leo_ws/install/leo_gz_bringup/share/leo_gz_bringup/package.sh'
[1.380s] INFO:colcon.colcon_core.shell:Creating package script '/home/asm/leo_ws/install/leo_gz_bringup/share/leo_gz_bringup/package.bash'
[1.380s] INFO:colcon.colcon_core.shell:Creating package script '/home/asm/leo_ws/install/leo_gz_bringup/share/leo_gz_bringup/package.zsh'
[1.381s] Level 1:colcon.colcon_core.environment:create_file_with_runtime_dependencies(/home/asm/leo_ws/install/leo_gz_bringup/share/colcon-core/packages/leo_gz_bringup)
[1.384s] DEBUG:colcon.colcon_core.event_handler.log_command:Invoking command in '/home/asm/leo_ws/src/leo_navigation': PYTHONPATH=/home/asm/leo_ws/build/leo_navigation/prefix_override:/home/asm/leo_ws/install/leo_navigation/lib/python3.10/site-packages:${PYTHONPATH} /usr/bin/python3 -W ignore:setup.py install is deprecated setup.py egg_info --egg-base ../../build/leo_navigation build --build-base /home/asm/leo_ws/build/leo_navigation/build install --record /home/asm/leo_ws/build/leo_navigation/install.log --single-version-externally-managed install_data
[1.402s] Level 1:colcon.colcon_core.environment:create_environment_scripts_only(leo_gz_bringup)
[1.402s] Level 1:colcon.colcon_core.environment:checking '/home/asm/leo_ws/install/leo_gz_bringup' for CMake module files
[1.403s] Level 1:colcon.colcon_core.environment:checking '/home/asm/leo_ws/install/leo_gz_bringup' for CMake config files
[1.403s] Level 1:colcon.colcon_core.shell:create_environment_hook('leo_gz_bringup', 'cmake_prefix_path')
[1.403s] INFO:colcon.colcon_core.shell:Creating environment hook '/home/asm/leo_ws/install/leo_gz_bringup/share/leo_gz_bringup/hook/cmake_prefix_path.ps1'
[1.404s] INFO:colcon.colcon_core.shell:Creating environment descriptor '/home/asm/leo_ws/install/leo_gz_bringup/share/leo_gz_bringup/hook/cmake_prefix_path.dsv'
[1.404s] INFO:colcon.colcon_core.shell:Creating environment hook '/home/asm/leo_ws/install/leo_gz_bringup/share/leo_gz_bringup/hook/cmake_prefix_path.sh'
[1.404s] Level 1:colcon.colcon_core.environment:checking '/home/asm/leo_ws/install/leo_gz_bringup/lib'
[1.404s] Level 1:colcon.colcon_core.environment:checking '/home/asm/leo_ws/install/leo_gz_bringup/bin'
[1.404s] Level 1:colcon.colcon_core.environment:checking '/home/asm/leo_ws/install/leo_gz_bringup/lib/pkgconfig/leo_gz_bringup.pc'
[1.405s] Level 1:colcon.colcon_core.environment:checking '/home/asm/leo_ws/install/leo_gz_bringup/lib/python3.10/site-packages'
[1.405s] Level 1:colcon.colcon_core.environment:checking '/home/asm/leo_ws/install/leo_gz_bringup/bin'
[1.405s] INFO:colcon.colcon_core.shell:Creating package script '/home/asm/leo_ws/install/leo_gz_bringup/share/leo_gz_bringup/package.ps1'
[1.406s] INFO:colcon.colcon_core.shell:Creating package descriptor '/home/asm/leo_ws/install/leo_gz_bringup/share/leo_gz_bringup/package.dsv'
[1.406s] INFO:colcon.colcon_core.shell:Creating package script '/home/asm/leo_ws/install/leo_gz_bringup/share/leo_gz_bringup/package.sh'
[1.406s] INFO:colcon.colcon_core.shell:Creating package script '/home/asm/leo_ws/install/leo_gz_bringup/share/leo_gz_bringup/package.bash'
[1.407s] INFO:colcon.colcon_core.shell:Creating package script '/home/asm/leo_ws/install/leo_gz_bringup/share/leo_gz_bringup/package.zsh'
[1.407s] Level 1:colcon.colcon_core.environment:create_file_with_runtime_dependencies(/home/asm/leo_ws/install/leo_gz_bringup/share/colcon-core/packages/leo_gz_bringup)
[1.408s] INFO:colcon.colcon_ros.task.ament_cmake.build:Building ROS package in '/home/asm/leo_ws/src/leo_simulator-ros2/leo_simulator' with build type 'ament_cmake'
[1.408s] INFO:colcon.colcon_cmake.task.cmake.build:Building CMake package in '/home/asm/leo_ws/src/leo_simulator-ros2/leo_simulator'
[1.408s] INFO:colcon.colcon_core.shell:Skip shell extension 'powershell' for command environment: Not usable outside of PowerShell
[1.409s] DEBUG:colcon.colcon_core.shell:Skip shell extension 'dsv' for command environment
[1.413s] DEBUG:colcon.colcon_core.event_handler.log_command:Invoked command in '/home/asm/leo_ws/build/leo' returned '0': AMENT_PREFIX_PATH=/home/asm/leo_ws/install/leo_teleop:/home/asm/leo_ws/install/leo_msgs:/home/asm/leo_ws/install/leo_description:${AMENT_PREFIX_PATH} CMAKE_PREFIX_PATH=/home/asm/leo_ws/install/leo_teleop:/home/asm/leo_ws/install/leo_msgs:/home/asm/leo_ws/install/leo_description:/opt/ros/humble LD_LIBRARY_PATH=/home/asm/leo_ws/install/leo_msgs/lib:${LD_LIBRARY_PATH} PYTHONPATH=/home/asm/leo_ws/install/leo_msgs/local/lib/python3.10/dist-packages:${PYTHONPATH} /usr/bin/cmake --build /home/asm/leo_ws/build/leo -- -j12 -l12
[1.420s] DEBUG:colcon.colcon_core.event_handler.log_command:Invoking command in '/home/asm/leo_ws/build/leo_simulator': AMENT_PREFIX_PATH=/home/asm/leo_ws/install/leo_gz_bringup:/home/asm/leo_ws/install/leo_gz_worlds:/home/asm/leo_ws/install/leo_gz_plugins:${AMENT_PREFIX_PATH} CMAKE_PREFIX_PATH=/home/asm/leo_ws/install/leo_gz_bringup:/home/asm/leo_ws/install/leo_gz_worlds:/home/asm/leo_ws/install/leo_gz_plugins:/opt/ros/humble LD_LIBRARY_PATH=/home/asm/leo_ws/install/leo_gz_plugins/lib:${LD_LIBRARY_PATH} /usr/bin/cmake --build /home/asm/leo_ws/build/leo_simulator -- -j12 -l12
[1.435s] DEBUG:colcon.colcon_core.event_handler.log_command:Invoking command in '/home/asm/leo_ws/build/leo': AMENT_PREFIX_PATH=/home/asm/leo_ws/install/leo_teleop:/home/asm/leo_ws/install/leo_msgs:/home/asm/leo_ws/install/leo_description:${AMENT_PREFIX_PATH} CMAKE_PREFIX_PATH=/home/asm/leo_ws/install/leo_teleop:/home/asm/leo_ws/install/leo_msgs:/home/asm/leo_ws/install/leo_description:/opt/ros/humble LD_LIBRARY_PATH=/home/asm/leo_ws/install/leo_msgs/lib:${LD_LIBRARY_PATH} PYTHONPATH=/home/asm/leo_ws/install/leo_msgs/local/lib/python3.10/dist-packages:${PYTHONPATH} /usr/bin/cmake --install /home/asm/leo_ws/build/leo
[1.457s] Level 1:colcon.colcon_core.environment:create_environment_scripts_only(leo)
[1.457s] Level 1:colcon.colcon_core.environment:checking '/home/asm/leo_ws/install/leo' for CMake module files
[1.458s] DEBUG:colcon.colcon_core.event_handler.log_command:Invoked command in '/home/asm/leo_ws/build/leo' returned '0': AMENT_PREFIX_PATH=/home/asm/leo_ws/install/leo_teleop:/home/asm/leo_ws/install/leo_msgs:/home/asm/leo_ws/install/leo_description:${AMENT_PREFIX_PATH} CMAKE_PREFIX_PATH=/home/asm/leo_ws/install/leo_teleop:/home/asm/leo_ws/install/leo_msgs:/home/asm/leo_ws/install/leo_description:/opt/ros/humble LD_LIBRARY_PATH=/home/asm/leo_ws/install/leo_msgs/lib:${LD_LIBRARY_PATH} PYTHONPATH=/home/asm/leo_ws/install/leo_msgs/local/lib/python3.10/dist-packages:${PYTHONPATH} /usr/bin/cmake --install /home/asm/leo_ws/build/leo
[1.458s] Level 1:colcon.colcon_core.environment:checking '/home/asm/leo_ws/install/leo' for CMake config files
[1.458s] Level 1:colcon.colcon_core.shell:create_environment_hook('leo', 'cmake_prefix_path')
[1.459s] INFO:colcon.colcon_core.shell:Creating environment hook '/home/asm/leo_ws/install/leo/share/leo/hook/cmake_prefix_path.ps1'
[1.459s] INFO:colcon.colcon_core.shell:Creating environment descriptor '/home/asm/leo_ws/install/leo/share/leo/hook/cmake_prefix_path.dsv'
[1.459s] INFO:colcon.colcon_core.shell:Creating environment hook '/home/asm/leo_ws/install/leo/share/leo/hook/cmake_prefix_path.sh'
[1.460s] Level 1:colcon.colcon_core.environment:checking '/home/asm/leo_ws/install/leo/bin'
[1.460s] Level 1:colcon.colcon_core.environment:checking '/home/asm/leo_ws/install/leo/lib/pkgconfig/leo.pc'
[1.460s] Level 1:colcon.colcon_core.environment:checking '/home/asm/leo_ws/install/leo/lib/python3.10/site-packages'
[1.460s] Level 1:colcon.colcon_core.environment:checking '/home/asm/leo_ws/install/leo/bin'
[1.460s] INFO:colcon.colcon_core.shell:Creating package script '/home/asm/leo_ws/install/leo/share/leo/package.ps1'
[1.461s] INFO:colcon.colcon_core.shell:Creating package descriptor '/home/asm/leo_ws/install/leo/share/leo/package.dsv'
[1.461s] INFO:colcon.colcon_core.shell:Creating package script '/home/asm/leo_ws/install/leo/share/leo/package.sh'
[1.461s] INFO:colcon.colcon_core.shell:Creating package script '/home/asm/leo_ws/install/leo/share/leo/package.bash'
[1.462s] INFO:colcon.colcon_core.shell:Creating package script '/home/asm/leo_ws/install/leo/share/leo/package.zsh'
[1.462s] Level 1:colcon.colcon_core.environment:create_file_with_runtime_dependencies(/home/asm/leo_ws/install/leo/share/colcon-core/packages/leo)
[1.465s] DEBUG:colcon.colcon_core.event_handler.log_command:Invoked command in '/home/asm/leo_ws/build/leo_simulator' returned '0': AMENT_PREFIX_PATH=/home/asm/leo_ws/install/leo_gz_bringup:/home/asm/leo_ws/install/leo_gz_worlds:/home/asm/leo_ws/install/leo_gz_plugins:${AMENT_PREFIX_PATH} CMAKE_PREFIX_PATH=/home/asm/leo_ws/install/leo_gz_bringup:/home/asm/leo_ws/install/leo_gz_worlds:/home/asm/leo_ws/install/leo_gz_plugins:/opt/ros/humble LD_LIBRARY_PATH=/home/asm/leo_ws/install/leo_gz_plugins/lib:${LD_LIBRARY_PATH} /usr/bin/cmake --build /home/asm/leo_ws/build/leo_simulator -- -j12 -l12
[1.481s] Level 1:colcon.colcon_core.environment:create_environment_scripts_only(leo)
[1.481s] Level 1:colcon.colcon_core.environment:checking '/home/asm/leo_ws/install/leo' for CMake module files
[1.482s] Level 1:colcon.colcon_core.environment:checking '/home/asm/leo_ws/install/leo' for CMake config files
[1.482s] Level 1:colcon.colcon_core.shell:create_environment_hook('leo', 'cmake_prefix_path')
[1.483s] INFO:colcon.colcon_core.shell:Creating environment hook '/home/asm/leo_ws/install/leo/share/leo/hook/cmake_prefix_path.ps1'
[1.483s] INFO:colcon.colcon_core.shell:Creating environment descriptor '/home/asm/leo_ws/install/leo/share/leo/hook/cmake_prefix_path.dsv'
[1.483s] INFO:colcon.colcon_core.shell:Creating environment hook '/home/asm/leo_ws/install/leo/share/leo/hook/cmake_prefix_path.sh'
[1.484s] Level 1:colcon.colcon_core.environment:checking '/home/asm/leo_ws/install/leo/bin'
[1.484s] Level 1:colcon.colcon_core.environment:checking '/home/asm/leo_ws/install/leo/lib/pkgconfig/leo.pc'
[1.484s] Level 1:colcon.colcon_core.environment:checking '/home/asm/leo_ws/install/leo/lib/python3.10/site-packages'
[1.484s] Level 1:colcon.colcon_core.environment:checking '/home/asm/leo_ws/install/leo/bin'
[1.484s] INFO:colcon.colcon_core.shell:Creating package script '/home/asm/leo_ws/install/leo/share/leo/package.ps1'
[1.485s] INFO:colcon.colcon_core.shell:Creating package descriptor '/home/asm/leo_ws/install/leo/share/leo/package.dsv'
[1.485s] INFO:colcon.colcon_core.shell:Creating package script '/home/asm/leo_ws/install/leo/share/leo/package.sh'
[1.486s] INFO:colcon.colcon_core.shell:Creating package script '/home/asm/leo_ws/install/leo/share/leo/package.bash'
[1.486s] INFO:colcon.colcon_core.shell:Creating package script '/home/asm/leo_ws/install/leo/share/leo/package.zsh'
[1.486s] Level 1:colcon.colcon_core.environment:create_file_with_runtime_dependencies(/home/asm/leo_ws/install/leo/share/colcon-core/packages/leo)
[1.489s] DEBUG:colcon.colcon_core.event_handler.log_command:Invoking command in '/home/asm/leo_ws/build/leo_simulator': AMENT_PREFIX_PATH=/home/asm/leo_ws/install/leo_gz_bringup:/home/asm/leo_ws/install/leo_gz_worlds:/home/asm/leo_ws/install/leo_gz_plugins:${AMENT_PREFIX_PATH} CMAKE_PREFIX_PATH=/home/asm/leo_ws/install/leo_gz_bringup:/home/asm/leo_ws/install/leo_gz_worlds:/home/asm/leo_ws/install/leo_gz_plugins:/opt/ros/humble LD_LIBRARY_PATH=/home/asm/leo_ws/install/leo_gz_plugins/lib:${LD_LIBRARY_PATH} /usr/bin/cmake --install /home/asm/leo_ws/build/leo_simulator
[1.511s] Level 1:colcon.colcon_core.environment:create_environment_scripts_only(leo_simulator)
[1.512s] Level 1:colcon.colcon_core.environment:checking '/home/asm/leo_ws/install/leo_simulator' for CMake module files
[1.512s] DEBUG:colcon.colcon_core.event_handler.log_command:Invoked command in '/home/asm/leo_ws/build/leo_simulator' returned '0': AMENT_PREFIX_PATH=/home/asm/leo_ws/install/leo_gz_bringup:/home/asm/leo_ws/install/leo_gz_worlds:/home/asm/leo_ws/install/leo_gz_plugins:${AMENT_PREFIX_PATH} CMAKE_PREFIX_PATH=/home/asm/leo_ws/install/leo_gz_bringup:/home/asm/leo_ws/install/leo_gz_worlds:/home/asm/leo_ws/install/leo_gz_plugins:/opt/ros/humble LD_LIBRARY_PATH=/home/asm/leo_ws/install/leo_gz_plugins/lib:${LD_LIBRARY_PATH} /usr/bin/cmake --install /home/asm/leo_ws/build/leo_simulator
[1.513s] Level 1:colcon.colcon_core.environment:checking '/home/asm/leo_ws/install/leo_simulator' for CMake config files
[1.513s] Level 1:colcon.colcon_core.shell:create_environment_hook('leo_simulator', 'cmake_prefix_path')
[1.513s] INFO:colcon.colcon_core.shell:Creating environment hook '/home/asm/leo_ws/install/leo_simulator/share/leo_simulator/hook/cmake_prefix_path.ps1'
[1.514s] INFO:colcon.colcon_core.shell:Creating environment descriptor '/home/asm/leo_ws/install/leo_simulator/share/leo_simulator/hook/cmake_prefix_path.dsv'
[1.514s] INFO:colcon.colcon_core.shell:Creating environment hook '/home/asm/leo_ws/install/leo_simulator/share/leo_simulator/hook/cmake_prefix_path.sh'
[1.514s] Level 1:colcon.colcon_core.environment:checking '/home/asm/leo_ws/install/leo_simulator/bin'
[1.515s] Level 1:colcon.colcon_core.environment:checking '/home/asm/leo_ws/install/leo_simulator/lib/pkgconfig/leo_simulator.pc'
[1.515s] Level 1:colcon.colcon_core.environment:checking '/home/asm/leo_ws/install/leo_simulator/lib/python3.10/site-packages'
[1.515s] Level 1:colcon.colcon_core.environment:checking '/home/asm/leo_ws/install/leo_simulator/bin'
[1.515s] INFO:colcon.colcon_core.shell:Creating package script '/home/asm/leo_ws/install/leo_simulator/share/leo_simulator/package.ps1'
[1.516s] INFO:colcon.colcon_core.shell:Creating package descriptor '/home/asm/leo_ws/install/leo_simulator/share/leo_simulator/package.dsv'
[1.516s] INFO:colcon.colcon_core.shell:Creating package script '/home/asm/leo_ws/install/leo_simulator/share/leo_simulator/package.sh'
[1.516s] INFO:colcon.colcon_core.shell:Creating package script '/home/asm/leo_ws/install/leo_simulator/share/leo_simulator/package.bash'
[1.517s] INFO:colcon.colcon_core.shell:Creating package script '/home/asm/leo_ws/install/leo_simulator/share/leo_simulator/package.zsh'
[1.517s] Level 1:colcon.colcon_core.environment:create_file_with_runtime_dependencies(/home/asm/leo_ws/install/leo_simulator/share/colcon-core/packages/leo_simulator)
[1.534s] Level 1:colcon.colcon_core.environment:create_environment_scripts_only(leo_simulator)
[1.534s] Level 1:colcon.colcon_core.environment:checking '/home/asm/leo_ws/install/leo_simulator' for CMake module files
[1.535s] Level 1:colcon.colcon_core.environment:checking '/home/asm/leo_ws/install/leo_simulator' for CMake config files
[1.535s] Level 1:colcon.colcon_core.shell:create_environment_hook('leo_simulator', 'cmake_prefix_path')
[1.535s] INFO:colcon.colcon_core.shell:Creating environment hook '/home/asm/leo_ws/install/leo_simulator/share/leo_simulator/hook/cmake_prefix_path.ps1'
[1.536s] INFO:colcon.colcon_core.shell:Creating environment descriptor '/home/asm/leo_ws/install/leo_simulator/share/leo_simulator/hook/cmake_prefix_path.dsv'
[1.536s] INFO:colcon.colcon_core.shell:Creating environment hook '/home/asm/leo_ws/install/leo_simulator/share/leo_simulator/hook/cmake_prefix_path.sh'
[1.536s] Level 1:colcon.colcon_core.environment:checking '/home/asm/leo_ws/install/leo_simulator/bin'
[1.536s] Level 1:colcon.colcon_core.environment:checking '/home/asm/leo_ws/install/leo_simulator/lib/pkgconfig/leo_simulator.pc'
[1.536s] Level 1:colcon.colcon_core.environment:checking '/home/asm/leo_ws/install/leo_simulator/lib/python3.10/site-packages'
[1.537s] Level 1:colcon.colcon_core.environment:checking '/home/asm/leo_ws/install/leo_simulator/bin'
[1.537s] INFO:colcon.colcon_core.shell:Creating package script '/home/asm/leo_ws/install/leo_simulator/share/leo_simulator/package.ps1'
[1.537s] INFO:colcon.colcon_core.shell:Creating package descriptor '/home/asm/leo_ws/install/leo_simulator/share/leo_simulator/package.dsv'
[1.538s] INFO:colcon.colcon_core.shell:Creating package script '/home/asm/leo_ws/install/leo_simulator/share/leo_simulator/package.sh'
[1.538s] INFO:colcon.colcon_core.shell:Creating package script '/home/asm/leo_ws/install/leo_simulator/share/leo_simulator/package.bash'
[1.538s] INFO:colcon.colcon_core.shell:Creating package script '/home/asm/leo_ws/install/leo_simulator/share/leo_simulator/package.zsh'
[1.539s] Level 1:colcon.colcon_core.environment:create_file_with_runtime_dependencies(/home/asm/leo_ws/install/leo_simulator/share/colcon-core/packages/leo_simulator)
[1.709s] Level 1:colcon.colcon_core.environment:checking '/home/asm/leo_ws/install/leo_navigation' for CMake module files
[1.710s] DEBUG:colcon.colcon_core.event_handler.log_command:Invoked command in '/home/asm/leo_ws/src/leo_navigation' returned '0': PYTHONPATH=/home/asm/leo_ws/build/leo_navigation/prefix_override:/home/asm/leo_ws/install/leo_navigation/lib/python3.10/site-packages:${PYTHONPATH} /usr/bin/python3 -W ignore:setup.py install is deprecated setup.py egg_info --egg-base ../../build/leo_navigation build --build-base /home/asm/leo_ws/build/leo_navigation/build install --record /home/asm/leo_ws/build/leo_navigation/install.log --single-version-externally-managed install_data
[1.710s] Level 1:colcon.colcon_core.environment:checking '/home/asm/leo_ws/install/leo_navigation' for CMake config files
[1.711s] Level 1:colcon.colcon_core.environment:checking '/home/asm/leo_ws/install/leo_navigation/lib'
[1.711s] Level 1:colcon.colcon_core.environment:checking '/home/asm/leo_ws/install/leo_navigation/bin'
[1.711s] Level 1:colcon.colcon_core.environment:checking '/home/asm/leo_ws/install/leo_navigation/lib/pkgconfig/leo_navigation.pc'
[1.711s] Level 1:colcon.colcon_core.environment:checking '/home/asm/leo_ws/install/leo_navigation/lib/python3.10/site-packages'
[1.711s] Level 1:colcon.colcon_core.shell:create_environment_hook('leo_navigation', 'pythonpath')
[1.711s] INFO:colcon.colcon_core.shell:Creating environment hook '/home/asm/leo_ws/install/leo_navigation/share/leo_navigation/hook/pythonpath.ps1'
[1.712s] INFO:colcon.colcon_core.shell:Creating environment descriptor '/home/asm/leo_ws/install/leo_navigation/share/leo_navigation/hook/pythonpath.dsv'
[1.712s] INFO:colcon.colcon_core.shell:Creating environment hook '/home/asm/leo_ws/install/leo_navigation/share/leo_navigation/hook/pythonpath.sh'
[1.712s] Level 1:colcon.colcon_core.environment:checking '/home/asm/leo_ws/install/leo_navigation/bin'
[1.712s] Level 1:colcon.colcon_core.environment:create_environment_scripts_only(leo_navigation)
[1.713s] INFO:colcon.colcon_core.shell:Creating package script '/home/asm/leo_ws/install/leo_navigation/share/leo_navigation/package.ps1'
[1.713s] INFO:colcon.colcon_core.shell:Creating package descriptor '/home/asm/leo_ws/install/leo_navigation/share/leo_navigation/package.dsv'
[1.713s] INFO:colcon.colcon_core.shell:Creating package script '/home/asm/leo_ws/install/leo_navigation/share/leo_navigation/package.sh'
[1.714s] INFO:colcon.colcon_core.shell:Creating package script '/home/asm/leo_ws/install/leo_navigation/share/leo_navigation/package.bash'
[1.714s] INFO:colcon.colcon_core.shell:Creating package script '/home/asm/leo_ws/install/leo_navigation/share/leo_navigation/package.zsh'
[1.714s] Level 1:colcon.colcon_core.environment:create_file_with_runtime_dependencies(/home/asm/leo_ws/install/leo_navigation/share/colcon-core/packages/leo_navigation)
[1.715s] DEBUG:colcon.colcon_parallel_executor.executor.parallel:closing loop
[1.715s] DEBUG:colcon.colcon_parallel_executor.executor.parallel:loop closed
[1.715s] DEBUG:colcon.colcon_parallel_executor.executor.parallel:run_until_complete finished with '0'
[1.715s] DEBUG:colcon.colcon_core.event_reactor:joining thread
[1.721s] INFO:colcon.colcon_core.plugin_system:Skipping extension 'colcon_notification.desktop_notification.terminal_notifier': Not used on non-Darwin systems
[1.721s] INFO:colcon.colcon_core.plugin_system:Skipping extension 'colcon_notification.desktop_notification.win32': Not used on non-Windows systems
[1.721s] INFO:colcon.colcon_notification.desktop_notification:Sending desktop notification using 'notify2'
[1.736s] DEBUG:colcon.colcon_core.event_reactor:joined thread
[1.736s] INFO:colcon.colcon_core.shell:Creating prefix script '/home/asm/leo_ws/install/local_setup.ps1'
[1.737s] INFO:colcon.colcon_core.shell:Creating prefix util module '/home/asm/leo_ws/install/_local_setup_util_ps1.py'
[1.739s] INFO:colcon.colcon_core.shell:Creating prefix chain script '/home/asm/leo_ws/install/setup.ps1'
[1.740s] INFO:colcon.colcon_core.shell:Creating prefix script '/home/asm/leo_ws/install/local_setup.sh'
[1.741s] INFO:colcon.colcon_core.shell:Creating prefix util module '/home/asm/leo_ws/install/_local_setup_util_sh.py'
[1.741s] INFO:colcon.colcon_core.shell:Creating prefix chain script '/home/asm/leo_ws/install/setup.sh'
[1.742s] INFO:colcon.colcon_core.shell:Creating prefix script '/home/asm/leo_ws/install/local_setup.bash'
[1.743s] INFO:colcon.colcon_core.shell:Creating prefix chain script '/home/asm/leo_ws/install/setup.bash'
[1.744s] INFO:colcon.colcon_core.shell:Creating prefix script '/home/asm/leo_ws/install/local_setup.zsh'
[1.744s] INFO:colcon.colcon_core.shell:Creating prefix chain script '/home/asm/leo_ws/install/setup.zsh'
