-- Found ament_cmake: 1.3.8 (/opt/ros/humble/share/ament_cmake/cmake)
-- Override CMake install command with custom implementation using symlinks instead of copying resources
-- Configuring done
-- Generating done
-- Build files have been written to: /home/asm/leo_ws/build/leo
-- Install configuration: ""
-- Execute custom install script
-- Up-to-date symlink: /home/asm/leo_ws/install/leo/share/ament_index/resource_index/package_run_dependencies/leo
-- Up-to-date symlink: /home/asm/leo_ws/install/leo/share/ament_index/resource_index/parent_prefix_path/leo
-- Up-to-date symlink: /home/asm/leo_ws/install/leo/share/leo/environment/ament_prefix_path.sh
-- Up-to-date symlink: /home/asm/leo_ws/install/leo/share/leo/environment/ament_prefix_path.dsv
-- Up-to-date symlink: /home/asm/leo_ws/install/leo/share/leo/environment/path.sh
-- Up-to-date symlink: /home/asm/leo_ws/install/leo/share/leo/environment/path.dsv
-- Up-to-date symlink: /home/asm/leo_ws/install/leo/share/leo/local_setup.bash
-- Up-to-date symlink: /home/asm/leo_ws/install/leo/share/leo/local_setup.sh
-- Up-to-date symlink: /home/asm/leo_ws/install/leo/share/leo/local_setup.zsh
-- Up-to-date symlink: /home/asm/leo_ws/install/leo/share/leo/local_setup.dsv
-- Symlinking: /home/asm/leo_ws/install/leo/share/leo/package.dsv
-- Up-to-date symlink: /home/asm/leo_ws/install/leo/share/ament_index/resource_index/packages/leo
-- Up-to-date symlink: /home/asm/leo_ws/install/leo/share/leo/cmake/leoConfig.cmake
-- Up-to-date symlink: /home/asm/leo_ws/install/leo/share/leo/cmake/leoConfig-version.cmake
-- Up-to-date symlink: /home/asm/leo_ws/install/leo/share/leo/package.xml
