[0.023s] Invoking command in '/home/asm/leo_ws/build/leo': AMENT_PREFIX_PATH=/home/asm/leo_ws/install/leo_teleop:/home/asm/leo_ws/install/leo_msgs:/home/asm/leo_ws/install/leo_description:${AMENT_PREFIX_PATH} CMAKE_PREFIX_PATH=/home/asm/leo_ws/install/leo_teleop:/home/asm/leo_ws/install/leo_msgs:/home/asm/leo_ws/install/leo_description:/home/asm/test_ws/install/py_pubsub:/opt/ros/humble LD_LIBRARY_PATH=/home/asm/leo_ws/install/leo_msgs/lib:${LD_LIBRARY_PATH} PYTHONPATH=/home/asm/leo_ws/install/leo_msgs/local/lib/python3.10/dist-packages:${PYTHONPATH} /usr/bin/cmake /home/asm/leo_ws/src/leo_common-ros2/leo -DCMAKE_INSTALL_PREFIX=/home/asm/leo_ws/install/leo
[0.032s] -- Found ament_cmake: 1.3.8 (/opt/ros/humble/share/ament_cmake/cmake)
[0.148s] -- Override CMake install command with custom implementation using symlinks instead of copying resources
[0.219s] -- Configuring done
[0.223s] -- Generating done
[0.224s] -- Build files have been written to: /home/asm/leo_ws/build/leo
[0.226s] Invoked command in '/home/asm/leo_ws/build/leo' returned '0': AMENT_PREFIX_PATH=/home/asm/leo_ws/install/leo_teleop:/home/asm/leo_ws/install/leo_msgs:/home/asm/leo_ws/install/leo_description:${AMENT_PREFIX_PATH} CMAKE_PREFIX_PATH=/home/asm/leo_ws/install/leo_teleop:/home/asm/leo_ws/install/leo_msgs:/home/asm/leo_ws/install/leo_description:/home/asm/test_ws/install/py_pubsub:/opt/ros/humble LD_LIBRARY_PATH=/home/asm/leo_ws/install/leo_msgs/lib:${LD_LIBRARY_PATH} PYTHONPATH=/home/asm/leo_ws/install/leo_msgs/local/lib/python3.10/dist-packages:${PYTHONPATH} /usr/bin/cmake /home/asm/leo_ws/src/leo_common-ros2/leo -DCMAKE_INSTALL_PREFIX=/home/asm/leo_ws/install/leo
[0.228s] Invoking command in '/home/asm/leo_ws/build/leo': AMENT_PREFIX_PATH=/home/asm/leo_ws/install/leo_teleop:/home/asm/leo_ws/install/leo_msgs:/home/asm/leo_ws/install/leo_description:${AMENT_PREFIX_PATH} CMAKE_PREFIX_PATH=/home/asm/leo_ws/install/leo_teleop:/home/asm/leo_ws/install/leo_msgs:/home/asm/leo_ws/install/leo_description:/home/asm/test_ws/install/py_pubsub:/opt/ros/humble LD_LIBRARY_PATH=/home/asm/leo_ws/install/leo_msgs/lib:${LD_LIBRARY_PATH} PYTHONPATH=/home/asm/leo_ws/install/leo_msgs/local/lib/python3.10/dist-packages:${PYTHONPATH} /usr/bin/cmake --build /home/asm/leo_ws/build/leo -- -j12 -l12
[0.263s] Invoked command in '/home/asm/leo_ws/build/leo' returned '0': AMENT_PREFIX_PATH=/home/asm/leo_ws/install/leo_teleop:/home/asm/leo_ws/install/leo_msgs:/home/asm/leo_ws/install/leo_description:${AMENT_PREFIX_PATH} CMAKE_PREFIX_PATH=/home/asm/leo_ws/install/leo_teleop:/home/asm/leo_ws/install/leo_msgs:/home/asm/leo_ws/install/leo_description:/home/asm/test_ws/install/py_pubsub:/opt/ros/humble LD_LIBRARY_PATH=/home/asm/leo_ws/install/leo_msgs/lib:${LD_LIBRARY_PATH} PYTHONPATH=/home/asm/leo_ws/install/leo_msgs/local/lib/python3.10/dist-packages:${PYTHONPATH} /usr/bin/cmake --build /home/asm/leo_ws/build/leo -- -j12 -l12
[0.287s] Invoking command in '/home/asm/leo_ws/build/leo': AMENT_PREFIX_PATH=/home/asm/leo_ws/install/leo_teleop:/home/asm/leo_ws/install/leo_msgs:/home/asm/leo_ws/install/leo_description:${AMENT_PREFIX_PATH} CMAKE_PREFIX_PATH=/home/asm/leo_ws/install/leo_teleop:/home/asm/leo_ws/install/leo_msgs:/home/asm/leo_ws/install/leo_description:/home/asm/test_ws/install/py_pubsub:/opt/ros/humble LD_LIBRARY_PATH=/home/asm/leo_ws/install/leo_msgs/lib:${LD_LIBRARY_PATH} PYTHONPATH=/home/asm/leo_ws/install/leo_msgs/local/lib/python3.10/dist-packages:${PYTHONPATH} /usr/bin/cmake --install /home/asm/leo_ws/build/leo
[0.298s] -- Install configuration: ""
[0.299s] -- Execute custom install script
[0.303s] -- Up-to-date symlink: /home/asm/leo_ws/install/leo/share/ament_index/resource_index/package_run_dependencies/leo
[0.304s] -- Up-to-date symlink: /home/asm/leo_ws/install/leo/share/ament_index/resource_index/parent_prefix_path/leo
[0.305s] -- Up-to-date symlink: /home/asm/leo_ws/install/leo/share/leo/environment/ament_prefix_path.sh
[0.306s] -- Up-to-date symlink: /home/asm/leo_ws/install/leo/share/leo/environment/ament_prefix_path.dsv
[0.307s] -- Up-to-date symlink: /home/asm/leo_ws/install/leo/share/leo/environment/path.sh
[0.308s] -- Up-to-date symlink: /home/asm/leo_ws/install/leo/share/leo/environment/path.dsv
[0.309s] -- Up-to-date symlink: /home/asm/leo_ws/install/leo/share/leo/local_setup.bash
[0.310s] -- Up-to-date symlink: /home/asm/leo_ws/install/leo/share/leo/local_setup.sh
[0.310s] -- Up-to-date symlink: /home/asm/leo_ws/install/leo/share/leo/local_setup.zsh
[0.311s] -- Up-to-date symlink: /home/asm/leo_ws/install/leo/share/leo/local_setup.dsv
[0.312s] -- Symlinking: /home/asm/leo_ws/install/leo/share/leo/package.dsv
[0.338s] -- Up-to-date symlink: /home/asm/leo_ws/install/leo/share/ament_index/resource_index/packages/leo
[0.339s] -- Up-to-date symlink: /home/asm/leo_ws/install/leo/share/leo/cmake/leoConfig.cmake
[0.339s] -- Up-to-date symlink: /home/asm/leo_ws/install/leo/share/leo/cmake/leoConfig-version.cmake
[0.340s] -- Up-to-date symlink: /home/asm/leo_ws/install/leo/share/leo/package.xml
[0.346s] Invoked command in '/home/asm/leo_ws/build/leo' returned '0': AMENT_PREFIX_PATH=/home/asm/leo_ws/install/leo_teleop:/home/asm/leo_ws/install/leo_msgs:/home/asm/leo_ws/install/leo_description:${AMENT_PREFIX_PATH} CMAKE_PREFIX_PATH=/home/asm/leo_ws/install/leo_teleop:/home/asm/leo_ws/install/leo_msgs:/home/asm/leo_ws/install/leo_description:/home/asm/test_ws/install/py_pubsub:/opt/ros/humble LD_LIBRARY_PATH=/home/asm/leo_ws/install/leo_msgs/lib:${LD_LIBRARY_PATH} PYTHONPATH=/home/asm/leo_ws/install/leo_msgs/local/lib/python3.10/dist-packages:${PYTHONPATH} /usr/bin/cmake --install /home/asm/leo_ws/build/leo
