[0.025s] Invoking command in '/home/asm/leo_ws/build/leo_teleop': CMAKE_PREFIX_PATH=/opt/ros/humble /usr/bin/cmake --build /home/asm/leo_ws/build/leo_teleop -- -j12 -l12
[0.400s] Invoked command in '/home/asm/leo_ws/build/leo_teleop' returned '0': CMAKE_PREFIX_PATH=/opt/ros/humble /usr/bin/cmake --build /home/asm/leo_ws/build/leo_teleop -- -j12 -l12
[0.632s] Invoking command in '/home/asm/leo_ws/build/leo_teleop': CMAKE_PREFIX_PATH=/opt/ros/humble /usr/bin/cmake --install /home/asm/leo_ws/build/leo_teleop
[0.649s] -- Install configuration: ""
[0.652s] -- Execute custom install script
[0.661s] -- Up-to-date symlink: /home/asm/leo_ws/install/leo_teleop/share/leo_teleop/config/joy_config.yaml
[0.663s] -- Up-to-date symlink: /home/asm/leo_ws/install/leo_teleop/share/leo_teleop/launch/joy_teleop.launch.xml
[0.665s] -- Up-to-date symlink: /home/asm/leo_ws/install/leo_teleop/share/leo_teleop/launch/key_teleop.launch.xml
[0.666s] -- Up-to-date symlink: /home/asm/leo_ws/install/leo_teleop/share/ament_index/resource_index/package_run_dependencies/leo_teleop
[0.667s] -- Up-to-date symlink: /home/asm/leo_ws/install/leo_teleop/share/ament_index/resource_index/parent_prefix_path/leo_teleop
[0.667s] -- Up-to-date symlink: /home/asm/leo_ws/install/leo_teleop/share/leo_teleop/environment/ament_prefix_path.sh
[0.668s] -- Up-to-date symlink: /home/asm/leo_ws/install/leo_teleop/share/leo_teleop/environment/ament_prefix_path.dsv
[0.668s] -- Up-to-date symlink: /home/asm/leo_ws/install/leo_teleop/share/leo_teleop/environment/path.sh
[0.669s] -- Up-to-date symlink: /home/asm/leo_ws/install/leo_teleop/share/leo_teleop/environment/path.dsv
[0.669s] -- Up-to-date symlink: /home/asm/leo_ws/install/leo_teleop/share/leo_teleop/local_setup.bash
[0.669s] -- Up-to-date symlink: /home/asm/leo_ws/install/leo_teleop/share/leo_teleop/local_setup.sh
[0.670s] -- Up-to-date symlink: /home/asm/leo_ws/install/leo_teleop/share/leo_teleop/local_setup.zsh
[0.670s] -- Up-to-date symlink: /home/asm/leo_ws/install/leo_teleop/share/leo_teleop/local_setup.dsv
[0.670s] -- Symlinking: /home/asm/leo_ws/install/leo_teleop/share/leo_teleop/package.dsv
[0.688s] -- Up-to-date symlink: /home/asm/leo_ws/install/leo_teleop/share/ament_index/resource_index/packages/leo_teleop
[0.690s] -- Up-to-date symlink: /home/asm/leo_ws/install/leo_teleop/share/leo_teleop/cmake/leo_teleopConfig.cmake
[0.690s] -- Up-to-date symlink: /home/asm/leo_ws/install/leo_teleop/share/leo_teleop/cmake/leo_teleopConfig-version.cmake
[0.690s] -- Up-to-date symlink: /home/asm/leo_ws/install/leo_teleop/share/leo_teleop/package.xml
[0.760s] Invoked command in '/home/asm/leo_ws/build/leo_teleop' returned '0': CMAKE_PREFIX_PATH=/opt/ros/humble /usr/bin/cmake --install /home/asm/leo_ws/build/leo_teleop
