running egg_info
writing ../../build/leo_navigation/leo_navigation.egg-info/PKG-INFO
writing dependency_links to ../../build/leo_navigation/leo_navigation.egg-info/dependency_links.txt
writing entry points to ../../build/leo_navigation/leo_navigation.egg-info/entry_points.txt
writing requirements to ../../build/leo_navigation/leo_navigation.egg-info/requires.txt
writing top-level names to ../../build/leo_navigation/leo_navigation.egg-info/top_level.txt
reading manifest file '../../build/leo_navigation/leo_navigation.egg-info/SOURCES.txt'
writing manifest file '../../build/leo_navigation/leo_navigation.egg-info/SOURCES.txt'
running build
running build_py
running install
running install_lib
running install_data
copying package.xml -> /home/asm/leo_ws/install/leo_navigation/share/leo_navigation
running install_egg_info
removing '/home/asm/leo_ws/install/leo_navigation/lib/python3.10/site-packages/leo_navigation-0.0.0-py3.10.egg-info' (and everything under it)
Copying ../../build/leo_navigation/leo_navigation.egg-info to /home/asm/leo_ws/install/leo_navigation/lib/python3.10/site-packages/leo_navigation-0.0.0-py3.10.egg-info
running install_scripts
Installing object_detection_node script to /home/asm/leo_ws/install/leo_navigation/lib/leo_navigation
Installing static_tf_publisher script to /home/asm/leo_ws/install/leo_navigation/lib/leo_navigation
writing list of installed files to '/home/asm/leo_ws/build/leo_navigation/install.log'
