[0.029s] Invoking command in '/home/asm/leo_ws/build/leo_teleop': CMAKE_PREFIX_PATH=${CMAKE_PREFIX_PATH}:/home/asm/leo_ws/install/odom_package:/home/asm/leo_ws/install/leo_navigation:/opt/ros/humble /usr/bin/cmake --build /home/asm/leo_ws/build/leo_teleop -- -j12 -l12
[0.353s] Invoked command in '/home/asm/leo_ws/build/leo_teleop' returned '0': CMAKE_PREFIX_PATH=${CMAKE_PREFIX_PATH}:/home/asm/leo_ws/install/odom_package:/home/asm/leo_ws/install/leo_navigation:/opt/ros/humble /usr/bin/cmake --build /home/asm/leo_ws/build/leo_teleop -- -j12 -l12
[0.388s] Invoking command in '/home/asm/leo_ws/build/leo_teleop': CMAKE_PREFIX_PATH=${CMAKE_PREFIX_PATH}:/home/asm/leo_ws/install/odom_package:/home/asm/leo_ws/install/leo_navigation:/opt/ros/humble /usr/bin/cmake --install /home/asm/leo_ws/build/leo_teleop
[0.396s] -- Install configuration: ""
[0.397s] -- Execute custom install script
[0.399s] -- Up-to-date symlink: /home/asm/leo_ws/install/leo_teleop/share/leo_teleop/config/joy_config.yaml
[0.399s] -- Up-to-date symlink: /home/asm/leo_ws/install/leo_teleop/share/leo_teleop/launch/joy_teleop.launch.xml
[0.399s] -- Up-to-date symlink: /home/asm/leo_ws/install/leo_teleop/share/leo_teleop/launch/key_teleop.launch.xml
[0.400s] -- Up-to-date symlink: /home/asm/leo_ws/install/leo_teleop/share/ament_index/resource_index/package_run_dependencies/leo_teleop
[0.401s] -- Up-to-date symlink: /home/asm/leo_ws/install/leo_teleop/share/ament_index/resource_index/parent_prefix_path/leo_teleop
[0.401s] -- Up-to-date symlink: /home/asm/leo_ws/install/leo_teleop/share/leo_teleop/environment/ament_prefix_path.sh
[0.401s] -- Up-to-date symlink: /home/asm/leo_ws/install/leo_teleop/share/leo_teleop/environment/ament_prefix_path.dsv
[0.401s] -- Up-to-date symlink: /home/asm/leo_ws/install/leo_teleop/share/leo_teleop/environment/path.sh
[0.402s] -- Up-to-date symlink: /home/asm/leo_ws/install/leo_teleop/share/leo_teleop/environment/path.dsv
[0.402s] -- Up-to-date symlink: /home/asm/leo_ws/install/leo_teleop/share/leo_teleop/local_setup.bash
[0.402s] -- Up-to-date symlink: /home/asm/leo_ws/install/leo_teleop/share/leo_teleop/local_setup.sh
[0.403s] -- Up-to-date symlink: /home/asm/leo_ws/install/leo_teleop/share/leo_teleop/local_setup.zsh
[0.403s] -- Up-to-date symlink: /home/asm/leo_ws/install/leo_teleop/share/leo_teleop/local_setup.dsv
[0.403s] -- Symlinking: /home/asm/leo_ws/install/leo_teleop/share/leo_teleop/package.dsv
[0.411s] -- Up-to-date symlink: /home/asm/leo_ws/install/leo_teleop/share/ament_index/resource_index/packages/leo_teleop
[0.411s] -- Up-to-date symlink: /home/asm/leo_ws/install/leo_teleop/share/leo_teleop/cmake/leo_teleopConfig.cmake
[0.412s] -- Up-to-date symlink: /home/asm/leo_ws/install/leo_teleop/share/leo_teleop/cmake/leo_teleopConfig-version.cmake
[0.412s] -- Up-to-date symlink: /home/asm/leo_ws/install/leo_teleop/share/leo_teleop/package.xml
[0.441s] Invoked command in '/home/asm/leo_ws/build/leo_teleop' returned '0': CMAKE_PREFIX_PATH=${CMAKE_PREFIX_PATH}:/home/asm/leo_ws/install/odom_package:/home/asm/leo_ws/install/leo_navigation:/opt/ros/humble /usr/bin/cmake --install /home/asm/leo_ws/build/leo_teleop
