[0.025s] Invoking command in '/home/asm/leo_ws/build/leo_msgs': CMAKE_PREFIX_PATH=/opt/ros/humble /usr/bin/cmake --build /home/asm/leo_ws/build/leo_msgs -- -j12 -l12
[0.108s] [  1%] Built target leo_msgs__cpp
[0.114s] [  1%] Built target ament_cmake_python_symlink_leo_msgs
[0.126s] [  3%] [32mBuilding C object CMakeFiles/leo_msgs__rosidl_generator_c.dir/rosidl_generator_c/leo_msgs/msg/detail/wheel_odom__functions.c.o[0m
[0.126s] [  4%] [32mBuilding C object CMakeFiles/leo_msgs__rosidl_generator_c.dir/rosidl_generator_c/leo_msgs/msg/detail/wheel_odom_mecanum__functions.c.o[0m
[0.126s] [  6%] [32mBuilding C object CMakeFiles/leo_msgs__rosidl_generator_c.dir/rosidl_generator_c/leo_msgs/msg/detail/imu__functions.c.o[0m
[0.127s] [  7%] [32mBuilding C object CMakeFiles/leo_msgs__rosidl_generator_c.dir/rosidl_generator_c/leo_msgs/msg/detail/wheel_states__functions.c.o[0m
[0.128s] [  9%] [32mBuilding C object CMakeFiles/leo_msgs__rosidl_generator_c.dir/rosidl_generator_c/leo_msgs/srv/detail/set_imu_calibration__functions.c.o[0m
[0.144s] [ 12%] [32mBuilding CXX object CMakeFiles/leo_msgs__rosidl_typesupport_cpp.dir/rosidl_typesupport_cpp/leo_msgs/msg/wheel_odom__type_support.cpp.o[0m
[0.144s] [ 12%] [32mBuilding CXX object CMakeFiles/leo_msgs__rosidl_typesupport_cpp.dir/rosidl_typesupport_cpp/leo_msgs/msg/wheel_odom_mecanum__type_support.cpp.o[0m
[0.145s] [ 14%] [32mBuilding CXX object CMakeFiles/leo_msgs__rosidl_typesupport_introspection_cpp.dir/rosidl_typesupport_introspection_cpp/leo_msgs/msg/detail/imu__type_support.cpp.o[0m
[0.146s] [ 15%] [32mBuilding CXX object CMakeFiles/leo_msgs__rosidl_typesupport_cpp.dir/rosidl_typesupport_cpp/leo_msgs/msg/imu__type_support.cpp.o[0m
[0.146s] [ 17%] [32mBuilding CXX object CMakeFiles/leo_msgs__rosidl_typesupport_introspection_cpp.dir/rosidl_typesupport_introspection_cpp/leo_msgs/msg/detail/wheel_odom__type_support.cpp.o[0m
[0.147s] [ 19%] [32mBuilding CXX object CMakeFiles/leo_msgs__rosidl_typesupport_fastrtps_cpp.dir/rosidl_typesupport_fastrtps_cpp/leo_msgs/msg/detail/dds_fastrtps/imu__type_support.cpp.o[0m
[0.290s] [ 20%] [32mBuilding CXX object CMakeFiles/leo_msgs__rosidl_typesupport_fastrtps_cpp.dir/rosidl_typesupport_fastrtps_cpp/leo_msgs/msg/detail/dds_fastrtps/wheel_odom__type_support.cpp.o[0m
[0.290s] [ 22%] [32m[1mLinking C shared library libleo_msgs__rosidl_generator_c.so[0m
[0.292s] [ 25%] [32mBuilding CXX object CMakeFiles/leo_msgs__rosidl_typesupport_introspection_cpp.dir/rosidl_typesupport_introspection_cpp/leo_msgs/msg/detail/wheel_states__type_support.cpp.o[0m
[0.292s] [ 25%] [32mBuilding CXX object CMakeFiles/leo_msgs__rosidl_typesupport_introspection_cpp.dir/rosidl_typesupport_introspection_cpp/leo_msgs/msg/detail/wheel_odom_mecanum__type_support.cpp.o[0m
[0.292s] [ 26%] [32mBuilding CXX object CMakeFiles/leo_msgs__rosidl_typesupport_cpp.dir/rosidl_typesupport_cpp/leo_msgs/msg/wheel_states__type_support.cpp.o[0m
[0.377s] [ 28%] Built target leo_msgs__rosidl_generator_c
[0.446s] [ 30%] [32mBuilding CXX object CMakeFiles/leo_msgs__rosidl_typesupport_introspection_cpp.dir/rosidl_typesupport_introspection_cpp/leo_msgs/srv/detail/set_imu_calibration__type_support.cpp.o[0m
[0.506s] running egg_info
[0.507s] writing leo_msgs.egg-info/PKG-INFO
[0.507s] writing dependency_links to leo_msgs.egg-info/dependency_links.txt
[0.507s] writing top-level names to leo_msgs.egg-info/top_level.txt
[0.525s] reading manifest file 'leo_msgs.egg-info/SOURCES.txt'
[0.527s] writing manifest file 'leo_msgs.egg-info/SOURCES.txt'
[0.577s] [ 30%] Built target ament_cmake_python_build_leo_msgs_egg
[0.685s] [ 31%] [32mBuilding CXX object CMakeFiles/leo_msgs__rosidl_typesupport_fastrtps_c.dir/rosidl_typesupport_fastrtps_c/leo_msgs/msg/detail/imu__type_support_c.cpp.o[0m
[0.701s] [ 33%] [32mBuilding CXX object CMakeFiles/leo_msgs__rosidl_typesupport_cpp.dir/rosidl_typesupport_cpp/leo_msgs/srv/set_imu_calibration__type_support.cpp.o[0m
[0.712s] [ 34%] [32mBuilding CXX object CMakeFiles/leo_msgs__rosidl_typesupport_fastrtps_c.dir/rosidl_typesupport_fastrtps_c/leo_msgs/msg/detail/wheel_odom__type_support_c.cpp.o[0m
[0.736s] [ 36%] [32mBuilding CXX object CMakeFiles/leo_msgs__rosidl_typesupport_fastrtps_c.dir/rosidl_typesupport_fastrtps_c/leo_msgs/msg/detail/wheel_odom_mecanum__type_support_c.cpp.o[0m
[0.764s] [ 38%] [32mBuilding C object CMakeFiles/leo_msgs__rosidl_typesupport_introspection_c.dir/rosidl_typesupport_introspection_c/leo_msgs/msg/detail/imu__type_support.c.o[0m
[0.840s] [ 39%] [32mBuilding C object CMakeFiles/leo_msgs__rosidl_typesupport_introspection_c.dir/rosidl_typesupport_introspection_c/leo_msgs/msg/detail/wheel_odom__type_support.c.o[0m
[0.854s] [ 41%] [32mBuilding C object CMakeFiles/leo_msgs__rosidl_typesupport_introspection_c.dir/rosidl_typesupport_introspection_c/leo_msgs/msg/detail/wheel_odom_mecanum__type_support.c.o[0m
[0.872s] [ 42%] [32mBuilding C object CMakeFiles/leo_msgs__rosidl_typesupport_introspection_c.dir/rosidl_typesupport_introspection_c/leo_msgs/msg/detail/wheel_states__type_support.c.o[0m
[0.873s] [ 44%] [32mBuilding CXX object CMakeFiles/leo_msgs__rosidl_typesupport_fastrtps_cpp.dir/rosidl_typesupport_fastrtps_cpp/leo_msgs/msg/detail/dds_fastrtps/wheel_odom_mecanum__type_support.cpp.o[0m
[0.897s] [ 46%] [32mBuilding C object CMakeFiles/leo_msgs__rosidl_typesupport_introspection_c.dir/rosidl_typesupport_introspection_c/leo_msgs/srv/detail/set_imu_calibration__type_support.c.o[0m
[0.907s] [ 47%] [32mBuilding CXX object CMakeFiles/leo_msgs__rosidl_typesupport_fastrtps_cpp.dir/rosidl_typesupport_fastrtps_cpp/leo_msgs/msg/detail/dds_fastrtps/wheel_states__type_support.cpp.o[0m
[0.924s] [ 49%] [32mBuilding CXX object CMakeFiles/leo_msgs__rosidl_typesupport_fastrtps_cpp.dir/rosidl_typesupport_fastrtps_cpp/leo_msgs/srv/detail/dds_fastrtps/set_imu_calibration__type_support.cpp.o[0m
[0.939s] [ 50%] [32mBuilding CXX object CMakeFiles/leo_msgs__rosidl_typesupport_fastrtps_c.dir/rosidl_typesupport_fastrtps_c/leo_msgs/msg/detail/wheel_states__type_support_c.cpp.o[0m
[0.952s] [ 52%] [32mBuilding CXX object CMakeFiles/leo_msgs__rosidl_typesupport_fastrtps_c.dir/rosidl_typesupport_fastrtps_c/leo_msgs/srv/detail/set_imu_calibration__type_support_c.cpp.o[0m
[1.007s] [ 53%] [32mBuilding CXX object CMakeFiles/leo_msgs__rosidl_typesupport_c.dir/rosidl_typesupport_c/leo_msgs/msg/imu__type_support.cpp.o[0m
[1.028s] [ 55%] [32m[1mLinking C shared library libleo_msgs__rosidl_typesupport_introspection_c.so[0m
[1.079s] [ 57%] [32mBuilding CXX object CMakeFiles/leo_msgs__rosidl_typesupport_c.dir/rosidl_typesupport_c/leo_msgs/msg/wheel_odom__type_support.cpp.o[0m
[1.113s] [ 58%] Built target leo_msgs__rosidl_typesupport_introspection_c
[1.124s] [ 60%] [32m[1mLinking CXX shared library libleo_msgs__rosidl_typesupport_introspection_cpp.so[0m
[1.126s] [ 61%] [32mBuilding CXX object CMakeFiles/leo_msgs__rosidl_typesupport_c.dir/rosidl_typesupport_c/leo_msgs/msg/wheel_odom_mecanum__type_support.cpp.o[0m
[1.130s] [ 63%] [32mBuilding CXX object CMakeFiles/leo_msgs__rosidl_typesupport_c.dir/rosidl_typesupport_c/leo_msgs/msg/wheel_states__type_support.cpp.o[0m
[1.139s] [ 65%] [32m[1mLinking CXX shared library libleo_msgs__rosidl_typesupport_cpp.so[0m
[1.180s] [ 66%] [32mBuilding CXX object CMakeFiles/leo_msgs__rosidl_typesupport_c.dir/rosidl_typesupport_c/leo_msgs/srv/set_imu_calibration__type_support.cpp.o[0m
[1.213s] [ 68%] Built target leo_msgs__rosidl_typesupport_cpp
[1.231s] [ 69%] [32m[1mLinking CXX shared library libleo_msgs__rosidl_typesupport_c.so[0m
[1.260s] [ 71%] Built target leo_msgs__rosidl_typesupport_introspection_cpp
[1.278s] [ 73%] Built target leo_msgs__rosidl_typesupport_c
[1.435s] [ 74%] [32m[1mLinking CXX shared library libleo_msgs__rosidl_typesupport_fastrtps_c.so[0m
[1.507s] [ 76%] Built target leo_msgs__rosidl_typesupport_fastrtps_c
[1.514s] [ 77%] [32m[1mLinking CXX shared library libleo_msgs__rosidl_typesupport_fastrtps_cpp.so[0m
[1.582s] [ 79%] Built target leo_msgs__rosidl_typesupport_fastrtps_cpp
[1.599s] [ 79%] Built target leo_msgs
[1.618s] [ 80%] Built target leo_msgs__py
[1.641s] [ 84%] [32mBuilding C object CMakeFiles/leo_msgs__rosidl_generator_py.dir/rosidl_generator_py/leo_msgs/msg/_wheel_odom_mecanum_s.c.o[0m
[1.642s] [ 84%] [32mBuilding C object CMakeFiles/leo_msgs__rosidl_generator_py.dir/rosidl_generator_py/leo_msgs/msg/_wheel_odom_s.c.o[0m
[1.642s] [ 85%] [32mBuilding C object CMakeFiles/leo_msgs__rosidl_generator_py.dir/rosidl_generator_py/leo_msgs/msg/_wheel_states_s.c.o[0m
[1.642s] [ 87%] [32mBuilding C object CMakeFiles/leo_msgs__rosidl_generator_py.dir/rosidl_generator_py/leo_msgs/srv/_set_imu_calibration_s.c.o[0m
[1.643s] [ 88%] [32mBuilding C object CMakeFiles/leo_msgs__rosidl_generator_py.dir/rosidl_generator_py/leo_msgs/msg/_imu_s.c.o[0m
[1.776s] [ 90%] [32m[1mLinking C shared library rosidl_generator_py/leo_msgs/libleo_msgs__rosidl_generator_py.so[0m
[1.811s] [ 90%] Built target leo_msgs__rosidl_generator_py
[1.830s] [ 95%] [32mBuilding C object CMakeFiles/leo_msgs__rosidl_typesupport_introspection_c__pyext.dir/rosidl_generator_py/leo_msgs/_leo_msgs_s.ep.rosidl_typesupport_introspection_c.c.o[0m
[1.830s] [ 95%] [32mBuilding C object CMakeFiles/leo_msgs__rosidl_typesupport_fastrtps_c__pyext.dir/rosidl_generator_py/leo_msgs/_leo_msgs_s.ep.rosidl_typesupport_fastrtps_c.c.o[0m
[1.830s] [ 95%] [32mBuilding C object CMakeFiles/leo_msgs__rosidl_typesupport_c__pyext.dir/rosidl_generator_py/leo_msgs/_leo_msgs_s.ep.rosidl_typesupport_c.c.o[0m
[1.926s] [ 96%] [32m[1mLinking C shared library rosidl_generator_py/leo_msgs/leo_msgs_s__rosidl_typesupport_introspection_c.cpython-310-x86_64-linux-gnu.so[0m
[1.938s] [100%] [32m[1mLinking C shared library rosidl_generator_py/leo_msgs/leo_msgs_s__rosidl_typesupport_fastrtps_c.cpython-310-x86_64-linux-gnu.so[0m
[1.939s] [100%] [32m[1mLinking C shared library rosidl_generator_py/leo_msgs/leo_msgs_s__rosidl_typesupport_c.cpython-310-x86_64-linux-gnu.so[0m
[1.956s] [100%] Built target leo_msgs__rosidl_typesupport_introspection_c__pyext
[1.968s] [100%] Built target leo_msgs__rosidl_typesupport_fastrtps_c__pyext
[1.968s] [100%] Built target leo_msgs__rosidl_typesupport_c__pyext
[1.977s] Invoked command in '/home/asm/leo_ws/build/leo_msgs' returned '0': CMAKE_PREFIX_PATH=/opt/ros/humble /usr/bin/cmake --build /home/asm/leo_ws/build/leo_msgs -- -j12 -l12
[2.064s] Invoking command in '/home/asm/leo_ws/build/leo_msgs': CMAKE_PREFIX_PATH=/opt/ros/humble /usr/bin/cmake --install /home/asm/leo_ws/build/leo_msgs
[2.070s] -- Install configuration: ""
[2.071s] -- Execute custom install script
[2.073s] -- Up-to-date symlink: /home/asm/leo_ws/install/leo_msgs/share/ament_index/resource_index/rosidl_interfaces/leo_msgs
[2.074s] -- Up-to-date symlink: /home/asm/leo_ws/install/leo_msgs/include/leo_msgs/leo_msgs/msg/detail/imu__functions.h
[2.074s] -- Up-to-date symlink: /home/asm/leo_ws/install/leo_msgs/include/leo_msgs/leo_msgs/msg/detail/imu__struct.h
[2.075s] -- Up-to-date symlink: /home/asm/leo_ws/install/leo_msgs/include/leo_msgs/leo_msgs/msg/detail/imu__type_support.h
[2.075s] -- Up-to-date symlink: /home/asm/leo_ws/install/leo_msgs/include/leo_msgs/leo_msgs/msg/detail/wheel_odom__functions.h
[2.075s] -- Up-to-date symlink: /home/asm/leo_ws/install/leo_msgs/include/leo_msgs/leo_msgs/msg/detail/wheel_odom__struct.h
[2.076s] -- Up-to-date symlink: /home/asm/leo_ws/install/leo_msgs/include/leo_msgs/leo_msgs/msg/detail/wheel_odom__type_support.h
[2.076s] -- Up-to-date symlink: /home/asm/leo_ws/install/leo_msgs/include/leo_msgs/leo_msgs/msg/detail/wheel_odom_mecanum__functions.h
[2.076s] -- Up-to-date symlink: /home/asm/leo_ws/install/leo_msgs/include/leo_msgs/leo_msgs/msg/detail/wheel_odom_mecanum__struct.h
[2.076s] -- Up-to-date symlink: /home/asm/leo_ws/install/leo_msgs/include/leo_msgs/leo_msgs/msg/detail/wheel_odom_mecanum__type_support.h
[2.076s] -- Up-to-date symlink: /home/asm/leo_ws/install/leo_msgs/include/leo_msgs/leo_msgs/msg/detail/wheel_states__functions.h
[2.077s] -- Up-to-date symlink: /home/asm/leo_ws/install/leo_msgs/include/leo_msgs/leo_msgs/msg/detail/wheel_states__struct.h
[2.077s] -- Up-to-date symlink: /home/asm/leo_ws/install/leo_msgs/include/leo_msgs/leo_msgs/msg/detail/wheel_states__type_support.h
[2.077s] -- Up-to-date symlink: /home/asm/leo_ws/install/leo_msgs/include/leo_msgs/leo_msgs/msg/imu.h
[2.077s] -- Up-to-date symlink: /home/asm/leo_ws/install/leo_msgs/include/leo_msgs/leo_msgs/msg/rosidl_generator_c__visibility_control.h
[2.077s] -- Up-to-date symlink: /home/asm/leo_ws/install/leo_msgs/include/leo_msgs/leo_msgs/msg/wheel_odom.h
[2.078s] -- Up-to-date symlink: /home/asm/leo_ws/install/leo_msgs/include/leo_msgs/leo_msgs/msg/wheel_odom_mecanum.h
[2.078s] -- Up-to-date symlink: /home/asm/leo_ws/install/leo_msgs/include/leo_msgs/leo_msgs/msg/wheel_states.h
[2.078s] -- Up-to-date symlink: /home/asm/leo_ws/install/leo_msgs/include/leo_msgs/leo_msgs/srv/detail/set_imu_calibration__functions.h
[2.078s] -- Up-to-date symlink: /home/asm/leo_ws/install/leo_msgs/include/leo_msgs/leo_msgs/srv/detail/set_imu_calibration__struct.h
[2.079s] -- Up-to-date symlink: /home/asm/leo_ws/install/leo_msgs/include/leo_msgs/leo_msgs/srv/detail/set_imu_calibration__type_support.h
[2.079s] -- Up-to-date symlink: /home/asm/leo_ws/install/leo_msgs/include/leo_msgs/leo_msgs/srv/set_imu_calibration.h
[2.079s] -- Up-to-date symlink: /home/asm/leo_ws/install/leo_msgs/share/leo_msgs/environment/library_path.sh
[2.080s] -- Up-to-date symlink: /home/asm/leo_ws/install/leo_msgs/share/leo_msgs/environment/library_path.dsv
[2.080s] -- Up-to-date symlink: /home/asm/leo_ws/install/leo_msgs/include/leo_msgs/leo_msgs/msg/detail/imu__rosidl_typesupport_fastrtps_c.h
[2.081s] -- Up-to-date symlink: /home/asm/leo_ws/install/leo_msgs/include/leo_msgs/leo_msgs/msg/detail/wheel_odom__rosidl_typesupport_fastrtps_c.h
[2.081s] -- Up-to-date symlink: /home/asm/leo_ws/install/leo_msgs/include/leo_msgs/leo_msgs/msg/detail/wheel_odom_mecanum__rosidl_typesupport_fastrtps_c.h
[2.081s] -- Up-to-date symlink: /home/asm/leo_ws/install/leo_msgs/include/leo_msgs/leo_msgs/msg/detail/wheel_states__rosidl_typesupport_fastrtps_c.h
[2.082s] -- Up-to-date symlink: /home/asm/leo_ws/install/leo_msgs/include/leo_msgs/leo_msgs/msg/rosidl_typesupport_fastrtps_c__visibility_control.h
[2.082s] -- Up-to-date symlink: /home/asm/leo_ws/install/leo_msgs/include/leo_msgs/leo_msgs/srv/detail/set_imu_calibration__rosidl_typesupport_fastrtps_c.h
[2.083s] -- Up-to-date symlink: /home/asm/leo_ws/install/leo_msgs/include/leo_msgs/leo_msgs/msg/detail/imu__rosidl_typesupport_introspection_c.h
[2.083s] -- Up-to-date symlink: /home/asm/leo_ws/install/leo_msgs/include/leo_msgs/leo_msgs/msg/detail/wheel_odom__rosidl_typesupport_introspection_c.h
[2.083s] -- Up-to-date symlink: /home/asm/leo_ws/install/leo_msgs/include/leo_msgs/leo_msgs/msg/detail/wheel_odom_mecanum__rosidl_typesupport_introspection_c.h
[2.083s] -- Up-to-date symlink: /home/asm/leo_ws/install/leo_msgs/include/leo_msgs/leo_msgs/msg/detail/wheel_states__rosidl_typesupport_introspection_c.h
[2.084s] -- Up-to-date symlink: /home/asm/leo_ws/install/leo_msgs/include/leo_msgs/leo_msgs/msg/rosidl_typesupport_introspection_c__visibility_control.h
[2.084s] -- Up-to-date symlink: /home/asm/leo_ws/install/leo_msgs/include/leo_msgs/leo_msgs/srv/detail/set_imu_calibration__rosidl_typesupport_introspection_c.h
[2.084s] -- Up-to-date symlink: /home/asm/leo_ws/install/leo_msgs/include/leo_msgs/leo_msgs/msg/detail/imu__builder.hpp
[2.085s] -- Up-to-date symlink: /home/asm/leo_ws/install/leo_msgs/include/leo_msgs/leo_msgs/msg/detail/imu__struct.hpp
[2.085s] -- Up-to-date symlink: /home/asm/leo_ws/install/leo_msgs/include/leo_msgs/leo_msgs/msg/detail/imu__traits.hpp
[2.085s] -- Up-to-date symlink: /home/asm/leo_ws/install/leo_msgs/include/leo_msgs/leo_msgs/msg/detail/wheel_odom__builder.hpp
[2.085s] -- Up-to-date symlink: /home/asm/leo_ws/install/leo_msgs/include/leo_msgs/leo_msgs/msg/detail/wheel_odom__struct.hpp
[2.085s] -- Up-to-date symlink: /home/asm/leo_ws/install/leo_msgs/include/leo_msgs/leo_msgs/msg/detail/wheel_odom__traits.hpp
[2.086s] -- Up-to-date symlink: /home/asm/leo_ws/install/leo_msgs/include/leo_msgs/leo_msgs/msg/detail/wheel_odom_mecanum__builder.hpp
[2.086s] -- Up-to-date symlink: /home/asm/leo_ws/install/leo_msgs/include/leo_msgs/leo_msgs/msg/detail/wheel_odom_mecanum__struct.hpp
[2.086s] -- Up-to-date symlink: /home/asm/leo_ws/install/leo_msgs/include/leo_msgs/leo_msgs/msg/detail/wheel_odom_mecanum__traits.hpp
[2.086s] -- Up-to-date symlink: /home/asm/leo_ws/install/leo_msgs/include/leo_msgs/leo_msgs/msg/detail/wheel_states__builder.hpp
[2.086s] -- Up-to-date symlink: /home/asm/leo_ws/install/leo_msgs/include/leo_msgs/leo_msgs/msg/detail/wheel_states__struct.hpp
[2.087s] -- Up-to-date symlink: /home/asm/leo_ws/install/leo_msgs/include/leo_msgs/leo_msgs/msg/detail/wheel_states__traits.hpp
[2.087s] -- Up-to-date symlink: /home/asm/leo_ws/install/leo_msgs/include/leo_msgs/leo_msgs/msg/imu.hpp
[2.087s] -- Up-to-date symlink: /home/asm/leo_ws/install/leo_msgs/include/leo_msgs/leo_msgs/msg/wheel_odom.hpp
[2.087s] -- Up-to-date symlink: /home/asm/leo_ws/install/leo_msgs/include/leo_msgs/leo_msgs/msg/wheel_odom_mecanum.hpp
[2.088s] -- Up-to-date symlink: /home/asm/leo_ws/install/leo_msgs/include/leo_msgs/leo_msgs/msg/wheel_states.hpp
[2.088s] -- Up-to-date symlink: /home/asm/leo_ws/install/leo_msgs/include/leo_msgs/leo_msgs/srv/detail/set_imu_calibration__builder.hpp
[2.088s] -- Up-to-date symlink: /home/asm/leo_ws/install/leo_msgs/include/leo_msgs/leo_msgs/srv/detail/set_imu_calibration__struct.hpp
[2.088s] -- Up-to-date symlink: /home/asm/leo_ws/install/leo_msgs/include/leo_msgs/leo_msgs/srv/detail/set_imu_calibration__traits.hpp
[2.088s] -- Up-to-date symlink: /home/asm/leo_ws/install/leo_msgs/include/leo_msgs/leo_msgs/srv/set_imu_calibration.hpp
[2.089s] -- Up-to-date symlink: /home/asm/leo_ws/install/leo_msgs/include/leo_msgs/leo_msgs/msg/detail/imu__rosidl_typesupport_fastrtps_cpp.hpp
[2.089s] -- Up-to-date symlink: /home/asm/leo_ws/install/leo_msgs/include/leo_msgs/leo_msgs/msg/detail/wheel_odom__rosidl_typesupport_fastrtps_cpp.hpp
[2.089s] -- Up-to-date symlink: /home/asm/leo_ws/install/leo_msgs/include/leo_msgs/leo_msgs/msg/detail/wheel_odom_mecanum__rosidl_typesupport_fastrtps_cpp.hpp
[2.090s] -- Up-to-date symlink: /home/asm/leo_ws/install/leo_msgs/include/leo_msgs/leo_msgs/msg/detail/wheel_states__rosidl_typesupport_fastrtps_cpp.hpp
[2.090s] -- Up-to-date symlink: /home/asm/leo_ws/install/leo_msgs/include/leo_msgs/leo_msgs/msg/rosidl_typesupport_fastrtps_cpp__visibility_control.h
[2.090s] -- Up-to-date symlink: /home/asm/leo_ws/install/leo_msgs/include/leo_msgs/leo_msgs/srv/detail/set_imu_calibration__rosidl_typesupport_fastrtps_cpp.hpp
[2.090s] -- Up-to-date symlink: /home/asm/leo_ws/install/leo_msgs/include/leo_msgs/leo_msgs/msg/detail/imu__rosidl_typesupport_introspection_cpp.hpp
[2.091s] -- Up-to-date symlink: /home/asm/leo_ws/install/leo_msgs/include/leo_msgs/leo_msgs/msg/detail/wheel_odom__rosidl_typesupport_introspection_cpp.hpp
[2.091s] -- Up-to-date symlink: /home/asm/leo_ws/install/leo_msgs/include/leo_msgs/leo_msgs/msg/detail/wheel_odom_mecanum__rosidl_typesupport_introspection_cpp.hpp
[2.091s] -- Up-to-date symlink: /home/asm/leo_ws/install/leo_msgs/include/leo_msgs/leo_msgs/msg/detail/wheel_states__rosidl_typesupport_introspection_cpp.hpp
[2.091s] -- Up-to-date symlink: /home/asm/leo_ws/install/leo_msgs/include/leo_msgs/leo_msgs/srv/detail/set_imu_calibration__rosidl_typesupport_introspection_cpp.hpp
[2.092s] -- Up-to-date symlink: /home/asm/leo_ws/install/leo_msgs/share/leo_msgs/environment/pythonpath.sh
[2.092s] -- Up-to-date symlink: /home/asm/leo_ws/install/leo_msgs/share/leo_msgs/environment/pythonpath.dsv
[2.093s] -- Up-to-date symlink: /home/asm/leo_ws/install/leo_msgs/local/lib/python3.10/dist-packages/leo_msgs-1.2.1-py3.10.egg-info/PKG-INFO
[2.093s] -- Up-to-date symlink: /home/asm/leo_ws/install/leo_msgs/local/lib/python3.10/dist-packages/leo_msgs-1.2.1-py3.10.egg-info/SOURCES.txt
[2.093s] -- Up-to-date symlink: /home/asm/leo_ws/install/leo_msgs/local/lib/python3.10/dist-packages/leo_msgs-1.2.1-py3.10.egg-info/dependency_links.txt
[2.094s] -- Up-to-date symlink: /home/asm/leo_ws/install/leo_msgs/local/lib/python3.10/dist-packages/leo_msgs-1.2.1-py3.10.egg-info/top_level.txt
[2.095s] -- Up-to-date symlink: /home/asm/leo_ws/install/leo_msgs/local/lib/python3.10/dist-packages/leo_msgs/__init__.py
[2.095s] -- Up-to-date symlink: /home/asm/leo_ws/install/leo_msgs/local/lib/python3.10/dist-packages/leo_msgs/_leo_msgs_s.ep.rosidl_typesupport_c.c
[2.095s] -- Up-to-date symlink: /home/asm/leo_ws/install/leo_msgs/local/lib/python3.10/dist-packages/leo_msgs/_leo_msgs_s.ep.rosidl_typesupport_fastrtps_c.c
[2.095s] -- Up-to-date symlink: /home/asm/leo_ws/install/leo_msgs/local/lib/python3.10/dist-packages/leo_msgs/_leo_msgs_s.ep.rosidl_typesupport_introspection_c.c
[2.096s] -- Up-to-date symlink: /home/asm/leo_ws/install/leo_msgs/local/lib/python3.10/dist-packages/leo_msgs/leo_msgs_s__rosidl_typesupport_c.cpython-310-x86_64-linux-gnu.so
[2.096s] -- Up-to-date symlink: /home/asm/leo_ws/install/leo_msgs/local/lib/python3.10/dist-packages/leo_msgs/leo_msgs_s__rosidl_typesupport_fastrtps_c.cpython-310-x86_64-linux-gnu.so
[2.096s] -- Up-to-date symlink: /home/asm/leo_ws/install/leo_msgs/local/lib/python3.10/dist-packages/leo_msgs/leo_msgs_s__rosidl_typesupport_introspection_c.cpython-310-x86_64-linux-gnu.so
[2.096s] -- Up-to-date symlink: /home/asm/leo_ws/install/leo_msgs/local/lib/python3.10/dist-packages/leo_msgs/libleo_msgs__rosidl_generator_py.so
[2.097s] -- Up-to-date symlink: /home/asm/leo_ws/install/leo_msgs/local/lib/python3.10/dist-packages/leo_msgs/msg/__init__.py
[2.097s] -- Up-to-date symlink: /home/asm/leo_ws/install/leo_msgs/local/lib/python3.10/dist-packages/leo_msgs/msg/_imu.py
[2.097s] -- Up-to-date symlink: /home/asm/leo_ws/install/leo_msgs/local/lib/python3.10/dist-packages/leo_msgs/msg/_imu_s.c
[2.097s] -- Up-to-date symlink: /home/asm/leo_ws/install/leo_msgs/local/lib/python3.10/dist-packages/leo_msgs/msg/_wheel_odom.py
[2.098s] -- Up-to-date symlink: /home/asm/leo_ws/install/leo_msgs/local/lib/python3.10/dist-packages/leo_msgs/msg/_wheel_odom_mecanum.py
[2.098s] -- Up-to-date symlink: /home/asm/leo_ws/install/leo_msgs/local/lib/python3.10/dist-packages/leo_msgs/msg/_wheel_odom_mecanum_s.c
[2.098s] -- Up-to-date symlink: /home/asm/leo_ws/install/leo_msgs/local/lib/python3.10/dist-packages/leo_msgs/msg/_wheel_odom_s.c
[2.098s] -- Up-to-date symlink: /home/asm/leo_ws/install/leo_msgs/local/lib/python3.10/dist-packages/leo_msgs/msg/_wheel_states.py
[2.098s] -- Up-to-date symlink: /home/asm/leo_ws/install/leo_msgs/local/lib/python3.10/dist-packages/leo_msgs/msg/_wheel_states_s.c
[2.099s] -- Up-to-date symlink: /home/asm/leo_ws/install/leo_msgs/local/lib/python3.10/dist-packages/leo_msgs/srv/__init__.py
[2.099s] -- Up-to-date symlink: /home/asm/leo_ws/install/leo_msgs/local/lib/python3.10/dist-packages/leo_msgs/srv/_set_imu_calibration.py
[2.099s] -- Up-to-date symlink: /home/asm/leo_ws/install/leo_msgs/local/lib/python3.10/dist-packages/leo_msgs/srv/_set_imu_calibration_s.c
[2.099s] -- Up-to-date symlink: /home/asm/leo_ws/install/leo_msgs/local/lib/python3.10/dist-packages/leo_msgs/leo_msgs_s__rosidl_typesupport_fastrtps_c.cpython-310-x86_64-linux-gnu.so
[2.100s] -- Up-to-date symlink: /home/asm/leo_ws/install/leo_msgs/local/lib/python3.10/dist-packages/leo_msgs/leo_msgs_s__rosidl_typesupport_introspection_c.cpython-310-x86_64-linux-gnu.so
[2.100s] -- Up-to-date symlink: /home/asm/leo_ws/install/leo_msgs/local/lib/python3.10/dist-packages/leo_msgs/leo_msgs_s__rosidl_typesupport_c.cpython-310-x86_64-linux-gnu.so
[2.100s] -- Up-to-date symlink: /home/asm/leo_ws/install/leo_msgs/share/leo_msgs/msg/Imu.idl
[2.101s] -- Up-to-date symlink: /home/asm/leo_ws/install/leo_msgs/share/leo_msgs/msg/WheelOdom.idl
[2.101s] -- Up-to-date symlink: /home/asm/leo_ws/install/leo_msgs/share/leo_msgs/msg/WheelOdomMecanum.idl
[2.101s] -- Up-to-date symlink: /home/asm/leo_ws/install/leo_msgs/share/leo_msgs/msg/WheelStates.idl
[2.102s] -- Up-to-date symlink: /home/asm/leo_ws/install/leo_msgs/share/leo_msgs/srv/SetImuCalibration.idl
[2.102s] -- Up-to-date symlink: /home/asm/leo_ws/install/leo_msgs/share/leo_msgs/msg/Imu.msg
[2.102s] -- Up-to-date symlink: /home/asm/leo_ws/install/leo_msgs/share/leo_msgs/msg/WheelOdom.msg
[2.103s] -- Up-to-date symlink: /home/asm/leo_ws/install/leo_msgs/share/leo_msgs/msg/WheelOdomMecanum.msg
[2.103s] -- Up-to-date symlink: /home/asm/leo_ws/install/leo_msgs/share/leo_msgs/msg/WheelStates.msg
[2.103s] -- Up-to-date symlink: /home/asm/leo_ws/install/leo_msgs/share/leo_msgs/srv/SetImuCalibration.srv
[2.103s] -- Up-to-date symlink: /home/asm/leo_ws/install/leo_msgs/share/leo_msgs/srv/SetImuCalibration_Request.msg
[2.104s] -- Up-to-date symlink: /home/asm/leo_ws/install/leo_msgs/share/leo_msgs/srv/SetImuCalibration_Response.msg
[2.104s] -- Up-to-date symlink: /home/asm/leo_ws/install/leo_msgs/share/ament_index/resource_index/package_run_dependencies/leo_msgs
[2.104s] -- Up-to-date symlink: /home/asm/leo_ws/install/leo_msgs/share/ament_index/resource_index/parent_prefix_path/leo_msgs
[2.105s] -- Up-to-date symlink: /home/asm/leo_ws/install/leo_msgs/share/leo_msgs/environment/ament_prefix_path.sh
[2.105s] -- Up-to-date symlink: /home/asm/leo_ws/install/leo_msgs/share/leo_msgs/environment/ament_prefix_path.dsv
[2.105s] -- Up-to-date symlink: /home/asm/leo_ws/install/leo_msgs/share/leo_msgs/environment/path.sh
[2.105s] -- Up-to-date symlink: /home/asm/leo_ws/install/leo_msgs/share/leo_msgs/environment/path.dsv
[2.106s] -- Up-to-date symlink: /home/asm/leo_ws/install/leo_msgs/share/leo_msgs/local_setup.bash
[2.106s] -- Up-to-date symlink: /home/asm/leo_ws/install/leo_msgs/share/leo_msgs/local_setup.sh
[2.106s] -- Up-to-date symlink: /home/asm/leo_ws/install/leo_msgs/share/leo_msgs/local_setup.zsh
[2.106s] -- Up-to-date symlink: /home/asm/leo_ws/install/leo_msgs/share/leo_msgs/local_setup.dsv
[2.107s] -- Symlinking: /home/asm/leo_ws/install/leo_msgs/share/leo_msgs/package.dsv
[2.114s] -- Up-to-date symlink: /home/asm/leo_ws/install/leo_msgs/share/ament_index/resource_index/packages/leo_msgs
[2.114s] -- Up-to-date symlink: /home/asm/leo_ws/install/leo_msgs/share/leo_msgs/cmake/rosidl_cmake-extras.cmake
[2.114s] -- Up-to-date symlink: /home/asm/leo_ws/install/leo_msgs/share/leo_msgs/cmake/ament_cmake_export_dependencies-extras.cmake
[2.114s] -- Up-to-date symlink: /home/asm/leo_ws/install/leo_msgs/share/leo_msgs/cmake/ament_cmake_export_include_directories-extras.cmake
[2.115s] -- Up-to-date symlink: /home/asm/leo_ws/install/leo_msgs/share/leo_msgs/cmake/ament_cmake_export_libraries-extras.cmake
[2.115s] -- Up-to-date symlink: /home/asm/leo_ws/install/leo_msgs/share/leo_msgs/cmake/ament_cmake_export_targets-extras.cmake
[2.115s] -- Up-to-date symlink: /home/asm/leo_ws/install/leo_msgs/share/leo_msgs/cmake/rosidl_cmake_export_typesupport_targets-extras.cmake
[2.115s] -- Up-to-date symlink: /home/asm/leo_ws/install/leo_msgs/share/leo_msgs/cmake/rosidl_cmake_export_typesupport_libraries-extras.cmake
[2.116s] -- Up-to-date symlink: /home/asm/leo_ws/install/leo_msgs/share/leo_msgs/cmake/leo_msgsConfig.cmake
[2.116s] -- Up-to-date symlink: /home/asm/leo_ws/install/leo_msgs/share/leo_msgs/cmake/leo_msgsConfig-version.cmake
[2.116s] -- Up-to-date symlink: /home/asm/leo_ws/install/leo_msgs/share/leo_msgs/package.xml
[2.117s] -- Installing: /home/asm/leo_ws/install/leo_msgs/lib/libleo_msgs__rosidl_generator_c.so
[2.117s] -- Set runtime path of "/home/asm/leo_ws/install/leo_msgs/lib/libleo_msgs__rosidl_generator_c.so" to ""
[2.118s] -- Installing: /home/asm/leo_ws/install/leo_msgs/lib/libleo_msgs__rosidl_typesupport_fastrtps_c.so
[2.118s] -- Set runtime path of "/home/asm/leo_ws/install/leo_msgs/lib/libleo_msgs__rosidl_typesupport_fastrtps_c.so" to ""
[2.119s] -- Installing: /home/asm/leo_ws/install/leo_msgs/lib/libleo_msgs__rosidl_typesupport_introspection_c.so
[2.119s] -- Set runtime path of "/home/asm/leo_ws/install/leo_msgs/lib/libleo_msgs__rosidl_typesupport_introspection_c.so" to ""
[2.120s] -- Installing: /home/asm/leo_ws/install/leo_msgs/lib/libleo_msgs__rosidl_typesupport_c.so
[2.120s] -- Set runtime path of "/home/asm/leo_ws/install/leo_msgs/lib/libleo_msgs__rosidl_typesupport_c.so" to ""
[2.121s] -- Installing: /home/asm/leo_ws/install/leo_msgs/lib/libleo_msgs__rosidl_typesupport_fastrtps_cpp.so
[2.121s] -- Set runtime path of "/home/asm/leo_ws/install/leo_msgs/lib/libleo_msgs__rosidl_typesupport_fastrtps_cpp.so" to ""
[2.122s] -- Installing: /home/asm/leo_ws/install/leo_msgs/lib/libleo_msgs__rosidl_typesupport_introspection_cpp.so
[2.122s] -- Set runtime path of "/home/asm/leo_ws/install/leo_msgs/lib/libleo_msgs__rosidl_typesupport_introspection_cpp.so" to ""
[2.123s] -- Installing: /home/asm/leo_ws/install/leo_msgs/lib/libleo_msgs__rosidl_typesupport_cpp.so
[2.123s] -- Set runtime path of "/home/asm/leo_ws/install/leo_msgs/lib/libleo_msgs__rosidl_typesupport_cpp.so" to ""
[2.152s] Listing '/home/asm/leo_ws/install/leo_msgs/local/lib/python3.10/dist-packages/leo_msgs'...
[2.152s] Listing '/home/asm/leo_ws/install/leo_msgs/local/lib/python3.10/dist-packages/leo_msgs/msg'...
[2.152s] Listing '/home/asm/leo_ws/install/leo_msgs/local/lib/python3.10/dist-packages/leo_msgs/srv'...
[2.156s] -- Installing: /home/asm/leo_ws/install/leo_msgs/lib/libleo_msgs__rosidl_generator_py.so
[2.157s] -- Set runtime path of "/home/asm/leo_ws/install/leo_msgs/lib/libleo_msgs__rosidl_generator_py.so" to ""
[2.157s] -- Up-to-date: /home/asm/leo_ws/install/leo_msgs/share/leo_msgs/cmake/export_leo_msgs__rosidl_generator_cExport.cmake
[2.157s] -- Up-to-date: /home/asm/leo_ws/install/leo_msgs/share/leo_msgs/cmake/export_leo_msgs__rosidl_generator_cExport-noconfig.cmake
[2.158s] -- Up-to-date: /home/asm/leo_ws/install/leo_msgs/share/leo_msgs/cmake/export_leo_msgs__rosidl_typesupport_fastrtps_cExport.cmake
[2.158s] -- Up-to-date: /home/asm/leo_ws/install/leo_msgs/share/leo_msgs/cmake/export_leo_msgs__rosidl_typesupport_fastrtps_cExport-noconfig.cmake
[2.158s] -- Up-to-date: /home/asm/leo_ws/install/leo_msgs/share/leo_msgs/cmake/leo_msgs__rosidl_typesupport_introspection_cExport.cmake
[2.158s] -- Up-to-date: /home/asm/leo_ws/install/leo_msgs/share/leo_msgs/cmake/leo_msgs__rosidl_typesupport_introspection_cExport-noconfig.cmake
[2.159s] -- Up-to-date: /home/asm/leo_ws/install/leo_msgs/share/leo_msgs/cmake/leo_msgs__rosidl_typesupport_cExport.cmake
[2.159s] -- Up-to-date: /home/asm/leo_ws/install/leo_msgs/share/leo_msgs/cmake/leo_msgs__rosidl_typesupport_cExport-noconfig.cmake
[2.159s] -- Up-to-date: /home/asm/leo_ws/install/leo_msgs/share/leo_msgs/cmake/export_leo_msgs__rosidl_generator_cppExport.cmake
[2.159s] -- Up-to-date: /home/asm/leo_ws/install/leo_msgs/share/leo_msgs/cmake/export_leo_msgs__rosidl_typesupport_fastrtps_cppExport.cmake
[2.159s] -- Up-to-date: /home/asm/leo_ws/install/leo_msgs/share/leo_msgs/cmake/export_leo_msgs__rosidl_typesupport_fastrtps_cppExport-noconfig.cmake
[2.160s] -- Up-to-date: /home/asm/leo_ws/install/leo_msgs/share/leo_msgs/cmake/leo_msgs__rosidl_typesupport_introspection_cppExport.cmake
[2.160s] -- Up-to-date: /home/asm/leo_ws/install/leo_msgs/share/leo_msgs/cmake/leo_msgs__rosidl_typesupport_introspection_cppExport-noconfig.cmake
[2.160s] -- Up-to-date: /home/asm/leo_ws/install/leo_msgs/share/leo_msgs/cmake/leo_msgs__rosidl_typesupport_cppExport.cmake
[2.160s] -- Up-to-date: /home/asm/leo_ws/install/leo_msgs/share/leo_msgs/cmake/leo_msgs__rosidl_typesupport_cppExport-noconfig.cmake
[2.161s] -- Up-to-date: /home/asm/leo_ws/install/leo_msgs/share/leo_msgs/cmake/export_leo_msgs__rosidl_generator_pyExport.cmake
[2.161s] -- Up-to-date: /home/asm/leo_ws/install/leo_msgs/share/leo_msgs/cmake/export_leo_msgs__rosidl_generator_pyExport-noconfig.cmake
[2.163s] Invoked command in '/home/asm/leo_ws/build/leo_msgs' returned '0': CMAKE_PREFIX_PATH=/opt/ros/humble /usr/bin/cmake --install /home/asm/leo_ws/build/leo_msgs
