[0.180s] Invoking command in '/home/asm/leo_ws/build/leo_description': CMAKE_PREFIX_PATH=/opt/ros/humble /usr/bin/cmake /home/asm/leo_ws/src/leo_common-ros2/leo_description -DAMENT_CMAKE_SYMLINK_INSTALL=1 -DCMAKE_INSTALL_PREFIX=/home/asm/leo_ws/install/leo_description
[0.330s] -- The C compiler identification is GNU 11.4.0
[0.462s] -- The CXX compiler identification is GNU 11.4.0
[0.472s] -- Detecting C compiler ABI info
[0.559s] -- Detecting C compiler ABI info - done
[0.570s] -- Check for working C compiler: /usr/bin/cc - skipped
[0.571s] -- Detecting C compile features
[0.572s] -- Detecting C compile features - done
[0.577s] -- Detecting CXX compiler ABI info
[0.666s] -- Detecting CXX compiler ABI info - done
[0.684s] -- Check for working CXX compiler: /usr/bin/c++ - skipped
[0.684s] -- Detecting CXX compile features
[0.686s] -- Detecting CXX compile features - done
[0.690s] -- Found ament_cmake: 1.3.7 (/opt/ros/humble/share/ament_cmake/cmake)
[0.887s] -- Found Python3: /usr/bin/python3.10 (found version "3.10.12") found components: Interpreter 
[0.962s] -- Override CMake install command with custom implementation using symlinks instead of copying resources
[0.990s] -- Found ament_lint_auto: 0.12.10 (/opt/ros/humble/share/ament_lint_auto/cmake)
[1.070s] -- Added test 'lint_cmake' to check CMake code style
[1.071s] -- Added test 'xmllint' to check XML markup files
[1.073s] -- Configuring done
[1.077s] -- Generating done
[1.079s] -- Build files have been written to: /home/asm/leo_ws/build/leo_description
[1.084s] Invoked command in '/home/asm/leo_ws/build/leo_description' returned '0': CMAKE_PREFIX_PATH=/opt/ros/humble /usr/bin/cmake /home/asm/leo_ws/src/leo_common-ros2/leo_description -DAMENT_CMAKE_SYMLINK_INSTALL=1 -DCMAKE_INSTALL_PREFIX=/home/asm/leo_ws/install/leo_description
[1.087s] Invoking command in '/home/asm/leo_ws/build/leo_description': CMAKE_PREFIX_PATH=/opt/ros/humble /usr/bin/cmake --build /home/asm/leo_ws/build/leo_description -- -j12 -l12
[1.126s] Invoked command in '/home/asm/leo_ws/build/leo_description' returned '0': CMAKE_PREFIX_PATH=/opt/ros/humble /usr/bin/cmake --build /home/asm/leo_ws/build/leo_description -- -j12 -l12
[1.156s] Invoking command in '/home/asm/leo_ws/build/leo_description': CMAKE_PREFIX_PATH=/opt/ros/humble /usr/bin/cmake --install /home/asm/leo_ws/build/leo_description
[1.164s] -- Install configuration: ""
[1.165s] -- Execute custom install script
[1.167s] -- Symlinking: /home/asm/leo_ws/install/leo_description/share/leo_description/launch/state_publisher.launch.xml
[1.176s] -- Symlinking: /home/asm/leo_ws/install/leo_description/share/leo_description/models/Antenna.dae
[1.186s] -- Symlinking: /home/asm/leo_ws/install/leo_description/share/leo_description/models/Chassis.dae
[1.194s] -- Symlinking: /home/asm/leo_ws/install/leo_description/share/leo_description/models/Chassis_outline.stl
[1.203s] -- Symlinking: /home/asm/leo_ws/install/leo_description/share/leo_description/models/Mecanum_wheel_outline.stl
[1.213s] -- Symlinking: /home/asm/leo_ws/install/leo_description/share/leo_description/models/Rocker.dae
[1.225s] -- Symlinking: /home/asm/leo_ws/install/leo_description/share/leo_description/models/Rocker_outline.stl
[1.234s] -- Symlinking: /home/asm/leo_ws/install/leo_description/share/leo_description/models/WheelA.dae
[1.243s] -- Symlinking: /home/asm/leo_ws/install/leo_description/share/leo_description/models/WheelB.dae
[1.252s] -- Symlinking: /home/asm/leo_ws/install/leo_description/share/leo_description/models/WheelMecanumA.dae
[1.261s] -- Symlinking: /home/asm/leo_ws/install/leo_description/share/leo_description/models/WheelMecanumB.dae
[1.270s] -- Symlinking: /home/asm/leo_ws/install/leo_description/share/leo_description/models/Wheel_outline.stl
[1.280s] -- Symlinking: /home/asm/leo_ws/install/leo_description/share/leo_description/urdf/leo.urdf.xacro
[1.289s] -- Symlinking: /home/asm/leo_ws/install/leo_description/share/leo_description/urdf/leo_sim.urdf.xacro
[1.301s] -- Symlinking: /home/asm/leo_ws/install/leo_description/share/leo_description/urdf/macros.xacro
[1.309s] -- Symlinking: /home/asm/leo_ws/install/leo_description/share/leo_description/environment/gz_sim_resource_path.dsv
[1.319s] -- Symlinking: /home/asm/leo_ws/install/leo_description/share/ament_index/resource_index/package_run_dependencies/leo_description
[1.329s] -- Symlinking: /home/asm/leo_ws/install/leo_description/share/ament_index/resource_index/parent_prefix_path/leo_description
[1.339s] -- Symlinking: /home/asm/leo_ws/install/leo_description/share/leo_description/environment/ament_prefix_path.sh
[1.350s] -- Symlinking: /home/asm/leo_ws/install/leo_description/share/leo_description/environment/ament_prefix_path.dsv
[1.359s] -- Symlinking: /home/asm/leo_ws/install/leo_description/share/leo_description/environment/path.sh
[1.368s] -- Symlinking: /home/asm/leo_ws/install/leo_description/share/leo_description/environment/path.dsv
[1.377s] -- Symlinking: /home/asm/leo_ws/install/leo_description/share/leo_description/local_setup.bash
[1.387s] -- Symlinking: /home/asm/leo_ws/install/leo_description/share/leo_description/local_setup.sh
[1.396s] -- Symlinking: /home/asm/leo_ws/install/leo_description/share/leo_description/local_setup.zsh
[1.406s] -- Symlinking: /home/asm/leo_ws/install/leo_description/share/leo_description/local_setup.dsv
[1.415s] -- Symlinking: /home/asm/leo_ws/install/leo_description/share/leo_description/package.dsv
[1.424s] -- Symlinking: /home/asm/leo_ws/install/leo_description/share/ament_index/resource_index/packages/leo_description
[1.435s] -- Symlinking: /home/asm/leo_ws/install/leo_description/share/leo_description/cmake/leo_descriptionConfig.cmake
[1.443s] -- Symlinking: /home/asm/leo_ws/install/leo_description/share/leo_description/cmake/leo_descriptionConfig-version.cmake
[1.452s] -- Symlinking: /home/asm/leo_ws/install/leo_description/share/leo_description/package.xml
[1.578s] Invoked command in '/home/asm/leo_ws/build/leo_description' returned '0': CMAKE_PREFIX_PATH=/opt/ros/humble /usr/bin/cmake --install /home/asm/leo_ws/build/leo_description
