[0.170s] Invoking command in '/home/asm/leo_ws/build/leo_simulator': AMENT_PREFIX_PATH=/home/asm/leo_ws/install/leo_gz_bringup:/home/asm/leo_ws/install/leo_gz_worlds:/home/asm/leo_ws/install/leo_gz_plugins:${AMENT_PREFIX_PATH} CMAKE_PREFIX_PATH=/home/asm/leo_ws/install/leo_gz_bringup:/home/asm/leo_ws/install/leo_gz_worlds:/home/asm/leo_ws/install/leo_gz_plugins:/opt/ros/humble LD_LIBRARY_PATH=/home/asm/leo_ws/install/leo_gz_plugins/lib:${LD_LIBRARY_PATH} /usr/bin/cmake --build /home/asm/leo_ws/build/leo_simulator -- -j12 -l12
[0.219s] -- Found ament_cmake: 1.3.8 (/opt/ros/humble/share/ament_cmake/cmake)
[0.663s] -- Found Python3: /usr/bin/python3 (found version "3.10.12") found components: Interpreter 
[0.815s] -- Override CMake install command with custom implementation using symlinks instead of copying resources
[1.057s] -- Configuring done
[1.077s] -- Generating done
[1.079s] -- Build files have been written to: /home/asm/leo_ws/build/leo_simulator
[1.144s] Invoked command in '/home/asm/leo_ws/build/leo_simulator' returned '0': AMENT_PREFIX_PATH=/home/asm/leo_ws/install/leo_gz_bringup:/home/asm/leo_ws/install/leo_gz_worlds:/home/asm/leo_ws/install/leo_gz_plugins:${AMENT_PREFIX_PATH} CMAKE_PREFIX_PATH=/home/asm/leo_ws/install/leo_gz_bringup:/home/asm/leo_ws/install/leo_gz_worlds:/home/asm/leo_ws/install/leo_gz_plugins:/opt/ros/humble LD_LIBRARY_PATH=/home/asm/leo_ws/install/leo_gz_plugins/lib:${LD_LIBRARY_PATH} /usr/bin/cmake --build /home/asm/leo_ws/build/leo_simulator -- -j12 -l12
[1.351s] Invoking command in '/home/asm/leo_ws/build/leo_simulator': AMENT_PREFIX_PATH=/home/asm/leo_ws/install/leo_gz_bringup:/home/asm/leo_ws/install/leo_gz_worlds:/home/asm/leo_ws/install/leo_gz_plugins:${AMENT_PREFIX_PATH} CMAKE_PREFIX_PATH=/home/asm/leo_ws/install/leo_gz_bringup:/home/asm/leo_ws/install/leo_gz_worlds:/home/asm/leo_ws/install/leo_gz_plugins:/opt/ros/humble LD_LIBRARY_PATH=/home/asm/leo_ws/install/leo_gz_plugins/lib:${LD_LIBRARY_PATH} /usr/bin/cmake --install /home/asm/leo_ws/build/leo_simulator
[1.366s] -- Install configuration: ""
[1.367s] -- Execute custom install script
[1.367s] -- Up-to-date symlink: /home/asm/leo_ws/install/leo_simulator/share/ament_index/resource_index/package_run_dependencies/leo_simulator
[1.367s] -- Up-to-date symlink: /home/asm/leo_ws/install/leo_simulator/share/ament_index/resource_index/parent_prefix_path/leo_simulator
[1.368s] -- Up-to-date symlink: /home/asm/leo_ws/install/leo_simulator/share/leo_simulator/environment/ament_prefix_path.sh
[1.368s] -- Up-to-date symlink: /home/asm/leo_ws/install/leo_simulator/share/leo_simulator/environment/ament_prefix_path.dsv
[1.368s] -- Up-to-date symlink: /home/asm/leo_ws/install/leo_simulator/share/leo_simulator/environment/path.sh
[1.369s] -- Up-to-date symlink: /home/asm/leo_ws/install/leo_simulator/share/leo_simulator/environment/path.dsv
[1.369s] -- Up-to-date symlink: /home/asm/leo_ws/install/leo_simulator/share/leo_simulator/local_setup.bash
[1.369s] -- Up-to-date symlink: /home/asm/leo_ws/install/leo_simulator/share/leo_simulator/local_setup.sh
[1.370s] -- Up-to-date symlink: /home/asm/leo_ws/install/leo_simulator/share/leo_simulator/local_setup.zsh
[1.370s] -- Up-to-date symlink: /home/asm/leo_ws/install/leo_simulator/share/leo_simulator/local_setup.dsv
[1.371s] -- Symlinking: /home/asm/leo_ws/install/leo_simulator/share/leo_simulator/package.dsv
[1.391s] -- Up-to-date symlink: /home/asm/leo_ws/install/leo_simulator/share/ament_index/resource_index/packages/leo_simulator
[1.392s] -- Up-to-date symlink: /home/asm/leo_ws/install/leo_simulator/share/leo_simulator/cmake/leo_simulatorConfig.cmake
[1.392s] -- Up-to-date symlink: /home/asm/leo_ws/install/leo_simulator/share/leo_simulator/cmake/leo_simulatorConfig-version.cmake
[1.398s] -- Up-to-date symlink: /home/asm/leo_ws/install/leo_simulator/share/leo_simulator/package.xml
[1.403s] Invoked command in '/home/asm/leo_ws/build/leo_simulator' returned '0': AMENT_PREFIX_PATH=/home/asm/leo_ws/install/leo_gz_bringup:/home/asm/leo_ws/install/leo_gz_worlds:/home/asm/leo_ws/install/leo_gz_plugins:${AMENT_PREFIX_PATH} CMAKE_PREFIX_PATH=/home/asm/leo_ws/install/leo_gz_bringup:/home/asm/leo_ws/install/leo_gz_worlds:/home/asm/leo_ws/install/leo_gz_plugins:/opt/ros/humble LD_LIBRARY_PATH=/home/asm/leo_ws/install/leo_gz_plugins/lib:${LD_LIBRARY_PATH} /usr/bin/cmake --install /home/asm/leo_ws/build/leo_simulator
