[0.024s] Invoking command in '/home/asm/leo_ws/build/leo_msgs': CMAKE_PREFIX_PATH=${CMAKE_PREFIX_PATH}:/home/asm/leo_ws/install/rtabmap_livox:/home/asm/leo_ws/install/odom_package:/home/asm/leo_ws/install/leo_navigation:/opt/ros/humble /usr/bin/cmake --build /home/asm/leo_ws/build/leo_msgs -- -j12 -l12
[0.065s] [ 11%] Built target leo_msgs__rosidl_generator_c
[0.067s] [ 12%] Built target leo_msgs__cpp
[0.072s] [ 12%] Built target ament_cmake_python_symlink_leo_msgs
[0.085s] [ 23%] Built target leo_msgs__rosidl_typesupport_introspection_c
[0.086s] [ 34%] Built target leo_msgs__rosidl_typesupport_c
[0.089s] [ 46%] Built target leo_msgs__rosidl_typesupport_fastrtps_cpp
[0.090s] [ 57%] Built target leo_msgs__rosidl_typesupport_fastrtps_c
[0.092s] [ 68%] Built target leo_msgs__rosidl_typesupport_cpp
[0.092s] [ 79%] Built target leo_msgs__rosidl_typesupport_introspection_cpp
[0.109s] [ 79%] Built target leo_msgs
[0.126s] [ 80%] Built target leo_msgs__py
[0.145s] [ 90%] Built target leo_msgs__rosidl_generator_py
[0.163s] [100%] Built target leo_msgs__rosidl_typesupport_fastrtps_c__pyext
[0.163s] [ 98%] Built target leo_msgs__rosidl_typesupport_c__pyext
[0.163s] [ 98%] Built target leo_msgs__rosidl_typesupport_introspection_c__pyext
[0.342s] running egg_info
[0.344s] writing leo_msgs.egg-info/PKG-INFO
[0.344s] writing dependency_links to leo_msgs.egg-info/dependency_links.txt
[0.344s] writing top-level names to leo_msgs.egg-info/top_level.txt
[0.347s] reading manifest file 'leo_msgs.egg-info/SOURCES.txt'
[0.347s] writing manifest file 'leo_msgs.egg-info/SOURCES.txt'
[0.374s] [100%] Built target ament_cmake_python_build_leo_msgs_egg
