[0.641s] Invoking command in '/home/asm/leo_ws/src/paqueteros2': PYTHONPATH=/home/asm/leo_ws/build/paqueteros2/prefix_override:/usr/lib/python3/dist-packages/colcon_core/task/python/colcon_distutils_commands:/home/asm/leo_ws/install/paqueteros2/lib/python3.10/site-packages:${PYTHONPATH} /usr/bin/python3 -W ignore:setup.py install is deprecated setup.py egg_info --egg-base ../../build/paqueteros2 build --build-base /home/asm/leo_ws/build/paqueteros2/build install --record /home/asm/leo_ws/build/paqueteros2/install.log --single-version-externally-managed install_data
[0.895s] running egg_info
[0.896s] writing ../../build/paqueteros2/paqueteros2.egg-info/PKG-INFO
[0.896s] writing dependency_links to ../../build/paqueteros2/paqueteros2.egg-info/dependency_links.txt
[0.896s] writing entry points to ../../build/paqueteros2/paqueteros2.egg-info/entry_points.txt
[0.896s] writing requirements to ../../build/paqueteros2/paqueteros2.egg-info/requires.txt
[0.896s] writing top-level names to ../../build/paqueteros2/paqueteros2.egg-info/top_level.txt
[0.898s] reading manifest file '../../build/paqueteros2/paqueteros2.egg-info/SOURCES.txt'
[0.898s] adding license file 'LICENSE'
[0.898s] writing manifest file '../../build/paqueteros2/paqueteros2.egg-info/SOURCES.txt'
[0.898s] running build
[0.898s] running build_py
[0.899s] running install
[0.899s] running install_lib
[0.900s] running install_data
[0.900s] running install_egg_info
[0.901s] removing '/home/asm/leo_ws/install/paqueteros2/lib/python3.10/site-packages/paqueteros2-0.0.0-py3.10.egg-info' (and everything under it)
[0.902s] Copying ../../build/paqueteros2/paqueteros2.egg-info to /home/asm/leo_ws/install/paqueteros2/lib/python3.10/site-packages/paqueteros2-0.0.0-py3.10.egg-info
[0.902s] running install_scripts
[0.920s] Installing odom script to /home/asm/leo_ws/install/paqueteros2/lib/paqueteros2
[0.920s] Installing square script to /home/asm/leo_ws/install/paqueteros2/lib/paqueteros2
[0.921s] writing list of installed files to '/home/asm/leo_ws/build/paqueteros2/install.log'
[0.938s] Invoked command in '/home/asm/leo_ws/src/paqueteros2' returned '0': PYTHONPATH=/home/asm/leo_ws/build/paqueteros2/prefix_override:/usr/lib/python3/dist-packages/colcon_core/task/python/colcon_distutils_commands:/home/asm/leo_ws/install/paqueteros2/lib/python3.10/site-packages:${PYTHONPATH} /usr/bin/python3 -W ignore:setup.py install is deprecated setup.py egg_info --egg-base ../../build/paqueteros2 build --build-base /home/asm/leo_ws/build/paqueteros2/build install --record /home/asm/leo_ws/build/paqueteros2/install.log --single-version-externally-managed install_data
