[0.023s] Invoking command in '/home/asm/leo_ws/build/leo_msgs': CMAKE_PREFIX_PATH=/home/asm/test_ws/install/py_pubsub:/opt/ros/humble /usr/bin/cmake /home/asm/leo_ws/src/leo_common-ros2/leo_msgs -DCMAKE_INSTALL_PREFIX=/home/asm/leo_ws/install/leo_msgs
[0.037s] -- Found ament_cmake: 1.3.8 (/opt/ros/humble/share/ament_cmake/cmake)
[0.190s] -- Override CMake install command with custom implementation using symlinks instead of copying resources
[0.207s] -- Found rosidl_default_generators: 1.2.0 (/opt/ros/humble/share/rosidl_default_generators/cmake)
[0.213s] -- Using all available rosidl_typesupport_c: rosidl_typesupport_fastrtps_c;rosidl_typesupport_introspection_c
[0.218s] -- Found rosidl_adapter: 3.1.5 (/opt/ros/humble/share/rosidl_adapter/cmake)
[0.270s] -- Using all available rosidl_typesupport_cpp: rosidl_typesupport_fastrtps_cpp;rosidl_typesupport_introspection_cpp
[0.316s] -- Found builtin_interfaces: 1.2.1 (/opt/ros/humble/share/builtin_interfaces/cmake)
[0.678s] -- Found ament_cmake_ros: 0.10.0 (/opt/ros/humble/share/ament_cmake_ros/cmake)
[0.876s] -- Using all available rosidl_typesupport_c: rosidl_typesupport_fastrtps_c;rosidl_typesupport_introspection_c
[1.110s] -- Using all available rosidl_typesupport_cpp: rosidl_typesupport_fastrtps_cpp;rosidl_typesupport_introspection_cpp
[1.132s] -- Found python_cmake_module: 0.10.0 (/opt/ros/humble/share/python_cmake_module/cmake)
[1.155s] -- Using PYTHON_EXECUTABLE: /usr/bin/python3
[1.155s] -- Using PYTHON_INCLUDE_DIRS: /usr/include/python3.10
[1.155s] -- Using PYTHON_LIBRARIES: /usr/lib/x86_64-linux-gnu/libpython3.10.so
[1.171s] -- Found ament_lint_auto: 0.12.10 (/opt/ros/humble/share/ament_lint_auto/cmake)
[1.182s] -- Added test 'lint_cmake' to check CMake code style
[1.182s] -- Added test 'xmllint' to check XML markup files
[1.187s] -- Configuring done
[1.249s] -- Generating done
[1.253s] -- Build files have been written to: /home/asm/leo_ws/build/leo_msgs
[1.259s] Invoked command in '/home/asm/leo_ws/build/leo_msgs' returned '0': CMAKE_PREFIX_PATH=/home/asm/test_ws/install/py_pubsub:/opt/ros/humble /usr/bin/cmake /home/asm/leo_ws/src/leo_common-ros2/leo_msgs -DCMAKE_INSTALL_PREFIX=/home/asm/leo_ws/install/leo_msgs
[1.261s] Invoking command in '/home/asm/leo_ws/build/leo_msgs': CMAKE_PREFIX_PATH=/home/asm/test_ws/install/py_pubsub:/opt/ros/humble /usr/bin/cmake --build /home/asm/leo_ws/build/leo_msgs -- -j12 -l12
[1.301s] [35m[1mConsolidate compiler generated dependencies of target leo_msgs__rosidl_generator_c[0m
[1.310s] [  1%] Built target leo_msgs__cpp
[1.314s] [ 12%] Built target leo_msgs__rosidl_generator_c
[1.318s] [ 12%] Built target ament_cmake_python_symlink_leo_msgs
[1.325s] [35m[1mConsolidate compiler generated dependencies of target leo_msgs__rosidl_typesupport_cpp[0m
[1.325s] [35m[1mConsolidate compiler generated dependencies of target leo_msgs__rosidl_typesupport_introspection_cpp[0m
[1.326s] [35m[1mConsolidate compiler generated dependencies of target leo_msgs__rosidl_typesupport_fastrtps_cpp[0m
[1.329s] [35m[1mConsolidate compiler generated dependencies of target leo_msgs__rosidl_typesupport_fastrtps_c[0m
[1.329s] [35m[1mConsolidate compiler generated dependencies of target leo_msgs__rosidl_typesupport_introspection_c[0m
[1.331s] [35m[1mConsolidate compiler generated dependencies of target leo_msgs__rosidl_typesupport_c[0m
[1.345s] [ 23%] Built target leo_msgs__rosidl_typesupport_introspection_c
[1.345s] [ 36%] Built target leo_msgs__rosidl_typesupport_introspection_cpp
[1.345s] [ 46%] Built target leo_msgs__rosidl_typesupport_cpp
[1.347s] [ 57%] Built target leo_msgs__rosidl_typesupport_c
[1.347s] [ 68%] Built target leo_msgs__rosidl_typesupport_fastrtps_c
[1.353s] [ 79%] Built target leo_msgs__rosidl_typesupport_fastrtps_cpp
[1.371s] [ 79%] Built target leo_msgs
[1.391s] [ 80%] Built target leo_msgs__py
[1.402s] [35m[1mConsolidate compiler generated dependencies of target leo_msgs__rosidl_generator_py[0m
[1.419s] [ 90%] Built target leo_msgs__rosidl_generator_py
[1.431s] [35m[1mConsolidate compiler generated dependencies of target leo_msgs__rosidl_typesupport_fastrtps_c__pyext[0m
[1.431s] [35m[1mConsolidate compiler generated dependencies of target leo_msgs__rosidl_typesupport_c__pyext[0m
[1.431s] [35m[1mConsolidate compiler generated dependencies of target leo_msgs__rosidl_typesupport_introspection_c__pyext[0m
[1.444s] [ 96%] Built target leo_msgs__rosidl_typesupport_fastrtps_c__pyext
[1.444s] [ 96%] Built target leo_msgs__rosidl_typesupport_introspection_c__pyext
[1.445s] [100%] Built target leo_msgs__rosidl_typesupport_c__pyext
[1.607s] running egg_info
[1.608s] writing leo_msgs.egg-info/PKG-INFO
[1.608s] writing dependency_links to leo_msgs.egg-info/dependency_links.txt
[1.608s] writing top-level names to leo_msgs.egg-info/top_level.txt
[1.611s] reading manifest file 'leo_msgs.egg-info/SOURCES.txt'
[1.611s] writing manifest file 'leo_msgs.egg-info/SOURCES.txt'
[1.638s] [100%] Built target ament_cmake_python_build_leo_msgs_egg
[1.648s] Invoked command in '/home/asm/leo_ws/build/leo_msgs' returned '0': CMAKE_PREFIX_PATH=/home/asm/test_ws/install/py_pubsub:/opt/ros/humble /usr/bin/cmake --build /home/asm/leo_ws/build/leo_msgs -- -j12 -l12
[1.764s] Invoking command in '/home/asm/leo_ws/build/leo_msgs': CMAKE_PREFIX_PATH=/home/asm/test_ws/install/py_pubsub:/opt/ros/humble /usr/bin/cmake --install /home/asm/leo_ws/build/leo_msgs
[1.770s] -- Install configuration: ""
[1.771s] -- Execute custom install script
[1.771s] -- Up-to-date symlink: /home/asm/leo_ws/install/leo_msgs/share/ament_index/resource_index/rosidl_interfaces/leo_msgs
[1.773s] -- Up-to-date symlink: /home/asm/leo_ws/install/leo_msgs/include/leo_msgs/leo_msgs/msg/detail/imu__functions.h
[1.773s] -- Up-to-date symlink: /home/asm/leo_ws/install/leo_msgs/include/leo_msgs/leo_msgs/msg/detail/imu__struct.h
[1.773s] -- Up-to-date symlink: /home/asm/leo_ws/install/leo_msgs/include/leo_msgs/leo_msgs/msg/detail/imu__type_support.h
[1.773s] -- Up-to-date symlink: /home/asm/leo_ws/install/leo_msgs/include/leo_msgs/leo_msgs/msg/detail/wheel_odom__functions.h
[1.774s] -- Up-to-date symlink: /home/asm/leo_ws/install/leo_msgs/include/leo_msgs/leo_msgs/msg/detail/wheel_odom__struct.h
[1.774s] -- Up-to-date symlink: /home/asm/leo_ws/install/leo_msgs/include/leo_msgs/leo_msgs/msg/detail/wheel_odom__type_support.h
[1.774s] -- Up-to-date symlink: /home/asm/leo_ws/install/leo_msgs/include/leo_msgs/leo_msgs/msg/detail/wheel_odom_mecanum__functions.h
[1.774s] -- Up-to-date symlink: /home/asm/leo_ws/install/leo_msgs/include/leo_msgs/leo_msgs/msg/detail/wheel_odom_mecanum__struct.h
[1.774s] -- Up-to-date symlink: /home/asm/leo_ws/install/leo_msgs/include/leo_msgs/leo_msgs/msg/detail/wheel_odom_mecanum__type_support.h
[1.775s] -- Up-to-date symlink: /home/asm/leo_ws/install/leo_msgs/include/leo_msgs/leo_msgs/msg/detail/wheel_states__functions.h
[1.775s] -- Up-to-date symlink: /home/asm/leo_ws/install/leo_msgs/include/leo_msgs/leo_msgs/msg/detail/wheel_states__struct.h
[1.775s] -- Up-to-date symlink: /home/asm/leo_ws/install/leo_msgs/include/leo_msgs/leo_msgs/msg/detail/wheel_states__type_support.h
[1.775s] -- Up-to-date symlink: /home/asm/leo_ws/install/leo_msgs/include/leo_msgs/leo_msgs/msg/imu.h
[1.776s] -- Up-to-date symlink: /home/asm/leo_ws/install/leo_msgs/include/leo_msgs/leo_msgs/msg/rosidl_generator_c__visibility_control.h
[1.776s] -- Up-to-date symlink: /home/asm/leo_ws/install/leo_msgs/include/leo_msgs/leo_msgs/msg/wheel_odom.h
[1.776s] -- Up-to-date symlink: /home/asm/leo_ws/install/leo_msgs/include/leo_msgs/leo_msgs/msg/wheel_odom_mecanum.h
[1.777s] -- Up-to-date symlink: /home/asm/leo_ws/install/leo_msgs/include/leo_msgs/leo_msgs/msg/wheel_states.h
[1.777s] -- Up-to-date symlink: /home/asm/leo_ws/install/leo_msgs/include/leo_msgs/leo_msgs/srv/detail/set_imu_calibration__functions.h
[1.777s] -- Up-to-date symlink: /home/asm/leo_ws/install/leo_msgs/include/leo_msgs/leo_msgs/srv/detail/set_imu_calibration__struct.h
[1.777s] -- Up-to-date symlink: /home/asm/leo_ws/install/leo_msgs/include/leo_msgs/leo_msgs/srv/detail/set_imu_calibration__type_support.h
[1.778s] -- Up-to-date symlink: /home/asm/leo_ws/install/leo_msgs/include/leo_msgs/leo_msgs/srv/set_imu_calibration.h
[1.778s] -- Up-to-date symlink: /home/asm/leo_ws/install/leo_msgs/share/leo_msgs/environment/library_path.sh
[1.779s] -- Up-to-date symlink: /home/asm/leo_ws/install/leo_msgs/share/leo_msgs/environment/library_path.dsv
[1.780s] -- Up-to-date symlink: /home/asm/leo_ws/install/leo_msgs/include/leo_msgs/leo_msgs/msg/detail/imu__rosidl_typesupport_fastrtps_c.h
[1.780s] -- Up-to-date symlink: /home/asm/leo_ws/install/leo_msgs/include/leo_msgs/leo_msgs/msg/detail/wheel_odom__rosidl_typesupport_fastrtps_c.h
[1.780s] -- Up-to-date symlink: /home/asm/leo_ws/install/leo_msgs/include/leo_msgs/leo_msgs/msg/detail/wheel_odom_mecanum__rosidl_typesupport_fastrtps_c.h
[1.781s] -- Up-to-date symlink: /home/asm/leo_ws/install/leo_msgs/include/leo_msgs/leo_msgs/msg/detail/wheel_states__rosidl_typesupport_fastrtps_c.h
[1.781s] -- Up-to-date symlink: /home/asm/leo_ws/install/leo_msgs/include/leo_msgs/leo_msgs/msg/rosidl_typesupport_fastrtps_c__visibility_control.h
[1.781s] -- Up-to-date symlink: /home/asm/leo_ws/install/leo_msgs/include/leo_msgs/leo_msgs/srv/detail/set_imu_calibration__rosidl_typesupport_fastrtps_c.h
[1.782s] -- Up-to-date symlink: /home/asm/leo_ws/install/leo_msgs/include/leo_msgs/leo_msgs/msg/detail/imu__rosidl_typesupport_introspection_c.h
[1.782s] -- Up-to-date symlink: /home/asm/leo_ws/install/leo_msgs/include/leo_msgs/leo_msgs/msg/detail/wheel_odom__rosidl_typesupport_introspection_c.h
[1.783s] -- Up-to-date symlink: /home/asm/leo_ws/install/leo_msgs/include/leo_msgs/leo_msgs/msg/detail/wheel_odom_mecanum__rosidl_typesupport_introspection_c.h
[1.783s] -- Up-to-date symlink: /home/asm/leo_ws/install/leo_msgs/include/leo_msgs/leo_msgs/msg/detail/wheel_states__rosidl_typesupport_introspection_c.h
[1.783s] -- Up-to-date symlink: /home/asm/leo_ws/install/leo_msgs/include/leo_msgs/leo_msgs/msg/rosidl_typesupport_introspection_c__visibility_control.h
[1.784s] -- Up-to-date symlink: /home/asm/leo_ws/install/leo_msgs/include/leo_msgs/leo_msgs/srv/detail/set_imu_calibration__rosidl_typesupport_introspection_c.h
[1.784s] -- Up-to-date symlink: /home/asm/leo_ws/install/leo_msgs/include/leo_msgs/leo_msgs/msg/detail/imu__builder.hpp
[1.785s] -- Up-to-date symlink: /home/asm/leo_ws/install/leo_msgs/include/leo_msgs/leo_msgs/msg/detail/imu__struct.hpp
[1.785s] -- Up-to-date symlink: /home/asm/leo_ws/install/leo_msgs/include/leo_msgs/leo_msgs/msg/detail/imu__traits.hpp
[1.786s] -- Up-to-date symlink: /home/asm/leo_ws/install/leo_msgs/include/leo_msgs/leo_msgs/msg/detail/wheel_odom__builder.hpp
[1.786s] -- Up-to-date symlink: /home/asm/leo_ws/install/leo_msgs/include/leo_msgs/leo_msgs/msg/detail/wheel_odom__struct.hpp
[1.786s] -- Up-to-date symlink: /home/asm/leo_ws/install/leo_msgs/include/leo_msgs/leo_msgs/msg/detail/wheel_odom__traits.hpp
[1.787s] -- Up-to-date symlink: /home/asm/leo_ws/install/leo_msgs/include/leo_msgs/leo_msgs/msg/detail/wheel_odom_mecanum__builder.hpp
[1.787s] -- Up-to-date symlink: /home/asm/leo_ws/install/leo_msgs/include/leo_msgs/leo_msgs/msg/detail/wheel_odom_mecanum__struct.hpp
[1.787s] -- Up-to-date symlink: /home/asm/leo_ws/install/leo_msgs/include/leo_msgs/leo_msgs/msg/detail/wheel_odom_mecanum__traits.hpp
[1.788s] -- Up-to-date symlink: /home/asm/leo_ws/install/leo_msgs/include/leo_msgs/leo_msgs/msg/detail/wheel_states__builder.hpp
[1.788s] -- Up-to-date symlink: /home/asm/leo_ws/install/leo_msgs/include/leo_msgs/leo_msgs/msg/detail/wheel_states__struct.hpp
[1.788s] -- Up-to-date symlink: /home/asm/leo_ws/install/leo_msgs/include/leo_msgs/leo_msgs/msg/detail/wheel_states__traits.hpp
[1.789s] -- Up-to-date symlink: /home/asm/leo_ws/install/leo_msgs/include/leo_msgs/leo_msgs/msg/imu.hpp
[1.789s] -- Up-to-date symlink: /home/asm/leo_ws/install/leo_msgs/include/leo_msgs/leo_msgs/msg/wheel_odom.hpp
[1.790s] -- Up-to-date symlink: /home/asm/leo_ws/install/leo_msgs/include/leo_msgs/leo_msgs/msg/wheel_odom_mecanum.hpp
[1.790s] -- Up-to-date symlink: /home/asm/leo_ws/install/leo_msgs/include/leo_msgs/leo_msgs/msg/wheel_states.hpp
[1.790s] -- Up-to-date symlink: /home/asm/leo_ws/install/leo_msgs/include/leo_msgs/leo_msgs/srv/detail/set_imu_calibration__builder.hpp
[1.791s] -- Up-to-date symlink: /home/asm/leo_ws/install/leo_msgs/include/leo_msgs/leo_msgs/srv/detail/set_imu_calibration__struct.hpp
[1.791s] -- Up-to-date symlink: /home/asm/leo_ws/install/leo_msgs/include/leo_msgs/leo_msgs/srv/detail/set_imu_calibration__traits.hpp
[1.791s] -- Up-to-date symlink: /home/asm/leo_ws/install/leo_msgs/include/leo_msgs/leo_msgs/srv/set_imu_calibration.hpp
[1.792s] -- Up-to-date symlink: /home/asm/leo_ws/install/leo_msgs/include/leo_msgs/leo_msgs/msg/detail/imu__rosidl_typesupport_fastrtps_cpp.hpp
[1.793s] -- Up-to-date symlink: /home/asm/leo_ws/install/leo_msgs/include/leo_msgs/leo_msgs/msg/detail/wheel_odom__rosidl_typesupport_fastrtps_cpp.hpp
[1.793s] -- Up-to-date symlink: /home/asm/leo_ws/install/leo_msgs/include/leo_msgs/leo_msgs/msg/detail/wheel_odom_mecanum__rosidl_typesupport_fastrtps_cpp.hpp
[1.793s] -- Up-to-date symlink: /home/asm/leo_ws/install/leo_msgs/include/leo_msgs/leo_msgs/msg/detail/wheel_states__rosidl_typesupport_fastrtps_cpp.hpp
[1.794s] -- Up-to-date symlink: /home/asm/leo_ws/install/leo_msgs/include/leo_msgs/leo_msgs/msg/rosidl_typesupport_fastrtps_cpp__visibility_control.h
[1.794s] -- Up-to-date symlink: /home/asm/leo_ws/install/leo_msgs/include/leo_msgs/leo_msgs/srv/detail/set_imu_calibration__rosidl_typesupport_fastrtps_cpp.hpp
[1.794s] -- Up-to-date symlink: /home/asm/leo_ws/install/leo_msgs/include/leo_msgs/leo_msgs/msg/detail/imu__rosidl_typesupport_introspection_cpp.hpp
[1.795s] -- Up-to-date symlink: /home/asm/leo_ws/install/leo_msgs/include/leo_msgs/leo_msgs/msg/detail/wheel_odom__rosidl_typesupport_introspection_cpp.hpp
[1.795s] -- Up-to-date symlink: /home/asm/leo_ws/install/leo_msgs/include/leo_msgs/leo_msgs/msg/detail/wheel_odom_mecanum__rosidl_typesupport_introspection_cpp.hpp
[1.796s] -- Up-to-date symlink: /home/asm/leo_ws/install/leo_msgs/include/leo_msgs/leo_msgs/msg/detail/wheel_states__rosidl_typesupport_introspection_cpp.hpp
[1.796s] -- Up-to-date symlink: /home/asm/leo_ws/install/leo_msgs/include/leo_msgs/leo_msgs/srv/detail/set_imu_calibration__rosidl_typesupport_introspection_cpp.hpp
[1.796s] -- Up-to-date symlink: /home/asm/leo_ws/install/leo_msgs/share/leo_msgs/environment/pythonpath.sh
[1.797s] -- Up-to-date symlink: /home/asm/leo_ws/install/leo_msgs/share/leo_msgs/environment/pythonpath.dsv
[1.799s] -- Up-to-date symlink: /home/asm/leo_ws/install/leo_msgs/local/lib/python3.10/dist-packages/leo_msgs-1.2.1-py3.10.egg-info/PKG-INFO
[1.799s] -- Up-to-date symlink: /home/asm/leo_ws/install/leo_msgs/local/lib/python3.10/dist-packages/leo_msgs-1.2.1-py3.10.egg-info/SOURCES.txt
[1.799s] -- Up-to-date symlink: /home/asm/leo_ws/install/leo_msgs/local/lib/python3.10/dist-packages/leo_msgs-1.2.1-py3.10.egg-info/dependency_links.txt
[1.800s] -- Up-to-date symlink: /home/asm/leo_ws/install/leo_msgs/local/lib/python3.10/dist-packages/leo_msgs-1.2.1-py3.10.egg-info/top_level.txt
[1.801s] -- Up-to-date symlink: /home/asm/leo_ws/install/leo_msgs/local/lib/python3.10/dist-packages/leo_msgs/__init__.py
[1.801s] -- Up-to-date symlink: /home/asm/leo_ws/install/leo_msgs/local/lib/python3.10/dist-packages/leo_msgs/_leo_msgs_s.ep.rosidl_typesupport_c.c
[1.801s] -- Up-to-date symlink: /home/asm/leo_ws/install/leo_msgs/local/lib/python3.10/dist-packages/leo_msgs/_leo_msgs_s.ep.rosidl_typesupport_fastrtps_c.c
[1.802s] -- Up-to-date symlink: /home/asm/leo_ws/install/leo_msgs/local/lib/python3.10/dist-packages/leo_msgs/_leo_msgs_s.ep.rosidl_typesupport_introspection_c.c
[1.802s] -- Up-to-date symlink: /home/asm/leo_ws/install/leo_msgs/local/lib/python3.10/dist-packages/leo_msgs/leo_msgs_s__rosidl_typesupport_c.cpython-310-x86_64-linux-gnu.so
[1.802s] -- Up-to-date symlink: /home/asm/leo_ws/install/leo_msgs/local/lib/python3.10/dist-packages/leo_msgs/leo_msgs_s__rosidl_typesupport_fastrtps_c.cpython-310-x86_64-linux-gnu.so
[1.802s] -- Up-to-date symlink: /home/asm/leo_ws/install/leo_msgs/local/lib/python3.10/dist-packages/leo_msgs/leo_msgs_s__rosidl_typesupport_introspection_c.cpython-310-x86_64-linux-gnu.so
[1.803s] -- Up-to-date symlink: /home/asm/leo_ws/install/leo_msgs/local/lib/python3.10/dist-packages/leo_msgs/libleo_msgs__rosidl_generator_py.so
[1.803s] -- Up-to-date symlink: /home/asm/leo_ws/install/leo_msgs/local/lib/python3.10/dist-packages/leo_msgs/msg/__init__.py
[1.803s] -- Up-to-date symlink: /home/asm/leo_ws/install/leo_msgs/local/lib/python3.10/dist-packages/leo_msgs/msg/_imu.py
[1.804s] -- Up-to-date symlink: /home/asm/leo_ws/install/leo_msgs/local/lib/python3.10/dist-packages/leo_msgs/msg/_imu_s.c
[1.804s] -- Up-to-date symlink: /home/asm/leo_ws/install/leo_msgs/local/lib/python3.10/dist-packages/leo_msgs/msg/_wheel_odom.py
[1.804s] -- Up-to-date symlink: /home/asm/leo_ws/install/leo_msgs/local/lib/python3.10/dist-packages/leo_msgs/msg/_wheel_odom_mecanum.py
[1.805s] -- Up-to-date symlink: /home/asm/leo_ws/install/leo_msgs/local/lib/python3.10/dist-packages/leo_msgs/msg/_wheel_odom_mecanum_s.c
[1.805s] -- Up-to-date symlink: /home/asm/leo_ws/install/leo_msgs/local/lib/python3.10/dist-packages/leo_msgs/msg/_wheel_odom_s.c
[1.805s] -- Up-to-date symlink: /home/asm/leo_ws/install/leo_msgs/local/lib/python3.10/dist-packages/leo_msgs/msg/_wheel_states.py
[1.806s] -- Up-to-date symlink: /home/asm/leo_ws/install/leo_msgs/local/lib/python3.10/dist-packages/leo_msgs/msg/_wheel_states_s.c
[1.806s] -- Up-to-date symlink: /home/asm/leo_ws/install/leo_msgs/local/lib/python3.10/dist-packages/leo_msgs/srv/__init__.py
[1.807s] -- Up-to-date symlink: /home/asm/leo_ws/install/leo_msgs/local/lib/python3.10/dist-packages/leo_msgs/srv/_set_imu_calibration.py
[1.807s] -- Up-to-date symlink: /home/asm/leo_ws/install/leo_msgs/local/lib/python3.10/dist-packages/leo_msgs/srv/_set_imu_calibration_s.c
[1.807s] -- Up-to-date symlink: /home/asm/leo_ws/install/leo_msgs/local/lib/python3.10/dist-packages/leo_msgs/leo_msgs_s__rosidl_typesupport_fastrtps_c.cpython-310-x86_64-linux-gnu.so
[1.807s] -- Up-to-date symlink: /home/asm/leo_ws/install/leo_msgs/local/lib/python3.10/dist-packages/leo_msgs/leo_msgs_s__rosidl_typesupport_introspection_c.cpython-310-x86_64-linux-gnu.so
[1.808s] -- Up-to-date symlink: /home/asm/leo_ws/install/leo_msgs/local/lib/python3.10/dist-packages/leo_msgs/leo_msgs_s__rosidl_typesupport_c.cpython-310-x86_64-linux-gnu.so
[1.808s] -- Up-to-date symlink: /home/asm/leo_ws/install/leo_msgs/share/leo_msgs/msg/Imu.idl
[1.809s] -- Up-to-date symlink: /home/asm/leo_ws/install/leo_msgs/share/leo_msgs/msg/WheelOdom.idl
[1.809s] -- Up-to-date symlink: /home/asm/leo_ws/install/leo_msgs/share/leo_msgs/msg/WheelOdomMecanum.idl
[1.809s] -- Up-to-date symlink: /home/asm/leo_ws/install/leo_msgs/share/leo_msgs/msg/WheelStates.idl
[1.810s] -- Up-to-date symlink: /home/asm/leo_ws/install/leo_msgs/share/leo_msgs/srv/SetImuCalibration.idl
[1.810s] -- Up-to-date symlink: /home/asm/leo_ws/install/leo_msgs/share/leo_msgs/msg/Imu.msg
[1.810s] -- Up-to-date symlink: /home/asm/leo_ws/install/leo_msgs/share/leo_msgs/msg/WheelOdom.msg
[1.810s] -- Up-to-date symlink: /home/asm/leo_ws/install/leo_msgs/share/leo_msgs/msg/WheelOdomMecanum.msg
[1.811s] -- Up-to-date symlink: /home/asm/leo_ws/install/leo_msgs/share/leo_msgs/msg/WheelStates.msg
[1.811s] -- Up-to-date symlink: /home/asm/leo_ws/install/leo_msgs/share/leo_msgs/srv/SetImuCalibration.srv
[1.811s] -- Up-to-date symlink: /home/asm/leo_ws/install/leo_msgs/share/leo_msgs/srv/SetImuCalibration_Request.msg
[1.812s] -- Up-to-date symlink: /home/asm/leo_ws/install/leo_msgs/share/leo_msgs/srv/SetImuCalibration_Response.msg
[1.812s] -- Up-to-date symlink: /home/asm/leo_ws/install/leo_msgs/share/ament_index/resource_index/package_run_dependencies/leo_msgs
[1.813s] -- Up-to-date symlink: /home/asm/leo_ws/install/leo_msgs/share/ament_index/resource_index/parent_prefix_path/leo_msgs
[1.813s] -- Up-to-date symlink: /home/asm/leo_ws/install/leo_msgs/share/leo_msgs/environment/ament_prefix_path.sh
[1.814s] -- Up-to-date symlink: /home/asm/leo_ws/install/leo_msgs/share/leo_msgs/environment/ament_prefix_path.dsv
[1.814s] -- Up-to-date symlink: /home/asm/leo_ws/install/leo_msgs/share/leo_msgs/environment/path.sh
[1.814s] -- Up-to-date symlink: /home/asm/leo_ws/install/leo_msgs/share/leo_msgs/environment/path.dsv
[1.815s] -- Up-to-date symlink: /home/asm/leo_ws/install/leo_msgs/share/leo_msgs/local_setup.bash
[1.815s] -- Up-to-date symlink: /home/asm/leo_ws/install/leo_msgs/share/leo_msgs/local_setup.sh
[1.816s] -- Up-to-date symlink: /home/asm/leo_ws/install/leo_msgs/share/leo_msgs/local_setup.zsh
[1.816s] -- Up-to-date symlink: /home/asm/leo_ws/install/leo_msgs/share/leo_msgs/local_setup.dsv
[1.816s] -- Symlinking: /home/asm/leo_ws/install/leo_msgs/share/leo_msgs/package.dsv
[1.826s] -- Up-to-date symlink: /home/asm/leo_ws/install/leo_msgs/share/ament_index/resource_index/packages/leo_msgs
[1.827s] -- Up-to-date symlink: /home/asm/leo_ws/install/leo_msgs/share/leo_msgs/cmake/rosidl_cmake-extras.cmake
[1.827s] -- Up-to-date symlink: /home/asm/leo_ws/install/leo_msgs/share/leo_msgs/cmake/ament_cmake_export_dependencies-extras.cmake
[1.827s] -- Up-to-date symlink: /home/asm/leo_ws/install/leo_msgs/share/leo_msgs/cmake/ament_cmake_export_include_directories-extras.cmake
[1.828s] -- Up-to-date symlink: /home/asm/leo_ws/install/leo_msgs/share/leo_msgs/cmake/ament_cmake_export_libraries-extras.cmake
[1.828s] -- Up-to-date symlink: /home/asm/leo_ws/install/leo_msgs/share/leo_msgs/cmake/ament_cmake_export_targets-extras.cmake
[1.829s] -- Up-to-date symlink: /home/asm/leo_ws/install/leo_msgs/share/leo_msgs/cmake/rosidl_cmake_export_typesupport_targets-extras.cmake
[1.829s] -- Up-to-date symlink: /home/asm/leo_ws/install/leo_msgs/share/leo_msgs/cmake/rosidl_cmake_export_typesupport_libraries-extras.cmake
[1.830s] -- Up-to-date symlink: /home/asm/leo_ws/install/leo_msgs/share/leo_msgs/cmake/leo_msgsConfig.cmake
[1.830s] -- Up-to-date symlink: /home/asm/leo_ws/install/leo_msgs/share/leo_msgs/cmake/leo_msgsConfig-version.cmake
[1.830s] -- Up-to-date symlink: /home/asm/leo_ws/install/leo_msgs/share/leo_msgs/package.xml
[1.831s] -- Up-to-date: /home/asm/leo_ws/install/leo_msgs/lib/libleo_msgs__rosidl_generator_c.so
[1.832s] -- Up-to-date: /home/asm/leo_ws/install/leo_msgs/lib/libleo_msgs__rosidl_typesupport_fastrtps_c.so
[1.833s] -- Up-to-date: /home/asm/leo_ws/install/leo_msgs/lib/libleo_msgs__rosidl_typesupport_introspection_c.so
[1.834s] -- Up-to-date: /home/asm/leo_ws/install/leo_msgs/lib/libleo_msgs__rosidl_typesupport_c.so
[1.835s] -- Up-to-date: /home/asm/leo_ws/install/leo_msgs/lib/libleo_msgs__rosidl_typesupport_fastrtps_cpp.so
[1.835s] -- Up-to-date: /home/asm/leo_ws/install/leo_msgs/lib/libleo_msgs__rosidl_typesupport_introspection_cpp.so
[1.836s] -- Up-to-date: /home/asm/leo_ws/install/leo_msgs/lib/libleo_msgs__rosidl_typesupport_cpp.so
[1.869s] Listing '/home/asm/leo_ws/install/leo_msgs/local/lib/python3.10/dist-packages/leo_msgs'...
[1.869s] Compiling '/home/asm/leo_ws/install/leo_msgs/local/lib/python3.10/dist-packages/leo_msgs/__init__.py'...
[1.869s] Listing '/home/asm/leo_ws/install/leo_msgs/local/lib/python3.10/dist-packages/leo_msgs/msg'...
[1.869s] Listing '/home/asm/leo_ws/install/leo_msgs/local/lib/python3.10/dist-packages/leo_msgs/srv'...
[1.873s] -- Up-to-date: /home/asm/leo_ws/install/leo_msgs/lib/libleo_msgs__rosidl_generator_py.so
[1.874s] -- Up-to-date: /home/asm/leo_ws/install/leo_msgs/share/leo_msgs/cmake/export_leo_msgs__rosidl_generator_cExport.cmake
[1.874s] -- Up-to-date: /home/asm/leo_ws/install/leo_msgs/share/leo_msgs/cmake/export_leo_msgs__rosidl_generator_cExport-noconfig.cmake
[1.874s] -- Up-to-date: /home/asm/leo_ws/install/leo_msgs/share/leo_msgs/cmake/export_leo_msgs__rosidl_typesupport_fastrtps_cExport.cmake
[1.874s] -- Up-to-date: /home/asm/leo_ws/install/leo_msgs/share/leo_msgs/cmake/export_leo_msgs__rosidl_typesupport_fastrtps_cExport-noconfig.cmake
[1.874s] -- Up-to-date: /home/asm/leo_ws/install/leo_msgs/share/leo_msgs/cmake/leo_msgs__rosidl_typesupport_introspection_cExport.cmake
[1.874s] -- Up-to-date: /home/asm/leo_ws/install/leo_msgs/share/leo_msgs/cmake/leo_msgs__rosidl_typesupport_introspection_cExport-noconfig.cmake
[1.875s] -- Up-to-date: /home/asm/leo_ws/install/leo_msgs/share/leo_msgs/cmake/leo_msgs__rosidl_typesupport_cExport.cmake
[1.875s] -- Up-to-date: /home/asm/leo_ws/install/leo_msgs/share/leo_msgs/cmake/leo_msgs__rosidl_typesupport_cExport-noconfig.cmake
[1.875s] -- Up-to-date: /home/asm/leo_ws/install/leo_msgs/share/leo_msgs/cmake/export_leo_msgs__rosidl_generator_cppExport.cmake
[1.875s] -- Up-to-date: /home/asm/leo_ws/install/leo_msgs/share/leo_msgs/cmake/export_leo_msgs__rosidl_typesupport_fastrtps_cppExport.cmake
[1.875s] -- Up-to-date: /home/asm/leo_ws/install/leo_msgs/share/leo_msgs/cmake/export_leo_msgs__rosidl_typesupport_fastrtps_cppExport-noconfig.cmake
[1.875s] -- Up-to-date: /home/asm/leo_ws/install/leo_msgs/share/leo_msgs/cmake/leo_msgs__rosidl_typesupport_introspection_cppExport.cmake
[1.875s] -- Up-to-date: /home/asm/leo_ws/install/leo_msgs/share/leo_msgs/cmake/leo_msgs__rosidl_typesupport_introspection_cppExport-noconfig.cmake
[1.875s] -- Up-to-date: /home/asm/leo_ws/install/leo_msgs/share/leo_msgs/cmake/leo_msgs__rosidl_typesupport_cppExport.cmake
[1.875s] -- Up-to-date: /home/asm/leo_ws/install/leo_msgs/share/leo_msgs/cmake/leo_msgs__rosidl_typesupport_cppExport-noconfig.cmake
[1.876s] -- Up-to-date: /home/asm/leo_ws/install/leo_msgs/share/leo_msgs/cmake/export_leo_msgs__rosidl_generator_pyExport.cmake
[1.876s] -- Up-to-date: /home/asm/leo_ws/install/leo_msgs/share/leo_msgs/cmake/export_leo_msgs__rosidl_generator_pyExport-noconfig.cmake
[1.878s] Invoked command in '/home/asm/leo_ws/build/leo_msgs' returned '0': CMAKE_PREFIX_PATH=/home/asm/test_ws/install/py_pubsub:/opt/ros/humble /usr/bin/cmake --install /home/asm/leo_ws/build/leo_msgs
