[0.011s] Invoking command in '/home/asm/leo_ws/build/leo': AMENT_PREFIX_PATH=/home/asm/leo_ws/install/leo_teleop:/home/asm/leo_ws/install/leo_msgs:/home/asm/leo_ws/install/leo_description:${AMENT_PREFIX_PATH} CMAKE_PREFIX_PATH=/home/asm/leo_ws/install/leo_teleop:/home/asm/leo_ws/install/leo_msgs:/home/asm/leo_ws/install/leo_description:/home/asm/ros2_ws/install/leo:/home/asm/ros2_ws/install/leo_teleop:/home/asm/ros2_ws/install/leo_simulator:/home/asm/ros2_ws/install/leo_msgs:/home/asm/ros2_ws/install/leo_gz_bringup:/home/asm/ros2_ws/install/leo_gz_worlds:/home/asm/ros2_ws/install/leo_gz_plugins:/home/asm/ros2_ws/install/leo_description:/opt/ros/humble LD_LIBRARY_PATH=/home/asm/leo_ws/install/leo_msgs/lib:${LD_LIBRARY_PATH} PYTHONPATH=/home/asm/leo_ws/install/leo_msgs/local/lib/python3.10/dist-packages:${PYTHONPATH} /usr/bin/cmake --build /home/asm/leo_ws/build/leo -- -j12 -l12
[0.028s] -- Found ament_cmake: 1.3.9 (/opt/ros/humble/share/ament_cmake/cmake)
[0.140s] -- Override CMake install command with custom implementation using symlinks instead of copying resources
[0.208s] -- Configuring done
[0.210s] -- Generating done
[0.211s] -- Build files have been written to: /home/asm/leo_ws/build/leo
[0.229s] Invoked command in '/home/asm/leo_ws/build/leo' returned '0': AMENT_PREFIX_PATH=/home/asm/leo_ws/install/leo_teleop:/home/asm/leo_ws/install/leo_msgs:/home/asm/leo_ws/install/leo_description:${AMENT_PREFIX_PATH} CMAKE_PREFIX_PATH=/home/asm/leo_ws/install/leo_teleop:/home/asm/leo_ws/install/leo_msgs:/home/asm/leo_ws/install/leo_description:/home/asm/ros2_ws/install/leo:/home/asm/ros2_ws/install/leo_teleop:/home/asm/ros2_ws/install/leo_simulator:/home/asm/ros2_ws/install/leo_msgs:/home/asm/ros2_ws/install/leo_gz_bringup:/home/asm/ros2_ws/install/leo_gz_worlds:/home/asm/ros2_ws/install/leo_gz_plugins:/home/asm/ros2_ws/install/leo_description:/opt/ros/humble LD_LIBRARY_PATH=/home/asm/leo_ws/install/leo_msgs/lib:${LD_LIBRARY_PATH} PYTHONPATH=/home/asm/leo_ws/install/leo_msgs/local/lib/python3.10/dist-packages:${PYTHONPATH} /usr/bin/cmake --build /home/asm/leo_ws/build/leo -- -j12 -l12
[0.246s] Invoking command in '/home/asm/leo_ws/build/leo': AMENT_PREFIX_PATH=/home/asm/leo_ws/install/leo_teleop:/home/asm/leo_ws/install/leo_msgs:/home/asm/leo_ws/install/leo_description:${AMENT_PREFIX_PATH} CMAKE_PREFIX_PATH=/home/asm/leo_ws/install/leo_teleop:/home/asm/leo_ws/install/leo_msgs:/home/asm/leo_ws/install/leo_description:/home/asm/ros2_ws/install/leo:/home/asm/ros2_ws/install/leo_teleop:/home/asm/ros2_ws/install/leo_simulator:/home/asm/ros2_ws/install/leo_msgs:/home/asm/ros2_ws/install/leo_gz_bringup:/home/asm/ros2_ws/install/leo_gz_worlds:/home/asm/ros2_ws/install/leo_gz_plugins:/home/asm/ros2_ws/install/leo_description:/opt/ros/humble LD_LIBRARY_PATH=/home/asm/leo_ws/install/leo_msgs/lib:${LD_LIBRARY_PATH} PYTHONPATH=/home/asm/leo_ws/install/leo_msgs/local/lib/python3.10/dist-packages:${PYTHONPATH} /usr/bin/cmake --install /home/asm/leo_ws/build/leo
[0.253s] -- Install configuration: ""
[0.253s] -- Execute custom install script
[0.253s] -- Up-to-date symlink: /home/asm/leo_ws/install/leo/share/ament_index/resource_index/package_run_dependencies/leo
[0.253s] -- Up-to-date symlink: /home/asm/leo_ws/install/leo/share/ament_index/resource_index/parent_prefix_path/leo
[0.254s] -- Up-to-date symlink: /home/asm/leo_ws/install/leo/share/leo/environment/ament_prefix_path.sh
[0.254s] -- Up-to-date symlink: /home/asm/leo_ws/install/leo/share/leo/environment/ament_prefix_path.dsv
[0.254s] -- Up-to-date symlink: /home/asm/leo_ws/install/leo/share/leo/environment/path.sh
[0.254s] -- Up-to-date symlink: /home/asm/leo_ws/install/leo/share/leo/environment/path.dsv
[0.254s] -- Up-to-date symlink: /home/asm/leo_ws/install/leo/share/leo/local_setup.bash
[0.254s] -- Up-to-date symlink: /home/asm/leo_ws/install/leo/share/leo/local_setup.sh
[0.254s] -- Up-to-date symlink: /home/asm/leo_ws/install/leo/share/leo/local_setup.zsh
[0.255s] -- Up-to-date symlink: /home/asm/leo_ws/install/leo/share/leo/local_setup.dsv
[0.255s] -- Symlinking: /home/asm/leo_ws/install/leo/share/leo/package.dsv
[0.263s] -- Up-to-date symlink: /home/asm/leo_ws/install/leo/share/ament_index/resource_index/packages/leo
[0.263s] -- Up-to-date symlink: /home/asm/leo_ws/install/leo/share/leo/cmake/leoConfig.cmake
[0.263s] -- Up-to-date symlink: /home/asm/leo_ws/install/leo/share/leo/cmake/leoConfig-version.cmake
[0.263s] -- Up-to-date symlink: /home/asm/leo_ws/install/leo/share/leo/package.xml
[0.265s] Invoked command in '/home/asm/leo_ws/build/leo' returned '0': AMENT_PREFIX_PATH=/home/asm/leo_ws/install/leo_teleop:/home/asm/leo_ws/install/leo_msgs:/home/asm/leo_ws/install/leo_description:${AMENT_PREFIX_PATH} CMAKE_PREFIX_PATH=/home/asm/leo_ws/install/leo_teleop:/home/asm/leo_ws/install/leo_msgs:/home/asm/leo_ws/install/leo_description:/home/asm/ros2_ws/install/leo:/home/asm/ros2_ws/install/leo_teleop:/home/asm/ros2_ws/install/leo_simulator:/home/asm/ros2_ws/install/leo_msgs:/home/asm/ros2_ws/install/leo_gz_bringup:/home/asm/ros2_ws/install/leo_gz_worlds:/home/asm/ros2_ws/install/leo_gz_plugins:/home/asm/ros2_ws/install/leo_description:/opt/ros/humble LD_LIBRARY_PATH=/home/asm/leo_ws/install/leo_msgs/lib:${LD_LIBRARY_PATH} PYTHONPATH=/home/asm/leo_ws/install/leo_msgs/local/lib/python3.10/dist-packages:${PYTHONPATH} /usr/bin/cmake --install /home/asm/leo_ws/build/leo
