running egg_info
creating ../../build/paqueteros2/paqueteros2.egg-info
writing ../../build/paqueteros2/paqueteros2.egg-info/PKG-INFO
writing dependency_links to ../../build/paqueteros2/paqueteros2.egg-info/dependency_links.txt
writing entry points to ../../build/paqueteros2/paqueteros2.egg-info/entry_points.txt
writing requirements to ../../build/paqueteros2/paqueteros2.egg-info/requires.txt
writing top-level names to ../../build/paqueteros2/paqueteros2.egg-info/top_level.txt
writing manifest file '../../build/paqueteros2/paqueteros2.egg-info/SOURCES.txt'
reading manifest file '../../build/paqueteros2/paqueteros2.egg-info/SOURCES.txt'
adding license file 'LICENSE'
writing manifest file '../../build/paqueteros2/paqueteros2.egg-info/SOURCES.txt'
running build
running build_py
creating /home/asm/leo_ws/build/paqueteros2/build
creating /home/asm/leo_ws/build/paqueteros2/build/lib
creating /home/asm/leo_ws/build/paqueteros2/build/lib/paqueteros2
copying paqueteros2/__init__.py -> /home/asm/leo_ws/build/paqueteros2/build/lib/paqueteros2
copying paqueteros2/odom_subs.py -> /home/asm/leo_ws/build/paqueteros2/build/lib/paqueteros2
running install
running install_lib
creating /home/asm/leo_ws/install/paqueteros2/lib/python3.10/site-packages/paqueteros2
copying /home/asm/leo_ws/build/paqueteros2/build/lib/paqueteros2/__init__.py -> /home/asm/leo_ws/install/paqueteros2/lib/python3.10/site-packages/paqueteros2
copying /home/asm/leo_ws/build/paqueteros2/build/lib/paqueteros2/odom_subs.py -> /home/asm/leo_ws/install/paqueteros2/lib/python3.10/site-packages/paqueteros2
byte-compiling /home/asm/leo_ws/install/paqueteros2/lib/python3.10/site-packages/paqueteros2/__init__.py to __init__.cpython-310.pyc
byte-compiling /home/asm/leo_ws/install/paqueteros2/lib/python3.10/site-packages/paqueteros2/odom_subs.py to odom_subs.cpython-310.pyc
running install_data
creating /home/asm/leo_ws/install/paqueteros2/share/ament_index
creating /home/asm/leo_ws/install/paqueteros2/share/ament_index/resource_index
creating /home/asm/leo_ws/install/paqueteros2/share/ament_index/resource_index/packages
copying resource/paqueteros2 -> /home/asm/leo_ws/install/paqueteros2/share/ament_index/resource_index/packages
copying package.xml -> /home/asm/leo_ws/install/paqueteros2/share/paqueteros2
running install_egg_info
Copying ../../build/paqueteros2/paqueteros2.egg-info to /home/asm/leo_ws/install/paqueteros2/lib/python3.10/site-packages/paqueteros2-0.0.0-py3.10.egg-info
running install_scripts
Installing odom script to /home/asm/leo_ws/install/paqueteros2/lib/paqueteros2
writing list of installed files to '/home/asm/leo_ws/build/paqueteros2/install.log'
