[0.028s] Invoking command in '/home/asm/leo_ws/build/leo_gz_plugins': CMAKE_PREFIX_PATH=/home/asm/test_ws/install/py_pubsub:/opt/ros/humble /usr/bin/cmake /home/asm/leo_ws/src/leo_simulator-ros2/leo_gz_plugins -DCMAKE_INSTALL_PREFIX=/home/asm/leo_ws/install/leo_gz_plugins
[0.050s] -- Found ament_cmake: 1.3.8 (/opt/ros/humble/share/ament_cmake/cmake)
[0.205s] -- Override CMake install command with custom implementation using symlinks instead of copying resources
[0.223s] -- Looking for ignition-plugin1 -- found version 1.4.0
[0.235s] -- Searching for dependencies of ignition-plugin1
[0.236s] -- Searching for <ignition-plugin1> component [register]
[0.237s] -- Looking for ignition-plugin1-register -- found version 1.4.0
[0.238s] -- Searching for dependencies of ignition-plugin1-register
[0.240s] -- Looking for ignition-gazebo6 -- found version 6.16.0
[0.240s] -- Searching for dependencies of ignition-gazebo6
[0.242s] -- Looking for sdformat12 -- found version 12.7.2
[0.243s] -- Searching for dependencies of sdformat12
[0.250s] -- Checking for module 'tinyxml2'
[0.264s] --   Found tinyxml2, version 9.0.0
[0.294s] -- Looking for ignition-math6 -- found version 6.15.1
[0.295s] -- Searching for dependencies of ignition-math6
[0.298s] -- Looking for ignition-utils1 -- found version 1.5.1
[0.299s] -- Searching for dependencies of ignition-utils1
[0.301s] -- Looking for ignition-plugin1 -- found version 1.4.0
[0.302s] -- Searching for dependencies of ignition-plugin1
[0.302s] -- Searching for <ignition-plugin1> component [loader]
[0.303s] -- Looking for ignition-plugin1-loader -- found version 1.4.0
[0.303s] -- Searching for dependencies of ignition-plugin1-loader
[0.304s] -- Searching for <ignition-plugin1> component [register]
[0.306s] -- Looking for ignition-transport11 -- found version 11.4.1
[0.306s] -- Searching for dependencies of ignition-transport11
[0.366s] -- Config-file not installed for ZeroMQ -- checking for pkg-config
[0.372s] -- Checking for module 'libzmq >= 4'
[0.386s] --   Found libzmq , version 4.3.4
[0.428s] -- Checking for module 'uuid'
[0.443s] --   Found uuid, version 2.37.2
[0.475s] -- Looking for ignition-utils1 -- found version 1.5.1
[0.476s] -- Searching for dependencies of ignition-utils1
[0.476s] -- Searching for <ignition-utils1> component [cli]
[0.477s] -- Looking for ignition-utils1-cli -- found version 1.5.1
[0.478s] -- Searching for dependencies of ignition-utils1-cli
[0.481s] -- Looking for ignition-msgs8 -- found version 8.7.0
[0.481s] -- Searching for dependencies of ignition-msgs8
[0.506s] -- Found Protobuf: /usr/lib/x86_64-linux-gnu/libprotobuf.so (found suitable version "3.12.4", minimum required is "3") 
[0.507s] -- Looking for ignition-math6 -- found version 6.15.1
[0.530s] -- Searching for <ignition-transport11> component [log]
[0.531s] -- Looking for ignition-transport11-log -- found version 11.4.1
[0.532s] -- Searching for dependencies of ignition-transport11-log
[0.532s] -- Searching for <ignition-transport11> component [parameters]
[0.533s] -- Looking for ignition-transport11-parameters -- found version 11.4.1
[0.534s] -- Searching for dependencies of ignition-transport11-parameters
[0.535s] -- Looking for ignition-msgs8 -- found version 8.7.0
[0.536s] -- Looking for ignition-common4 -- found version 4.7.0
[0.537s] -- Searching for dependencies of ignition-common4
[0.537s] -- Looking for dlfcn.h - found
[0.537s] -- Looking for libdl - found
[0.548s] -- Searching for <ignition-common4> component [profiler]
[0.549s] -- Looking for ignition-common4-profiler -- found version 4.7.0
[0.549s] -- Searching for dependencies of ignition-common4-profiler
[0.550s] -- Searching for <ignition-common4> component [events]
[0.551s] -- Looking for ignition-common4-events -- found version 4.7.0
[0.551s] -- Searching for dependencies of ignition-common4-events
[0.552s] -- Looking for ignition-math6 -- found version 6.15.1
[0.553s] -- Searching for <ignition-common4> component [av]
[0.554s] -- Looking for ignition-common4-av -- found version 4.7.0
[0.554s] -- Searching for dependencies of ignition-common4-av
[0.559s] -- Checking for module 'libswscale'
[0.570s] --   Found libswscale, version 5.9.100
[0.602s] -- Checking for module 'libavdevice >= 56.4.100'
[0.614s] --   Found libavdevice , version 58.13.100
[0.650s] -- Checking for module 'libavformat'
[0.662s] --   Found libavformat, version 58.76.100
[0.698s] -- Checking for module 'libavcodec'
[0.710s] --   Found libavcodec, version 58.134.100
[0.748s] -- Checking for module 'libavutil'
[0.759s] --   Found libavutil, version 56.70.100
[0.789s] -- Looking for ignition-fuel_tools7 -- found version 7.3.0
[0.789s] -- Searching for dependencies of ignition-fuel_tools7
[0.827s] -- Checking for module 'jsoncpp'
[0.839s] --   Found jsoncpp, version 1.9.5
[0.872s] -- Checking for module 'libzip'
[0.882s] --   Found libzip, version 1.7.3
[0.906s] -- Looking for ignition-common4 -- found version 4.7.0
[0.906s] -- Looking for ignition-math6 -- found version 6.15.1
[0.907s] -- Looking for ignition-msgs8 -- found version 8.7.0
[0.909s] -- Looking for ignition-gui6 -- found version 6.8.0
[0.909s] -- Searching for dependencies of ignition-gui6
[0.934s] -- Looking for ignition-math6 -- found version 6.15.1
[0.934s] -- Looking for ignition-common4 -- found version 4.7.0
[0.935s] -- Looking for ignition-plugin1 -- found version 1.4.0
[0.935s] -- Looking for ignition-transport11 -- found version 11.4.1
[0.937s] -- Looking for ignition-rendering6 -- found version 6.6.3
[0.938s] -- Searching for dependencies of ignition-rendering6
[0.938s] -- Looking for ignition-math6 -- found version 6.15.1
[0.938s] -- Searching for dependencies of ignition-math6
[0.939s] -- Searching for <ignition-math6> component [eigen3]
[0.940s] -- Looking for ignition-math6-eigen3 -- found version 6.15.1
[0.940s] -- Searching for dependencies of ignition-math6-eigen3
[0.943s] -- Looking for ignition-common4 -- found version 4.7.0
[0.943s] -- Searching for dependencies of ignition-common4
[0.943s] -- Looking for dlfcn.h - found
[0.943s] -- Looking for libdl - found
[0.952s] -- Searching for <ignition-common4> component [graphics]
[0.952s] -- Looking for ignition-common4-graphics -- found version 4.7.0
[0.953s] -- Searching for dependencies of ignition-common4-graphics
[0.953s] -- Looking for ignition-math6 -- found version 6.15.1
[0.954s] -- Looking for ignition-utils1 -- found version 1.5.1
[0.955s] -- Searching for <ignition-common4> component [events]
[0.955s] -- Looking for ignition-plugin1 -- found version 1.4.0
[0.956s] -- Searching for dependencies of ignition-plugin1
[0.956s] -- Searching for <ignition-plugin1> component [all]
[0.957s] -- Looking for all libraries of ignition-plugin1 -- found version 1.4.0
[0.957s] -- Looking for ignition-plugin1 -- found version 1.4.0
[0.960s] -- Looking for ignition-msgs8 -- found version 8.7.0
[0.990s] -- Looking for ignition-physics5 -- found version 5.3.2
[0.991s] -- Searching for dependencies of ignition-physics5
[0.991s] -- Looking for ignition-math6 -- found version 6.15.1
[0.992s] -- Looking for ignition-plugin1 -- found version 1.4.0
[0.992s] -- Looking for ignition-utils1 -- found version 1.5.1
[0.993s] -- Searching for <ignition-physics5> component [heightmap]
[0.994s] -- Looking for ignition-physics5-heightmap -- found version 5.3.2
[0.995s] -- Searching for dependencies of ignition-physics5-heightmap
[0.995s] -- Looking for ignition-common4 -- found version 4.7.0
[0.996s] -- Searching for <ignition-physics5> component [mesh]
[0.997s] -- Looking for ignition-physics5-mesh -- found version 5.3.2
[0.997s] -- Searching for dependencies of ignition-physics5-mesh
[0.998s] -- Looking for ignition-common4 -- found version 4.7.0
[0.998s] -- Searching for <ignition-physics5> component [sdf]
[0.999s] -- Looking for ignition-physics5-sdf -- found version 5.3.2
[1.000s] -- Searching for dependencies of ignition-physics5-sdf
[1.000s] -- Looking for sdformat12 -- found version 12.7.2
[1.002s] -- Looking for ignition-sensors6 -- found version 6.8.0
[1.002s] -- Searching for dependencies of ignition-sensors6
[1.019s] -- Found Protobuf: /usr/lib/x86_64-linux-gnu/libprotobuf.so (found version "3.12.4") 
[1.020s] -- Looking for ignition-math6 -- found version 6.15.1
[1.020s] -- Looking for ignition-common4 -- found version 4.7.0
[1.021s] -- Looking for ignition-transport11 -- found version 11.4.1
[1.021s] -- Looking for ignition-rendering6 -- found version 6.6.3
[1.022s] -- Looking for ignition-msgs8 -- found version 8.7.0
[1.022s] -- Looking for sdformat12 -- found version 12.7.2
[1.023s] -- Searching for <ignition-sensors6> component [air_pressure]
[1.024s] -- Looking for ignition-sensors6-air_pressure -- found version 6.8.0
[1.025s] -- Searching for dependencies of ignition-sensors6-air_pressure
[1.026s] -- Searching for <ignition-sensors6> component [altimeter]
[1.026s] -- Looking for ignition-sensors6-altimeter -- found version 6.8.0
[1.027s] -- Searching for dependencies of ignition-sensors6-altimeter
[1.028s] -- Searching for <ignition-sensors6> component [imu]
[1.029s] -- Looking for ignition-sensors6-imu -- found version 6.8.0
[1.029s] -- Searching for dependencies of ignition-sensors6-imu
[1.030s] -- Searching for <ignition-sensors6> component [force_torque]
[1.031s] -- Looking for ignition-sensors6-force_torque -- found version 6.8.0
[1.032s] -- Searching for dependencies of ignition-sensors6-force_torque
[1.032s] -- Searching for <ignition-sensors6> component [logical_camera]
[1.033s] -- Looking for ignition-sensors6-logical_camera -- found version 6.8.0
[1.034s] -- Searching for dependencies of ignition-sensors6-logical_camera
[1.034s] -- Searching for <ignition-sensors6> component [magnetometer]
[1.035s] -- Looking for ignition-sensors6-magnetometer -- found version 6.8.0
[1.036s] -- Searching for dependencies of ignition-sensors6-magnetometer
[1.037s] -- Searching for <ignition-sensors6> component [navsat]
[1.037s] -- Looking for ignition-sensors6-navsat -- found version 6.8.0
[1.038s] -- Searching for dependencies of ignition-sensors6-navsat
[1.039s] -- Searching for <ignition-sensors6> component [rendering]
[1.040s] -- Looking for ignition-sensors6-rendering -- found version 6.8.0
[1.040s] -- Searching for dependencies of ignition-sensors6-rendering
[1.041s] -- Searching for <ignition-sensors6> component [lidar]
[1.042s] -- Looking for ignition-sensors6-lidar -- found version 6.8.0
[1.042s] -- Searching for dependencies of ignition-sensors6-lidar
[1.043s] -- Looking for ignition-sensors6 -- found version 6.8.0
[1.044s] -- Searching for <ignition-sensors6> component [gpu_lidar]
[1.044s] -- Looking for ignition-sensors6-gpu_lidar -- found version 6.8.0
[1.045s] -- Searching for dependencies of ignition-sensors6-gpu_lidar
[1.045s] -- Looking for ignition-sensors6 -- found version 6.8.0
[1.046s] -- Searching for <ignition-sensors6> component [camera]
[1.047s] -- Looking for ignition-sensors6-camera -- found version 6.8.0
[1.047s] -- Searching for dependencies of ignition-sensors6-camera
[1.048s] -- Looking for ignition-sensors6 -- found version 6.8.0
[1.049s] -- Searching for <ignition-sensors6> component [boundingbox_camera]
[1.050s] -- Looking for ignition-sensors6-boundingbox_camera -- found version 6.8.0
[1.050s] -- Searching for dependencies of ignition-sensors6-boundingbox_camera
[1.051s] -- Searching for <ignition-sensors6> component [segmentation_camera]
[1.052s] -- Looking for ignition-sensors6-segmentation_camera -- found version 6.8.0
[1.052s] -- Searching for dependencies of ignition-sensors6-segmentation_camera
[1.053s] -- Searching for <ignition-sensors6> component [depth_camera]
[1.054s] -- Looking for ignition-sensors6-depth_camera -- found version 6.8.0
[1.054s] -- Searching for dependencies of ignition-sensors6-depth_camera
[1.055s] -- Looking for ignition-sensors6 -- found version 6.8.0
[1.056s] -- Searching for <ignition-sensors6> component [rgbd_camera]
[1.057s] -- Looking for ignition-sensors6-rgbd_camera -- found version 6.8.0
[1.057s] -- Searching for dependencies of ignition-sensors6-rgbd_camera
[1.058s] -- Looking for ignition-sensors6 -- found version 6.8.0
[1.058s] -- Searching for <ignition-sensors6> component [thermal_camera]
[1.059s] -- Looking for ignition-sensors6-thermal_camera -- found version 6.8.0
[1.060s] -- Searching for dependencies of ignition-sensors6-thermal_camera
[1.060s] -- Looking for ignition-sensors6 -- found version 6.8.0
[1.061s] -- Looking for ignition-rendering6 -- found version 6.6.3
[1.062s] -- Looking for ignition-math6 -- found version 6.15.1
[1.063s] -- Looking for ignition-utils1 -- found version 1.5.1
[1.082s] -- Found ament_lint_auto: 0.12.10 (/opt/ros/humble/share/ament_lint_auto/cmake)
[1.160s] -- Added test 'copyright' to check source files copyright and LICENSE
[1.161s] -- Added test 'cpplint' to check C / C++ code against the Google style
[1.161s] -- Configured cpplint exclude dirs and/or files: 
[1.161s] -- Added test 'lint_cmake' to check CMake code style
[1.162s] -- Added test 'uncrustify' to check C / C++ code style
[1.162s] -- Configured uncrustify additional arguments: 
[1.163s] -- Added test 'xmllint' to check XML markup files
[1.164s] -- Configuring done
[1.181s] -- Generating done
[1.182s] -- Build files have been written to: /home/asm/leo_ws/build/leo_gz_plugins
[1.188s] Invoked command in '/home/asm/leo_ws/build/leo_gz_plugins' returned '0': CMAKE_PREFIX_PATH=/home/asm/test_ws/install/py_pubsub:/opt/ros/humble /usr/bin/cmake /home/asm/leo_ws/src/leo_simulator-ros2/leo_gz_plugins -DCMAKE_INSTALL_PREFIX=/home/asm/leo_ws/install/leo_gz_plugins
[1.190s] Invoking command in '/home/asm/leo_ws/build/leo_gz_plugins': CMAKE_PREFIX_PATH=/home/asm/test_ws/install/py_pubsub:/opt/ros/humble /usr/bin/cmake --build /home/asm/leo_ws/build/leo_gz_plugins -- -j12 -l12
[1.226s] [35m[1mConsolidate compiler generated dependencies of target leo_gz_differential_plugin[0m
[1.259s] [100%] Built target leo_gz_differential_plugin
[1.269s] Invoked command in '/home/asm/leo_ws/build/leo_gz_plugins' returned '0': CMAKE_PREFIX_PATH=/home/asm/test_ws/install/py_pubsub:/opt/ros/humble /usr/bin/cmake --build /home/asm/leo_ws/build/leo_gz_plugins -- -j12 -l12
[1.294s] Invoking command in '/home/asm/leo_ws/build/leo_gz_plugins': CMAKE_PREFIX_PATH=/home/asm/test_ws/install/py_pubsub:/opt/ros/humble /usr/bin/cmake --install /home/asm/leo_ws/build/leo_gz_plugins
[1.301s] -- Install configuration: ""
[1.301s] -- Execute custom install script
[1.302s] -- Up-to-date symlink: /home/asm/leo_ws/install/leo_gz_plugins/lib/libleo_gz_differential_plugin.so
[1.302s] -- Up-to-date symlink: /home/asm/leo_ws/install/leo_gz_plugins/share/leo_gz_plugins/environment/gz_sim_system_plugin_path.dsv
[1.303s] -- Up-to-date symlink: /home/asm/leo_ws/install/leo_gz_plugins/share/ament_index/resource_index/package_run_dependencies/leo_gz_plugins
[1.303s] -- Up-to-date symlink: /home/asm/leo_ws/install/leo_gz_plugins/share/ament_index/resource_index/parent_prefix_path/leo_gz_plugins
[1.304s] -- Up-to-date symlink: /home/asm/leo_ws/install/leo_gz_plugins/share/leo_gz_plugins/environment/ament_prefix_path.sh
[1.304s] -- Up-to-date symlink: /home/asm/leo_ws/install/leo_gz_plugins/share/leo_gz_plugins/environment/ament_prefix_path.dsv
[1.304s] -- Up-to-date symlink: /home/asm/leo_ws/install/leo_gz_plugins/share/leo_gz_plugins/environment/path.sh
[1.304s] -- Up-to-date symlink: /home/asm/leo_ws/install/leo_gz_plugins/share/leo_gz_plugins/environment/path.dsv
[1.305s] -- Up-to-date symlink: /home/asm/leo_ws/install/leo_gz_plugins/share/leo_gz_plugins/local_setup.bash
[1.305s] -- Up-to-date symlink: /home/asm/leo_ws/install/leo_gz_plugins/share/leo_gz_plugins/local_setup.sh
[1.305s] -- Up-to-date symlink: /home/asm/leo_ws/install/leo_gz_plugins/share/leo_gz_plugins/local_setup.zsh
[1.306s] -- Up-to-date symlink: /home/asm/leo_ws/install/leo_gz_plugins/share/leo_gz_plugins/local_setup.dsv
[1.306s] -- Symlinking: /home/asm/leo_ws/install/leo_gz_plugins/share/leo_gz_plugins/package.dsv
[1.315s] -- Up-to-date symlink: /home/asm/leo_ws/install/leo_gz_plugins/share/ament_index/resource_index/packages/leo_gz_plugins
[1.315s] -- Up-to-date symlink: /home/asm/leo_ws/install/leo_gz_plugins/share/leo_gz_plugins/cmake/leo_gz_pluginsConfig.cmake
[1.316s] -- Up-to-date symlink: /home/asm/leo_ws/install/leo_gz_plugins/share/leo_gz_plugins/cmake/leo_gz_pluginsConfig-version.cmake
[1.316s] -- Up-to-date symlink: /home/asm/leo_ws/install/leo_gz_plugins/share/leo_gz_plugins/package.xml
[1.318s] Invoked command in '/home/asm/leo_ws/build/leo_gz_plugins' returned '0': CMAKE_PREFIX_PATH=/home/asm/test_ws/install/py_pubsub:/opt/ros/humble /usr/bin/cmake --install /home/asm/leo_ws/build/leo_gz_plugins
