[0.025s] Invoking command in '/home/asm/leo_ws/build/leo_teleop': CMAKE_PREFIX_PATH=/home/asm/test_ws/install/py_pubsub:/opt/ros/humble /usr/bin/cmake /home/asm/leo_ws/src/leo_common-ros2/leo_teleop -DCMAKE_INSTALL_PREFIX=/home/asm/leo_ws/install/leo_teleop
[0.041s] -- Found ament_cmake: 1.3.8 (/opt/ros/humble/share/ament_cmake/cmake)
[0.190s] -- Override CMake install command with custom implementation using symlinks instead of copying resources
[0.204s] -- Found ament_lint_auto: 0.12.10 (/opt/ros/humble/share/ament_lint_auto/cmake)
[0.295s] -- Added test 'lint_cmake' to check CMake code style
[0.295s] -- Added test 'xmllint' to check XML markup files
[0.298s] -- Configuring done
[0.304s] -- Generating done
[0.305s] -- Build files have been written to: /home/asm/leo_ws/build/leo_teleop
[0.311s] Invoked command in '/home/asm/leo_ws/build/leo_teleop' returned '0': CMAKE_PREFIX_PATH=/home/asm/test_ws/install/py_pubsub:/opt/ros/humble /usr/bin/cmake /home/asm/leo_ws/src/leo_common-ros2/leo_teleop -DCMAKE_INSTALL_PREFIX=/home/asm/leo_ws/install/leo_teleop
[0.313s] Invoking command in '/home/asm/leo_ws/build/leo_teleop': CMAKE_PREFIX_PATH=/home/asm/test_ws/install/py_pubsub:/opt/ros/humble /usr/bin/cmake --build /home/asm/leo_ws/build/leo_teleop -- -j12 -l12
[0.352s] Invoked command in '/home/asm/leo_ws/build/leo_teleop' returned '0': CMAKE_PREFIX_PATH=/home/asm/test_ws/install/py_pubsub:/opt/ros/humble /usr/bin/cmake --build /home/asm/leo_ws/build/leo_teleop -- -j12 -l12
[0.383s] Invoking command in '/home/asm/leo_ws/build/leo_teleop': CMAKE_PREFIX_PATH=/home/asm/test_ws/install/py_pubsub:/opt/ros/humble /usr/bin/cmake --install /home/asm/leo_ws/build/leo_teleop
[0.390s] -- Install configuration: ""
[0.391s] -- Execute custom install script
[0.392s] -- Up-to-date symlink: /home/asm/leo_ws/install/leo_teleop/share/leo_teleop/config/joy_config.yaml
[0.393s] -- Up-to-date symlink: /home/asm/leo_ws/install/leo_teleop/share/leo_teleop/launch/joy_teleop.launch.xml
[0.393s] -- Up-to-date symlink: /home/asm/leo_ws/install/leo_teleop/share/leo_teleop/launch/key_teleop.launch.xml
[0.394s] -- Up-to-date symlink: /home/asm/leo_ws/install/leo_teleop/share/ament_index/resource_index/package_run_dependencies/leo_teleop
[0.395s] -- Up-to-date symlink: /home/asm/leo_ws/install/leo_teleop/share/ament_index/resource_index/parent_prefix_path/leo_teleop
[0.395s] -- Up-to-date symlink: /home/asm/leo_ws/install/leo_teleop/share/leo_teleop/environment/ament_prefix_path.sh
[0.396s] -- Up-to-date symlink: /home/asm/leo_ws/install/leo_teleop/share/leo_teleop/environment/ament_prefix_path.dsv
[0.397s] -- Up-to-date symlink: /home/asm/leo_ws/install/leo_teleop/share/leo_teleop/environment/path.sh
[0.398s] -- Up-to-date symlink: /home/asm/leo_ws/install/leo_teleop/share/leo_teleop/environment/path.dsv
[0.398s] -- Up-to-date symlink: /home/asm/leo_ws/install/leo_teleop/share/leo_teleop/local_setup.bash
[0.399s] -- Up-to-date symlink: /home/asm/leo_ws/install/leo_teleop/share/leo_teleop/local_setup.sh
[0.400s] -- Up-to-date symlink: /home/asm/leo_ws/install/leo_teleop/share/leo_teleop/local_setup.zsh
[0.400s] -- Up-to-date symlink: /home/asm/leo_ws/install/leo_teleop/share/leo_teleop/local_setup.dsv
[0.401s] -- Symlinking: /home/asm/leo_ws/install/leo_teleop/share/leo_teleop/package.dsv
[0.408s] -- Up-to-date symlink: /home/asm/leo_ws/install/leo_teleop/share/ament_index/resource_index/packages/leo_teleop
[0.409s] -- Up-to-date symlink: /home/asm/leo_ws/install/leo_teleop/share/leo_teleop/cmake/leo_teleopConfig.cmake
[0.409s] -- Up-to-date symlink: /home/asm/leo_ws/install/leo_teleop/share/leo_teleop/cmake/leo_teleopConfig-version.cmake
[0.410s] -- Up-to-date symlink: /home/asm/leo_ws/install/leo_teleop/share/leo_teleop/package.xml
[0.412s] Invoked command in '/home/asm/leo_ws/build/leo_teleop' returned '0': CMAKE_PREFIX_PATH=/home/asm/test_ws/install/py_pubsub:/opt/ros/humble /usr/bin/cmake --install /home/asm/leo_ws/build/leo_teleop
