[0.061s] Invoking command in '/home/asm/leo_ws/build/leo_gz_bringup': AMENT_PREFIX_PATH=/home/asm/leo_ws/install/leo_gz_worlds:/home/asm/leo_ws/install/leo_gz_plugins:${AMENT_PREFIX_PATH} CMAKE_PREFIX_PATH=/home/asm/leo_ws/install/leo_gz_worlds:/home/asm/leo_ws/install/leo_gz_plugins:/opt/ros/humble LD_LIBRARY_PATH=/home/asm/leo_ws/install/leo_gz_plugins/lib:${LD_LIBRARY_PATH} /usr/bin/cmake /home/asm/leo_ws/src/leo_simulator-ros2/leo_gz_bringup -DAMENT_CMAKE_SYMLINK_INSTALL=1 -DCMAKE_INSTALL_PREFIX=/home/asm/leo_ws/install/leo_gz_bringup
[0.106s] -- The C compiler identification is GNU 11.4.0
[0.163s] -- The CXX compiler identification is GNU 11.4.0
[0.170s] -- Detecting C compiler ABI info
[0.231s] -- Detecting C compiler ABI info - done
[0.240s] -- Check for working C compiler: /usr/bin/cc - skipped
[0.240s] -- Detecting C compile features
[0.240s] -- Detecting C compile features - done
[0.244s] -- Detecting CXX compiler ABI info
[0.314s] -- Detecting CXX compiler ABI info - done
[0.322s] -- Check for working CXX compiler: /usr/bin/c++ - skipped
[0.322s] -- Detecting CXX compile features
[0.323s] -- Detecting CXX compile features - done
[0.325s] -- Found ament_cmake: 1.3.7 (/opt/ros/humble/share/ament_cmake/cmake)
[0.484s] -- Found Python3: /usr/bin/python3.10 (found version "3.10.12") found components: Interpreter 
[0.538s] -- Override CMake install command with custom implementation using symlinks instead of copying resources
[0.564s] -- Found ament_lint_auto: 0.12.10 (/opt/ros/humble/share/ament_lint_auto/cmake)
[0.629s] -- Added test 'black' to check Python code style
[0.630s] -- Added test 'copyright' to check source files copyright and LICENSE
[0.630s] -- Added test 'lint_cmake' to check CMake code style
[0.631s] -- Added test 'mypy' to statically type check Python code.
[0.631s] -- Added test 'xmllint' to check XML markup files
[0.633s] -- Configuring done
[0.635s] -- Generating done
[0.636s] -- Build files have been written to: /home/asm/leo_ws/build/leo_gz_bringup
[0.640s] Invoked command in '/home/asm/leo_ws/build/leo_gz_bringup' returned '0': AMENT_PREFIX_PATH=/home/asm/leo_ws/install/leo_gz_worlds:/home/asm/leo_ws/install/leo_gz_plugins:${AMENT_PREFIX_PATH} CMAKE_PREFIX_PATH=/home/asm/leo_ws/install/leo_gz_worlds:/home/asm/leo_ws/install/leo_gz_plugins:/opt/ros/humble LD_LIBRARY_PATH=/home/asm/leo_ws/install/leo_gz_plugins/lib:${LD_LIBRARY_PATH} /usr/bin/cmake /home/asm/leo_ws/src/leo_simulator-ros2/leo_gz_bringup -DAMENT_CMAKE_SYMLINK_INSTALL=1 -DCMAKE_INSTALL_PREFIX=/home/asm/leo_ws/install/leo_gz_bringup
[0.642s] Invoking command in '/home/asm/leo_ws/build/leo_gz_bringup': AMENT_PREFIX_PATH=/home/asm/leo_ws/install/leo_gz_worlds:/home/asm/leo_ws/install/leo_gz_plugins:${AMENT_PREFIX_PATH} CMAKE_PREFIX_PATH=/home/asm/leo_ws/install/leo_gz_worlds:/home/asm/leo_ws/install/leo_gz_plugins:/opt/ros/humble LD_LIBRARY_PATH=/home/asm/leo_ws/install/leo_gz_plugins/lib:${LD_LIBRARY_PATH} /usr/bin/cmake --build /home/asm/leo_ws/build/leo_gz_bringup -- -j12 -l12
[0.675s] Invoked command in '/home/asm/leo_ws/build/leo_gz_bringup' returned '0': AMENT_PREFIX_PATH=/home/asm/leo_ws/install/leo_gz_worlds:/home/asm/leo_ws/install/leo_gz_plugins:${AMENT_PREFIX_PATH} CMAKE_PREFIX_PATH=/home/asm/leo_ws/install/leo_gz_worlds:/home/asm/leo_ws/install/leo_gz_plugins:/opt/ros/humble LD_LIBRARY_PATH=/home/asm/leo_ws/install/leo_gz_plugins/lib:${LD_LIBRARY_PATH} /usr/bin/cmake --build /home/asm/leo_ws/build/leo_gz_bringup -- -j12 -l12
[0.692s] Invoking command in '/home/asm/leo_ws/build/leo_gz_bringup': AMENT_PREFIX_PATH=/home/asm/leo_ws/install/leo_gz_worlds:/home/asm/leo_ws/install/leo_gz_plugins:${AMENT_PREFIX_PATH} CMAKE_PREFIX_PATH=/home/asm/leo_ws/install/leo_gz_worlds:/home/asm/leo_ws/install/leo_gz_plugins:/opt/ros/humble LD_LIBRARY_PATH=/home/asm/leo_ws/install/leo_gz_plugins/lib:${LD_LIBRARY_PATH} /usr/bin/cmake --install /home/asm/leo_ws/build/leo_gz_bringup
[0.699s] -- Install configuration: ""
[0.700s] -- Execute custom install script
[0.700s] -- Symlinking: /home/asm/leo_ws/install/leo_gz_bringup/share/leo_gz_bringup/launch/leo_gz.launch.py
[0.708s] -- Symlinking: /home/asm/leo_ws/install/leo_gz_bringup/share/leo_gz_bringup/launch/spawn_robot.launch.py
[0.716s] -- Symlinking: /home/asm/leo_ws/install/leo_gz_bringup/share/ament_index/resource_index/package_run_dependencies/leo_gz_bringup
[0.725s] -- Symlinking: /home/asm/leo_ws/install/leo_gz_bringup/share/ament_index/resource_index/parent_prefix_path/leo_gz_bringup
[0.734s] -- Symlinking: /home/asm/leo_ws/install/leo_gz_bringup/share/leo_gz_bringup/environment/ament_prefix_path.sh
[0.743s] -- Symlinking: /home/asm/leo_ws/install/leo_gz_bringup/share/leo_gz_bringup/environment/ament_prefix_path.dsv
[0.752s] -- Symlinking: /home/asm/leo_ws/install/leo_gz_bringup/share/leo_gz_bringup/environment/path.sh
[0.760s] -- Symlinking: /home/asm/leo_ws/install/leo_gz_bringup/share/leo_gz_bringup/environment/path.dsv
[0.769s] -- Symlinking: /home/asm/leo_ws/install/leo_gz_bringup/share/leo_gz_bringup/local_setup.bash
[0.778s] -- Symlinking: /home/asm/leo_ws/install/leo_gz_bringup/share/leo_gz_bringup/local_setup.sh
[0.787s] -- Symlinking: /home/asm/leo_ws/install/leo_gz_bringup/share/leo_gz_bringup/local_setup.zsh
[0.795s] -- Symlinking: /home/asm/leo_ws/install/leo_gz_bringup/share/leo_gz_bringup/local_setup.dsv
[0.804s] -- Symlinking: /home/asm/leo_ws/install/leo_gz_bringup/share/leo_gz_bringup/package.dsv
[0.813s] -- Symlinking: /home/asm/leo_ws/install/leo_gz_bringup/share/ament_index/resource_index/packages/leo_gz_bringup
[0.821s] -- Symlinking: /home/asm/leo_ws/install/leo_gz_bringup/share/leo_gz_bringup/cmake/leo_gz_bringupConfig.cmake
[0.828s] -- Symlinking: /home/asm/leo_ws/install/leo_gz_bringup/share/leo_gz_bringup/cmake/leo_gz_bringupConfig-version.cmake
[0.835s] -- Symlinking: /home/asm/leo_ws/install/leo_gz_bringup/share/leo_gz_bringup/package.xml
[0.845s] Invoked command in '/home/asm/leo_ws/build/leo_gz_bringup' returned '0': AMENT_PREFIX_PATH=/home/asm/leo_ws/install/leo_gz_worlds:/home/asm/leo_ws/install/leo_gz_plugins:${AMENT_PREFIX_PATH} CMAKE_PREFIX_PATH=/home/asm/leo_ws/install/leo_gz_worlds:/home/asm/leo_ws/install/leo_gz_plugins:/opt/ros/humble LD_LIBRARY_PATH=/home/asm/leo_ws/install/leo_gz_plugins/lib:${LD_LIBRARY_PATH} /usr/bin/cmake --install /home/asm/leo_ws/build/leo_gz_bringup
