[0.030s] Invoking command in '/home/asm/leo_ws/build/leo_gz_plugins': CMAKE_PREFIX_PATH=/opt/ros/humble /usr/bin/cmake --build /home/asm/leo_ws/build/leo_gz_plugins -- -j12 -l12
[0.113s] -- Found ament_cmake: 1.3.8 (/opt/ros/humble/share/ament_cmake/cmake)
[0.275s] -- Override CMake install command with custom implementation using symlinks instead of copying resources
[0.304s] -- Looking for ignition-plugin1 -- found version 1.4.0
[0.320s] -- Searching for dependencies of ignition-plugin1
[0.322s] -- Searching for <ignition-plugin1> component [register]
[0.323s] -- Looking for ignition-plugin1-register -- found version 1.4.0
[0.324s] -- Searching for dependencies of ignition-plugin1-register
[0.328s] -- Looking for ignition-gazebo6 -- found version 6.16.0
[0.329s] -- Searching for dependencies of ignition-gazebo6
[0.333s] -- Looking for sdformat12 -- found version 12.7.2
[0.333s] -- Searching for dependencies of sdformat12
[0.340s] -- Checking for module 'tinyxml2'
[0.384s] --   Found tinyxml2, version 9.0.0
[0.457s] -- Looking for ignition-math6 -- found version 6.15.1
[0.457s] -- Searching for dependencies of ignition-math6
[0.457s] -- Looking for ignition-utils1 -- found version 1.5.1
[0.457s] -- Searching for dependencies of ignition-utils1
[0.458s] -- Looking for ignition-plugin1 -- found version 1.4.0
[0.458s] -- Searching for dependencies of ignition-plugin1
[0.458s] -- Searching for <ignition-plugin1> component [loader]
[0.458s] -- Looking for ignition-plugin1-loader -- found version 1.4.0
[0.458s] -- Searching for dependencies of ignition-plugin1-loader
[0.458s] -- Searching for <ignition-plugin1> component [register]
[0.458s] -- Looking for ignition-transport11 -- found version 11.4.1
[0.458s] -- Searching for dependencies of ignition-transport11
[0.514s] -- Config-file not installed for ZeroMQ -- checking for pkg-config
[0.543s] -- Checking for module 'libzmq >= 4'
[0.589s] --   Found libzmq , version 4.3.4
[0.752s] -- Checking for module 'uuid'
[0.829s] --   Found uuid, version 2.37.2
[0.917s] -- Looking for ignition-utils1 -- found version 1.5.1
[0.917s] -- Searching for dependencies of ignition-utils1
[0.917s] -- Searching for <ignition-utils1> component [cli]
[0.919s] -- Looking for ignition-utils1-cli -- found version 1.5.1
[0.919s] -- Searching for dependencies of ignition-utils1-cli
[0.921s] -- Looking for ignition-msgs8 -- found version 8.7.0
[0.922s] -- Searching for dependencies of ignition-msgs8
[0.952s] -- Found Protobuf: /usr/lib/x86_64-linux-gnu/libprotobuf.so (found suitable version "3.12.4", minimum required is "3") 
[0.953s] -- Looking for ignition-math6 -- found version 6.15.1
[0.981s] -- Searching for <ignition-transport11> component [log]
[0.982s] -- Looking for ignition-transport11-log -- found version 11.4.1
[0.983s] -- Searching for dependencies of ignition-transport11-log
[0.984s] -- Searching for <ignition-transport11> component [parameters]
[0.985s] -- Looking for ignition-transport11-parameters -- found version 11.4.1
[0.986s] -- Searching for dependencies of ignition-transport11-parameters
[0.988s] -- Looking for ignition-msgs8 -- found version 8.7.0
[0.989s] -- Looking for ignition-common4 -- found version 4.7.0
[0.990s] -- Searching for dependencies of ignition-common4
[0.990s] -- Looking for dlfcn.h - found
[0.991s] -- Looking for libdl - found
[1.006s] -- Searching for <ignition-common4> component [profiler]
[1.007s] -- Looking for ignition-common4-profiler -- found version 4.7.0
[1.008s] -- Searching for dependencies of ignition-common4-profiler
[1.009s] -- Searching for <ignition-common4> component [events]
[1.010s] -- Looking for ignition-common4-events -- found version 4.7.0
[1.011s] -- Searching for dependencies of ignition-common4-events
[1.012s] -- Looking for ignition-math6 -- found version 6.15.1
[1.015s] -- Searching for <ignition-common4> component [av]
[1.016s] -- Looking for ignition-common4-av -- found version 4.7.0
[1.017s] -- Searching for dependencies of ignition-common4-av
[1.025s] -- Checking for module 'libswscale'
[1.073s] --   Found libswscale, version 5.9.100
[1.216s] -- Checking for module 'libavdevice >= 56.4.100'
[1.236s] --   Found libavdevice , version 58.13.100
[1.289s] -- Checking for module 'libavformat'
[1.303s] --   Found libavformat, version 58.76.100
[1.337s] -- Checking for module 'libavcodec'
[1.350s] --   Found libavcodec, version 58.134.100
[1.388s] -- Checking for module 'libavutil'
[1.401s] --   Found libavutil, version 56.70.100
[1.431s] -- Looking for ignition-fuel_tools7 -- found version 7.3.0
[1.432s] -- Searching for dependencies of ignition-fuel_tools7
[1.481s] -- Checking for module 'jsoncpp'
[1.492s] --   Found jsoncpp, version 1.9.5
[1.525s] -- Checking for module 'libzip'
[1.534s] --   Found libzip, version 1.7.3
[1.559s] -- Looking for ignition-common4 -- found version 4.7.0
[1.559s] -- Looking for ignition-math6 -- found version 6.15.1
[1.560s] -- Looking for ignition-msgs8 -- found version 8.7.0
[1.561s] -- Looking for ignition-gui6 -- found version 6.8.0
[1.562s] -- Searching for dependencies of ignition-gui6
[1.587s] -- Looking for ignition-math6 -- found version 6.15.1
[1.587s] -- Looking for ignition-common4 -- found version 4.7.0
[1.588s] -- Looking for ignition-plugin1 -- found version 1.4.0
[1.589s] -- Looking for ignition-transport11 -- found version 11.4.1
[1.590s] -- Looking for ignition-rendering6 -- found version 6.6.3
[1.590s] -- Searching for dependencies of ignition-rendering6
[1.590s] -- Looking for ignition-math6 -- found version 6.15.1
[1.591s] -- Searching for dependencies of ignition-math6
[1.591s] -- Searching for <ignition-math6> component [eigen3]
[1.592s] -- Looking for ignition-math6-eigen3 -- found version 6.15.1
[1.592s] -- Searching for dependencies of ignition-math6-eigen3
[1.594s] -- Looking for ignition-common4 -- found version 4.7.0
[1.595s] -- Searching for dependencies of ignition-common4
[1.595s] -- Looking for dlfcn.h - found
[1.595s] -- Looking for libdl - found
[1.603s] -- Searching for <ignition-common4> component [graphics]
[1.604s] -- Looking for ignition-common4-graphics -- found version 4.7.0
[1.604s] -- Searching for dependencies of ignition-common4-graphics
[1.604s] -- Looking for ignition-math6 -- found version 6.15.1
[1.605s] -- Looking for ignition-utils1 -- found version 1.5.1
[1.606s] -- Searching for <ignition-common4> component [events]
[1.607s] -- Looking for ignition-plugin1 -- found version 1.4.0
[1.607s] -- Searching for dependencies of ignition-plugin1
[1.607s] -- Searching for <ignition-plugin1> component [all]
[1.608s] -- Looking for all libraries of ignition-plugin1 -- found version 1.4.0
[1.609s] -- Looking for ignition-plugin1 -- found version 1.4.0
[1.611s] -- Looking for ignition-msgs8 -- found version 8.7.0
[1.640s] -- Looking for ignition-physics5 -- found version 5.3.2
[1.640s] -- Searching for dependencies of ignition-physics5
[1.641s] -- Looking for ignition-math6 -- found version 6.15.1
[1.641s] -- Looking for ignition-plugin1 -- found version 1.4.0
[1.642s] -- Looking for ignition-utils1 -- found version 1.5.1
[1.643s] -- Searching for <ignition-physics5> component [heightmap]
[1.643s] -- Looking for ignition-physics5-heightmap -- found version 5.3.2
[1.644s] -- Searching for dependencies of ignition-physics5-heightmap
[1.644s] -- Looking for ignition-common4 -- found version 4.7.0
[1.645s] -- Searching for <ignition-physics5> component [mesh]
[1.645s] -- Looking for ignition-physics5-mesh -- found version 5.3.2
[1.646s] -- Searching for dependencies of ignition-physics5-mesh
[1.646s] -- Looking for ignition-common4 -- found version 4.7.0
[1.647s] -- Searching for <ignition-physics5> component [sdf]
[1.647s] -- Looking for ignition-physics5-sdf -- found version 5.3.2
[1.648s] -- Searching for dependencies of ignition-physics5-sdf
[1.648s] -- Looking for sdformat12 -- found version 12.7.2
[1.650s] -- Looking for ignition-sensors6 -- found version 6.8.0
[1.651s] -- Searching for dependencies of ignition-sensors6
[1.668s] -- Found Protobuf: /usr/lib/x86_64-linux-gnu/libprotobuf.so (found version "3.12.4") 
[1.669s] -- Looking for ignition-math6 -- found version 6.15.1
[1.670s] -- Looking for ignition-common4 -- found version 4.7.0
[1.670s] -- Looking for ignition-transport11 -- found version 11.4.1
[1.670s] -- Looking for ignition-rendering6 -- found version 6.6.3
[1.671s] -- Looking for ignition-msgs8 -- found version 8.7.0
[1.671s] -- Looking for sdformat12 -- found version 12.7.2
[1.672s] -- Searching for <ignition-sensors6> component [air_pressure]
[1.673s] -- Looking for ignition-sensors6-air_pressure -- found version 6.8.0
[1.674s] -- Searching for dependencies of ignition-sensors6-air_pressure
[1.675s] -- Searching for <ignition-sensors6> component [altimeter]
[1.675s] -- Looking for ignition-sensors6-altimeter -- found version 6.8.0
[1.676s] -- Searching for dependencies of ignition-sensors6-altimeter
[1.676s] -- Searching for <ignition-sensors6> component [imu]
[1.677s] -- Looking for ignition-sensors6-imu -- found version 6.8.0
[1.678s] -- Searching for dependencies of ignition-sensors6-imu
[1.678s] -- Searching for <ignition-sensors6> component [force_torque]
[1.679s] -- Looking for ignition-sensors6-force_torque -- found version 6.8.0
[1.680s] -- Searching for dependencies of ignition-sensors6-force_torque
[1.680s] -- Searching for <ignition-sensors6> component [logical_camera]
[1.681s] -- Looking for ignition-sensors6-logical_camera -- found version 6.8.0
[1.681s] -- Searching for dependencies of ignition-sensors6-logical_camera
[1.682s] -- Searching for <ignition-sensors6> component [magnetometer]
[1.683s] -- Looking for ignition-sensors6-magnetometer -- found version 6.8.0
[1.683s] -- Searching for dependencies of ignition-sensors6-magnetometer
[1.684s] -- Searching for <ignition-sensors6> component [navsat]
[1.685s] -- Looking for ignition-sensors6-navsat -- found version 6.8.0
[1.685s] -- Searching for dependencies of ignition-sensors6-navsat
[1.686s] -- Searching for <ignition-sensors6> component [rendering]
[1.687s] -- Looking for ignition-sensors6-rendering -- found version 6.8.0
[1.687s] -- Searching for dependencies of ignition-sensors6-rendering
[1.688s] -- Searching for <ignition-sensors6> component [lidar]
[1.688s] -- Looking for ignition-sensors6-lidar -- found version 6.8.0
[1.689s] -- Searching for dependencies of ignition-sensors6-lidar
[1.689s] -- Looking for ignition-sensors6 -- found version 6.8.0
[1.690s] -- Searching for <ignition-sensors6> component [gpu_lidar]
[1.691s] -- Looking for ignition-sensors6-gpu_lidar -- found version 6.8.0
[1.691s] -- Searching for dependencies of ignition-sensors6-gpu_lidar
[1.692s] -- Looking for ignition-sensors6 -- found version 6.8.0
[1.692s] -- Searching for <ignition-sensors6> component [camera]
[1.693s] -- Looking for ignition-sensors6-camera -- found version 6.8.0
[1.693s] -- Searching for dependencies of ignition-sensors6-camera
[1.694s] -- Looking for ignition-sensors6 -- found version 6.8.0
[1.695s] -- Searching for <ignition-sensors6> component [boundingbox_camera]
[1.695s] -- Looking for ignition-sensors6-boundingbox_camera -- found version 6.8.0
[1.696s] -- Searching for dependencies of ignition-sensors6-boundingbox_camera
[1.697s] -- Searching for <ignition-sensors6> component [segmentation_camera]
[1.697s] -- Looking for ignition-sensors6-segmentation_camera -- found version 6.8.0
[1.698s] -- Searching for dependencies of ignition-sensors6-segmentation_camera
[1.698s] -- Searching for <ignition-sensors6> component [depth_camera]
[1.699s] -- Looking for ignition-sensors6-depth_camera -- found version 6.8.0
[1.700s] -- Searching for dependencies of ignition-sensors6-depth_camera
[1.700s] -- Looking for ignition-sensors6 -- found version 6.8.0
[1.701s] -- Searching for <ignition-sensors6> component [rgbd_camera]
[1.701s] -- Looking for ignition-sensors6-rgbd_camera -- found version 6.8.0
[1.702s] -- Searching for dependencies of ignition-sensors6-rgbd_camera
[1.702s] -- Looking for ignition-sensors6 -- found version 6.8.0
[1.703s] -- Searching for <ignition-sensors6> component [thermal_camera]
[1.704s] -- Looking for ignition-sensors6-thermal_camera -- found version 6.8.0
[1.704s] -- Searching for dependencies of ignition-sensors6-thermal_camera
[1.705s] -- Looking for ignition-sensors6 -- found version 6.8.0
[1.706s] -- Looking for ignition-rendering6 -- found version 6.6.3
[1.706s] -- Looking for ignition-math6 -- found version 6.15.1
[1.707s] -- Looking for ignition-utils1 -- found version 1.5.1
[1.725s] -- Found ament_lint_auto: 0.12.10 (/opt/ros/humble/share/ament_lint_auto/cmake)
[1.804s] -- Added test 'copyright' to check source files copyright and LICENSE
[1.805s] -- Added test 'cpplint' to check C / C++ code against the Google style
[1.805s] -- Configured cpplint exclude dirs and/or files: 
[1.805s] -- Added test 'lint_cmake' to check CMake code style
[1.806s] -- Added test 'uncrustify' to check C / C++ code style
[1.806s] -- Configured uncrustify additional arguments: 
[1.807s] -- Added test 'xmllint' to check XML markup files
[1.808s] -- Configuring done
[1.824s] -- Generating done
[1.826s] -- Build files have been written to: /home/asm/leo_ws/build/leo_gz_plugins
[1.846s] [35m[1mConsolidate compiler generated dependencies of target leo_gz_differential_plugin[0m
[1.874s] [ 50%] [32mBuilding CXX object CMakeFiles/leo_gz_differential_plugin.dir/src/differential_system.cpp.o[0m
[14.616s] [100%] [32m[1mLinking CXX shared library libleo_gz_differential_plugin.so[0m
[15.257s] [100%] Built target leo_gz_differential_plugin
[15.266s] Invoked command in '/home/asm/leo_ws/build/leo_gz_plugins' returned '0': CMAKE_PREFIX_PATH=/opt/ros/humble /usr/bin/cmake --build /home/asm/leo_ws/build/leo_gz_plugins -- -j12 -l12
[15.286s] Invoking command in '/home/asm/leo_ws/build/leo_gz_plugins': CMAKE_PREFIX_PATH=/opt/ros/humble /usr/bin/cmake --install /home/asm/leo_ws/build/leo_gz_plugins
[15.292s] -- Install configuration: ""
[15.292s] -- Execute custom install script
[15.293s] -- Up-to-date symlink: /home/asm/leo_ws/install/leo_gz_plugins/lib/libleo_gz_differential_plugin.so
[15.293s] -- Up-to-date symlink: /home/asm/leo_ws/install/leo_gz_plugins/share/leo_gz_plugins/environment/gz_sim_system_plugin_path.dsv
[15.294s] -- Up-to-date symlink: /home/asm/leo_ws/install/leo_gz_plugins/share/ament_index/resource_index/package_run_dependencies/leo_gz_plugins
[15.294s] -- Up-to-date symlink: /home/asm/leo_ws/install/leo_gz_plugins/share/ament_index/resource_index/parent_prefix_path/leo_gz_plugins
[15.295s] -- Up-to-date symlink: /home/asm/leo_ws/install/leo_gz_plugins/share/leo_gz_plugins/environment/ament_prefix_path.sh
[15.295s] -- Up-to-date symlink: /home/asm/leo_ws/install/leo_gz_plugins/share/leo_gz_plugins/environment/ament_prefix_path.dsv
[15.295s] -- Up-to-date symlink: /home/asm/leo_ws/install/leo_gz_plugins/share/leo_gz_plugins/environment/path.sh
[15.295s] -- Up-to-date symlink: /home/asm/leo_ws/install/leo_gz_plugins/share/leo_gz_plugins/environment/path.dsv
[15.296s] -- Up-to-date symlink: /home/asm/leo_ws/install/leo_gz_plugins/share/leo_gz_plugins/local_setup.bash
[15.296s] -- Up-to-date symlink: /home/asm/leo_ws/install/leo_gz_plugins/share/leo_gz_plugins/local_setup.sh
[15.296s] -- Up-to-date symlink: /home/asm/leo_ws/install/leo_gz_plugins/share/leo_gz_plugins/local_setup.zsh
[15.296s] -- Up-to-date symlink: /home/asm/leo_ws/install/leo_gz_plugins/share/leo_gz_plugins/local_setup.dsv
[15.297s] -- Symlinking: /home/asm/leo_ws/install/leo_gz_plugins/share/leo_gz_plugins/package.dsv
[15.305s] -- Up-to-date symlink: /home/asm/leo_ws/install/leo_gz_plugins/share/ament_index/resource_index/packages/leo_gz_plugins
[15.306s] -- Up-to-date symlink: /home/asm/leo_ws/install/leo_gz_plugins/share/leo_gz_plugins/cmake/leo_gz_pluginsConfig.cmake
[15.306s] -- Up-to-date symlink: /home/asm/leo_ws/install/leo_gz_plugins/share/leo_gz_plugins/cmake/leo_gz_pluginsConfig-version.cmake
[15.307s] -- Up-to-date symlink: /home/asm/leo_ws/install/leo_gz_plugins/share/leo_gz_plugins/package.xml
[15.309s] Invoked command in '/home/asm/leo_ws/build/leo_gz_plugins' returned '0': CMAKE_PREFIX_PATH=/opt/ros/humble /usr/bin/cmake --install /home/asm/leo_ws/build/leo_gz_plugins
