[0.010s] Invoking command in '/home/asm/leo_ws/build/leo_gz_bringup': AMENT_PREFIX_PATH=/home/asm/leo_ws/install/leo_gz_worlds:/home/asm/leo_ws/install/leo_gz_plugins:${AMENT_PREFIX_PATH} CMAKE_PREFIX_PATH=/home/asm/leo_ws/install/leo_gz_worlds:/home/asm/leo_ws/install/leo_gz_plugins:/opt/ros/humble LD_LIBRARY_PATH=/home/asm/leo_ws/install/leo_gz_plugins/lib:${LD_LIBRARY_PATH} /usr/bin/cmake --build /home/asm/leo_ws/build/leo_gz_bringup -- -j12 -l12
[0.042s] -- Found ament_cmake: 1.3.8 (/opt/ros/humble/share/ament_cmake/cmake)
[0.183s] -- Override CMake install command with custom implementation using symlinks instead of copying resources
[0.200s] -- Found ament_lint_auto: 0.12.10 (/opt/ros/humble/share/ament_lint_auto/cmake)
[0.280s] -- Added test 'black' to check Python code style
[0.280s] -- Added test 'copyright' to check source files copyright and LICENSE
[0.281s] -- Added test 'lint_cmake' to check CMake code style
[0.281s] -- Added test 'mypy' to statically type check Python code.
[0.282s] -- Added test 'xmllint' to check XML markup files
[0.284s] -- Configuring done
[0.289s] -- Generating done
[0.290s] -- Build files have been written to: /home/asm/leo_ws/build/leo_gz_bringup
[0.312s] Invoked command in '/home/asm/leo_ws/build/leo_gz_bringup' returned '0': AMENT_PREFIX_PATH=/home/asm/leo_ws/install/leo_gz_worlds:/home/asm/leo_ws/install/leo_gz_plugins:${AMENT_PREFIX_PATH} CMAKE_PREFIX_PATH=/home/asm/leo_ws/install/leo_gz_worlds:/home/asm/leo_ws/install/leo_gz_plugins:/opt/ros/humble LD_LIBRARY_PATH=/home/asm/leo_ws/install/leo_gz_plugins/lib:${LD_LIBRARY_PATH} /usr/bin/cmake --build /home/asm/leo_ws/build/leo_gz_bringup -- -j12 -l12
[0.334s] Invoking command in '/home/asm/leo_ws/build/leo_gz_bringup': AMENT_PREFIX_PATH=/home/asm/leo_ws/install/leo_gz_worlds:/home/asm/leo_ws/install/leo_gz_plugins:${AMENT_PREFIX_PATH} CMAKE_PREFIX_PATH=/home/asm/leo_ws/install/leo_gz_worlds:/home/asm/leo_ws/install/leo_gz_plugins:/opt/ros/humble LD_LIBRARY_PATH=/home/asm/leo_ws/install/leo_gz_plugins/lib:${LD_LIBRARY_PATH} /usr/bin/cmake --install /home/asm/leo_ws/build/leo_gz_bringup
[0.342s] -- Install configuration: ""
[0.343s] -- Execute custom install script
[0.343s] -- Up-to-date symlink: /home/asm/leo_ws/install/leo_gz_bringup/share/leo_gz_bringup/launch/leo_gz.launch.py
[0.344s] -- Up-to-date symlink: /home/asm/leo_ws/install/leo_gz_bringup/share/leo_gz_bringup/launch/spawn_robot.launch.py
[0.344s] -- Symlinking: /home/asm/leo_ws/install/leo_gz_bringup/lib/leo_gz_bringup/addTF.py
[0.353s] -- Up-to-date symlink: /home/asm/leo_ws/install/leo_gz_bringup/share/ament_index/resource_index/package_run_dependencies/leo_gz_bringup
[0.353s] -- Up-to-date symlink: /home/asm/leo_ws/install/leo_gz_bringup/share/ament_index/resource_index/parent_prefix_path/leo_gz_bringup
[0.353s] -- Up-to-date symlink: /home/asm/leo_ws/install/leo_gz_bringup/share/leo_gz_bringup/environment/ament_prefix_path.sh
[0.354s] -- Up-to-date symlink: /home/asm/leo_ws/install/leo_gz_bringup/share/leo_gz_bringup/environment/ament_prefix_path.dsv
[0.354s] -- Up-to-date symlink: /home/asm/leo_ws/install/leo_gz_bringup/share/leo_gz_bringup/environment/path.sh
[0.354s] -- Up-to-date symlink: /home/asm/leo_ws/install/leo_gz_bringup/share/leo_gz_bringup/environment/path.dsv
[0.354s] -- Up-to-date symlink: /home/asm/leo_ws/install/leo_gz_bringup/share/leo_gz_bringup/local_setup.bash
[0.355s] -- Up-to-date symlink: /home/asm/leo_ws/install/leo_gz_bringup/share/leo_gz_bringup/local_setup.sh
[0.355s] -- Up-to-date symlink: /home/asm/leo_ws/install/leo_gz_bringup/share/leo_gz_bringup/local_setup.zsh
[0.355s] -- Up-to-date symlink: /home/asm/leo_ws/install/leo_gz_bringup/share/leo_gz_bringup/local_setup.dsv
[0.355s] -- Symlinking: /home/asm/leo_ws/install/leo_gz_bringup/share/leo_gz_bringup/package.dsv
[0.364s] -- Up-to-date symlink: /home/asm/leo_ws/install/leo_gz_bringup/share/ament_index/resource_index/packages/leo_gz_bringup
[0.364s] -- Up-to-date symlink: /home/asm/leo_ws/install/leo_gz_bringup/share/leo_gz_bringup/cmake/leo_gz_bringupConfig.cmake
[0.364s] -- Up-to-date symlink: /home/asm/leo_ws/install/leo_gz_bringup/share/leo_gz_bringup/cmake/leo_gz_bringupConfig-version.cmake
[0.364s] -- Up-to-date symlink: /home/asm/leo_ws/install/leo_gz_bringup/share/leo_gz_bringup/package.xml
[0.371s] Invoked command in '/home/asm/leo_ws/build/leo_gz_bringup' returned '0': AMENT_PREFIX_PATH=/home/asm/leo_ws/install/leo_gz_worlds:/home/asm/leo_ws/install/leo_gz_plugins:${AMENT_PREFIX_PATH} CMAKE_PREFIX_PATH=/home/asm/leo_ws/install/leo_gz_worlds:/home/asm/leo_ws/install/leo_gz_plugins:/opt/ros/humble LD_LIBRARY_PATH=/home/asm/leo_ws/install/leo_gz_plugins/lib:${LD_LIBRARY_PATH} /usr/bin/cmake --install /home/asm/leo_ws/build/leo_gz_bringup
