[35m[1mConsolidate compiler generated dependencies of target leo_msgs__rosidl_generator_c[0m
[  1%] Built target leo_msgs__cpp
[ 12%] Built target leo_msgs__rosidl_generator_c
[ 12%] Built target ament_cmake_python_symlink_leo_msgs
[35m[1mConsolidate compiler generated dependencies of target leo_msgs__rosidl_typesupport_cpp[0m
[35m[1mConsolidate compiler generated dependencies of target leo_msgs__rosidl_typesupport_introspection_cpp[0m
[35m[1mConsolidate compiler generated dependencies of target leo_msgs__rosidl_typesupport_fastrtps_cpp[0m
[35m[1mConsolidate compiler generated dependencies of target leo_msgs__rosidl_typesupport_fastrtps_c[0m
[35m[1mConsolidate compiler generated dependencies of target leo_msgs__rosidl_typesupport_c[0m
[35m[1mConsolidate compiler generated dependencies of target leo_msgs__rosidl_typesupport_introspection_c[0m
[ 23%] Built target leo_msgs__rosidl_typesupport_cpp
[ 34%] Built target leo_msgs__rosidl_typesupport_introspection_cpp
[ 46%] Built target leo_msgs__rosidl_typesupport_introspection_c
[ 57%] Built target leo_msgs__rosidl_typesupport_c
[ 68%] Built target leo_msgs__rosidl_typesupport_fastrtps_cpp
[ 79%] Built target leo_msgs__rosidl_typesupport_fastrtps_c
[ 79%] Built target leo_msgs
[ 80%] Built target leo_msgs__py
[35m[1mConsolidate compiler generated dependencies of target leo_msgs__rosidl_generator_py[0m
[ 90%] Built target leo_msgs__rosidl_generator_py
[35m[1mConsolidate compiler generated dependencies of target leo_msgs__rosidl_typesupport_c__pyext[0m
[35m[1mConsolidate compiler generated dependencies of target leo_msgs__rosidl_typesupport_introspection_c__pyext[0m
[35m[1mConsolidate compiler generated dependencies of target leo_msgs__rosidl_typesupport_fastrtps_c__pyext[0m
[100%] Built target leo_msgs__rosidl_typesupport_fastrtps_c__pyext
[100%] Built target leo_msgs__rosidl_typesupport_c__pyext
[100%] Built target leo_msgs__rosidl_typesupport_introspection_c__pyext
running egg_info
writing leo_msgs.egg-info/PKG-INFO
writing dependency_links to leo_msgs.egg-info/dependency_links.txt
writing top-level names to leo_msgs.egg-info/top_level.txt
reading manifest file 'leo_msgs.egg-info/SOURCES.txt'
writing manifest file 'leo_msgs.egg-info/SOURCES.txt'
[100%] Built target ament_cmake_python_build_leo_msgs_egg
