[0.024s] Invoking command in '/home/asm/leo_ws/build/leo_msgs': CMAKE_PREFIX_PATH=/opt/ros/humble /usr/bin/cmake --build /home/asm/leo_ws/build/leo_msgs -- -j12 -l12
[0.558s] [35m[1mConsolidate compiler generated dependencies of target leo_msgs__rosidl_generator_c[0m
[0.559s] [  1%] Built target leo_msgs__cpp
[0.559s] [ 12%] Built target leo_msgs__rosidl_generator_c
[0.559s] [ 12%] Built target ament_cmake_python_symlink_leo_msgs
[0.559s] [35m[1mConsolidate compiler generated dependencies of target leo_msgs__rosidl_typesupport_cpp[0m
[0.559s] [35m[1mConsolidate compiler generated dependencies of target leo_msgs__rosidl_typesupport_introspection_cpp[0m
[0.559s] [35m[1mConsolidate compiler generated dependencies of target leo_msgs__rosidl_typesupport_fastrtps_cpp[0m
[0.559s] [35m[1mConsolidate compiler generated dependencies of target leo_msgs__rosidl_typesupport_fastrtps_c[0m
[0.559s] [35m[1mConsolidate compiler generated dependencies of target leo_msgs__rosidl_typesupport_c[0m
[0.559s] [35m[1mConsolidate compiler generated dependencies of target leo_msgs__rosidl_typesupport_introspection_c[0m
[0.560s] [ 23%] Built target leo_msgs__rosidl_typesupport_cpp
[0.560s] [ 34%] Built target leo_msgs__rosidl_typesupport_introspection_cpp
[0.560s] [ 46%] Built target leo_msgs__rosidl_typesupport_introspection_c
[0.560s] [ 57%] Built target leo_msgs__rosidl_typesupport_c
[0.560s] [ 68%] Built target leo_msgs__rosidl_typesupport_fastrtps_cpp
[0.560s] [ 79%] Built target leo_msgs__rosidl_typesupport_fastrtps_c
[0.560s] [ 79%] Built target leo_msgs
[0.560s] [ 80%] Built target leo_msgs__py
[0.560s] [35m[1mConsolidate compiler generated dependencies of target leo_msgs__rosidl_generator_py[0m
[0.560s] [ 90%] Built target leo_msgs__rosidl_generator_py
[0.560s] [35m[1mConsolidate compiler generated dependencies of target leo_msgs__rosidl_typesupport_c__pyext[0m
[0.560s] [35m[1mConsolidate compiler generated dependencies of target leo_msgs__rosidl_typesupport_introspection_c__pyext[0m
[0.560s] [35m[1mConsolidate compiler generated dependencies of target leo_msgs__rosidl_typesupport_fastrtps_c__pyext[0m
[0.560s] [100%] Built target leo_msgs__rosidl_typesupport_fastrtps_c__pyext
[0.560s] [100%] Built target leo_msgs__rosidl_typesupport_c__pyext
[0.560s] [100%] Built target leo_msgs__rosidl_typesupport_introspection_c__pyext
[0.560s] running egg_info
[0.561s] writing leo_msgs.egg-info/PKG-INFO
[0.561s] writing dependency_links to leo_msgs.egg-info/dependency_links.txt
[0.561s] writing top-level names to leo_msgs.egg-info/top_level.txt
[0.561s] reading manifest file 'leo_msgs.egg-info/SOURCES.txt'
[0.561s] writing manifest file 'leo_msgs.egg-info/SOURCES.txt'
[0.561s] [100%] Built target ament_cmake_python_build_leo_msgs_egg
[0.566s] Invoked command in '/home/asm/leo_ws/build/leo_msgs' returned '0': CMAKE_PREFIX_PATH=/opt/ros/humble /usr/bin/cmake --build /home/asm/leo_ws/build/leo_msgs -- -j12 -l12
