running develop
/usr/lib/python3/dist-packages/setuptools/command/easy_install.py:158: EasyInstallDeprecationWarning: easy_install command is deprecated. Use build and pip and other standards-based tools.
  warnings.warn(
/usr/lib/python3/dist-packages/setuptools/command/install.py:34: SetuptoolsDeprecationWarning: setup.py install is deprecated. Use build and pip and other standards-based tools.
  warnings.warn(
running egg_info
creating odom_package.egg-info
writing odom_package.egg-info/PKG-INFO
writing dependency_links to odom_package.egg-info/dependency_links.txt
writing entry points to odom_package.egg-info/entry_points.txt
writing requirements to odom_package.egg-info/requires.txt
writing top-level names to odom_package.egg-info/top_level.txt
writing manifest file 'odom_package.egg-info/SOURCES.txt'
reading manifest file 'odom_package.egg-info/SOURCES.txt'
writing manifest file 'odom_package.egg-info/SOURCES.txt'
running build_ext
Creating /home/asm/leo_ws/install/odom_package/lib/python3.10/site-packages/odom-package.egg-link (link to .)
Installing odom_node script to /home/asm/leo_ws/install/odom_package/lib/odom_package

Installed /home/asm/leo_ws/build/odom_package
running install_data
creating /home/asm/leo_ws/install/odom_package/share/ament_index
creating /home/asm/leo_ws/install/odom_package/share/ament_index/resource_index
creating /home/asm/leo_ws/install/odom_package/share/ament_index/resource_index/packages
copying resource/odom_package -> /home/asm/leo_ws/install/odom_package/share/ament_index/resource_index/packages
copying package.xml -> /home/asm/leo_ws/install/odom_package/share/odom_package
