[0.200s] DEBUG:colcon:Command line arguments: ['/usr/bin/colcon', 'build', '--packages-select', 'paqueteros2']
[0.200s] DEBUG:colcon:Parsed command line arguments: Namespace(log_base=None, log_level=None, verb_name='build', build_base='build', install_base='install', merge_install=False, symlink_install=False, test_result_base=None, continue_on_error=False, executor='parallel', parallel_workers=12, event_handlers=None, ignore_user_meta=False, metas=['./colcon.meta'], base_paths=['.'], packages_ignore=None, packages_ignore_regex=None, paths=None, packages_up_to=None, packages_up_to_regex=None, packages_above=None, packages_above_and_dependencies=None, packages_above_depth=None, packages_select_by_dep=None, packages_skip_by_dep=None, packages_skip_up_to=None, packages_select_build_failed=False, packages_skip_build_finished=False, packages_select_test_failures=False, packages_skip_test_passed=False, packages_select=['paqueteros2'], packages_skip=None, packages_select_regex=None, packages_skip_regex=None, packages_start=None, packages_end=None, allow_overriding=[], cmake_args=None, cmake_target=None, cmake_target_skip_unavailable=False, cmake_clean_cache=False, cmake_clean_first=False, cmake_force_configure=False, ament_cmake_args=None, catkin_cmake_args=None, catkin_skip_building_tests=False, mixin_files=None, mixin=None, verb_parser=<colcon_mixin.mixin.mixin_argument.MixinArgumentDecorator object at 0x7cbed8790520>, verb_extension=<colcon_core.verb.build.BuildVerb object at 0x7cbed875ff70>, main=<bound method BuildVerb.main of <colcon_core.verb.build.BuildVerb object at 0x7cbed875ff70>>, mixin_verb=('build',))
[0.502s] Level 1:colcon.colcon_core.package_discovery:discover_packages(colcon_meta) check parameters
[0.502s] Level 1:colcon.colcon_core.package_discovery:discover_packages(recursive) check parameters
[0.503s] Level 1:colcon.colcon_core.package_discovery:discover_packages(ignore) check parameters
[0.503s] Level 1:colcon.colcon_core.package_discovery:discover_packages(path) check parameters
[0.503s] Level 1:colcon.colcon_core.package_discovery:discover_packages(colcon_meta) discover
[0.503s] Level 1:colcon.colcon_core.package_discovery:discover_packages(recursive) discover
[0.503s] INFO:colcon.colcon_core.package_discovery:Crawling recursively for packages in '/home/asm/leo_ws'
[0.504s] Level 1:colcon.colcon_core.package_identification:_identify(.) by extensions ['ignore', 'ignore_ament_install']
[0.504s] Level 1:colcon.colcon_core.package_identification:_identify(.) by extension 'ignore'
[0.504s] Level 1:colcon.colcon_core.package_identification:_identify(.) by extension 'ignore_ament_install'
[0.504s] Level 1:colcon.colcon_core.package_identification:_identify(.) by extensions ['colcon_pkg']
[0.504s] Level 1:colcon.colcon_core.package_identification:_identify(.) by extension 'colcon_pkg'
[0.504s] Level 1:colcon.colcon_core.package_identification:_identify(.) by extensions ['colcon_meta']
[0.504s] Level 1:colcon.colcon_core.package_identification:_identify(.) by extension 'colcon_meta'
[0.504s] Level 1:colcon.colcon_core.package_identification:_identify(.) by extensions ['ros']
[0.504s] Level 1:colcon.colcon_core.package_identification:_identify(.) by extension 'ros'
[0.522s] Level 1:colcon.colcon_core.package_identification:_identify(.) by extensions ['cmake', 'python']
[0.523s] Level 1:colcon.colcon_core.package_identification:_identify(.) by extension 'cmake'
[0.523s] Level 1:colcon.colcon_core.package_identification:_identify(.) by extension 'python'
[0.523s] Level 1:colcon.colcon_core.package_identification:_identify(.) by extensions ['python_setup_py']
[0.523s] Level 1:colcon.colcon_core.package_identification:_identify(.) by extension 'python_setup_py'
[0.523s] Level 1:colcon.colcon_core.package_identification:_identify(build) by extensions ['ignore', 'ignore_ament_install']
[0.523s] Level 1:colcon.colcon_core.package_identification:_identify(build) by extension 'ignore'
[0.523s] Level 1:colcon.colcon_core.package_identification:_identify(build) ignored
[0.523s] Level 1:colcon.colcon_core.package_identification:_identify(install) by extensions ['ignore', 'ignore_ament_install']
[0.524s] Level 1:colcon.colcon_core.package_identification:_identify(install) by extension 'ignore'
[0.524s] Level 1:colcon.colcon_core.package_identification:_identify(install) ignored
[0.524s] Level 1:colcon.colcon_core.package_identification:_identify(log) by extensions ['ignore', 'ignore_ament_install']
[0.524s] Level 1:colcon.colcon_core.package_identification:_identify(log) by extension 'ignore'
[0.524s] Level 1:colcon.colcon_core.package_identification:_identify(log) ignored
[0.524s] Level 1:colcon.colcon_core.package_identification:_identify(src) by extensions ['ignore', 'ignore_ament_install']
[0.524s] Level 1:colcon.colcon_core.package_identification:_identify(src) by extension 'ignore'
[0.524s] Level 1:colcon.colcon_core.package_identification:_identify(src) by extension 'ignore_ament_install'
[0.524s] Level 1:colcon.colcon_core.package_identification:_identify(src) by extensions ['colcon_pkg']
[0.524s] Level 1:colcon.colcon_core.package_identification:_identify(src) by extension 'colcon_pkg'
[0.524s] Level 1:colcon.colcon_core.package_identification:_identify(src) by extensions ['colcon_meta']
[0.525s] Level 1:colcon.colcon_core.package_identification:_identify(src) by extension 'colcon_meta'
[0.525s] Level 1:colcon.colcon_core.package_identification:_identify(src) by extensions ['ros']
[0.525s] Level 1:colcon.colcon_core.package_identification:_identify(src) by extension 'ros'
[0.525s] Level 1:colcon.colcon_core.package_identification:_identify(src) by extensions ['cmake', 'python']
[0.525s] Level 1:colcon.colcon_core.package_identification:_identify(src) by extension 'cmake'
[0.525s] Level 1:colcon.colcon_core.package_identification:_identify(src) by extension 'python'
[0.525s] Level 1:colcon.colcon_core.package_identification:_identify(src) by extensions ['python_setup_py']
[0.525s] Level 1:colcon.colcon_core.package_identification:_identify(src) by extension 'python_setup_py'
[0.525s] Level 1:colcon.colcon_core.package_identification:_identify(src/leo_common-ros2) by extensions ['ignore', 'ignore_ament_install']
[0.525s] Level 1:colcon.colcon_core.package_identification:_identify(src/leo_common-ros2) by extension 'ignore'
[0.526s] Level 1:colcon.colcon_core.package_identification:_identify(src/leo_common-ros2) by extension 'ignore_ament_install'
[0.526s] Level 1:colcon.colcon_core.package_identification:_identify(src/leo_common-ros2) by extensions ['colcon_pkg']
[0.526s] Level 1:colcon.colcon_core.package_identification:_identify(src/leo_common-ros2) by extension 'colcon_pkg'
[0.526s] Level 1:colcon.colcon_core.package_identification:_identify(src/leo_common-ros2) by extensions ['colcon_meta']
[0.526s] Level 1:colcon.colcon_core.package_identification:_identify(src/leo_common-ros2) by extension 'colcon_meta'
[0.526s] Level 1:colcon.colcon_core.package_identification:_identify(src/leo_common-ros2) by extensions ['ros']
[0.526s] Level 1:colcon.colcon_core.package_identification:_identify(src/leo_common-ros2) by extension 'ros'
[0.526s] Level 1:colcon.colcon_core.package_identification:_identify(src/leo_common-ros2) by extensions ['cmake', 'python']
[0.526s] Level 1:colcon.colcon_core.package_identification:_identify(src/leo_common-ros2) by extension 'cmake'
[0.526s] Level 1:colcon.colcon_core.package_identification:_identify(src/leo_common-ros2) by extension 'python'
[0.526s] Level 1:colcon.colcon_core.package_identification:_identify(src/leo_common-ros2) by extensions ['python_setup_py']
[0.526s] Level 1:colcon.colcon_core.package_identification:_identify(src/leo_common-ros2) by extension 'python_setup_py'
[0.526s] Level 1:colcon.colcon_core.package_identification:_identify(src/leo_common-ros2/leo) by extensions ['ignore', 'ignore_ament_install']
[0.527s] Level 1:colcon.colcon_core.package_identification:_identify(src/leo_common-ros2/leo) by extension 'ignore'
[0.527s] Level 1:colcon.colcon_core.package_identification:_identify(src/leo_common-ros2/leo) by extension 'ignore_ament_install'
[0.527s] Level 1:colcon.colcon_core.package_identification:_identify(src/leo_common-ros2/leo) by extensions ['colcon_pkg']
[0.527s] Level 1:colcon.colcon_core.package_identification:_identify(src/leo_common-ros2/leo) by extension 'colcon_pkg'
[0.527s] Level 1:colcon.colcon_core.package_identification:_identify(src/leo_common-ros2/leo) by extensions ['colcon_meta']
[0.527s] Level 1:colcon.colcon_core.package_identification:_identify(src/leo_common-ros2/leo) by extension 'colcon_meta'
[0.527s] Level 1:colcon.colcon_core.package_identification:_identify(src/leo_common-ros2/leo) by extensions ['ros']
[0.527s] Level 1:colcon.colcon_core.package_identification:_identify(src/leo_common-ros2/leo) by extension 'ros'
[0.551s] DEBUG:colcon.colcon_core.package_identification:Package 'src/leo_common-ros2/leo' with type 'ros.ament_cmake' and name 'leo'
[0.551s] Level 1:colcon.colcon_core.package_identification:_identify(src/leo_common-ros2/leo_description) by extensions ['ignore', 'ignore_ament_install']
[0.552s] Level 1:colcon.colcon_core.package_identification:_identify(src/leo_common-ros2/leo_description) by extension 'ignore'
[0.552s] Level 1:colcon.colcon_core.package_identification:_identify(src/leo_common-ros2/leo_description) by extension 'ignore_ament_install'
[0.552s] Level 1:colcon.colcon_core.package_identification:_identify(src/leo_common-ros2/leo_description) by extensions ['colcon_pkg']
[0.552s] Level 1:colcon.colcon_core.package_identification:_identify(src/leo_common-ros2/leo_description) by extension 'colcon_pkg'
[0.552s] Level 1:colcon.colcon_core.package_identification:_identify(src/leo_common-ros2/leo_description) by extensions ['colcon_meta']
[0.552s] Level 1:colcon.colcon_core.package_identification:_identify(src/leo_common-ros2/leo_description) by extension 'colcon_meta'
[0.552s] Level 1:colcon.colcon_core.package_identification:_identify(src/leo_common-ros2/leo_description) by extensions ['ros']
[0.552s] Level 1:colcon.colcon_core.package_identification:_identify(src/leo_common-ros2/leo_description) by extension 'ros'
[0.553s] DEBUG:colcon.colcon_core.package_identification:Package 'src/leo_common-ros2/leo_description' with type 'ros.ament_cmake' and name 'leo_description'
[0.554s] Level 1:colcon.colcon_core.package_identification:_identify(src/leo_common-ros2/leo_msgs) by extensions ['ignore', 'ignore_ament_install']
[0.554s] Level 1:colcon.colcon_core.package_identification:_identify(src/leo_common-ros2/leo_msgs) by extension 'ignore'
[0.554s] Level 1:colcon.colcon_core.package_identification:_identify(src/leo_common-ros2/leo_msgs) by extension 'ignore_ament_install'
[0.554s] Level 1:colcon.colcon_core.package_identification:_identify(src/leo_common-ros2/leo_msgs) by extensions ['colcon_pkg']
[0.554s] Level 1:colcon.colcon_core.package_identification:_identify(src/leo_common-ros2/leo_msgs) by extension 'colcon_pkg'
[0.554s] Level 1:colcon.colcon_core.package_identification:_identify(src/leo_common-ros2/leo_msgs) by extensions ['colcon_meta']
[0.554s] Level 1:colcon.colcon_core.package_identification:_identify(src/leo_common-ros2/leo_msgs) by extension 'colcon_meta'
[0.554s] Level 1:colcon.colcon_core.package_identification:_identify(src/leo_common-ros2/leo_msgs) by extensions ['ros']
[0.554s] Level 1:colcon.colcon_core.package_identification:_identify(src/leo_common-ros2/leo_msgs) by extension 'ros'
[0.556s] DEBUG:colcon.colcon_core.package_identification:Package 'src/leo_common-ros2/leo_msgs' with type 'ros.ament_cmake' and name 'leo_msgs'
[0.556s] Level 1:colcon.colcon_core.package_identification:_identify(src/leo_common-ros2/leo_teleop) by extensions ['ignore', 'ignore_ament_install']
[0.556s] Level 1:colcon.colcon_core.package_identification:_identify(src/leo_common-ros2/leo_teleop) by extension 'ignore'
[0.556s] Level 1:colcon.colcon_core.package_identification:_identify(src/leo_common-ros2/leo_teleop) by extension 'ignore_ament_install'
[0.557s] Level 1:colcon.colcon_core.package_identification:_identify(src/leo_common-ros2/leo_teleop) by extensions ['colcon_pkg']
[0.557s] Level 1:colcon.colcon_core.package_identification:_identify(src/leo_common-ros2/leo_teleop) by extension 'colcon_pkg'
[0.557s] Level 1:colcon.colcon_core.package_identification:_identify(src/leo_common-ros2/leo_teleop) by extensions ['colcon_meta']
[0.557s] Level 1:colcon.colcon_core.package_identification:_identify(src/leo_common-ros2/leo_teleop) by extension 'colcon_meta'
[0.557s] Level 1:colcon.colcon_core.package_identification:_identify(src/leo_common-ros2/leo_teleop) by extensions ['ros']
[0.557s] Level 1:colcon.colcon_core.package_identification:_identify(src/leo_common-ros2/leo_teleop) by extension 'ros'
[0.558s] DEBUG:colcon.colcon_core.package_identification:Package 'src/leo_common-ros2/leo_teleop' with type 'ros.ament_cmake' and name 'leo_teleop'
[0.558s] Level 1:colcon.colcon_core.package_identification:_identify(src/leo_simulator-ros2) by extensions ['ignore', 'ignore_ament_install']
[0.558s] Level 1:colcon.colcon_core.package_identification:_identify(src/leo_simulator-ros2) by extension 'ignore'
[0.559s] Level 1:colcon.colcon_core.package_identification:_identify(src/leo_simulator-ros2) by extension 'ignore_ament_install'
[0.559s] Level 1:colcon.colcon_core.package_identification:_identify(src/leo_simulator-ros2) by extensions ['colcon_pkg']
[0.559s] Level 1:colcon.colcon_core.package_identification:_identify(src/leo_simulator-ros2) by extension 'colcon_pkg'
[0.559s] Level 1:colcon.colcon_core.package_identification:_identify(src/leo_simulator-ros2) by extensions ['colcon_meta']
[0.559s] Level 1:colcon.colcon_core.package_identification:_identify(src/leo_simulator-ros2) by extension 'colcon_meta'
[0.559s] Level 1:colcon.colcon_core.package_identification:_identify(src/leo_simulator-ros2) by extensions ['ros']
[0.559s] Level 1:colcon.colcon_core.package_identification:_identify(src/leo_simulator-ros2) by extension 'ros'
[0.559s] Level 1:colcon.colcon_core.package_identification:_identify(src/leo_simulator-ros2) by extensions ['cmake', 'python']
[0.559s] Level 1:colcon.colcon_core.package_identification:_identify(src/leo_simulator-ros2) by extension 'cmake'
[0.559s] Level 1:colcon.colcon_core.package_identification:_identify(src/leo_simulator-ros2) by extension 'python'
[0.559s] Level 1:colcon.colcon_core.package_identification:_identify(src/leo_simulator-ros2) by extensions ['python_setup_py']
[0.559s] Level 1:colcon.colcon_core.package_identification:_identify(src/leo_simulator-ros2) by extension 'python_setup_py'
[0.560s] Level 1:colcon.colcon_core.package_identification:_identify(src/leo_simulator-ros2/leo_gz_bringup) by extensions ['ignore', 'ignore_ament_install']
[0.560s] Level 1:colcon.colcon_core.package_identification:_identify(src/leo_simulator-ros2/leo_gz_bringup) by extension 'ignore'
[0.560s] Level 1:colcon.colcon_core.package_identification:_identify(src/leo_simulator-ros2/leo_gz_bringup) by extension 'ignore_ament_install'
[0.560s] Level 1:colcon.colcon_core.package_identification:_identify(src/leo_simulator-ros2/leo_gz_bringup) by extensions ['colcon_pkg']
[0.560s] Level 1:colcon.colcon_core.package_identification:_identify(src/leo_simulator-ros2/leo_gz_bringup) by extension 'colcon_pkg'
[0.560s] Level 1:colcon.colcon_core.package_identification:_identify(src/leo_simulator-ros2/leo_gz_bringup) by extensions ['colcon_meta']
[0.560s] Level 1:colcon.colcon_core.package_identification:_identify(src/leo_simulator-ros2/leo_gz_bringup) by extension 'colcon_meta'
[0.560s] Level 1:colcon.colcon_core.package_identification:_identify(src/leo_simulator-ros2/leo_gz_bringup) by extensions ['ros']
[0.560s] Level 1:colcon.colcon_core.package_identification:_identify(src/leo_simulator-ros2/leo_gz_bringup) by extension 'ros'
[0.562s] DEBUG:colcon.colcon_core.package_identification:Package 'src/leo_simulator-ros2/leo_gz_bringup' with type 'ros.ament_cmake' and name 'leo_gz_bringup'
[0.562s] Level 1:colcon.colcon_core.package_identification:_identify(src/leo_simulator-ros2/leo_gz_plugins) by extensions ['ignore', 'ignore_ament_install']
[0.563s] Level 1:colcon.colcon_core.package_identification:_identify(src/leo_simulator-ros2/leo_gz_plugins) by extension 'ignore'
[0.563s] Level 1:colcon.colcon_core.package_identification:_identify(src/leo_simulator-ros2/leo_gz_plugins) by extension 'ignore_ament_install'
[0.563s] Level 1:colcon.colcon_core.package_identification:_identify(src/leo_simulator-ros2/leo_gz_plugins) by extensions ['colcon_pkg']
[0.563s] Level 1:colcon.colcon_core.package_identification:_identify(src/leo_simulator-ros2/leo_gz_plugins) by extension 'colcon_pkg'
[0.563s] Level 1:colcon.colcon_core.package_identification:_identify(src/leo_simulator-ros2/leo_gz_plugins) by extensions ['colcon_meta']
[0.563s] Level 1:colcon.colcon_core.package_identification:_identify(src/leo_simulator-ros2/leo_gz_plugins) by extension 'colcon_meta'
[0.563s] Level 1:colcon.colcon_core.package_identification:_identify(src/leo_simulator-ros2/leo_gz_plugins) by extensions ['ros']
[0.563s] Level 1:colcon.colcon_core.package_identification:_identify(src/leo_simulator-ros2/leo_gz_plugins) by extension 'ros'
[0.582s] DEBUG:colcon.colcon_core.package_identification:Package 'src/leo_simulator-ros2/leo_gz_plugins' with type 'ros.ament_cmake' and name 'leo_gz_plugins'
[0.582s] Level 1:colcon.colcon_core.package_identification:_identify(src/leo_simulator-ros2/leo_gz_worlds) by extensions ['ignore', 'ignore_ament_install']
[0.582s] Level 1:colcon.colcon_core.package_identification:_identify(src/leo_simulator-ros2/leo_gz_worlds) by extension 'ignore'
[0.582s] Level 1:colcon.colcon_core.package_identification:_identify(src/leo_simulator-ros2/leo_gz_worlds) by extension 'ignore_ament_install'
[0.582s] Level 1:colcon.colcon_core.package_identification:_identify(src/leo_simulator-ros2/leo_gz_worlds) by extensions ['colcon_pkg']
[0.582s] Level 1:colcon.colcon_core.package_identification:_identify(src/leo_simulator-ros2/leo_gz_worlds) by extension 'colcon_pkg'
[0.582s] Level 1:colcon.colcon_core.package_identification:_identify(src/leo_simulator-ros2/leo_gz_worlds) by extensions ['colcon_meta']
[0.582s] Level 1:colcon.colcon_core.package_identification:_identify(src/leo_simulator-ros2/leo_gz_worlds) by extension 'colcon_meta'
[0.583s] Level 1:colcon.colcon_core.package_identification:_identify(src/leo_simulator-ros2/leo_gz_worlds) by extensions ['ros']
[0.583s] Level 1:colcon.colcon_core.package_identification:_identify(src/leo_simulator-ros2/leo_gz_worlds) by extension 'ros'
[0.584s] DEBUG:colcon.colcon_core.package_identification:Package 'src/leo_simulator-ros2/leo_gz_worlds' with type 'ros.ament_cmake' and name 'leo_gz_worlds'
[0.584s] Level 1:colcon.colcon_core.package_identification:_identify(src/leo_simulator-ros2/leo_simulator) by extensions ['ignore', 'ignore_ament_install']
[0.584s] Level 1:colcon.colcon_core.package_identification:_identify(src/leo_simulator-ros2/leo_simulator) by extension 'ignore'
[0.584s] Level 1:colcon.colcon_core.package_identification:_identify(src/leo_simulator-ros2/leo_simulator) by extension 'ignore_ament_install'
[0.584s] Level 1:colcon.colcon_core.package_identification:_identify(src/leo_simulator-ros2/leo_simulator) by extensions ['colcon_pkg']
[0.584s] Level 1:colcon.colcon_core.package_identification:_identify(src/leo_simulator-ros2/leo_simulator) by extension 'colcon_pkg'
[0.584s] Level 1:colcon.colcon_core.package_identification:_identify(src/leo_simulator-ros2/leo_simulator) by extensions ['colcon_meta']
[0.584s] Level 1:colcon.colcon_core.package_identification:_identify(src/leo_simulator-ros2/leo_simulator) by extension 'colcon_meta'
[0.584s] Level 1:colcon.colcon_core.package_identification:_identify(src/leo_simulator-ros2/leo_simulator) by extensions ['ros']
[0.584s] Level 1:colcon.colcon_core.package_identification:_identify(src/leo_simulator-ros2/leo_simulator) by extension 'ros'
[0.585s] DEBUG:colcon.colcon_core.package_identification:Package 'src/leo_simulator-ros2/leo_simulator' with type 'ros.ament_cmake' and name 'leo_simulator'
[0.586s] Level 1:colcon.colcon_core.package_identification:_identify(src/paqueteros2) by extensions ['ignore', 'ignore_ament_install']
[0.586s] Level 1:colcon.colcon_core.package_identification:_identify(src/paqueteros2) by extension 'ignore'
[0.586s] Level 1:colcon.colcon_core.package_identification:_identify(src/paqueteros2) by extension 'ignore_ament_install'
[0.586s] Level 1:colcon.colcon_core.package_identification:_identify(src/paqueteros2) by extensions ['colcon_pkg']
[0.586s] Level 1:colcon.colcon_core.package_identification:_identify(src/paqueteros2) by extension 'colcon_pkg'
[0.586s] Level 1:colcon.colcon_core.package_identification:_identify(src/paqueteros2) by extensions ['colcon_meta']
[0.586s] Level 1:colcon.colcon_core.package_identification:_identify(src/paqueteros2) by extension 'colcon_meta'
[0.586s] Level 1:colcon.colcon_core.package_identification:_identify(src/paqueteros2) by extensions ['ros']
[0.586s] Level 1:colcon.colcon_core.package_identification:_identify(src/paqueteros2) by extension 'ros'
[0.587s] DEBUG:colcon.colcon_core.package_identification:Package 'src/paqueteros2' with type 'ros.ament_python' and name 'paqueteros2'
[0.587s] Level 1:colcon.colcon_core.package_discovery:discover_packages(recursive) using defaults
[0.587s] Level 1:colcon.colcon_core.package_discovery:discover_packages(ignore) discover
[0.587s] Level 1:colcon.colcon_core.package_discovery:discover_packages(ignore) using defaults
[0.587s] Level 1:colcon.colcon_core.package_discovery:discover_packages(path) discover
[0.587s] Level 1:colcon.colcon_core.package_discovery:discover_packages(path) using defaults
[0.623s] INFO:colcon.colcon_core.package_selection:Skipping not selected package 'leo_description' in 'src/leo_common-ros2/leo_description'
[0.623s] INFO:colcon.colcon_core.package_selection:Skipping not selected package 'leo_gz_plugins' in 'src/leo_simulator-ros2/leo_gz_plugins'
[0.623s] INFO:colcon.colcon_core.package_selection:Skipping not selected package 'leo_gz_worlds' in 'src/leo_simulator-ros2/leo_gz_worlds'
[0.623s] INFO:colcon.colcon_core.package_selection:Skipping not selected package 'leo_msgs' in 'src/leo_common-ros2/leo_msgs'
[0.623s] INFO:colcon.colcon_core.package_selection:Skipping not selected package 'leo_teleop' in 'src/leo_common-ros2/leo_teleop'
[0.623s] INFO:colcon.colcon_core.package_selection:Skipping not selected package 'leo' in 'src/leo_common-ros2/leo'
[0.623s] INFO:colcon.colcon_core.package_selection:Skipping not selected package 'leo_gz_bringup' in 'src/leo_simulator-ros2/leo_gz_bringup'
[0.623s] INFO:colcon.colcon_core.package_selection:Skipping not selected package 'leo_simulator' in 'src/leo_simulator-ros2/leo_simulator'
[0.624s] Level 1:colcon.colcon_core.package_discovery:discover_packages(prefix_path) check parameters
[0.624s] Level 1:colcon.colcon_core.package_discovery:discover_packages(prefix_path) discover
[0.627s] DEBUG:colcon.colcon_installed_package_information.package_discovery:Found 12 installed packages in /home/asm/leo_ws/install
[0.630s] DEBUG:colcon.colcon_installed_package_information.package_discovery:Found 433 installed packages in /opt/ros/humble
[0.633s] Level 1:colcon.colcon_core.package_discovery:discover_packages(prefix_path) using defaults
[0.711s] Level 5:colcon.colcon_core.verb:set package 'paqueteros2' build argument 'cmake_args' from command line to 'None'
[0.711s] Level 5:colcon.colcon_core.verb:set package 'paqueteros2' build argument 'cmake_target' from command line to 'None'
[0.711s] Level 5:colcon.colcon_core.verb:set package 'paqueteros2' build argument 'cmake_target_skip_unavailable' from command line to 'False'
[0.711s] Level 5:colcon.colcon_core.verb:set package 'paqueteros2' build argument 'cmake_clean_cache' from command line to 'False'
[0.711s] Level 5:colcon.colcon_core.verb:set package 'paqueteros2' build argument 'cmake_clean_first' from command line to 'False'
[0.711s] Level 5:colcon.colcon_core.verb:set package 'paqueteros2' build argument 'cmake_force_configure' from command line to 'False'
[0.711s] Level 5:colcon.colcon_core.verb:set package 'paqueteros2' build argument 'ament_cmake_args' from command line to 'None'
[0.711s] Level 5:colcon.colcon_core.verb:set package 'paqueteros2' build argument 'catkin_cmake_args' from command line to 'None'
[0.711s] Level 5:colcon.colcon_core.verb:set package 'paqueteros2' build argument 'catkin_skip_building_tests' from command line to 'False'
[0.712s] DEBUG:colcon.colcon_core.verb:Building package 'paqueteros2' with the following arguments: {'ament_cmake_args': None, 'build_base': '/home/asm/leo_ws/build/paqueteros2', 'catkin_cmake_args': None, 'catkin_skip_building_tests': False, 'cmake_args': None, 'cmake_clean_cache': False, 'cmake_clean_first': False, 'cmake_force_configure': False, 'cmake_target': None, 'cmake_target_skip_unavailable': False, 'install_base': '/home/asm/leo_ws/install/paqueteros2', 'merge_install': False, 'path': '/home/asm/leo_ws/src/paqueteros2', 'symlink_install': False, 'test_result_base': None}
[0.712s] INFO:colcon.colcon_core.executor:Executing jobs using 'parallel' executor
[0.713s] DEBUG:colcon.colcon_parallel_executor.executor.parallel:run_until_complete
[0.713s] INFO:colcon.colcon_ros.task.ament_python.build:Building ROS package in '/home/asm/leo_ws/src/paqueteros2' with build type 'ament_python'
[0.714s] Level 1:colcon.colcon_core.shell:create_environment_hook('paqueteros2', 'ament_prefix_path')
[0.718s] INFO:colcon.colcon_core.plugin_system:Skipping extension 'colcon_core.shell.bat': Not used on non-Windows systems
[0.718s] INFO:colcon.colcon_core.shell:Creating environment hook '/home/asm/leo_ws/install/paqueteros2/share/paqueteros2/hook/ament_prefix_path.ps1'
[0.719s] INFO:colcon.colcon_core.shell:Creating environment descriptor '/home/asm/leo_ws/install/paqueteros2/share/paqueteros2/hook/ament_prefix_path.dsv'
[0.719s] INFO:colcon.colcon_core.shell:Creating environment hook '/home/asm/leo_ws/install/paqueteros2/share/paqueteros2/hook/ament_prefix_path.sh'
[0.720s] INFO:colcon.colcon_core.shell:Skip shell extension 'powershell' for command environment: Not usable outside of PowerShell
[0.721s] DEBUG:colcon.colcon_core.shell:Skip shell extension 'dsv' for command environment
[1.204s] INFO:colcon.colcon_core.task.python.build:Building Python package in '/home/asm/leo_ws/src/paqueteros2'
[1.204s] INFO:colcon.colcon_core.shell:Skip shell extension 'powershell' for command environment: Not usable outside of PowerShell
[1.204s] DEBUG:colcon.colcon_core.shell:Skip shell extension 'dsv' for command environment
[1.850s] DEBUG:colcon.colcon_core.event_handler.log_command:Invoking command in '/home/asm/leo_ws/src/paqueteros2': PYTHONPATH=/home/asm/leo_ws/build/paqueteros2/prefix_override:/usr/lib/python3/dist-packages/colcon_core/task/python/colcon_distutils_commands:/home/asm/leo_ws/install/paqueteros2/lib/python3.10/site-packages:${PYTHONPATH} /usr/bin/python3 -W ignore:setup.py install is deprecated setup.py egg_info --egg-base ../../build/paqueteros2 build --build-base /home/asm/leo_ws/build/paqueteros2/build install --record /home/asm/leo_ws/build/paqueteros2/install.log --single-version-externally-managed install_data
[2.384s] DEBUG:colcon.colcon_core.event_handler.log_command:Invoked command in '/home/asm/leo_ws/src/paqueteros2' returned '0': PYTHONPATH=/home/asm/leo_ws/build/paqueteros2/prefix_override:/usr/lib/python3/dist-packages/colcon_core/task/python/colcon_distutils_commands:/home/asm/leo_ws/install/paqueteros2/lib/python3.10/site-packages:${PYTHONPATH} /usr/bin/python3 -W ignore:setup.py install is deprecated setup.py egg_info --egg-base ../../build/paqueteros2 build --build-base /home/asm/leo_ws/build/paqueteros2/build install --record /home/asm/leo_ws/build/paqueteros2/install.log --single-version-externally-managed install_data
[2.388s] Level 1:colcon.colcon_core.environment:checking '/home/asm/leo_ws/install/paqueteros2' for CMake module files
[2.388s] Level 1:colcon.colcon_core.environment:checking '/home/asm/leo_ws/install/paqueteros2' for CMake config files
[2.389s] Level 1:colcon.colcon_core.environment:checking '/home/asm/leo_ws/install/paqueteros2/lib'
[2.390s] Level 1:colcon.colcon_core.environment:checking '/home/asm/leo_ws/install/paqueteros2/bin'
[2.390s] Level 1:colcon.colcon_core.environment:checking '/home/asm/leo_ws/install/paqueteros2/lib/pkgconfig/paqueteros2.pc'
[2.390s] Level 1:colcon.colcon_core.environment:checking '/home/asm/leo_ws/install/paqueteros2/lib/python3.10/site-packages'
[2.391s] Level 1:colcon.colcon_core.shell:create_environment_hook('paqueteros2', 'pythonpath')
[2.391s] INFO:colcon.colcon_core.shell:Creating environment hook '/home/asm/leo_ws/install/paqueteros2/share/paqueteros2/hook/pythonpath.ps1'
[2.392s] INFO:colcon.colcon_core.shell:Creating environment descriptor '/home/asm/leo_ws/install/paqueteros2/share/paqueteros2/hook/pythonpath.dsv'
[2.393s] INFO:colcon.colcon_core.shell:Creating environment hook '/home/asm/leo_ws/install/paqueteros2/share/paqueteros2/hook/pythonpath.sh'
[2.394s] Level 1:colcon.colcon_core.environment:checking '/home/asm/leo_ws/install/paqueteros2/bin'
[2.394s] Level 1:colcon.colcon_core.environment:create_environment_scripts_only(paqueteros2)
[2.394s] INFO:colcon.colcon_core.shell:Creating package script '/home/asm/leo_ws/install/paqueteros2/share/paqueteros2/package.ps1'
[2.396s] INFO:colcon.colcon_core.shell:Creating package descriptor '/home/asm/leo_ws/install/paqueteros2/share/paqueteros2/package.dsv'
[2.397s] INFO:colcon.colcon_core.shell:Creating package script '/home/asm/leo_ws/install/paqueteros2/share/paqueteros2/package.sh'
[2.398s] INFO:colcon.colcon_core.shell:Creating package script '/home/asm/leo_ws/install/paqueteros2/share/paqueteros2/package.bash'
[2.399s] INFO:colcon.colcon_core.shell:Creating package script '/home/asm/leo_ws/install/paqueteros2/share/paqueteros2/package.zsh'
[2.401s] Level 1:colcon.colcon_core.environment:create_file_with_runtime_dependencies(/home/asm/leo_ws/install/paqueteros2/share/colcon-core/packages/paqueteros2)
[2.401s] DEBUG:colcon.colcon_parallel_executor.executor.parallel:closing loop
[2.402s] DEBUG:colcon.colcon_parallel_executor.executor.parallel:loop closed
[2.402s] DEBUG:colcon.colcon_parallel_executor.executor.parallel:run_until_complete finished with '0'
[2.402s] DEBUG:colcon.colcon_core.event_reactor:joining thread
[2.411s] INFO:colcon.colcon_core.plugin_system:Skipping extension 'colcon_notification.desktop_notification.terminal_notifier': Not used on non-Darwin systems
[2.411s] INFO:colcon.colcon_core.plugin_system:Skipping extension 'colcon_notification.desktop_notification.win32': Not used on non-Windows systems
[2.411s] INFO:colcon.colcon_notification.desktop_notification:Sending desktop notification using 'notify2'
[2.435s] DEBUG:colcon.colcon_core.event_reactor:joined thread
[2.436s] INFO:colcon.colcon_core.shell:Creating prefix script '/home/asm/leo_ws/install/local_setup.ps1'
[2.438s] INFO:colcon.colcon_core.shell:Creating prefix util module '/home/asm/leo_ws/install/_local_setup_util_ps1.py'
[2.441s] INFO:colcon.colcon_core.shell:Creating prefix chain script '/home/asm/leo_ws/install/setup.ps1'
[2.445s] INFO:colcon.colcon_core.shell:Creating prefix script '/home/asm/leo_ws/install/local_setup.sh'
[2.446s] INFO:colcon.colcon_core.shell:Creating prefix util module '/home/asm/leo_ws/install/_local_setup_util_sh.py'
[2.447s] INFO:colcon.colcon_core.shell:Creating prefix chain script '/home/asm/leo_ws/install/setup.sh'
[2.450s] INFO:colcon.colcon_core.shell:Creating prefix script '/home/asm/leo_ws/install/local_setup.bash'
[2.451s] INFO:colcon.colcon_core.shell:Creating prefix chain script '/home/asm/leo_ws/install/setup.bash'
[2.454s] INFO:colcon.colcon_core.shell:Creating prefix script '/home/asm/leo_ws/install/local_setup.zsh'
[2.455s] INFO:colcon.colcon_core.shell:Creating prefix chain script '/home/asm/leo_ws/install/setup.zsh'
