[0.033s] Invoking command in '/home/asm/leo_ws/build/leo_teleop': CMAKE_PREFIX_PATH=/opt/ros/humble /usr/bin/cmake --build /home/asm/leo_ws/build/leo_teleop -- -j12 -l12
[0.656s] Invoked command in '/home/asm/leo_ws/build/leo_teleop' returned '0': CMAKE_PREFIX_PATH=/opt/ros/humble /usr/bin/cmake --build /home/asm/leo_ws/build/leo_teleop -- -j12 -l12
[0.690s] Invoking command in '/home/asm/leo_ws/build/leo_teleop': CMAKE_PREFIX_PATH=/opt/ros/humble /usr/bin/cmake --install /home/asm/leo_ws/build/leo_teleop
[0.700s] -- Install configuration: ""
[0.702s] -- Execute custom install script
[0.703s] -- Up-to-date symlink: /home/asm/leo_ws/install/leo_teleop/share/leo_teleop/config/joy_config.yaml
[0.704s] -- Up-to-date symlink: /home/asm/leo_ws/install/leo_teleop/share/leo_teleop/launch/joy_teleop.launch.xml
[0.705s] -- Up-to-date symlink: /home/asm/leo_ws/install/leo_teleop/share/leo_teleop/launch/key_teleop.launch.xml
[0.705s] -- Up-to-date symlink: /home/asm/leo_ws/install/leo_teleop/share/ament_index/resource_index/package_run_dependencies/leo_teleop
[0.706s] -- Up-to-date symlink: /home/asm/leo_ws/install/leo_teleop/share/ament_index/resource_index/parent_prefix_path/leo_teleop
[0.707s] -- Up-to-date symlink: /home/asm/leo_ws/install/leo_teleop/share/leo_teleop/environment/ament_prefix_path.sh
[0.708s] -- Up-to-date symlink: /home/asm/leo_ws/install/leo_teleop/share/leo_teleop/environment/ament_prefix_path.dsv
[0.708s] -- Up-to-date symlink: /home/asm/leo_ws/install/leo_teleop/share/leo_teleop/environment/path.sh
[0.710s] -- Up-to-date symlink: /home/asm/leo_ws/install/leo_teleop/share/leo_teleop/environment/path.dsv
[0.710s] -- Up-to-date symlink: /home/asm/leo_ws/install/leo_teleop/share/leo_teleop/local_setup.bash
[0.711s] -- Up-to-date symlink: /home/asm/leo_ws/install/leo_teleop/share/leo_teleop/local_setup.sh
[0.712s] -- Up-to-date symlink: /home/asm/leo_ws/install/leo_teleop/share/leo_teleop/local_setup.zsh
[0.713s] -- Up-to-date symlink: /home/asm/leo_ws/install/leo_teleop/share/leo_teleop/local_setup.dsv
[0.713s] -- Symlinking: /home/asm/leo_ws/install/leo_teleop/share/leo_teleop/package.dsv
[0.721s] -- Up-to-date symlink: /home/asm/leo_ws/install/leo_teleop/share/ament_index/resource_index/packages/leo_teleop
[0.722s] -- Up-to-date symlink: /home/asm/leo_ws/install/leo_teleop/share/leo_teleop/cmake/leo_teleopConfig.cmake
[0.723s] -- Up-to-date symlink: /home/asm/leo_ws/install/leo_teleop/share/leo_teleop/cmake/leo_teleopConfig-version.cmake
[0.723s] -- Up-to-date symlink: /home/asm/leo_ws/install/leo_teleop/share/leo_teleop/package.xml
[0.726s] Invoked command in '/home/asm/leo_ws/build/leo_teleop' returned '0': CMAKE_PREFIX_PATH=/opt/ros/humble /usr/bin/cmake --install /home/asm/leo_ws/build/leo_teleop
